[ 2017-06-20T21:23:08+08:00 ] 127.0.0.1 /admin
INFO: [ app_init ] --START--
INFO: Run Behavior\BuildLiteBehavior [ RunTime:0.000034s ]
INFO: [ app_init ] --END-- [ RunTime:0.001988s ]
INFO: [ app_begin ] --START--
INFO: Run Behavior\ReadHtmlCacheBehavior [ RunTime:0.000813s ]
INFO: [ app_begin ] --END-- [ RunTime:0.000962s ]
INFO: [ view_parse ] --START--
INFO: [ template_filter ] --START--
INFO: Run Behavior\ContentReplaceBehavior [ RunTime:0.001791s ]
INFO: [ template_filter ] --END-- [ RunTime:0.001938s ]
INFO: Run Behavior\ParseTemplateBehavior [ RunTime:0.011812s ]
INFO: [ view_parse ] --END-- [ RunTime:0.011954s ]
INFO: [ view_filter ] --START--
INFO: Run Behavior\WriteHtmlCacheBehavior [ RunTime:0.000726s ]
INFO: [ view_filter ] --END-- [ RunTime:0.000844s ]
INFO: [ app_end ] --START--
INFO: Run Behavior\ShowPageTraceBehavior [ RunTime:0.000809s ]
INFO: [ app_end ] --END-- [ RunTime:0.000932s ]

[ 2017-06-20T21:23:08+08:00 ] 127.0.0.1 /index.php/Admin/Index/top.html
INFO: [ app_init ] --START--
INFO: Run Behavior\BuildLiteBehavior [ RunTime:0.000044s ]
INFO: [ app_init ] --END-- [ RunTime:0.000642s ]
INFO: [ app_begin ] --START--
INFO: Run Behavior\ReadHtmlCacheBehavior [ RunTime:0.000675s ]
INFO: [ app_begin ] --END-- [ RunTime:0.000913s ]
INFO: [ view_parse ] --START--
INFO: [ template_filter ] --START--
INFO: Run Behavior\ContentReplaceBehavior [ RunTime:0.000173s ]
INFO: [ template_filter ] --END-- [ RunTime:0.001458s ]
INFO: Run Behavior\ParseTemplateBehavior [ RunTime:0.013428s ]
INFO: [ view_parse ] --END-- [ RunTime:0.013669s ]
INFO: [ view_filter ] --START--
INFO: Run Behavior\WriteHtmlCacheBehavior [ RunTime:0.000368s ]
INFO: [ view_filter ] --END-- [ RunTime:0.000562s ]
INFO: [ app_end ] --START--
INFO: Run Behavior\ShowPageTraceBehavior [ RunTime:0.000453s ]
INFO: [ app_end ] --END-- [ RunTime:0.000574s ]

[ 2017-06-20T21:23:08+08:00 ] 127.0.0.1 /index.php/Admin/Index/menu.html
INFO: [ app_init ] --START--
INFO: Run Behavior\BuildLiteBehavior [ RunTime:0.000056s ]
INFO: [ app_init ] --END-- [ RunTime:0.000865s ]
INFO: [ app_begin ] --START--
INFO: Run Behavior\ReadHtmlCacheBehavior [ RunTime:0.001072s ]
INFO: [ app_begin ] --END-- [ RunTime:0.001318s ]
INFO: [ view_parse ] --START--
INFO: [ template_filter ] --START--
INFO: Run Behavior\ContentReplaceBehavior [ RunTime:0.000268s ]
INFO: [ template_filter ] --END-- [ RunTime:0.000658s ]
INFO: Run Behavior\ParseTemplateBehavior [ RunTime:0.015363s ]
INFO: [ view_parse ] --END-- [ RunTime:0.015556s ]
INFO: [ view_filter ] --START--
INFO: Run Behavior\WriteHtmlCacheBehavior [ RunTime:0.000510s ]
INFO: [ view_filter ] --END-- [ RunTime:0.000702s ]
INFO: [ app_end ] --START--
INFO: Run Behavior\ShowPageTraceBehavior [ RunTime:0.000682s ]
INFO: [ app_end ] --END-- [ RunTime:0.000846s ]

[ 2017-06-20T21:23:08+08:00 ] 127.0.0.1 /index.php/Admin/Index/main.html
INFO: [ app_init ] --START--
INFO: Run Behavior\BuildLiteBehavior [ RunTime:0.000057s ]
INFO: [ app_init ] --END-- [ RunTime:0.001570s ]
INFO: [ app_begin ] --START--
INFO: Run Behavior\ReadHtmlCacheBehavior [ RunTime:0.001020s ]
INFO: [ app_begin ] --END-- [ RunTime:0.001208s ]
INFO: [ view_parse ] --START--
INFO: [ template_filter ] --START--
INFO: Run Behavior\ContentReplaceBehavior [ RunTime:0.000115s ]
INFO: [ template_filter ] --END-- [ RunTime:0.000253s ]
INFO: Run Behavior\ParseTemplateBehavior [ RunTime:0.009608s ]
INFO: [ view_parse ] --END-- [ RunTime:0.009791s ]
INFO: [ view_filter ] --START--
INFO: Run Behavior\WriteHtmlCacheBehavior [ RunTime:0.000365s ]
INFO: [ view_filter ] --END-- [ RunTime:0.000484s ]
INFO: [ app_end ] --START--
INFO: Run Behavior\ShowPageTraceBehavior [ RunTime:0.000550s ]
INFO: [ app_end ] --END-- [ RunTime:0.000672s ]

[ 2017-06-20T21:23:37+08:00 ] 127.0.0.1 /index.php/Admin/goods/lst.html
INFO: [ app_init ] --START--
INFO: Run Behavior\BuildLiteBehavior [ RunTime:0.000029s ]
INFO: [ app_init ] --END-- [ RunTime:0.000507s ]
INFO: [ app_begin ] --START--
INFO: Run Behavior\ReadHtmlCacheBehavior [ RunTime:0.000565s ]
INFO: [ app_begin ] --END-- [ RunTime:0.000694s ]
SQL: SHOW COLUMNS FROM `mall_attribute` [ RunTime:0.0127s ]
SQL: SHOW COLUMNS FROM `mall_type` [ RunTime:0.0023s ]
SQL: SHOW COLUMNS FROM `mall_category` [ RunTime:0.0022s ]
SQL: SHOW COLUMNS FROM `mall_goods` [ RunTime:0.0031s ]
SQL: SELECT * FROM `mall_category` WHERE `status` = 1  [ RunTime:0.0028s ]
SQL: SELECT * FROM `mall_goods` WHERE `is_delete` = 0  [ RunTime:0.0005s ]
INFO: [ view_parse ] --START--
INFO: [ template_filter ] --START--
INFO: Run Behavior\ContentReplaceBehavior [ RunTime:0.000148s ]
INFO: [ template_filter ] --END-- [ RunTime:0.000277s ]
NOTIC: [8] Undefined variable: val D:\rootwww\shop\Application\Runtime\Cache\Admin\12cf6a5c74297688873998de0720405d.php 第 101 行.
NOTIC: [8] Use of undefined constant id - assumed 'id' D:\rootwww\shop\Application\Runtime\Cache\Admin\12cf6a5c74297688873998de0720405d.php 第 102 行.
NOTIC: [8] Use of undefined constant id - assumed 'id' D:\rootwww\shop\Application\Runtime\Cache\Admin\12cf6a5c74297688873998de0720405d.php 第 104 行.
NOTIC: [8] Undefined variable: val D:\rootwww\shop\Application\Runtime\Cache\Admin\12cf6a5c74297688873998de0720405d.php 第 101 行.
NOTIC: [8] Use of undefined constant id - assumed 'id' D:\rootwww\shop\Application\Runtime\Cache\Admin\12cf6a5c74297688873998de0720405d.php 第 102 行.
NOTIC: [8] Use of undefined constant id - assumed 'id' D:\rootwww\shop\Application\Runtime\Cache\Admin\12cf6a5c74297688873998de0720405d.php 第 104 行.
NOTIC: [8] Undefined variable: showPage D:\rootwww\shop\Application\Runtime\Cache\Admin\12cf6a5c74297688873998de0720405d.php 第 115 行.
INFO: Run Behavior\ParseTemplateBehavior [ RunTime:0.019646s ]
INFO: [ view_parse ] --END-- [ RunTime:0.019782s ]
INFO: [ view_filter ] --START--
INFO: Run Behavior\WriteHtmlCacheBehavior [ RunTime:0.000375s ]
INFO: [ view_filter ] --END-- [ RunTime:0.000488s ]
INFO: [ app_end ] --START--
INFO: Run Behavior\ShowPageTraceBehavior [ RunTime:0.000677s ]
INFO: [ app_end ] --END-- [ RunTime:0.000810s ]

[ 2017-06-20T21:28:54+08:00 ] 127.0.0.1 /index.php/Admin/goods/lst.html
INFO: [ app_init ] --START--
INFO: Run Behavior\BuildLiteBehavior [ RunTime:0.000031s ]
INFO: [ app_init ] --END-- [ RunTime:0.000493s ]
INFO: [ app_begin ] --START--
INFO: Run Behavior\ReadHtmlCacheBehavior [ RunTime:0.000560s ]
INFO: [ app_begin ] --END-- [ RunTime:0.000700s ]
SQL: SHOW COLUMNS FROM `mall_attribute` [ RunTime:0.0011s ]
SQL: SHOW COLUMNS FROM `mall_type` [ RunTime:0.0010s ]
SQL: SHOW COLUMNS FROM `mall_category` [ RunTime:0.0009s ]
SQL: SHOW COLUMNS FROM `mall_goods` [ RunTime:0.0010s ]
SQL: SELECT * FROM `mall_category` WHERE `status` = 1  [ RunTime:0.0004s ]
SQL: SELECT * FROM `mall_goods` WHERE `is_delete` = 0  [ RunTime:0.0004s ]
INFO: [ view_parse ] --START--
INFO: [ template_filter ] --START--
INFO: Run Behavior\ContentReplaceBehavior [ RunTime:0.000157s ]
INFO: [ template_filter ] --END-- [ RunTime:0.000285s ]
NOTIC: [8] Undefined variable: val D:\rootwww\shop\Application\Runtime\Cache\Admin\12cf6a5c74297688873998de0720405d.php 第 107 行.
NOTIC: [8] Use of undefined constant id - assumed 'id' D:\rootwww\shop\Application\Runtime\Cache\Admin\12cf6a5c74297688873998de0720405d.php 第 108 行.
NOTIC: [8] Use of undefined constant id - assumed 'id' D:\rootwww\shop\Application\Runtime\Cache\Admin\12cf6a5c74297688873998de0720405d.php 第 110 行.
NOTIC: [8] Undefined variable: val D:\rootwww\shop\Application\Runtime\Cache\Admin\12cf6a5c74297688873998de0720405d.php 第 107 行.
NOTIC: [8] Use of undefined constant id - assumed 'id' D:\rootwww\shop\Application\Runtime\Cache\Admin\12cf6a5c74297688873998de0720405d.php 第 108 行.
NOTIC: [8] Use of undefined constant id - assumed 'id' D:\rootwww\shop\Application\Runtime\Cache\Admin\12cf6a5c74297688873998de0720405d.php 第 110 行.
NOTIC: [8] Undefined variable: showPage D:\rootwww\shop\Application\Runtime\Cache\Admin\12cf6a5c74297688873998de0720405d.php 第 121 行.
INFO: Run Behavior\ParseTemplateBehavior [ RunTime:0.014329s ]
INFO: [ view_parse ] --END-- [ RunTime:0.014461s ]
INFO: [ view_filter ] --START--
INFO: Run Behavior\WriteHtmlCacheBehavior [ RunTime:0.000330s ]
INFO: [ view_filter ] --END-- [ RunTime:0.000447s ]
INFO: [ app_end ] --START--
INFO: Run Behavior\ShowPageTraceBehavior [ RunTime:0.000839s ]
INFO: [ app_end ] --END-- [ RunTime:0.001044s ]

[ 2017-06-20T21:36:47+08:00 ] 127.0.0.1 /index.php/Admin/goods/lst.html
INFO: [ app_init ] --START--
INFO: Run Behavior\BuildLiteBehavior [ RunTime:0.000029s ]
INFO: [ app_init ] --END-- [ RunTime:0.000485s ]
INFO: [ app_begin ] --START--
INFO: Run Behavior\ReadHtmlCacheBehavior [ RunTime:0.000558s ]
INFO: [ app_begin ] --END-- [ RunTime:0.000762s ]
SQL: SHOW COLUMNS FROM `mall_attribute` [ RunTime:0.0011s ]
SQL: SHOW COLUMNS FROM `mall_type` [ RunTime:0.0008s ]
SQL: SHOW COLUMNS FROM `mall_category` [ RunTime:0.0008s ]
SQL: SHOW COLUMNS FROM `mall_goods` [ RunTime:0.0011s ]
SQL: SELECT * FROM `mall_category` WHERE `status` = 1  [ RunTime:0.0005s ]
SQL: SELECT * FROM `mall_goods` WHERE `is_delete` = 0  [ RunTime:0.0005s ]
INFO: [ view_parse ] --START--
INFO: [ template_filter ] --START--
INFO: Run Behavior\ContentReplaceBehavior [ RunTime:0.000156s ]
INFO: [ template_filter ] --END-- [ RunTime:0.000286s ]
NOTIC: [8] Undefined variable: val D:\rootwww\shop\Application\Runtime\Cache\Admin\12cf6a5c74297688873998de0720405d.php 第 114 行.
NOTIC: [8] Use of undefined constant id - assumed 'id' D:\rootwww\shop\Application\Runtime\Cache\Admin\12cf6a5c74297688873998de0720405d.php 第 115 行.
NOTIC: [8] Use of undefined constant id - assumed 'id' D:\rootwww\shop\Application\Runtime\Cache\Admin\12cf6a5c74297688873998de0720405d.php 第 117 行.
NOTIC: [8] Undefined variable: val D:\rootwww\shop\Application\Runtime\Cache\Admin\12cf6a5c74297688873998de0720405d.php 第 114 行.
NOTIC: [8] Use of undefined constant id - assumed 'id' D:\rootwww\shop\Application\Runtime\Cache\Admin\12cf6a5c74297688873998de0720405d.php 第 115 行.
NOTIC: [8] Use of undefined constant id - assumed 'id' D:\rootwww\shop\Application\Runtime\Cache\Admin\12cf6a5c74297688873998de0720405d.php 第 117 行.
NOTIC: [8] Undefined variable: showPage D:\rootwww\shop\Application\Runtime\Cache\Admin\12cf6a5c74297688873998de0720405d.php 第 128 行.
INFO: Run Behavior\ParseTemplateBehavior [ RunTime:0.014670s ]
INFO: [ view_parse ] --END-- [ RunTime:0.014799s ]
INFO: [ view_filter ] --START--
INFO: Run Behavior\WriteHtmlCacheBehavior [ RunTime:0.000398s ]
INFO: [ view_filter ] --END-- [ RunTime:0.000513s ]
INFO: [ app_end ] --START--
INFO: Run Behavior\ShowPageTraceBehavior [ RunTime:0.000631s ]
INFO: [ app_end ] --END-- [ RunTime:0.000782s ]

[ 2017-06-20T21:36:59+08:00 ] 127.0.0.1 /index.php/Admin/Goods/lst.html
INFO: [ app_init ] --START--
INFO: Run Behavior\BuildLiteBehavior [ RunTime:0.000029s ]
INFO: [ app_init ] --END-- [ RunTime:0.000459s ]
INFO: [ app_begin ] --START--
INFO: Run Behavior\ReadHtmlCacheBehavior [ RunTime:0.000501s ]
INFO: [ app_begin ] --END-- [ RunTime:0.000650s ]
SQL: SHOW COLUMNS FROM `mall_attribute` [ RunTime:0.0010s ]
SQL: SHOW COLUMNS FROM `mall_type` [ RunTime:0.0009s ]
SQL: SHOW COLUMNS FROM `mall_category` [ RunTime:0.0009s ]
SQL: SHOW COLUMNS FROM `mall_goods` [ RunTime:0.0011s ]
NOTIC: [2] Missing argument 1 for I(), called in D:\rootwww\shop\Application\Admin\Controller\GoodsController.class.php on line 50 and defined D:\rootwww\shop\ThinkPHP\Common\functions.php 第 271 行.
NOTIC: [8] Undefined variable: name D:\rootwww\shop\ThinkPHP\Common\functions.php 第 273 行.
NOTIC: [8] Undefined variable: name D:\rootwww\shop\ThinkPHP\Common\functions.php 第 278 行.
NOTIC: [8] Undefined variable: name D:\rootwww\shop\ThinkPHP\Common\functions.php 第 339 行.

[ 2017-06-20T21:51:25+08:00 ] 127.0.0.1 /index.php/Admin/Goods/lst.html
INFO: [ app_init ] --START--
INFO: Run Behavior\BuildLiteBehavior [ RunTime:0.000045s ]
INFO: [ app_init ] --END-- [ RunTime:0.000789s ]
INFO: [ app_begin ] --START--
INFO: Run Behavior\ReadHtmlCacheBehavior [ RunTime:0.000864s ]
INFO: [ app_begin ] --END-- [ RunTime:0.001106s ]
SQL: SHOW COLUMNS FROM `mall_attribute` [ RunTime:0.0010s ]
SQL: SHOW COLUMNS FROM `mall_type` [ RunTime:0.0008s ]
SQL: SHOW COLUMNS FROM `mall_category` [ RunTime:0.0009s ]
SQL: SHOW COLUMNS FROM `mall_goods` [ RunTime:0.0011s ]
NOTIC: [2] Missing argument 1 for I(), called in D:\rootwww\shop\Application\Admin\Controller\GoodsController.class.php on line 50 and defined D:\rootwww\shop\ThinkPHP\Common\functions.php 第 271 行.
NOTIC: [8] Undefined variable: name D:\rootwww\shop\ThinkPHP\Common\functions.php 第 273 行.
NOTIC: [8] Undefined variable: name D:\rootwww\shop\ThinkPHP\Common\functions.php 第 278 行.
NOTIC: [8] Undefined variable: name D:\rootwww\shop\ThinkPHP\Common\functions.php 第 339 行.

[ 2017-06-20T21:52:04+08:00 ] 127.0.0.1 /index.php/Admin/goods/lst.html
INFO: [ app_init ] --START--
INFO: Run Behavior\BuildLiteBehavior [ RunTime:0.000030s ]
INFO: [ app_init ] --END-- [ RunTime:0.000787s ]
INFO: [ app_begin ] --START--
INFO: Run Behavior\ReadHtmlCacheBehavior [ RunTime:0.000748s ]
INFO: [ app_begin ] --END-- [ RunTime:0.000952s ]
SQL: SHOW COLUMNS FROM `mall_attribute` [ RunTime:0.0010s ]
SQL: SHOW COLUMNS FROM `mall_type` [ RunTime:0.0010s ]
SQL: SHOW COLUMNS FROM `mall_category` [ RunTime:0.0009s ]
SQL: SHOW COLUMNS FROM `mall_goods` [ RunTime:0.0013s ]
SQL: SELECT * FROM `mall_category` WHERE `status` = 1  [ RunTime:0.0004s ]
SQL: SELECT * FROM `mall_goods` WHERE `is_delete` = 0  [ RunTime:0.0005s ]
INFO: [ view_parse ] --START--
INFO: [ template_filter ] --START--
INFO: Run Behavior\ContentReplaceBehavior [ RunTime:0.000144s ]
INFO: [ template_filter ] --END-- [ RunTime:0.000269s ]
NOTIC: [8] Undefined variable: val D:\rootwww\shop\Application\Runtime\Cache\Admin\12cf6a5c74297688873998de0720405d.php 第 114 行.
NOTIC: [8] Use of undefined constant id - assumed 'id' D:\rootwww\shop\Application\Runtime\Cache\Admin\12cf6a5c74297688873998de0720405d.php 第 115 行.
NOTIC: [8] Use of undefined constant id - assumed 'id' D:\rootwww\shop\Application\Runtime\Cache\Admin\12cf6a5c74297688873998de0720405d.php 第 117 行.
NOTIC: [8] Undefined variable: val D:\rootwww\shop\Application\Runtime\Cache\Admin\12cf6a5c74297688873998de0720405d.php 第 114 行.
NOTIC: [8] Use of undefined constant id - assumed 'id' D:\rootwww\shop\Application\Runtime\Cache\Admin\12cf6a5c74297688873998de0720405d.php 第 115 行.
NOTIC: [8] Use of undefined constant id - assumed 'id' D:\rootwww\shop\Application\Runtime\Cache\Admin\12cf6a5c74297688873998de0720405d.php 第 117 行.
NOTIC: [8] Undefined variable: showPage D:\rootwww\shop\Application\Runtime\Cache\Admin\12cf6a5c74297688873998de0720405d.php 第 128 行.
INFO: Run Behavior\ParseTemplateBehavior [ RunTime:0.016031s ]
INFO: [ view_parse ] --END-- [ RunTime:0.016160s ]
INFO: [ view_filter ] --START--
INFO: Run Behavior\WriteHtmlCacheBehavior [ RunTime:0.000324s ]
INFO: [ view_filter ] --END-- [ RunTime:0.000437s ]
INFO: [ app_end ] --START--
INFO: Run Behavior\ShowPageTraceBehavior [ RunTime:0.001300s ]
INFO: [ app_end ] --END-- [ RunTime:0.001509s ]

[ 2017-06-20T21:52:32+08:00 ] 127.0.0.1 /index.php/Admin/Goods/lst.html
INFO: [ app_init ] --START--
INFO: Run Behavior\BuildLiteBehavior [ RunTime:0.000031s ]
INFO: [ app_init ] --END-- [ RunTime:0.000691s ]
INFO: [ app_begin ] --START--
INFO: Run Behavior\ReadHtmlCacheBehavior [ RunTime:0.000740s ]
INFO: [ app_begin ] --END-- [ RunTime:0.000985s ]
SQL: SHOW COLUMNS FROM `mall_attribute` [ RunTime:0.0013s ]
SQL: SHOW COLUMNS FROM `mall_type` [ RunTime:0.0012s ]
SQL: SHOW COLUMNS FROM `mall_category` [ RunTime:0.0012s ]
SQL: SHOW COLUMNS FROM `mall_goods` [ RunTime:0.0016s ]
NOTIC: [2] Missing argument 1 for I(), called in D:\rootwww\shop\Application\Admin\Controller\GoodsController.class.php on line 50 and defined D:\rootwww\shop\ThinkPHP\Common\functions.php 第 271 行.
NOTIC: [8] Undefined variable: name D:\rootwww\shop\ThinkPHP\Common\functions.php 第 273 行.
NOTIC: [8] Undefined variable: name D:\rootwww\shop\ThinkPHP\Common\functions.php 第 278 行.
NOTIC: [8] Undefined variable: name D:\rootwww\shop\ThinkPHP\Common\functions.php 第 339 行.
SQL: SELECT * FROM `mall_category` WHERE `status` = 1  [ RunTime:0.0004s ]
SQL: SELECT * FROM `mall_goods` WHERE `cate_id` = 0 AND `brand_id` = 0 AND `is_sale` = 0 AND `is_hot` = 1 AND `is_delete` = 0  [ RunTime:0.0094s ]
INFO: [ view_parse ] --START--
INFO: [ template_filter ] --START--
INFO: Run Behavior\ContentReplaceBehavior [ RunTime:0.000149s ]
INFO: [ template_filter ] --END-- [ RunTime:0.000276s ]
NOTIC: [8] Undefined variable: showPage D:\rootwww\shop\Application\Runtime\Cache\Admin\12cf6a5c74297688873998de0720405d.php 第 128 行.
INFO: Run Behavior\ParseTemplateBehavior [ RunTime:0.012921s ]
INFO: [ view_parse ] --END-- [ RunTime:0.013063s ]
INFO: [ view_filter ] --START--
INFO: Run Behavior\WriteHtmlCacheBehavior [ RunTime:0.000396s ]
INFO: [ view_filter ] --END-- [ RunTime:0.000520s ]
INFO: [ app_end ] --START--
INFO: Run Behavior\ShowPageTraceBehavior [ RunTime:0.000949s ]
INFO: [ app_end ] --END-- [ RunTime:0.001147s ]

[ 2017-06-20T21:52:35+08:00 ] 127.0.0.1 /index.php/Admin/Goods/lst.html
INFO: [ app_init ] --START--
INFO: Run Behavior\BuildLiteBehavior [ RunTime:0.000029s ]
INFO: [ app_init ] --END-- [ RunTime:0.000498s ]
INFO: [ app_begin ] --START--
INFO: Run Behavior\ReadHtmlCacheBehavior [ RunTime:0.000814s ]
INFO: [ app_begin ] --END-- [ RunTime:0.001043s ]
SQL: SHOW COLUMNS FROM `mall_attribute` [ RunTime:0.0013s ]
SQL: SHOW COLUMNS FROM `mall_type` [ RunTime:0.0011s ]
SQL: SHOW COLUMNS FROM `mall_category` [ RunTime:0.0009s ]
SQL: SHOW COLUMNS FROM `mall_goods` [ RunTime:0.0010s ]
NOTIC: [2] Missing argument 1 for I(), called in D:\rootwww\shop\Application\Admin\Controller\GoodsController.class.php on line 50 and defined D:\rootwww\shop\ThinkPHP\Common\functions.php 第 271 行.
NOTIC: [8] Undefined variable: name D:\rootwww\shop\ThinkPHP\Common\functions.php 第 273 行.
NOTIC: [8] Undefined variable: name D:\rootwww\shop\ThinkPHP\Common\functions.php 第 278 行.
NOTIC: [8] Undefined variable: name D:\rootwww\shop\ThinkPHP\Common\functions.php 第 339 行.
SQL: SELECT * FROM `mall_category` WHERE `status` = 1  [ RunTime:0.0004s ]
SQL: SELECT * FROM `mall_goods` WHERE `cate_id` = 0 AND `brand_id` = 0 AND `is_sale` = 0 AND `is_hot` = 1 AND `is_delete` = 0  [ RunTime:0.0004s ]
INFO: [ view_parse ] --START--
INFO: [ template_filter ] --START--
INFO: Run Behavior\ContentReplaceBehavior [ RunTime:0.000156s ]
INFO: [ template_filter ] --END-- [ RunTime:0.000291s ]
NOTIC: [8] Undefined variable: showPage D:\rootwww\shop\Application\Runtime\Cache\Admin\12cf6a5c74297688873998de0720405d.php 第 128 行.
INFO: Run Behavior\ParseTemplateBehavior [ RunTime:0.013915s ]
INFO: [ view_parse ] --END-- [ RunTime:0.014042s ]
INFO: [ view_filter ] --START--
INFO: Run Behavior\WriteHtmlCacheBehavior [ RunTime:0.000259s ]
INFO: [ view_filter ] --END-- [ RunTime:0.000371s ]
INFO: [ app_end ] --START--
INFO: Run Behavior\ShowPageTraceBehavior [ RunTime:0.000443s ]
INFO: [ app_end ] --END-- [ RunTime:0.000573s ]

[ 2017-06-20T21:55:11+08:00 ] 127.0.0.1 /index.php/Admin/goods/lst.html
INFO: [ app_init ] --START--
INFO: Run Behavior\BuildLiteBehavior [ RunTime:0.000029s ]
INFO: [ app_init ] --END-- [ RunTime:0.000591s ]
INFO: [ app_begin ] --START--
INFO: Run Behavior\ReadHtmlCacheBehavior [ RunTime:0.000556s ]
INFO: [ app_begin ] --END-- [ RunTime:0.000701s ]
SQL: SHOW COLUMNS FROM `mall_attribute` [ RunTime:0.0016s ]
SQL: SHOW COLUMNS FROM `mall_type` [ RunTime:0.0009s ]
SQL: SHOW COLUMNS FROM `mall_category` [ RunTime:0.0010s ]
SQL: SHOW COLUMNS FROM `mall_goods` [ RunTime:0.0013s ]
SQL: SELECT * FROM `mall_category` WHERE `status` = 1  [ RunTime:0.0004s ]
SQL: SELECT * FROM `mall_goods` WHERE `is_delete` = 0  [ RunTime:0.0004s ]
INFO: [ view_parse ] --START--
INFO: [ template_filter ] --START--
INFO: Run Behavior\ContentReplaceBehavior [ RunTime:0.000159s ]
INFO: [ template_filter ] --END-- [ RunTime:0.000292s ]
NOTIC: [8] Undefined variable: val D:\rootwww\shop\Application\Runtime\Cache\Admin\12cf6a5c74297688873998de0720405d.php 第 114 行.
NOTIC: [8] Use of undefined constant id - assumed 'id' D:\rootwww\shop\Application\Runtime\Cache\Admin\12cf6a5c74297688873998de0720405d.php 第 115 行.
NOTIC: [8] Use of undefined constant id - assumed 'id' D:\rootwww\shop\Application\Runtime\Cache\Admin\12cf6a5c74297688873998de0720405d.php 第 117 行.
NOTIC: [8] Undefined variable: val D:\rootwww\shop\Application\Runtime\Cache\Admin\12cf6a5c74297688873998de0720405d.php 第 114 行.
NOTIC: [8] Use of undefined constant id - assumed 'id' D:\rootwww\shop\Application\Runtime\Cache\Admin\12cf6a5c74297688873998de0720405d.php 第 115 行.
NOTIC: [8] Use of undefined constant id - assumed 'id' D:\rootwww\shop\Application\Runtime\Cache\Admin\12cf6a5c74297688873998de0720405d.php 第 117 行.
NOTIC: [8] Undefined variable: showPage D:\rootwww\shop\Application\Runtime\Cache\Admin\12cf6a5c74297688873998de0720405d.php 第 128 行.
INFO: Run Behavior\ParseTemplateBehavior [ RunTime:0.014171s ]
INFO: [ view_parse ] --END-- [ RunTime:0.014301s ]
INFO: [ view_filter ] --START--
INFO: Run Behavior\WriteHtmlCacheBehavior [ RunTime:0.000345s ]
INFO: [ view_filter ] --END-- [ RunTime:0.000458s ]
INFO: [ app_end ] --START--
INFO: Run Behavior\ShowPageTraceBehavior [ RunTime:0.000661s ]
INFO: [ app_end ] --END-- [ RunTime:0.000836s ]

[ 2017-06-20T21:55:24+08:00 ] 127.0.0.1 /index.php/Admin/Goods/lst.html
INFO: [ app_init ] --START--
INFO: Run Behavior\BuildLiteBehavior [ RunTime:0.000046s ]
INFO: [ app_init ] --END-- [ RunTime:0.000649s ]
INFO: [ app_begin ] --START--
INFO: Run Behavior\ReadHtmlCacheBehavior [ RunTime:0.000604s ]
INFO: [ app_begin ] --END-- [ RunTime:0.000839s ]
SQL: SHOW COLUMNS FROM `mall_attribute` [ RunTime:0.0011s ]
SQL: SHOW COLUMNS FROM `mall_type` [ RunTime:0.0014s ]
SQL: SHOW COLUMNS FROM `mall_category` [ RunTime:0.0010s ]
SQL: SHOW COLUMNS FROM `mall_goods` [ RunTime:0.0010s ]
NOTIC: [2] Missing argument 1 for I(), called in D:\rootwww\shop\Application\Admin\Controller\GoodsController.class.php on line 50 and defined D:\rootwww\shop\ThinkPHP\Common\functions.php 第 271 行.
NOTIC: [8] Undefined variable: name D:\rootwww\shop\ThinkPHP\Common\functions.php 第 273 行.
NOTIC: [8] Undefined variable: name D:\rootwww\shop\ThinkPHP\Common\functions.php 第 278 行.
NOTIC: [8] Undefined variable: name D:\rootwww\shop\ThinkPHP\Common\functions.php 第 339 行.
SQL: SELECT * FROM `mall_category` WHERE `status` = 1  [ RunTime:0.0005s ]
SQL: SELECT * FROM `mall_goods` WHERE `cate_id` = 4 AND `brand_id` = 0 AND `is_sale` = 0 AND `is_best` = 1 AND `is_delete` = 0  [ RunTime:0.0005s ]
INFO: [ view_parse ] --START--
INFO: [ template_filter ] --START--
INFO: Run Behavior\ContentReplaceBehavior [ RunTime:0.000240s ]
INFO: [ template_filter ] --END-- [ RunTime:0.000560s ]
NOTIC: [8] Undefined variable: showPage D:\rootwww\shop\Application\Runtime\Cache\Admin\12cf6a5c74297688873998de0720405d.php 第 128 行.
INFO: Run Behavior\ParseTemplateBehavior [ RunTime:0.013863s ]
INFO: [ view_parse ] --END-- [ RunTime:0.013989s ]
INFO: [ view_filter ] --START--
INFO: Run Behavior\WriteHtmlCacheBehavior [ RunTime:0.000252s ]
INFO: [ view_filter ] --END-- [ RunTime:0.000365s ]
INFO: [ app_end ] --START--
INFO: Run Behavior\ShowPageTraceBehavior [ RunTime:0.000499s ]
INFO: [ app_end ] --END-- [ RunTime:0.000633s ]

[ 2017-06-20T21:55:24+08:00 ] 127.0.0.1 /index.php/Admin/goods/lst.html
INFO: [ app_init ] --START--
INFO: Run Behavior\BuildLiteBehavior [ RunTime:0.000041s ]
INFO: [ app_init ] --END-- [ RunTime:0.000703s ]
INFO: [ app_begin ] --START--
INFO: Run Behavior\ReadHtmlCacheBehavior [ RunTime:0.000823s ]
INFO: [ app_begin ] --END-- [ RunTime:0.001054s ]
SQL: SHOW COLUMNS FROM `mall_attribute` [ RunTime:0.0009s ]
SQL: SHOW COLUMNS FROM `mall_type` [ RunTime:0.0009s ]
SQL: SHOW COLUMNS FROM `mall_category` [ RunTime:0.0009s ]
SQL: SHOW COLUMNS FROM `mall_goods` [ RunTime:0.0010s ]
SQL: SELECT * FROM `mall_category` WHERE `status` = 1  [ RunTime:0.0004s ]
SQL: SELECT * FROM `mall_goods` WHERE `is_delete` = 0  [ RunTime:0.0005s ]
INFO: [ view_parse ] --START--
INFO: [ template_filter ] --START--
INFO: Run Behavior\ContentReplaceBehavior [ RunTime:0.000149s ]
INFO: [ template_filter ] --END-- [ RunTime:0.000280s ]
NOTIC: [8] Undefined variable: val D:\rootwww\shop\Application\Runtime\Cache\Admin\12cf6a5c74297688873998de0720405d.php 第 114 行.
NOTIC: [8] Use of undefined constant id - assumed 'id' D:\rootwww\shop\Application\Runtime\Cache\Admin\12cf6a5c74297688873998de0720405d.php 第 115 行.
NOTIC: [8] Use of undefined constant id - assumed 'id' D:\rootwww\shop\Application\Runtime\Cache\Admin\12cf6a5c74297688873998de0720405d.php 第 117 行.
NOTIC: [8] Undefined variable: val D:\rootwww\shop\Application\Runtime\Cache\Admin\12cf6a5c74297688873998de0720405d.php 第 114 行.
NOTIC: [8] Use of undefined constant id - assumed 'id' D:\rootwww\shop\Application\Runtime\Cache\Admin\12cf6a5c74297688873998de0720405d.php 第 115 行.
NOTIC: [8] Use of undefined constant id - assumed 'id' D:\rootwww\shop\Application\Runtime\Cache\Admin\12cf6a5c74297688873998de0720405d.php 第 117 行.
NOTIC: [8] Undefined variable: showPage D:\rootwww\shop\Application\Runtime\Cache\Admin\12cf6a5c74297688873998de0720405d.php 第 128 行.
INFO: Run Behavior\ParseTemplateBehavior [ RunTime:0.015297s ]
INFO: [ view_parse ] --END-- [ RunTime:0.015437s ]
INFO: [ view_filter ] --START--
INFO: Run Behavior\WriteHtmlCacheBehavior [ RunTime:0.000397s ]
INFO: [ view_filter ] --END-- [ RunTime:0.000510s ]
INFO: [ app_end ] --START--
INFO: Run Behavior\ShowPageTraceBehavior [ RunTime:0.000648s ]
INFO: [ app_end ] --END-- [ RunTime:0.000802s ]

[ 2017-06-20T21:55:24+08:00 ] 127.0.0.1 /index.php/Admin/goods/lst.html
INFO: [ app_init ] --START--
INFO: Run Behavior\BuildLiteBehavior [ RunTime:0.000028s ]
INFO: [ app_init ] --END-- [ RunTime:0.000486s ]
INFO: [ app_begin ] --START--
INFO: Run Behavior\ReadHtmlCacheBehavior [ RunTime:0.000627s ]
INFO: [ app_begin ] --END-- [ RunTime:0.000829s ]
SQL: SHOW COLUMNS FROM `mall_attribute` [ RunTime:0.0009s ]
SQL: SHOW COLUMNS FROM `mall_type` [ RunTime:0.0008s ]
SQL: SHOW COLUMNS FROM `mall_category` [ RunTime:0.0009s ]
SQL: SHOW COLUMNS FROM `mall_goods` [ RunTime:0.0012s ]
SQL: SELECT * FROM `mall_category` WHERE `status` = 1  [ RunTime:0.0004s ]
SQL: SELECT * FROM `mall_goods` WHERE `is_delete` = 0  [ RunTime:0.0004s ]
INFO: [ view_parse ] --START--
INFO: [ template_filter ] --START--
INFO: Run Behavior\ContentReplaceBehavior [ RunTime:0.000148s ]
INFO: [ template_filter ] --END-- [ RunTime:0.000278s ]
NOTIC: [8] Undefined variable: val D:\rootwww\shop\Application\Runtime\Cache\Admin\12cf6a5c74297688873998de0720405d.php 第 114 行.
NOTIC: [8] Use of undefined constant id - assumed 'id' D:\rootwww\shop\Application\Runtime\Cache\Admin\12cf6a5c74297688873998de0720405d.php 第 115 行.
NOTIC: [8] Use of undefined constant id - assumed 'id' D:\rootwww\shop\Application\Runtime\Cache\Admin\12cf6a5c74297688873998de0720405d.php 第 117 行.
NOTIC: [8] Undefined variable: val D:\rootwww\shop\Application\Runtime\Cache\Admin\12cf6a5c74297688873998de0720405d.php 第 114 行.
NOTIC: [8] Use of undefined constant id - assumed 'id' D:\rootwww\shop\Application\Runtime\Cache\Admin\12cf6a5c74297688873998de0720405d.php 第 115 行.
NOTIC: [8] Use of undefined constant id - assumed 'id' D:\rootwww\shop\Application\Runtime\Cache\Admin\12cf6a5c74297688873998de0720405d.php 第 117 行.
NOTIC: [8] Undefined variable: showPage D:\rootwww\shop\Application\Runtime\Cache\Admin\12cf6a5c74297688873998de0720405d.php 第 128 行.
INFO: Run Behavior\ParseTemplateBehavior [ RunTime:0.014066s ]
INFO: [ view_parse ] --END-- [ RunTime:0.014205s ]
INFO: [ view_filter ] --START--
INFO: Run Behavior\WriteHtmlCacheBehavior [ RunTime:0.000603s ]
INFO: [ view_filter ] --END-- [ RunTime:0.000769s ]
INFO: [ app_end ] --START--
INFO: Run Behavior\ShowPageTraceBehavior [ RunTime:0.000667s ]
INFO: [ app_end ] --END-- [ RunTime:0.000870s ]

[ 2017-06-20T21:55:26+08:00 ] 127.0.0.1 /index.php/Admin/Goods/lst.html
INFO: [ app_init ] --START--
INFO: Run Behavior\BuildLiteBehavior [ RunTime:0.000027s ]
INFO: [ app_init ] --END-- [ RunTime:0.000518s ]
INFO: [ app_begin ] --START--
INFO: Run Behavior\ReadHtmlCacheBehavior [ RunTime:0.000468s ]
INFO: [ app_begin ] --END-- [ RunTime:0.000613s ]
SQL: SHOW COLUMNS FROM `mall_attribute` [ RunTime:0.0008s ]
SQL: SHOW COLUMNS FROM `mall_type` [ RunTime:0.0008s ]
SQL: SHOW COLUMNS FROM `mall_category` [ RunTime:0.0008s ]
SQL: SHOW COLUMNS FROM `mall_goods` [ RunTime:0.0011s ]
NOTIC: [2] Missing argument 1 for I(), called in D:\rootwww\shop\Application\Admin\Controller\GoodsController.class.php on line 50 and defined D:\rootwww\shop\ThinkPHP\Common\functions.php 第 271 行.
NOTIC: [8] Undefined variable: name D:\rootwww\shop\ThinkPHP\Common\functions.php 第 273 行.
NOTIC: [8] Undefined variable: name D:\rootwww\shop\ThinkPHP\Common\functions.php 第 278 行.
NOTIC: [8] Undefined variable: name D:\rootwww\shop\ThinkPHP\Common\functions.php 第 339 行.
SQL: SELECT * FROM `mall_category` WHERE `status` = 1  [ RunTime:0.0005s ]
NOTIC: [2] Invalid argument supplied for foreach() D:\rootwww\shop\ThinkPHP\Library\Think\Db\Driver.class.php 第 504 行.
ERR: 1064:You have an error in your SQL syntax; check the manual that corresponds to your MySQL server version for the right syntax to use near ') AND `is_delete` = 0' at line 1
 [ SQL语句 ] : SELECT * FROM `mall_goods` WHERE `cate_id` = 0 AND `brand_id` = 0 AND `is_sale` = 0 AND (  ) AND `is_delete` = 0 
ERR: 1064:You have an error in your SQL syntax; check the manual that corresponds to your MySQL server version for the right syntax to use near ') AND `is_delete` = 0' at line 1
 [ SQL语句 ] : SELECT * FROM `mall_goods` WHERE `cate_id` = 0 AND `brand_id` = 0 AND `is_sale` = 0 AND (  ) AND `is_delete` = 0 

[ 2017-06-20T21:55:26+08:00 ] 127.0.0.1 /index.php/Admin/goods/lst.html
INFO: [ app_init ] --START--
INFO: Run Behavior\BuildLiteBehavior [ RunTime:0.000040s ]
INFO: [ app_init ] --END-- [ RunTime:0.000575s ]
INFO: [ app_begin ] --START--
INFO: Run Behavior\ReadHtmlCacheBehavior [ RunTime:0.000479s ]
INFO: [ app_begin ] --END-- [ RunTime:0.000627s ]
SQL: SHOW COLUMNS FROM `mall_attribute` [ RunTime:0.0008s ]
SQL: SHOW COLUMNS FROM `mall_type` [ RunTime:0.0008s ]
SQL: SHOW COLUMNS FROM `mall_category` [ RunTime:0.0008s ]
SQL: SHOW COLUMNS FROM `mall_goods` [ RunTime:0.0010s ]
SQL: SELECT * FROM `mall_category` WHERE `status` = 1  [ RunTime:0.0004s ]
SQL: SELECT * FROM `mall_goods` WHERE `is_delete` = 0  [ RunTime:0.0006s ]
INFO: [ view_parse ] --START--
INFO: [ template_filter ] --START--
INFO: Run Behavior\ContentReplaceBehavior [ RunTime:0.000157s ]
INFO: [ template_filter ] --END-- [ RunTime:0.000292s ]
NOTIC: [8] Undefined variable: val D:\rootwww\shop\Application\Runtime\Cache\Admin\12cf6a5c74297688873998de0720405d.php 第 114 行.
NOTIC: [8] Use of undefined constant id - assumed 'id' D:\rootwww\shop\Application\Runtime\Cache\Admin\12cf6a5c74297688873998de0720405d.php 第 115 行.
NOTIC: [8] Use of undefined constant id - assumed 'id' D:\rootwww\shop\Application\Runtime\Cache\Admin\12cf6a5c74297688873998de0720405d.php 第 117 行.
NOTIC: [8] Undefined variable: val D:\rootwww\shop\Application\Runtime\Cache\Admin\12cf6a5c74297688873998de0720405d.php 第 114 行.
NOTIC: [8] Use of undefined constant id - assumed 'id' D:\rootwww\shop\Application\Runtime\Cache\Admin\12cf6a5c74297688873998de0720405d.php 第 115 行.
NOTIC: [8] Use of undefined constant id - assumed 'id' D:\rootwww\shop\Application\Runtime\Cache\Admin\12cf6a5c74297688873998de0720405d.php 第 117 行.
NOTIC: [8] Undefined variable: showPage D:\rootwww\shop\Application\Runtime\Cache\Admin\12cf6a5c74297688873998de0720405d.php 第 128 行.
INFO: Run Behavior\ParseTemplateBehavior [ RunTime:0.015183s ]
INFO: [ view_parse ] --END-- [ RunTime:0.015321s ]
INFO: [ view_filter ] --START--
INFO: Run Behavior\WriteHtmlCacheBehavior [ RunTime:0.000447s ]
INFO: [ view_filter ] --END-- [ RunTime:0.000578s ]
INFO: [ app_end ] --START--
INFO: Run Behavior\ShowPageTraceBehavior [ RunTime:0.000588s ]
INFO: [ app_end ] --END-- [ RunTime:0.000742s ]

[ 2017-06-20T21:55:26+08:00 ] 127.0.0.1 /index.php/Admin/goods/lst.html
INFO: [ app_init ] --START--
INFO: Run Behavior\BuildLiteBehavior [ RunTime:0.000027s ]
INFO: [ app_init ] --END-- [ RunTime:0.000453s ]
INFO: [ app_begin ] --START--
INFO: Run Behavior\ReadHtmlCacheBehavior [ RunTime:0.000529s ]
INFO: [ app_begin ] --END-- [ RunTime:0.000730s ]
SQL: SHOW COLUMNS FROM `mall_attribute` [ RunTime:0.0012s ]
SQL: SHOW COLUMNS FROM `mall_type` [ RunTime:0.0009s ]
SQL: SHOW COLUMNS FROM `mall_category` [ RunTime:0.0012s ]
SQL: SHOW COLUMNS FROM `mall_goods` [ RunTime:0.0011s ]
SQL: SELECT * FROM `mall_category` WHERE `status` = 1  [ RunTime:0.0005s ]
SQL: SELECT * FROM `mall_goods` WHERE `is_delete` = 0  [ RunTime:0.0004s ]
INFO: [ view_parse ] --START--
INFO: [ template_filter ] --START--
INFO: Run Behavior\ContentReplaceBehavior [ RunTime:0.000150s ]
INFO: [ template_filter ] --END-- [ RunTime:0.000284s ]
NOTIC: [8] Undefined variable: val D:\rootwww\shop\Application\Runtime\Cache\Admin\12cf6a5c74297688873998de0720405d.php 第 114 行.
NOTIC: [8] Use of undefined constant id - assumed 'id' D:\rootwww\shop\Application\Runtime\Cache\Admin\12cf6a5c74297688873998de0720405d.php 第 115 行.
NOTIC: [8] Use of undefined constant id - assumed 'id' D:\rootwww\shop\Application\Runtime\Cache\Admin\12cf6a5c74297688873998de0720405d.php 第 117 行.
NOTIC: [8] Undefined variable: val D:\rootwww\shop\Application\Runtime\Cache\Admin\12cf6a5c74297688873998de0720405d.php 第 114 行.
NOTIC: [8] Use of undefined constant id - assumed 'id' D:\rootwww\shop\Application\Runtime\Cache\Admin\12cf6a5c74297688873998de0720405d.php 第 115 行.
NOTIC: [8] Use of undefined constant id - assumed 'id' D:\rootwww\shop\Application\Runtime\Cache\Admin\12cf6a5c74297688873998de0720405d.php 第 117 行.
NOTIC: [8] Undefined variable: showPage D:\rootwww\shop\Application\Runtime\Cache\Admin\12cf6a5c74297688873998de0720405d.php 第 128 行.
INFO: Run Behavior\ParseTemplateBehavior [ RunTime:0.021582s ]
INFO: [ view_parse ] --END-- [ RunTime:0.021709s ]
INFO: [ view_filter ] --START--
INFO: Run Behavior\WriteHtmlCacheBehavior [ RunTime:0.000276s ]
INFO: [ view_filter ] --END-- [ RunTime:0.000389s ]
INFO: [ app_end ] --START--
INFO: Run Behavior\ShowPageTraceBehavior [ RunTime:0.000585s ]
INFO: [ app_end ] --END-- [ RunTime:0.000730s ]

[ 2017-06-20T21:55:27+08:00 ] 127.0.0.1 /index.php/Admin/Goods/lst.html
INFO: [ app_init ] --START--
INFO: Run Behavior\BuildLiteBehavior [ RunTime:0.000031s ]
INFO: [ app_init ] --END-- [ RunTime:0.000454s ]
INFO: [ app_begin ] --START--
INFO: Run Behavior\ReadHtmlCacheBehavior [ RunTime:0.000460s ]
INFO: [ app_begin ] --END-- [ RunTime:0.000630s ]
SQL: SHOW COLUMNS FROM `mall_attribute` [ RunTime:0.0009s ]
SQL: SHOW COLUMNS FROM `mall_type` [ RunTime:0.0009s ]
SQL: SHOW COLUMNS FROM `mall_category` [ RunTime:0.0008s ]
SQL: SHOW COLUMNS FROM `mall_goods` [ RunTime:0.0015s ]
NOTIC: [2] Missing argument 1 for I(), called in D:\rootwww\shop\Application\Admin\Controller\GoodsController.class.php on line 50 and defined D:\rootwww\shop\ThinkPHP\Common\functions.php 第 271 行.
NOTIC: [8] Undefined variable: name D:\rootwww\shop\ThinkPHP\Common\functions.php 第 273 行.
NOTIC: [8] Undefined variable: name D:\rootwww\shop\ThinkPHP\Common\functions.php 第 278 行.
NOTIC: [8] Undefined variable: name D:\rootwww\shop\ThinkPHP\Common\functions.php 第 339 行.
SQL: SELECT * FROM `mall_category` WHERE `status` = 1  [ RunTime:0.0005s ]
NOTIC: [2] Invalid argument supplied for foreach() D:\rootwww\shop\ThinkPHP\Library\Think\Db\Driver.class.php 第 504 行.
ERR: 1064:You have an error in your SQL syntax; check the manual that corresponds to your MySQL server version for the right syntax to use near ') AND `is_delete` = 0' at line 1
 [ SQL语句 ] : SELECT * FROM `mall_goods` WHERE `cate_id` = 0 AND `brand_id` = 0 AND `is_sale` = 0 AND (  ) AND `is_delete` = 0 
ERR: 1064:You have an error in your SQL syntax; check the manual that corresponds to your MySQL server version for the right syntax to use near ') AND `is_delete` = 0' at line 1
 [ SQL语句 ] : SELECT * FROM `mall_goods` WHERE `cate_id` = 0 AND `brand_id` = 0 AND `is_sale` = 0 AND (  ) AND `is_delete` = 0 

[ 2017-06-20T21:55:27+08:00 ] 127.0.0.1 /index.php/Admin/goods/lst.html
INFO: [ app_init ] --START--
INFO: Run Behavior\BuildLiteBehavior [ RunTime:0.000026s ]
INFO: [ app_init ] --END-- [ RunTime:0.000467s ]
INFO: [ app_begin ] --START--
INFO: Run Behavior\ReadHtmlCacheBehavior [ RunTime:0.000673s ]
INFO: [ app_begin ] --END-- [ RunTime:0.000926s ]
SQL: SHOW COLUMNS FROM `mall_attribute` [ RunTime:0.0007s ]
SQL: SHOW COLUMNS FROM `mall_type` [ RunTime:0.0006s ]
SQL: SHOW COLUMNS FROM `mall_category` [ RunTime:0.0007s ]
SQL: SHOW COLUMNS FROM `mall_goods` [ RunTime:0.0009s ]
SQL: SELECT * FROM `mall_category` WHERE `status` = 1  [ RunTime:0.0004s ]
SQL: SELECT * FROM `mall_goods` WHERE `is_delete` = 0  [ RunTime:0.0005s ]
INFO: [ view_parse ] --START--
INFO: [ template_filter ] --START--
INFO: Run Behavior\ContentReplaceBehavior [ RunTime:0.000154s ]
INFO: [ template_filter ] --END-- [ RunTime:0.000287s ]
NOTIC: [8] Undefined variable: val D:\rootwww\shop\Application\Runtime\Cache\Admin\12cf6a5c74297688873998de0720405d.php 第 114 行.
NOTIC: [8] Use of undefined constant id - assumed 'id' D:\rootwww\shop\Application\Runtime\Cache\Admin\12cf6a5c74297688873998de0720405d.php 第 115 行.
NOTIC: [8] Use of undefined constant id - assumed 'id' D:\rootwww\shop\Application\Runtime\Cache\Admin\12cf6a5c74297688873998de0720405d.php 第 117 行.
NOTIC: [8] Undefined variable: val D:\rootwww\shop\Application\Runtime\Cache\Admin\12cf6a5c74297688873998de0720405d.php 第 114 行.
NOTIC: [8] Use of undefined constant id - assumed 'id' D:\rootwww\shop\Application\Runtime\Cache\Admin\12cf6a5c74297688873998de0720405d.php 第 115 行.
NOTIC: [8] Use of undefined constant id - assumed 'id' D:\rootwww\shop\Application\Runtime\Cache\Admin\12cf6a5c74297688873998de0720405d.php 第 117 行.
NOTIC: [8] Undefined variable: showPage D:\rootwww\shop\Application\Runtime\Cache\Admin\12cf6a5c74297688873998de0720405d.php 第 128 行.
INFO: Run Behavior\ParseTemplateBehavior [ RunTime:0.016554s ]
INFO: [ view_parse ] --END-- [ RunTime:0.016726s ]
INFO: [ view_filter ] --START--
INFO: Run Behavior\WriteHtmlCacheBehavior [ RunTime:0.000327s ]
INFO: [ view_filter ] --END-- [ RunTime:0.000440s ]
INFO: [ app_end ] --START--
INFO: Run Behavior\ShowPageTraceBehavior [ RunTime:0.000590s ]
INFO: [ app_end ] --END-- [ RunTime:0.000733s ]

[ 2017-06-20T21:55:27+08:00 ] 127.0.0.1 /index.php/Admin/goods/lst.html
INFO: [ app_init ] --START--
INFO: Run Behavior\BuildLiteBehavior [ RunTime:0.000050s ]
INFO: [ app_init ] --END-- [ RunTime:0.000644s ]
INFO: [ app_begin ] --START--
INFO: Run Behavior\ReadHtmlCacheBehavior [ RunTime:0.000682s ]
INFO: [ app_begin ] --END-- [ RunTime:0.000921s ]
SQL: SHOW COLUMNS FROM `mall_attribute` [ RunTime:0.0007s ]
SQL: SHOW COLUMNS FROM `mall_type` [ RunTime:0.0006s ]
SQL: SHOW COLUMNS FROM `mall_category` [ RunTime:0.0006s ]
SQL: SHOW COLUMNS FROM `mall_goods` [ RunTime:0.0008s ]
SQL: SELECT * FROM `mall_category` WHERE `status` = 1  [ RunTime:0.0005s ]
SQL: SELECT * FROM `mall_goods` WHERE `is_delete` = 0  [ RunTime:0.0006s ]
INFO: [ view_parse ] --START--
INFO: [ template_filter ] --START--
INFO: Run Behavior\ContentReplaceBehavior [ RunTime:0.000145s ]
INFO: [ template_filter ] --END-- [ RunTime:0.000273s ]
NOTIC: [8] Undefined variable: val D:\rootwww\shop\Application\Runtime\Cache\Admin\12cf6a5c74297688873998de0720405d.php 第 114 行.
NOTIC: [8] Use of undefined constant id - assumed 'id' D:\rootwww\shop\Application\Runtime\Cache\Admin\12cf6a5c74297688873998de0720405d.php 第 115 行.
NOTIC: [8] Use of undefined constant id - assumed 'id' D:\rootwww\shop\Application\Runtime\Cache\Admin\12cf6a5c74297688873998de0720405d.php 第 117 行.
NOTIC: [8] Undefined variable: val D:\rootwww\shop\Application\Runtime\Cache\Admin\12cf6a5c74297688873998de0720405d.php 第 114 行.
NOTIC: [8] Use of undefined constant id - assumed 'id' D:\rootwww\shop\Application\Runtime\Cache\Admin\12cf6a5c74297688873998de0720405d.php 第 115 行.
NOTIC: [8] Use of undefined constant id - assumed 'id' D:\rootwww\shop\Application\Runtime\Cache\Admin\12cf6a5c74297688873998de0720405d.php 第 117 行.
NOTIC: [8] Undefined variable: showPage D:\rootwww\shop\Application\Runtime\Cache\Admin\12cf6a5c74297688873998de0720405d.php 第 128 行.
INFO: Run Behavior\ParseTemplateBehavior [ RunTime:0.014203s ]
INFO: [ view_parse ] --END-- [ RunTime:0.014329s ]
INFO: [ view_filter ] --START--
INFO: Run Behavior\WriteHtmlCacheBehavior [ RunTime:0.000260s ]
INFO: [ view_filter ] --END-- [ RunTime:0.000373s ]
INFO: [ app_end ] --START--
INFO: Run Behavior\ShowPageTraceBehavior [ RunTime:0.000708s ]
INFO: [ app_end ] --END-- [ RunTime:0.000909s ]

[ 2017-06-20T21:56:24+08:00 ] 127.0.0.1 /index.php/Admin/goods/lst.html
INFO: [ app_init ] --START--
INFO: Run Behavior\BuildLiteBehavior [ RunTime:0.000031s ]
INFO: [ app_init ] --END-- [ RunTime:0.000439s ]
INFO: [ app_begin ] --START--
INFO: Run Behavior\ReadHtmlCacheBehavior [ RunTime:0.000454s ]
INFO: [ app_begin ] --END-- [ RunTime:0.000589s ]
SQL: SHOW COLUMNS FROM `mall_attribute` [ RunTime:0.0010s ]
SQL: SHOW COLUMNS FROM `mall_type` [ RunTime:0.0006s ]
SQL: SHOW COLUMNS FROM `mall_category` [ RunTime:0.0006s ]
SQL: SHOW COLUMNS FROM `mall_goods` [ RunTime:0.0009s ]
SQL: SELECT * FROM `mall_category` WHERE `status` = 1  [ RunTime:0.0004s ]
SQL: SELECT * FROM `mall_goods` WHERE `is_delete` = 0  [ RunTime:0.0004s ]
INFO: [ view_parse ] --START--
INFO: [ template_filter ] --START--
INFO: Run Behavior\ContentReplaceBehavior [ RunTime:0.000159s ]
INFO: [ template_filter ] --END-- [ RunTime:0.000292s ]
NOTIC: [8] Undefined variable: val D:\rootwww\shop\Application\Runtime\Cache\Admin\12cf6a5c74297688873998de0720405d.php 第 114 行.
NOTIC: [8] Use of undefined constant id - assumed 'id' D:\rootwww\shop\Application\Runtime\Cache\Admin\12cf6a5c74297688873998de0720405d.php 第 115 行.
NOTIC: [8] Use of undefined constant id - assumed 'id' D:\rootwww\shop\Application\Runtime\Cache\Admin\12cf6a5c74297688873998de0720405d.php 第 117 行.
NOTIC: [8] Undefined variable: val D:\rootwww\shop\Application\Runtime\Cache\Admin\12cf6a5c74297688873998de0720405d.php 第 114 行.
NOTIC: [8] Use of undefined constant id - assumed 'id' D:\rootwww\shop\Application\Runtime\Cache\Admin\12cf6a5c74297688873998de0720405d.php 第 115 行.
NOTIC: [8] Use of undefined constant id - assumed 'id' D:\rootwww\shop\Application\Runtime\Cache\Admin\12cf6a5c74297688873998de0720405d.php 第 117 行.
NOTIC: [8] Undefined variable: showPage D:\rootwww\shop\Application\Runtime\Cache\Admin\12cf6a5c74297688873998de0720405d.php 第 128 行.
INFO: Run Behavior\ParseTemplateBehavior [ RunTime:0.014660s ]
INFO: [ view_parse ] --END-- [ RunTime:0.014786s ]
INFO: [ view_filter ] --START--
INFO: Run Behavior\WriteHtmlCacheBehavior [ RunTime:0.000254s ]
INFO: [ view_filter ] --END-- [ RunTime:0.000367s ]
INFO: [ app_end ] --START--
INFO: Run Behavior\ShowPageTraceBehavior [ RunTime:0.000707s ]
INFO: [ app_end ] --END-- [ RunTime:0.000900s ]

[ 2017-06-20T21:56:25+08:00 ] 127.0.0.1 /index.php/Admin/goods/lst.html
INFO: [ app_init ] --START--
INFO: Run Behavior\BuildLiteBehavior [ RunTime:0.000028s ]
INFO: [ app_init ] --END-- [ RunTime:0.000527s ]
INFO: [ app_begin ] --START--
INFO: Run Behavior\ReadHtmlCacheBehavior [ RunTime:0.000602s ]
INFO: [ app_begin ] --END-- [ RunTime:0.000760s ]
SQL: SHOW COLUMNS FROM `mall_attribute` [ RunTime:0.0006s ]
SQL: SHOW COLUMNS FROM `mall_type` [ RunTime:0.0006s ]
SQL: SHOW COLUMNS FROM `mall_category` [ RunTime:0.0006s ]
SQL: SHOW COLUMNS FROM `mall_goods` [ RunTime:0.0009s ]
SQL: SELECT * FROM `mall_category` WHERE `status` = 1  [ RunTime:0.0006s ]
SQL: SELECT * FROM `mall_goods` WHERE `is_delete` = 0  [ RunTime:0.0005s ]
INFO: [ view_parse ] --START--
INFO: [ template_filter ] --START--
INFO: Run Behavior\ContentReplaceBehavior [ RunTime:0.000151s ]
INFO: [ template_filter ] --END-- [ RunTime:0.000279s ]
NOTIC: [8] Undefined variable: val D:\rootwww\shop\Application\Runtime\Cache\Admin\12cf6a5c74297688873998de0720405d.php 第 114 行.
NOTIC: [8] Use of undefined constant id - assumed 'id' D:\rootwww\shop\Application\Runtime\Cache\Admin\12cf6a5c74297688873998de0720405d.php 第 115 行.
NOTIC: [8] Use of undefined constant id - assumed 'id' D:\rootwww\shop\Application\Runtime\Cache\Admin\12cf6a5c74297688873998de0720405d.php 第 117 行.
NOTIC: [8] Undefined variable: val D:\rootwww\shop\Application\Runtime\Cache\Admin\12cf6a5c74297688873998de0720405d.php 第 114 行.
NOTIC: [8] Use of undefined constant id - assumed 'id' D:\rootwww\shop\Application\Runtime\Cache\Admin\12cf6a5c74297688873998de0720405d.php 第 115 行.
NOTIC: [8] Use of undefined constant id - assumed 'id' D:\rootwww\shop\Application\Runtime\Cache\Admin\12cf6a5c74297688873998de0720405d.php 第 117 行.
NOTIC: [8] Undefined variable: showPage D:\rootwww\shop\Application\Runtime\Cache\Admin\12cf6a5c74297688873998de0720405d.php 第 128 行.
INFO: Run Behavior\ParseTemplateBehavior [ RunTime:0.013982s ]
INFO: [ view_parse ] --END-- [ RunTime:0.014111s ]
INFO: [ view_filter ] --START--
INFO: Run Behavior\WriteHtmlCacheBehavior [ RunTime:0.000700s ]
INFO: [ view_filter ] --END-- [ RunTime:0.000846s ]
INFO: [ app_end ] --START--
INFO: Run Behavior\ShowPageTraceBehavior [ RunTime:0.000643s ]
INFO: [ app_end ] --END-- [ RunTime:0.000826s ]

[ 2017-06-20T21:56:25+08:00 ] 127.0.0.1 /index.php/Admin/goods/lst.html
INFO: [ app_init ] --START--
INFO: Run Behavior\BuildLiteBehavior [ RunTime:0.000043s ]
INFO: [ app_init ] --END-- [ RunTime:0.000563s ]
INFO: [ app_begin ] --START--
INFO: Run Behavior\ReadHtmlCacheBehavior [ RunTime:0.000465s ]
INFO: [ app_begin ] --END-- [ RunTime:0.000603s ]
SQL: SHOW COLUMNS FROM `mall_attribute` [ RunTime:0.0006s ]
SQL: SHOW COLUMNS FROM `mall_type` [ RunTime:0.0006s ]
SQL: SHOW COLUMNS FROM `mall_category` [ RunTime:0.0008s ]
SQL: SHOW COLUMNS FROM `mall_goods` [ RunTime:0.0011s ]
SQL: SELECT * FROM `mall_category` WHERE `status` = 1  [ RunTime:0.0006s ]
SQL: SELECT * FROM `mall_goods` WHERE `is_delete` = 0  [ RunTime:0.0004s ]
INFO: [ view_parse ] --START--
INFO: [ template_filter ] --START--
INFO: Run Behavior\ContentReplaceBehavior [ RunTime:0.000150s ]
INFO: [ template_filter ] --END-- [ RunTime:0.000278s ]
NOTIC: [8] Undefined variable: val D:\rootwww\shop\Application\Runtime\Cache\Admin\12cf6a5c74297688873998de0720405d.php 第 114 行.
NOTIC: [8] Use of undefined constant id - assumed 'id' D:\rootwww\shop\Application\Runtime\Cache\Admin\12cf6a5c74297688873998de0720405d.php 第 115 行.
NOTIC: [8] Use of undefined constant id - assumed 'id' D:\rootwww\shop\Application\Runtime\Cache\Admin\12cf6a5c74297688873998de0720405d.php 第 117 行.
NOTIC: [8] Undefined variable: val D:\rootwww\shop\Application\Runtime\Cache\Admin\12cf6a5c74297688873998de0720405d.php 第 114 行.
NOTIC: [8] Use of undefined constant id - assumed 'id' D:\rootwww\shop\Application\Runtime\Cache\Admin\12cf6a5c74297688873998de0720405d.php 第 115 行.
NOTIC: [8] Use of undefined constant id - assumed 'id' D:\rootwww\shop\Application\Runtime\Cache\Admin\12cf6a5c74297688873998de0720405d.php 第 117 行.
NOTIC: [8] Undefined variable: showPage D:\rootwww\shop\Application\Runtime\Cache\Admin\12cf6a5c74297688873998de0720405d.php 第 128 行.
INFO: Run Behavior\ParseTemplateBehavior [ RunTime:0.014229s ]
INFO: [ view_parse ] --END-- [ RunTime:0.014369s ]
INFO: [ view_filter ] --START--
INFO: Run Behavior\WriteHtmlCacheBehavior [ RunTime:0.000309s ]
INFO: [ view_filter ] --END-- [ RunTime:0.000421s ]
INFO: [ app_end ] --START--
INFO: Run Behavior\ShowPageTraceBehavior [ RunTime:0.000609s ]
INFO: [ app_end ] --END-- [ RunTime:0.000779s ]

[ 2017-06-20T21:56:26+08:00 ] 127.0.0.1 /index.php/Admin/goods/lst.html
INFO: [ app_init ] --START--
INFO: Run Behavior\BuildLiteBehavior [ RunTime:0.000026s ]
INFO: [ app_init ] --END-- [ RunTime:0.000432s ]
INFO: [ app_begin ] --START--
INFO: Run Behavior\ReadHtmlCacheBehavior [ RunTime:0.000450s ]
INFO: [ app_begin ] --END-- [ RunTime:0.000588s ]
SQL: SHOW COLUMNS FROM `mall_attribute` [ RunTime:0.0006s ]
SQL: SHOW COLUMNS FROM `mall_type` [ RunTime:0.0006s ]
SQL: SHOW COLUMNS FROM `mall_category` [ RunTime:0.0006s ]
SQL: SHOW COLUMNS FROM `mall_goods` [ RunTime:0.0008s ]
SQL: SELECT * FROM `mall_category` WHERE `status` = 1  [ RunTime:0.0004s ]
SQL: SELECT * FROM `mall_goods` WHERE `is_delete` = 0  [ RunTime:0.0004s ]
INFO: [ view_parse ] --START--
INFO: [ template_filter ] --START--
INFO: Run Behavior\ContentReplaceBehavior [ RunTime:0.000151s ]
INFO: [ template_filter ] --END-- [ RunTime:0.000281s ]
NOTIC: [8] Undefined variable: val D:\rootwww\shop\Application\Runtime\Cache\Admin\12cf6a5c74297688873998de0720405d.php 第 114 行.
NOTIC: [8] Use of undefined constant id - assumed 'id' D:\rootwww\shop\Application\Runtime\Cache\Admin\12cf6a5c74297688873998de0720405d.php 第 115 行.
NOTIC: [8] Use of undefined constant id - assumed 'id' D:\rootwww\shop\Application\Runtime\Cache\Admin\12cf6a5c74297688873998de0720405d.php 第 117 行.
NOTIC: [8] Undefined variable: val D:\rootwww\shop\Application\Runtime\Cache\Admin\12cf6a5c74297688873998de0720405d.php 第 114 行.
NOTIC: [8] Use of undefined constant id - assumed 'id' D:\rootwww\shop\Application\Runtime\Cache\Admin\12cf6a5c74297688873998de0720405d.php 第 115 行.
NOTIC: [8] Use of undefined constant id - assumed 'id' D:\rootwww\shop\Application\Runtime\Cache\Admin\12cf6a5c74297688873998de0720405d.php 第 117 行.
NOTIC: [8] Undefined variable: showPage D:\rootwww\shop\Application\Runtime\Cache\Admin\12cf6a5c74297688873998de0720405d.php 第 128 行.
INFO: Run Behavior\ParseTemplateBehavior [ RunTime:0.014797s ]
INFO: [ view_parse ] --END-- [ RunTime:0.014922s ]
INFO: [ view_filter ] --START--
INFO: Run Behavior\WriteHtmlCacheBehavior [ RunTime:0.000270s ]
INFO: [ view_filter ] --END-- [ RunTime:0.000382s ]
INFO: [ app_end ] --START--
INFO: Run Behavior\ShowPageTraceBehavior [ RunTime:0.000589s ]
INFO: [ app_end ] --END-- [ RunTime:0.000740s ]

[ 2017-06-20T21:56:33+08:00 ] 127.0.0.1 /admin
INFO: [ app_init ] --START--
INFO: Run Behavior\BuildLiteBehavior [ RunTime:0.000039s ]
INFO: [ app_init ] --END-- [ RunTime:0.000491s ]
INFO: [ app_begin ] --START--
INFO: Run Behavior\ReadHtmlCacheBehavior [ RunTime:0.000489s ]
INFO: [ app_begin ] --END-- [ RunTime:0.000638s ]
INFO: [ view_parse ] --START--
INFO: [ template_filter ] --START--
INFO: Run Behavior\ContentReplaceBehavior [ RunTime:0.000086s ]
INFO: [ template_filter ] --END-- [ RunTime:0.000216s ]
INFO: Run Behavior\ParseTemplateBehavior [ RunTime:0.006210s ]
INFO: [ view_parse ] --END-- [ RunTime:0.006373s ]
INFO: [ view_filter ] --START--
INFO: Run Behavior\WriteHtmlCacheBehavior [ RunTime:0.000280s ]
INFO: [ view_filter ] --END-- [ RunTime:0.000402s ]
INFO: [ app_end ] --START--
INFO: Run Behavior\ShowPageTraceBehavior [ RunTime:0.000561s ]
INFO: [ app_end ] --END-- [ RunTime:0.000692s ]

[ 2017-06-20T21:56:33+08:00 ] 127.0.0.1 /index.php/Admin/Index/menu.html
INFO: [ app_init ] --START--
INFO: Run Behavior\BuildLiteBehavior [ RunTime:0.000057s ]
INFO: [ app_init ] --END-- [ RunTime:0.001349s ]
INFO: [ app_begin ] --START--
INFO: Run Behavior\ReadHtmlCacheBehavior [ RunTime:0.000709s ]
INFO: [ app_begin ] --END-- [ RunTime:0.000940s ]
INFO: [ view_parse ] --START--
INFO: [ template_filter ] --START--
INFO: Run Behavior\ContentReplaceBehavior [ RunTime:0.000254s ]
INFO: [ template_filter ] --END-- [ RunTime:0.000476s ]
INFO: Run Behavior\ParseTemplateBehavior [ RunTime:0.013447s ]
INFO: [ view_parse ] --END-- [ RunTime:0.013641s ]
INFO: [ view_filter ] --START--
INFO: Run Behavior\WriteHtmlCacheBehavior [ RunTime:0.000296s ]
INFO: [ view_filter ] --END-- [ RunTime:0.000429s ]
INFO: [ app_end ] --START--
INFO: Run Behavior\ShowPageTraceBehavior [ RunTime:0.000762s ]
INFO: [ app_end ] --END-- [ RunTime:0.000940s ]

[ 2017-06-20T21:56:33+08:00 ] 127.0.0.1 /index.php/Admin/Index/top.html
INFO: [ app_init ] --START--
INFO: Run Behavior\BuildLiteBehavior [ RunTime:0.000034s ]
INFO: [ app_init ] --END-- [ RunTime:0.000759s ]
INFO: [ app_begin ] --START--
INFO: Run Behavior\ReadHtmlCacheBehavior [ RunTime:0.000518s ]
INFO: [ app_begin ] --END-- [ RunTime:0.000738s ]
INFO: [ view_parse ] --START--
INFO: [ template_filter ] --START--
INFO: Run Behavior\ContentReplaceBehavior [ RunTime:0.000158s ]
INFO: [ template_filter ] --END-- [ RunTime:0.000325s ]
INFO: Run Behavior\ParseTemplateBehavior [ RunTime:0.011568s ]
INFO: [ view_parse ] --END-- [ RunTime:0.011848s ]
INFO: [ view_filter ] --START--
INFO: Run Behavior\WriteHtmlCacheBehavior [ RunTime:0.000663s ]
INFO: [ view_filter ] --END-- [ RunTime:0.001137s ]
INFO: [ app_end ] --START--
INFO: Run Behavior\ShowPageTraceBehavior [ RunTime:0.001154s ]
INFO: [ app_end ] --END-- [ RunTime:0.001487s ]

[ 2017-06-20T21:56:33+08:00 ] 127.0.0.1 /index.php/Admin/Index/main.html
INFO: [ app_init ] --START--
INFO: Run Behavior\BuildLiteBehavior [ RunTime:0.000050s ]
INFO: [ app_init ] --END-- [ RunTime:0.001097s ]
INFO: [ app_begin ] --START--
INFO: Run Behavior\ReadHtmlCacheBehavior [ RunTime:0.000675s ]
INFO: [ app_begin ] --END-- [ RunTime:0.000848s ]
INFO: [ view_parse ] --START--
INFO: [ template_filter ] --START--
INFO: Run Behavior\ContentReplaceBehavior [ RunTime:0.000200s ]
INFO: [ template_filter ] --END-- [ RunTime:0.000460s ]
INFO: Run Behavior\ParseTemplateBehavior [ RunTime:0.013827s ]
INFO: [ view_parse ] --END-- [ RunTime:0.014019s ]
INFO: [ view_filter ] --START--
INFO: Run Behavior\WriteHtmlCacheBehavior [ RunTime:0.000362s ]
INFO: [ view_filter ] --END-- [ RunTime:0.000489s ]
INFO: [ app_end ] --START--
INFO: Run Behavior\ShowPageTraceBehavior [ RunTime:0.000539s ]
INFO: [ app_end ] --END-- [ RunTime:0.000671s ]

[ 2017-06-20T21:56:34+08:00 ] 127.0.0.1 /index.php/Admin/goods/lst.html
INFO: [ app_init ] --START--
INFO: Run Behavior\BuildLiteBehavior [ RunTime:0.000027s ]
INFO: [ app_init ] --END-- [ RunTime:0.000432s ]
INFO: [ app_begin ] --START--
INFO: Run Behavior\ReadHtmlCacheBehavior [ RunTime:0.000471s ]
INFO: [ app_begin ] --END-- [ RunTime:0.000618s ]
SQL: SHOW COLUMNS FROM `mall_attribute` [ RunTime:0.0008s ]
SQL: SHOW COLUMNS FROM `mall_type` [ RunTime:0.0007s ]
SQL: SHOW COLUMNS FROM `mall_category` [ RunTime:0.0007s ]
SQL: SHOW COLUMNS FROM `mall_goods` [ RunTime:0.0008s ]
SQL: SELECT * FROM `mall_category` WHERE `status` = 1  [ RunTime:0.0004s ]
SQL: SELECT * FROM `mall_goods` WHERE `is_delete` = 0  [ RunTime:0.0004s ]
INFO: [ view_parse ] --START--
INFO: [ template_filter ] --START--
INFO: Run Behavior\ContentReplaceBehavior [ RunTime:0.000381s ]
INFO: [ template_filter ] --END-- [ RunTime:0.000558s ]
NOTIC: [8] Undefined variable: val D:\rootwww\shop\Application\Runtime\Cache\Admin\12cf6a5c74297688873998de0720405d.php 第 114 行.
NOTIC: [8] Use of undefined constant id - assumed 'id' D:\rootwww\shop\Application\Runtime\Cache\Admin\12cf6a5c74297688873998de0720405d.php 第 115 行.
NOTIC: [8] Use of undefined constant id - assumed 'id' D:\rootwww\shop\Application\Runtime\Cache\Admin\12cf6a5c74297688873998de0720405d.php 第 117 行.
NOTIC: [8] Undefined variable: val D:\rootwww\shop\Application\Runtime\Cache\Admin\12cf6a5c74297688873998de0720405d.php 第 114 行.
NOTIC: [8] Use of undefined constant id - assumed 'id' D:\rootwww\shop\Application\Runtime\Cache\Admin\12cf6a5c74297688873998de0720405d.php 第 115 行.
NOTIC: [8] Use of undefined constant id - assumed 'id' D:\rootwww\shop\Application\Runtime\Cache\Admin\12cf6a5c74297688873998de0720405d.php 第 117 行.
NOTIC: [8] Undefined variable: showPage D:\rootwww\shop\Application\Runtime\Cache\Admin\12cf6a5c74297688873998de0720405d.php 第 128 行.
INFO: Run Behavior\ParseTemplateBehavior [ RunTime:0.015075s ]
INFO: [ view_parse ] --END-- [ RunTime:0.015204s ]
INFO: [ view_filter ] --START--
INFO: Run Behavior\WriteHtmlCacheBehavior [ RunTime:0.000277s ]
INFO: [ view_filter ] --END-- [ RunTime:0.000407s ]
INFO: [ app_end ] --START--
INFO: Run Behavior\ShowPageTraceBehavior [ RunTime:0.000539s ]
INFO: [ app_end ] --END-- [ RunTime:0.000687s ]

[ 2017-06-20T21:57:28+08:00 ] 127.0.0.1 /index.php/Admin/goods/lst.html
INFO: [ app_init ] --START--
INFO: Run Behavior\BuildLiteBehavior [ RunTime:0.000027s ]
INFO: [ app_init ] --END-- [ RunTime:0.000480s ]
INFO: [ app_begin ] --START--
INFO: Run Behavior\ReadHtmlCacheBehavior [ RunTime:0.000767s ]
INFO: [ app_begin ] --END-- [ RunTime:0.000949s ]
SQL: SHOW COLUMNS FROM `mall_attribute` [ RunTime:0.0006s ]
SQL: SHOW COLUMNS FROM `mall_type` [ RunTime:0.0006s ]
SQL: SHOW COLUMNS FROM `mall_category` [ RunTime:0.0008s ]
SQL: SHOW COLUMNS FROM `mall_goods` [ RunTime:0.0008s ]
SQL: SELECT * FROM `mall_category` WHERE `status` = 1  [ RunTime:0.0004s ]
SQL: SELECT * FROM `mall_goods` WHERE `is_delete` = 0  [ RunTime:0.0004s ]

[ 2017-06-20T21:57:39+08:00 ] 127.0.0.1 /index.php/Admin/goods/lst.html
INFO: [ app_init ] --START--
INFO: Run Behavior\BuildLiteBehavior [ RunTime:0.000027s ]
INFO: [ app_init ] --END-- [ RunTime:0.000452s ]
INFO: [ app_begin ] --START--
INFO: Run Behavior\ReadHtmlCacheBehavior [ RunTime:0.000456s ]
INFO: [ app_begin ] --END-- [ RunTime:0.000591s ]
SQL: SHOW COLUMNS FROM `mall_attribute` [ RunTime:0.0007s ]
SQL: SHOW COLUMNS FROM `mall_type` [ RunTime:0.0006s ]
SQL: SHOW COLUMNS FROM `mall_category` [ RunTime:0.0007s ]
SQL: SHOW COLUMNS FROM `mall_goods` [ RunTime:0.0008s ]
SQL: SELECT * FROM `mall_category` WHERE `status` = 1  [ RunTime:0.0004s ]
SQL: SELECT * FROM `mall_goods` WHERE `is_delete` = 0  [ RunTime:0.0004s ]
INFO: [ view_parse ] --START--
INFO: [ template_filter ] --START--
INFO: Run Behavior\ContentReplaceBehavior [ RunTime:0.000152s ]
INFO: [ template_filter ] --END-- [ RunTime:0.000290s ]
NOTIC: [8] Undefined variable: val D:\rootwww\shop\Application\Runtime\Cache\Admin\12cf6a5c74297688873998de0720405d.php 第 114 行.
NOTIC: [8] Use of undefined constant id - assumed 'id' D:\rootwww\shop\Application\Runtime\Cache\Admin\12cf6a5c74297688873998de0720405d.php 第 115 行.
NOTIC: [8] Use of undefined constant id - assumed 'id' D:\rootwww\shop\Application\Runtime\Cache\Admin\12cf6a5c74297688873998de0720405d.php 第 117 行.
NOTIC: [8] Undefined variable: val D:\rootwww\shop\Application\Runtime\Cache\Admin\12cf6a5c74297688873998de0720405d.php 第 114 行.
NOTIC: [8] Use of undefined constant id - assumed 'id' D:\rootwww\shop\Application\Runtime\Cache\Admin\12cf6a5c74297688873998de0720405d.php 第 115 行.
NOTIC: [8] Use of undefined constant id - assumed 'id' D:\rootwww\shop\Application\Runtime\Cache\Admin\12cf6a5c74297688873998de0720405d.php 第 117 行.
NOTIC: [8] Undefined variable: showPage D:\rootwww\shop\Application\Runtime\Cache\Admin\12cf6a5c74297688873998de0720405d.php 第 128 行.
INFO: Run Behavior\ParseTemplateBehavior [ RunTime:0.016360s ]
INFO: [ view_parse ] --END-- [ RunTime:0.016489s ]
INFO: [ view_filter ] --START--
INFO: Run Behavior\WriteHtmlCacheBehavior [ RunTime:0.000357s ]
INFO: [ view_filter ] --END-- [ RunTime:0.000470s ]
INFO: [ app_end ] --START--
INFO: Run Behavior\ShowPageTraceBehavior [ RunTime:0.000639s ]
INFO: [ app_end ] --END-- [ RunTime:0.000973s ]

[ 2017-06-20T21:57:51+08:00 ] 127.0.0.1 /index.php/Admin/Goods/lst.html
INFO: [ app_init ] --START--
INFO: Run Behavior\BuildLiteBehavior [ RunTime:0.000028s ]
INFO: [ app_init ] --END-- [ RunTime:0.000427s ]
INFO: [ app_begin ] --START--
INFO: Run Behavior\ReadHtmlCacheBehavior [ RunTime:0.000445s ]
INFO: [ app_begin ] --END-- [ RunTime:0.000585s ]
SQL: SHOW COLUMNS FROM `mall_attribute` [ RunTime:0.0006s ]
SQL: SHOW COLUMNS FROM `mall_type` [ RunTime:0.0006s ]
SQL: SHOW COLUMNS FROM `mall_category` [ RunTime:0.0007s ]
SQL: SHOW COLUMNS FROM `mall_goods` [ RunTime:0.0008s ]
NOTIC: [2] Missing argument 1 for I(), called in D:\rootwww\shop\Application\Admin\Controller\GoodsController.class.php on line 50 and defined D:\rootwww\shop\ThinkPHP\Common\functions.php 第 271 行.
NOTIC: [8] Undefined variable: name D:\rootwww\shop\ThinkPHP\Common\functions.php 第 273 行.
NOTIC: [8] Undefined variable: name D:\rootwww\shop\ThinkPHP\Common\functions.php 第 278 行.
NOTIC: [8] Undefined variable: name D:\rootwww\shop\ThinkPHP\Common\functions.php 第 339 行.
SQL: SELECT * FROM `mall_category` WHERE `status` = 1  [ RunTime:0.0004s ]
SQL: SELECT * FROM `mall_goods` WHERE `cate_id` = 4 AND `brand_id` = 0 AND `is_sale` = 0 AND `is_best` = 1 AND `is_delete` = 0  [ RunTime:0.0004s ]

[ 2017-06-20T21:57:56+08:00 ] 127.0.0.1 /index.php/Admin/Goods/lst.html
INFO: [ app_init ] --START--
INFO: Run Behavior\BuildLiteBehavior [ RunTime:0.000027s ]
INFO: [ app_init ] --END-- [ RunTime:0.000429s ]
INFO: [ app_begin ] --START--
INFO: Run Behavior\ReadHtmlCacheBehavior [ RunTime:0.000435s ]
INFO: [ app_begin ] --END-- [ RunTime:0.000580s ]
SQL: SHOW COLUMNS FROM `mall_attribute` [ RunTime:0.0007s ]
SQL: SHOW COLUMNS FROM `mall_type` [ RunTime:0.0007s ]
SQL: SHOW COLUMNS FROM `mall_category` [ RunTime:0.0007s ]
SQL: SHOW COLUMNS FROM `mall_goods` [ RunTime:0.0008s ]
NOTIC: [2] Missing argument 1 for I(), called in D:\rootwww\shop\Application\Admin\Controller\GoodsController.class.php on line 50 and defined D:\rootwww\shop\ThinkPHP\Common\functions.php 第 271 行.
NOTIC: [8] Undefined variable: name D:\rootwww\shop\ThinkPHP\Common\functions.php 第 273 行.
NOTIC: [8] Undefined variable: name D:\rootwww\shop\ThinkPHP\Common\functions.php 第 278 行.
NOTIC: [8] Undefined variable: name D:\rootwww\shop\ThinkPHP\Common\functions.php 第 339 行.
SQL: SELECT * FROM `mall_category` WHERE `status` = 1  [ RunTime:0.0004s ]
SQL: SELECT * FROM `mall_goods` WHERE `cate_id` = 4 AND `brand_id` = 0 AND `is_sale` = 0 AND `is_best` = 1 AND `is_delete` = 0  [ RunTime:0.0004s ]

[ 2017-06-20T21:59:11+08:00 ] 127.0.0.1 /index.php/Admin/Goods/lst.html
INFO: [ app_init ] --START--
INFO: Run Behavior\BuildLiteBehavior [ RunTime:0.000057s ]
INFO: [ app_init ] --END-- [ RunTime:0.000837s ]
INFO: [ app_begin ] --START--
INFO: Run Behavior\ReadHtmlCacheBehavior [ RunTime:0.000515s ]
INFO: [ app_begin ] --END-- [ RunTime:0.000705s ]
SQL: SHOW COLUMNS FROM `mall_attribute` [ RunTime:0.0013s ]
SQL: SHOW COLUMNS FROM `mall_type` [ RunTime:0.0010s ]
SQL: SHOW COLUMNS FROM `mall_category` [ RunTime:0.0011s ]
SQL: SHOW COLUMNS FROM `mall_goods` [ RunTime:0.0013s ]
NOTIC: [2] Missing argument 1 for I(), called in D:\rootwww\shop\Application\Admin\Controller\GoodsController.class.php on line 50 and defined D:\rootwww\shop\ThinkPHP\Common\functions.php 第 271 行.
NOTIC: [8] Undefined variable: name D:\rootwww\shop\ThinkPHP\Common\functions.php 第 273 行.
NOTIC: [8] Undefined variable: name D:\rootwww\shop\ThinkPHP\Common\functions.php 第 278 行.
NOTIC: [8] Undefined variable: name D:\rootwww\shop\ThinkPHP\Common\functions.php 第 339 行.
SQL: SELECT * FROM `mall_category` WHERE `status` = 1  [ RunTime:0.0004s ]
SQL: SELECT * FROM `mall_goods` WHERE `cate_id` = 4 AND `brand_id` = 0 AND `is_sale` = 1 AND `is_best` = 1 AND `is_delete` = 0  [ RunTime:0.0004s ]

[ 2017-06-20T21:59:38+08:00 ] 127.0.0.1 /index.php/Admin/Goods/lst.html
INFO: [ app_init ] --START--
INFO: Run Behavior\BuildLiteBehavior [ RunTime:0.000036s ]
INFO: [ app_init ] --END-- [ RunTime:0.000550s ]
INFO: [ app_begin ] --START--
INFO: Run Behavior\ReadHtmlCacheBehavior [ RunTime:0.000955s ]
INFO: [ app_begin ] --END-- [ RunTime:0.001209s ]
SQL: SHOW COLUMNS FROM `mall_attribute` [ RunTime:0.0006s ]
SQL: SHOW COLUMNS FROM `mall_type` [ RunTime:0.0006s ]
SQL: SHOW COLUMNS FROM `mall_category` [ RunTime:0.0007s ]
SQL: SHOW COLUMNS FROM `mall_goods` [ RunTime:0.0008s ]
NOTIC: [2] Missing argument 1 for I(), called in D:\rootwww\shop\Application\Admin\Controller\GoodsController.class.php on line 50 and defined D:\rootwww\shop\ThinkPHP\Common\functions.php 第 271 行.
NOTIC: [8] Undefined variable: name D:\rootwww\shop\ThinkPHP\Common\functions.php 第 273 行.
NOTIC: [8] Undefined variable: name D:\rootwww\shop\ThinkPHP\Common\functions.php 第 278 行.
NOTIC: [8] Undefined variable: name D:\rootwww\shop\ThinkPHP\Common\functions.php 第 339 行.
SQL: SELECT * FROM `mall_category` WHERE `status` = 1  [ RunTime:0.0004s ]
SQL: SELECT * FROM `mall_goods` WHERE `cate_id` = 4 AND `brand_id` = 0 AND `is_sale` = 1 AND `is_best` = 1 AND `is_delete` = 0  [ RunTime:0.0004s ]
INFO: [ view_parse ] --START--
INFO: [ template_filter ] --START--
INFO: Run Behavior\ContentReplaceBehavior [ RunTime:0.000147s ]
INFO: [ template_filter ] --END-- [ RunTime:0.000276s ]
NOTIC: [8] Undefined variable: val D:\rootwww\shop\Application\Runtime\Cache\Admin\12cf6a5c74297688873998de0720405d.php 第 114 行.
NOTIC: [8] Use of undefined constant id - assumed 'id' D:\rootwww\shop\Application\Runtime\Cache\Admin\12cf6a5c74297688873998de0720405d.php 第 115 行.
NOTIC: [8] Use of undefined constant id - assumed 'id' D:\rootwww\shop\Application\Runtime\Cache\Admin\12cf6a5c74297688873998de0720405d.php 第 117 行.
NOTIC: [8] Undefined variable: showPage D:\rootwww\shop\Application\Runtime\Cache\Admin\12cf6a5c74297688873998de0720405d.php 第 128 行.
INFO: Run Behavior\ParseTemplateBehavior [ RunTime:0.014509s ]
INFO: [ view_parse ] --END-- [ RunTime:0.014643s ]
INFO: [ view_filter ] --START--
INFO: Run Behavior\WriteHtmlCacheBehavior [ RunTime:0.000279s ]
INFO: [ view_filter ] --END-- [ RunTime:0.000393s ]
INFO: [ app_end ] --START--
INFO: Run Behavior\ShowPageTraceBehavior [ RunTime:0.000499s ]
INFO: [ app_end ] --END-- [ RunTime:0.000630s ]

[ 2017-06-20T21:59:39+08:00 ] 127.0.0.1 /index.php/Admin/Goods/lst.html
INFO: [ app_init ] --START--
INFO: Run Behavior\BuildLiteBehavior [ RunTime:0.000044s ]
INFO: [ app_init ] --END-- [ RunTime:0.000738s ]
INFO: [ app_begin ] --START--
INFO: Run Behavior\ReadHtmlCacheBehavior [ RunTime:0.000802s ]
INFO: [ app_begin ] --END-- [ RunTime:0.001063s ]
SQL: SHOW COLUMNS FROM `mall_attribute` [ RunTime:0.0012s ]
SQL: SHOW COLUMNS FROM `mall_type` [ RunTime:0.0007s ]
SQL: SHOW COLUMNS FROM `mall_category` [ RunTime:0.0016s ]
SQL: SHOW COLUMNS FROM `mall_goods` [ RunTime:0.0008s ]
NOTIC: [2] Missing argument 1 for I(), called in D:\rootwww\shop\Application\Admin\Controller\GoodsController.class.php on line 50 and defined D:\rootwww\shop\ThinkPHP\Common\functions.php 第 271 行.
NOTIC: [8] Undefined variable: name D:\rootwww\shop\ThinkPHP\Common\functions.php 第 273 行.
NOTIC: [8] Undefined variable: name D:\rootwww\shop\ThinkPHP\Common\functions.php 第 278 行.
NOTIC: [8] Undefined variable: name D:\rootwww\shop\ThinkPHP\Common\functions.php 第 339 行.
SQL: SELECT * FROM `mall_category` WHERE `status` = 1  [ RunTime:0.0004s ]
SQL: SELECT * FROM `mall_goods` WHERE `cate_id` = 4 AND `brand_id` = 0 AND `is_sale` = 1 AND `is_best` = 1 AND `is_delete` = 0  [ RunTime:0.0004s ]
INFO: [ view_parse ] --START--
INFO: [ template_filter ] --START--
INFO: Run Behavior\ContentReplaceBehavior [ RunTime:0.000243s ]
INFO: [ template_filter ] --END-- [ RunTime:0.000431s ]
NOTIC: [8] Undefined variable: val D:\rootwww\shop\Application\Runtime\Cache\Admin\12cf6a5c74297688873998de0720405d.php 第 114 行.
NOTIC: [8] Use of undefined constant id - assumed 'id' D:\rootwww\shop\Application\Runtime\Cache\Admin\12cf6a5c74297688873998de0720405d.php 第 115 行.
NOTIC: [8] Use of undefined constant id - assumed 'id' D:\rootwww\shop\Application\Runtime\Cache\Admin\12cf6a5c74297688873998de0720405d.php 第 117 行.
NOTIC: [8] Undefined variable: showPage D:\rootwww\shop\Application\Runtime\Cache\Admin\12cf6a5c74297688873998de0720405d.php 第 128 行.
INFO: Run Behavior\ParseTemplateBehavior [ RunTime:0.014211s ]
INFO: [ view_parse ] --END-- [ RunTime:0.014338s ]
INFO: [ view_filter ] --START--
INFO: Run Behavior\WriteHtmlCacheBehavior [ RunTime:0.000275s ]
INFO: [ view_filter ] --END-- [ RunTime:0.000399s ]
INFO: [ app_end ] --START--
INFO: Run Behavior\ShowPageTraceBehavior [ RunTime:0.000538s ]
INFO: [ app_end ] --END-- [ RunTime:0.000674s ]

[ 2017-06-20T21:59:40+08:00 ] 127.0.0.1 /index.php/Admin/Goods/lst.html
INFO: [ app_init ] --START--
INFO: Run Behavior\BuildLiteBehavior [ RunTime:0.000046s ]
INFO: [ app_init ] --END-- [ RunTime:0.000676s ]
INFO: [ app_begin ] --START--
INFO: Run Behavior\ReadHtmlCacheBehavior [ RunTime:0.000905s ]
INFO: [ app_begin ] --END-- [ RunTime:0.001105s ]
SQL: SHOW COLUMNS FROM `mall_attribute` [ RunTime:0.0007s ]
SQL: SHOW COLUMNS FROM `mall_type` [ RunTime:0.0006s ]
SQL: SHOW COLUMNS FROM `mall_category` [ RunTime:0.0006s ]
SQL: SHOW COLUMNS FROM `mall_goods` [ RunTime:0.0008s ]
NOTIC: [2] Missing argument 1 for I(), called in D:\rootwww\shop\Application\Admin\Controller\GoodsController.class.php on line 50 and defined D:\rootwww\shop\ThinkPHP\Common\functions.php 第 271 行.
NOTIC: [8] Undefined variable: name D:\rootwww\shop\ThinkPHP\Common\functions.php 第 273 行.
NOTIC: [8] Undefined variable: name D:\rootwww\shop\ThinkPHP\Common\functions.php 第 278 行.
NOTIC: [8] Undefined variable: name D:\rootwww\shop\ThinkPHP\Common\functions.php 第 339 行.
SQL: SELECT * FROM `mall_category` WHERE `status` = 1  [ RunTime:0.0004s ]
SQL: SELECT * FROM `mall_goods` WHERE `cate_id` = 4 AND `brand_id` = 0 AND `is_sale` = 1 AND `is_best` = 1 AND `is_delete` = 0  [ RunTime:0.0004s ]
INFO: [ view_parse ] --START--
INFO: [ template_filter ] --START--
INFO: Run Behavior\ContentReplaceBehavior [ RunTime:0.000152s ]
INFO: [ template_filter ] --END-- [ RunTime:0.000288s ]
NOTIC: [8] Undefined variable: val D:\rootwww\shop\Application\Runtime\Cache\Admin\12cf6a5c74297688873998de0720405d.php 第 114 行.
NOTIC: [8] Use of undefined constant id - assumed 'id' D:\rootwww\shop\Application\Runtime\Cache\Admin\12cf6a5c74297688873998de0720405d.php 第 115 行.
NOTIC: [8] Use of undefined constant id - assumed 'id' D:\rootwww\shop\Application\Runtime\Cache\Admin\12cf6a5c74297688873998de0720405d.php 第 117 行.
NOTIC: [8] Undefined variable: showPage D:\rootwww\shop\Application\Runtime\Cache\Admin\12cf6a5c74297688873998de0720405d.php 第 128 行.
INFO: Run Behavior\ParseTemplateBehavior [ RunTime:0.014967s ]
INFO: [ view_parse ] --END-- [ RunTime:0.015096s ]
INFO: [ view_filter ] --START--
INFO: Run Behavior\WriteHtmlCacheBehavior [ RunTime:0.000326s ]
INFO: [ view_filter ] --END-- [ RunTime:0.000439s ]
INFO: [ app_end ] --START--
INFO: Run Behavior\ShowPageTraceBehavior [ RunTime:0.000526s ]
INFO: [ app_end ] --END-- [ RunTime:0.000657s ]

[ 2017-06-20T21:59:43+08:00 ] 127.0.0.1 /index.php/Admin/goods/lst.html
INFO: [ app_init ] --START--
INFO: Run Behavior\BuildLiteBehavior [ RunTime:0.000033s ]
INFO: [ app_init ] --END-- [ RunTime:0.000754s ]
INFO: [ app_begin ] --START--
INFO: Run Behavior\ReadHtmlCacheBehavior [ RunTime:0.001254s ]
INFO: [ app_begin ] --END-- [ RunTime:0.001604s ]
SQL: SHOW COLUMNS FROM `mall_attribute` [ RunTime:0.0013s ]
SQL: SHOW COLUMNS FROM `mall_type` [ RunTime:0.0009s ]
SQL: SHOW COLUMNS FROM `mall_category` [ RunTime:0.0009s ]
SQL: SHOW COLUMNS FROM `mall_goods` [ RunTime:0.0010s ]
SQL: SELECT * FROM `mall_category` WHERE `status` = 1  [ RunTime:0.0004s ]
SQL: SELECT * FROM `mall_goods` WHERE `is_delete` = 0  [ RunTime:0.0004s ]
INFO: [ view_parse ] --START--
INFO: [ template_filter ] --START--
INFO: Run Behavior\ContentReplaceBehavior [ RunTime:0.000154s ]
INFO: [ template_filter ] --END-- [ RunTime:0.000292s ]
NOTIC: [8] Undefined variable: val D:\rootwww\shop\Application\Runtime\Cache\Admin\12cf6a5c74297688873998de0720405d.php 第 114 行.
NOTIC: [8] Use of undefined constant id - assumed 'id' D:\rootwww\shop\Application\Runtime\Cache\Admin\12cf6a5c74297688873998de0720405d.php 第 115 行.
NOTIC: [8] Use of undefined constant id - assumed 'id' D:\rootwww\shop\Application\Runtime\Cache\Admin\12cf6a5c74297688873998de0720405d.php 第 117 行.
NOTIC: [8] Undefined variable: val D:\rootwww\shop\Application\Runtime\Cache\Admin\12cf6a5c74297688873998de0720405d.php 第 114 行.
NOTIC: [8] Use of undefined constant id - assumed 'id' D:\rootwww\shop\Application\Runtime\Cache\Admin\12cf6a5c74297688873998de0720405d.php 第 115 行.
NOTIC: [8] Use of undefined constant id - assumed 'id' D:\rootwww\shop\Application\Runtime\Cache\Admin\12cf6a5c74297688873998de0720405d.php 第 117 行.
NOTIC: [8] Undefined variable: showPage D:\rootwww\shop\Application\Runtime\Cache\Admin\12cf6a5c74297688873998de0720405d.php 第 128 行.
INFO: Run Behavior\ParseTemplateBehavior [ RunTime:0.015804s ]
INFO: [ view_parse ] --END-- [ RunTime:0.015941s ]
INFO: [ view_filter ] --START--
INFO: Run Behavior\WriteHtmlCacheBehavior [ RunTime:0.000281s ]
INFO: [ view_filter ] --END-- [ RunTime:0.000393s ]
INFO: [ app_end ] --START--
INFO: Run Behavior\ShowPageTraceBehavior [ RunTime:0.000584s ]
INFO: [ app_end ] --END-- [ RunTime:0.000738s ]

[ 2017-06-20T21:59:45+08:00 ] 127.0.0.1 /index.php/Admin/Goods/lst.html
INFO: [ app_init ] --START--
INFO: Run Behavior\BuildLiteBehavior [ RunTime:0.000048s ]
INFO: [ app_init ] --END-- [ RunTime:0.000794s ]
INFO: [ app_begin ] --START--
INFO: Run Behavior\ReadHtmlCacheBehavior [ RunTime:0.000594s ]
INFO: [ app_begin ] --END-- [ RunTime:0.000768s ]
SQL: SHOW COLUMNS FROM `mall_attribute` [ RunTime:0.0007s ]
SQL: SHOW COLUMNS FROM `mall_type` [ RunTime:0.0008s ]
SQL: SHOW COLUMNS FROM `mall_category` [ RunTime:0.0009s ]
SQL: SHOW COLUMNS FROM `mall_goods` [ RunTime:0.0009s ]
NOTIC: [2] Missing argument 1 for I(), called in D:\rootwww\shop\Application\Admin\Controller\GoodsController.class.php on line 50 and defined D:\rootwww\shop\ThinkPHP\Common\functions.php 第 271 行.
NOTIC: [8] Undefined variable: name D:\rootwww\shop\ThinkPHP\Common\functions.php 第 273 行.
NOTIC: [8] Undefined variable: name D:\rootwww\shop\ThinkPHP\Common\functions.php 第 278 行.
NOTIC: [8] Undefined variable: name D:\rootwww\shop\ThinkPHP\Common\functions.php 第 339 行.
SQL: SELECT * FROM `mall_category` WHERE `status` = 1  [ RunTime:0.0005s ]
NOTIC: [2] Invalid argument supplied for foreach() D:\rootwww\shop\ThinkPHP\Library\Think\Db\Driver.class.php 第 504 行.
ERR: 1064:You have an error in your SQL syntax; check the manual that corresponds to your MySQL server version for the right syntax to use near ') AND `is_delete` = 0' at line 1
 [ SQL语句 ] : SELECT * FROM `mall_goods` WHERE `cate_id` = 0 AND `brand_id` = 0 AND `is_sale` = 0 AND (  ) AND `is_delete` = 0 
ERR: 1064:You have an error in your SQL syntax; check the manual that corresponds to your MySQL server version for the right syntax to use near ') AND `is_delete` = 0' at line 1
 [ SQL语句 ] : SELECT * FROM `mall_goods` WHERE `cate_id` = 0 AND `brand_id` = 0 AND `is_sale` = 0 AND (  ) AND `is_delete` = 0 

[ 2017-06-20T22:00:17+08:00 ] 127.0.0.1 /index.php/Admin/Goods/lst.html
INFO: [ app_init ] --START--
INFO: Run Behavior\BuildLiteBehavior [ RunTime:0.000048s ]
INFO: [ app_init ] --END-- [ RunTime:0.000925s ]
INFO: [ app_begin ] --START--
INFO: Run Behavior\ReadHtmlCacheBehavior [ RunTime:0.000806s ]
INFO: [ app_begin ] --END-- [ RunTime:0.001083s ]
SQL: SHOW COLUMNS FROM `mall_attribute` [ RunTime:0.0009s ]
SQL: SHOW COLUMNS FROM `mall_type` [ RunTime:0.0009s ]
SQL: SHOW COLUMNS FROM `mall_category` [ RunTime:0.0010s ]
SQL: SHOW COLUMNS FROM `mall_goods` [ RunTime:0.0015s ]
NOTIC: [2] Missing argument 1 for I(), called in D:\rootwww\shop\Application\Admin\Controller\GoodsController.class.php on line 50 and defined D:\rootwww\shop\ThinkPHP\Common\functions.php 第 271 行.
NOTIC: [8] Undefined variable: name D:\rootwww\shop\ThinkPHP\Common\functions.php 第 273 行.
NOTIC: [8] Undefined variable: name D:\rootwww\shop\ThinkPHP\Common\functions.php 第 278 行.
NOTIC: [8] Undefined variable: name D:\rootwww\shop\ThinkPHP\Common\functions.php 第 339 行.
SQL: SELECT * FROM `mall_category` WHERE `status` = 1  [ RunTime:0.0006s ]
NOTIC: [2] Invalid argument supplied for foreach() D:\rootwww\shop\ThinkPHP\Library\Think\Db\Driver.class.php 第 504 行.
ERR: 1064:You have an error in your SQL syntax; check the manual that corresponds to your MySQL server version for the right syntax to use near ') AND `is_delete` = 0' at line 1
 [ SQL语句 ] : SELECT * FROM `mall_goods` WHERE `cate_id` = 0 AND `brand_id` = 0 AND `is_sale` = 0 AND (  ) AND `is_delete` = 0 
ERR: 1064:You have an error in your SQL syntax; check the manual that corresponds to your MySQL server version for the right syntax to use near ') AND `is_delete` = 0' at line 1
 [ SQL语句 ] : SELECT * FROM `mall_goods` WHERE `cate_id` = 0 AND `brand_id` = 0 AND `is_sale` = 0 AND (  ) AND `is_delete` = 0 

[ 2017-06-20T22:01:26+08:00 ] 127.0.0.1 /index.php/Admin/Goods/lst.html
INFO: [ app_init ] --START--
INFO: Run Behavior\BuildLiteBehavior [ RunTime:0.000048s ]
INFO: [ app_init ] --END-- [ RunTime:0.000888s ]
INFO: [ app_begin ] --START--
INFO: Run Behavior\ReadHtmlCacheBehavior [ RunTime:0.000704s ]
INFO: [ app_begin ] --END-- [ RunTime:0.000966s ]
SQL: SHOW COLUMNS FROM `mall_attribute` [ RunTime:0.0008s ]
SQL: SHOW COLUMNS FROM `mall_type` [ RunTime:0.0007s ]
SQL: SHOW COLUMNS FROM `mall_category` [ RunTime:0.0011s ]
SQL: SHOW COLUMNS FROM `mall_goods` [ RunTime:0.0008s ]
NOTIC: [2] Missing argument 1 for I(), called in D:\rootwww\shop\Application\Admin\Controller\GoodsController.class.php on line 50 and defined D:\rootwww\shop\ThinkPHP\Common\functions.php 第 271 行.
NOTIC: [8] Undefined variable: name D:\rootwww\shop\ThinkPHP\Common\functions.php 第 273 行.
NOTIC: [8] Undefined variable: name D:\rootwww\shop\ThinkPHP\Common\functions.php 第 278 行.
NOTIC: [8] Undefined variable: name D:\rootwww\shop\ThinkPHP\Common\functions.php 第 339 行.

[ 2017-06-20T22:04:09+08:00 ] 127.0.0.1 /index.php/Admin/Goods/lst.html
INFO: [ app_init ] --START--
INFO: Run Behavior\BuildLiteBehavior [ RunTime:0.000029s ]
INFO: [ app_init ] --END-- [ RunTime:0.000532s ]
INFO: [ app_begin ] --START--
INFO: Run Behavior\ReadHtmlCacheBehavior [ RunTime:0.000587s ]
INFO: [ app_begin ] --END-- [ RunTime:0.000747s ]
SQL: SHOW COLUMNS FROM `mall_attribute` [ RunTime:0.0007s ]
SQL: SHOW COLUMNS FROM `mall_type` [ RunTime:0.0008s ]
SQL: SHOW COLUMNS FROM `mall_category` [ RunTime:0.0011s ]
SQL: SHOW COLUMNS FROM `mall_goods` [ RunTime:0.0010s ]
NOTIC: [2] Missing argument 1 for I(), called in D:\rootwww\shop\Application\Admin\Controller\GoodsController.class.php on line 50 and defined D:\rootwww\shop\ThinkPHP\Common\functions.php 第 271 行.
NOTIC: [8] Undefined variable: name D:\rootwww\shop\ThinkPHP\Common\functions.php 第 273 行.
NOTIC: [8] Undefined variable: name D:\rootwww\shop\ThinkPHP\Common\functions.php 第 278 行.
NOTIC: [8] Undefined variable: name D:\rootwww\shop\ThinkPHP\Common\functions.php 第 339 行.
SQL: SELECT * FROM `mall_category` WHERE `status` = 1  [ RunTime:0.0005s ]
NOTIC: [2] Invalid argument supplied for foreach() D:\rootwww\shop\ThinkPHP\Library\Think\Db\Driver.class.php 第 504 行.
ERR: 1064:You have an error in your SQL syntax; check the manual that corresponds to your MySQL server version for the right syntax to use near ') AND `is_delete` = 0' at line 1
 [ SQL语句 ] : SELECT * FROM `mall_goods` WHERE `cate_id` = 0 AND `brand_id` = 0 AND `is_sale` = 0 AND (  ) AND `is_delete` = 0 
ERR: 1064:You have an error in your SQL syntax; check the manual that corresponds to your MySQL server version for the right syntax to use near ') AND `is_delete` = 0' at line 1
 [ SQL语句 ] : SELECT * FROM `mall_goods` WHERE `cate_id` = 0 AND `brand_id` = 0 AND `is_sale` = 0 AND (  ) AND `is_delete` = 0 

