[ 2017-06-17T17:48:55+08:00 ] 127.0.0.1 /admin
INFO: [ app_init ] --START--
INFO: Run Behavior\BuildLiteBehavior [ RunTime:0.000049s ]
INFO: [ app_init ] --END-- [ RunTime:0.001142s ]
INFO: [ app_begin ] --START--
INFO: Run Behavior\ReadHtmlCacheBehavior [ RunTime:0.001763s ]
INFO: [ app_begin ] --END-- [ RunTime:0.002009s ]
INFO: [ view_parse ] --START--
INFO: [ template_filter ] --START--
INFO: Run Behavior\ContentReplaceBehavior [ RunTime:0.000611s ]
INFO: [ template_filter ] --END-- [ RunTime:0.001093s ]
INFO: Run Behavior\ParseTemplateBehavior [ RunTime:0.015173s ]
INFO: [ view_parse ] --END-- [ RunTime:0.015364s ]
INFO: [ view_filter ] --START--
INFO: Run Behavior\WriteHtmlCacheBehavior [ RunTime:0.001073s ]
INFO: [ view_filter ] --END-- [ RunTime:0.001241s ]
INFO: [ app_end ] --START--
INFO: Run Behavior\ShowPageTraceBehavior [ RunTime:0.000954s ]
INFO: [ app_end ] --END-- [ RunTime:0.001082s ]

[ 2017-06-17T17:48:55+08:00 ] 127.0.0.1 /index.php/Admin/Index/top.html
INFO: [ app_init ] --START--
INFO: Run Behavior\BuildLiteBehavior [ RunTime:0.000050s ]
INFO: [ app_init ] --END-- [ RunTime:0.000832s ]
INFO: [ app_begin ] --START--
INFO: Run Behavior\ReadHtmlCacheBehavior [ RunTime:0.001065s ]
INFO: [ app_begin ] --END-- [ RunTime:0.001334s ]
INFO: [ view_parse ] --START--
INFO: [ template_filter ] --START--
INFO: Run Behavior\ContentReplaceBehavior [ RunTime:0.000195s ]
INFO: [ template_filter ] --END-- [ RunTime:0.000454s ]
INFO: Run Behavior\ParseTemplateBehavior [ RunTime:0.014875s ]
INFO: [ view_parse ] --END-- [ RunTime:0.015124s ]
INFO: [ view_filter ] --START--
INFO: Run Behavior\WriteHtmlCacheBehavior [ RunTime:0.000604s ]
INFO: [ view_filter ] --END-- [ RunTime:0.000809s ]
INFO: [ app_end ] --START--
INFO: Run Behavior\ShowPageTraceBehavior [ RunTime:0.000959s ]
INFO: [ app_end ] --END-- [ RunTime:0.001182s ]

[ 2017-06-17T17:48:55+08:00 ] 127.0.0.1 /index.php/Admin/Index/menu.html
INFO: [ app_init ] --START--
INFO: Run Behavior\BuildLiteBehavior [ RunTime:0.000050s ]
INFO: [ app_init ] --END-- [ RunTime:0.000828s ]
INFO: [ app_begin ] --START--
INFO: Run Behavior\ReadHtmlCacheBehavior [ RunTime:0.001138s ]
INFO: [ app_begin ] --END-- [ RunTime:0.001506s ]
INFO: [ view_parse ] --START--
INFO: [ template_filter ] --START--
INFO: Run Behavior\ContentReplaceBehavior [ RunTime:0.000936s ]
INFO: [ template_filter ] --END-- [ RunTime:0.001824s ]
INFO: Run Behavior\ParseTemplateBehavior [ RunTime:0.019315s ]
INFO: [ view_parse ] --END-- [ RunTime:0.019553s ]
INFO: [ view_filter ] --START--
INFO: Run Behavior\WriteHtmlCacheBehavior [ RunTime:0.001425s ]
INFO: [ view_filter ] --END-- [ RunTime:0.001710s ]
INFO: [ app_end ] --START--
INFO: Run Behavior\ShowPageTraceBehavior [ RunTime:0.001152s ]
INFO: [ app_end ] --END-- [ RunTime:0.001428s ]

[ 2017-06-17T17:48:55+08:00 ] 127.0.0.1 /index.php/Admin/Index/main.html
INFO: [ app_init ] --START--
INFO: Run Behavior\BuildLiteBehavior [ RunTime:0.000046s ]
INFO: [ app_init ] --END-- [ RunTime:0.001275s ]
INFO: [ app_begin ] --START--
INFO: Run Behavior\ReadHtmlCacheBehavior [ RunTime:0.001192s ]
INFO: [ app_begin ] --END-- [ RunTime:0.001411s ]
INFO: [ view_parse ] --START--
INFO: [ template_filter ] --START--
INFO: Run Behavior\ContentReplaceBehavior [ RunTime:0.000319s ]
INFO: [ template_filter ] --END-- [ RunTime:0.000636s ]
INFO: Run Behavior\ParseTemplateBehavior [ RunTime:0.023828s ]
INFO: [ view_parse ] --END-- [ RunTime:0.024278s ]
INFO: [ view_filter ] --START--
INFO: Run Behavior\WriteHtmlCacheBehavior [ RunTime:0.000718s ]
INFO: [ view_filter ] --END-- [ RunTime:0.000942s ]
INFO: [ app_end ] --START--
INFO: Run Behavior\ShowPageTraceBehavior [ RunTime:0.001231s ]
INFO: [ app_end ] --END-- [ RunTime:0.001463s ]

[ 2017-06-17T17:48:58+08:00 ] 127.0.0.1 /index.php/Admin/category/lst.html
INFO: [ app_init ] --START--
INFO: Run Behavior\BuildLiteBehavior [ RunTime:0.000027s ]
INFO: [ app_init ] --END-- [ RunTime:0.000472s ]
INFO: [ app_begin ] --START--
INFO: Run Behavior\ReadHtmlCacheBehavior [ RunTime:0.000576s ]
INFO: [ app_begin ] --END-- [ RunTime:0.000703s ]
SQL: SHOW COLUMNS FROM `mall_attribute` [ RunTime:0.0131s ]
SQL: SHOW COLUMNS FROM `mall_type` [ RunTime:0.0027s ]
SQL: SHOW COLUMNS FROM `mall_category` [ RunTime:0.0013s ]
SQL: SHOW COLUMNS FROM `mall_goods` [ RunTime:0.0012s ]
SQL: SELECT * FROM `mall_category` WHERE `status` = 1  [ RunTime:0.0021s ]
INFO: [ view_parse ] --START--
INFO: [ template_filter ] --START--
INFO: Run Behavior\ContentReplaceBehavior [ RunTime:0.000196s ]
INFO: [ template_filter ] --END-- [ RunTime:0.000618s ]
NOTIC: [8] Use of undefined constant nav_show - assumed 'nav_show' D:\rootwww\shop\Application\Runtime\Cache\Admin\395c0ba78bddab9d6617dcec0f2fd9a9.php 第 38 行.
NOTIC: [8] Use of undefined constant is_show - assumed 'is_show' D:\rootwww\shop\Application\Runtime\Cache\Admin\395c0ba78bddab9d6617dcec0f2fd9a9.php 第 41 行.
NOTIC: [8] Use of undefined constant id - assumed 'id' D:\rootwww\shop\Application\Runtime\Cache\Admin\395c0ba78bddab9d6617dcec0f2fd9a9.php 第 45 行.
NOTIC: [8] Use of undefined constant id - assumed 'id' D:\rootwww\shop\Application\Runtime\Cache\Admin\395c0ba78bddab9d6617dcec0f2fd9a9.php 第 46 行.
NOTIC: [8] Use of undefined constant nav_show - assumed 'nav_show' D:\rootwww\shop\Application\Runtime\Cache\Admin\395c0ba78bddab9d6617dcec0f2fd9a9.php 第 38 行.
NOTIC: [8] Use of undefined constant is_show - assumed 'is_show' D:\rootwww\shop\Application\Runtime\Cache\Admin\395c0ba78bddab9d6617dcec0f2fd9a9.php 第 41 行.
NOTIC: [8] Use of undefined constant id - assumed 'id' D:\rootwww\shop\Application\Runtime\Cache\Admin\395c0ba78bddab9d6617dcec0f2fd9a9.php 第 45 行.
NOTIC: [8] Use of undefined constant id - assumed 'id' D:\rootwww\shop\Application\Runtime\Cache\Admin\395c0ba78bddab9d6617dcec0f2fd9a9.php 第 46 行.
NOTIC: [8] Use of undefined constant nav_show - assumed 'nav_show' D:\rootwww\shop\Application\Runtime\Cache\Admin\395c0ba78bddab9d6617dcec0f2fd9a9.php 第 38 行.
NOTIC: [8] Use of undefined constant is_show - assumed 'is_show' D:\rootwww\shop\Application\Runtime\Cache\Admin\395c0ba78bddab9d6617dcec0f2fd9a9.php 第 41 行.
NOTIC: [8] Use of undefined constant id - assumed 'id' D:\rootwww\shop\Application\Runtime\Cache\Admin\395c0ba78bddab9d6617dcec0f2fd9a9.php 第 45 行.
NOTIC: [8] Use of undefined constant id - assumed 'id' D:\rootwww\shop\Application\Runtime\Cache\Admin\395c0ba78bddab9d6617dcec0f2fd9a9.php 第 46 行.
NOTIC: [8] Use of undefined constant nav_show - assumed 'nav_show' D:\rootwww\shop\Application\Runtime\Cache\Admin\395c0ba78bddab9d6617dcec0f2fd9a9.php 第 38 行.
NOTIC: [8] Use of undefined constant is_show - assumed 'is_show' D:\rootwww\shop\Application\Runtime\Cache\Admin\395c0ba78bddab9d6617dcec0f2fd9a9.php 第 41 行.
NOTIC: [8] Use of undefined constant id - assumed 'id' D:\rootwww\shop\Application\Runtime\Cache\Admin\395c0ba78bddab9d6617dcec0f2fd9a9.php 第 45 行.
NOTIC: [8] Use of undefined constant id - assumed 'id' D:\rootwww\shop\Application\Runtime\Cache\Admin\395c0ba78bddab9d6617dcec0f2fd9a9.php 第 46 行.
NOTIC: [8] Use of undefined constant nav_show - assumed 'nav_show' D:\rootwww\shop\Application\Runtime\Cache\Admin\395c0ba78bddab9d6617dcec0f2fd9a9.php 第 38 行.
NOTIC: [8] Use of undefined constant is_show - assumed 'is_show' D:\rootwww\shop\Application\Runtime\Cache\Admin\395c0ba78bddab9d6617dcec0f2fd9a9.php 第 41 行.
NOTIC: [8] Use of undefined constant id - assumed 'id' D:\rootwww\shop\Application\Runtime\Cache\Admin\395c0ba78bddab9d6617dcec0f2fd9a9.php 第 45 行.
NOTIC: [8] Use of undefined constant id - assumed 'id' D:\rootwww\shop\Application\Runtime\Cache\Admin\395c0ba78bddab9d6617dcec0f2fd9a9.php 第 46 行.
NOTIC: [8] Use of undefined constant nav_show - assumed 'nav_show' D:\rootwww\shop\Application\Runtime\Cache\Admin\395c0ba78bddab9d6617dcec0f2fd9a9.php 第 38 行.
NOTIC: [8] Use of undefined constant is_show - assumed 'is_show' D:\rootwww\shop\Application\Runtime\Cache\Admin\395c0ba78bddab9d6617dcec0f2fd9a9.php 第 41 行.
NOTIC: [8] Use of undefined constant id - assumed 'id' D:\rootwww\shop\Application\Runtime\Cache\Admin\395c0ba78bddab9d6617dcec0f2fd9a9.php 第 45 行.
NOTIC: [8] Use of undefined constant id - assumed 'id' D:\rootwww\shop\Application\Runtime\Cache\Admin\395c0ba78bddab9d6617dcec0f2fd9a9.php 第 46 行.
NOTIC: [8] Use of undefined constant nav_show - assumed 'nav_show' D:\rootwww\shop\Application\Runtime\Cache\Admin\395c0ba78bddab9d6617dcec0f2fd9a9.php 第 38 行.
NOTIC: [8] Use of undefined constant is_show - assumed 'is_show' D:\rootwww\shop\Application\Runtime\Cache\Admin\395c0ba78bddab9d6617dcec0f2fd9a9.php 第 41 行.
NOTIC: [8] Use of undefined constant id - assumed 'id' D:\rootwww\shop\Application\Runtime\Cache\Admin\395c0ba78bddab9d6617dcec0f2fd9a9.php 第 45 行.
NOTIC: [8] Use of undefined constant id - assumed 'id' D:\rootwww\shop\Application\Runtime\Cache\Admin\395c0ba78bddab9d6617dcec0f2fd9a9.php 第 46 行.
NOTIC: [8] Use of undefined constant nav_show - assumed 'nav_show' D:\rootwww\shop\Application\Runtime\Cache\Admin\395c0ba78bddab9d6617dcec0f2fd9a9.php 第 38 行.
NOTIC: [8] Use of undefined constant is_show - assumed 'is_show' D:\rootwww\shop\Application\Runtime\Cache\Admin\395c0ba78bddab9d6617dcec0f2fd9a9.php 第 41 行.
NOTIC: [8] Use of undefined constant id - assumed 'id' D:\rootwww\shop\Application\Runtime\Cache\Admin\395c0ba78bddab9d6617dcec0f2fd9a9.php 第 45 行.
NOTIC: [8] Use of undefined constant id - assumed 'id' D:\rootwww\shop\Application\Runtime\Cache\Admin\395c0ba78bddab9d6617dcec0f2fd9a9.php 第 46 行.
NOTIC: [8] Use of undefined constant nav_show - assumed 'nav_show' D:\rootwww\shop\Application\Runtime\Cache\Admin\395c0ba78bddab9d6617dcec0f2fd9a9.php 第 38 行.
NOTIC: [8] Use of undefined constant is_show - assumed 'is_show' D:\rootwww\shop\Application\Runtime\Cache\Admin\395c0ba78bddab9d6617dcec0f2fd9a9.php 第 41 行.
NOTIC: [8] Use of undefined constant id - assumed 'id' D:\rootwww\shop\Application\Runtime\Cache\Admin\395c0ba78bddab9d6617dcec0f2fd9a9.php 第 45 行.
NOTIC: [8] Use of undefined constant id - assumed 'id' D:\rootwww\shop\Application\Runtime\Cache\Admin\395c0ba78bddab9d6617dcec0f2fd9a9.php 第 46 行.
NOTIC: [8] Use of undefined constant nav_show - assumed 'nav_show' D:\rootwww\shop\Application\Runtime\Cache\Admin\395c0ba78bddab9d6617dcec0f2fd9a9.php 第 38 行.
NOTIC: [8] Use of undefined constant is_show - assumed 'is_show' D:\rootwww\shop\Application\Runtime\Cache\Admin\395c0ba78bddab9d6617dcec0f2fd9a9.php 第 41 行.
NOTIC: [8] Use of undefined constant id - assumed 'id' D:\rootwww\shop\Application\Runtime\Cache\Admin\395c0ba78bddab9d6617dcec0f2fd9a9.php 第 45 行.
NOTIC: [8] Use of undefined constant id - assumed 'id' D:\rootwww\shop\Application\Runtime\Cache\Admin\395c0ba78bddab9d6617dcec0f2fd9a9.php 第 46 行.
INFO: Run Behavior\ParseTemplateBehavior [ RunTime:0.021379s ]
INFO: [ view_parse ] --END-- [ RunTime:0.021530s ]
INFO: [ view_filter ] --START--
INFO: Run Behavior\WriteHtmlCacheBehavior [ RunTime:0.000510s ]
INFO: [ view_filter ] --END-- [ RunTime:0.000664s ]
INFO: [ app_end ] --START--
INFO: Run Behavior\ShowPageTraceBehavior [ RunTime:0.001002s ]
INFO: [ app_end ] --END-- [ RunTime:0.001218s ]

[ 2017-06-17T17:49:02+08:00 ] 127.0.0.1 /index.php/Admin/Category/edit/id/6.html
INFO: [ app_init ] --START--
INFO: Run Behavior\BuildLiteBehavior [ RunTime:0.000029s ]
INFO: [ app_init ] --END-- [ RunTime:0.000517s ]
INFO: [ app_begin ] --START--
INFO: Run Behavior\ReadHtmlCacheBehavior [ RunTime:0.000798s ]
INFO: [ app_begin ] --END-- [ RunTime:0.001007s ]
SQL: SHOW COLUMNS FROM `mall_attribute` [ RunTime:0.0029s ]
SQL: SHOW COLUMNS FROM `mall_type` [ RunTime:0.0009s ]
SQL: SHOW COLUMNS FROM `mall_category` [ RunTime:0.0016s ]
SQL: SHOW COLUMNS FROM `mall_goods` [ RunTime:0.0015s ]
SQL: SELECT * FROM `mall_category` WHERE `id` = 6 LIMIT 1   [ RunTime:0.0014s ]
SQL: SELECT * FROM `mall_category` WHERE `status` = 1  [ RunTime:0.0004s ]
INFO: [ view_parse ] --START--
INFO: [ template_filter ] --START--
INFO: Run Behavior\ContentReplaceBehavior [ RunTime:0.000195s ]
INFO: [ template_filter ] --END-- [ RunTime:0.000409s ]
NOTIC: [8] Use of undefined constant id - assumed 'id' D:\rootwww\shop\Application\Runtime\Cache\Admin\dfed54471f23c5cc0f29d10cfac5ae98.php 第 38 行.
NOTIC: [8] Use of undefined constant pid - assumed 'pid' D:\rootwww\shop\Application\Runtime\Cache\Admin\dfed54471f23c5cc0f29d10cfac5ae98.php 第 38 行.
NOTIC: [8] Use of undefined constant id - assumed 'id' D:\rootwww\shop\Application\Runtime\Cache\Admin\dfed54471f23c5cc0f29d10cfac5ae98.php 第 38 行.
NOTIC: [8] Use of undefined constant pid - assumed 'pid' D:\rootwww\shop\Application\Runtime\Cache\Admin\dfed54471f23c5cc0f29d10cfac5ae98.php 第 38 行.
NOTIC: [8] Use of undefined constant id - assumed 'id' D:\rootwww\shop\Application\Runtime\Cache\Admin\dfed54471f23c5cc0f29d10cfac5ae98.php 第 38 行.
NOTIC: [8] Use of undefined constant pid - assumed 'pid' D:\rootwww\shop\Application\Runtime\Cache\Admin\dfed54471f23c5cc0f29d10cfac5ae98.php 第 38 行.
NOTIC: [8] Use of undefined constant id - assumed 'id' D:\rootwww\shop\Application\Runtime\Cache\Admin\dfed54471f23c5cc0f29d10cfac5ae98.php 第 38 行.
NOTIC: [8] Use of undefined constant pid - assumed 'pid' D:\rootwww\shop\Application\Runtime\Cache\Admin\dfed54471f23c5cc0f29d10cfac5ae98.php 第 38 行.
NOTIC: [8] Use of undefined constant id - assumed 'id' D:\rootwww\shop\Application\Runtime\Cache\Admin\dfed54471f23c5cc0f29d10cfac5ae98.php 第 38 行.
NOTIC: [8] Use of undefined constant pid - assumed 'pid' D:\rootwww\shop\Application\Runtime\Cache\Admin\dfed54471f23c5cc0f29d10cfac5ae98.php 第 38 行.
NOTIC: [8] Use of undefined constant id - assumed 'id' D:\rootwww\shop\Application\Runtime\Cache\Admin\dfed54471f23c5cc0f29d10cfac5ae98.php 第 38 行.
NOTIC: [8] Use of undefined constant pid - assumed 'pid' D:\rootwww\shop\Application\Runtime\Cache\Admin\dfed54471f23c5cc0f29d10cfac5ae98.php 第 38 行.
NOTIC: [8] Use of undefined constant id - assumed 'id' D:\rootwww\shop\Application\Runtime\Cache\Admin\dfed54471f23c5cc0f29d10cfac5ae98.php 第 38 行.
NOTIC: [8] Use of undefined constant pid - assumed 'pid' D:\rootwww\shop\Application\Runtime\Cache\Admin\dfed54471f23c5cc0f29d10cfac5ae98.php 第 38 行.
NOTIC: [8] Use of undefined constant id - assumed 'id' D:\rootwww\shop\Application\Runtime\Cache\Admin\dfed54471f23c5cc0f29d10cfac5ae98.php 第 38 行.
NOTIC: [8] Use of undefined constant pid - assumed 'pid' D:\rootwww\shop\Application\Runtime\Cache\Admin\dfed54471f23c5cc0f29d10cfac5ae98.php 第 38 行.
NOTIC: [8] Use of undefined constant id - assumed 'id' D:\rootwww\shop\Application\Runtime\Cache\Admin\dfed54471f23c5cc0f29d10cfac5ae98.php 第 38 行.
NOTIC: [8] Use of undefined constant pid - assumed 'pid' D:\rootwww\shop\Application\Runtime\Cache\Admin\dfed54471f23c5cc0f29d10cfac5ae98.php 第 38 行.
NOTIC: [8] Use of undefined constant id - assumed 'id' D:\rootwww\shop\Application\Runtime\Cache\Admin\dfed54471f23c5cc0f29d10cfac5ae98.php 第 38 行.
NOTIC: [8] Use of undefined constant pid - assumed 'pid' D:\rootwww\shop\Application\Runtime\Cache\Admin\dfed54471f23c5cc0f29d10cfac5ae98.php 第 38 行.
NOTIC: [8] Use of undefined constant cate_sort - assumed 'cate_sort' D:\rootwww\shop\Application\Runtime\Cache\Admin\dfed54471f23c5cc0f29d10cfac5ae98.php 第 46 行.
NOTIC: [8] Use of undefined constant is_show - assumed 'is_show' D:\rootwww\shop\Application\Runtime\Cache\Admin\dfed54471f23c5cc0f29d10cfac5ae98.php 第 53 行.
NOTIC: [8] Use of undefined constant is_show - assumed 'is_show' D:\rootwww\shop\Application\Runtime\Cache\Admin\dfed54471f23c5cc0f29d10cfac5ae98.php 第 56 行.
NOTIC: [8] Use of undefined constant nav_show - assumed 'nav_show' D:\rootwww\shop\Application\Runtime\Cache\Admin\dfed54471f23c5cc0f29d10cfac5ae98.php 第 64 行.
NOTIC: [8] Use of undefined constant nav_show - assumed 'nav_show' D:\rootwww\shop\Application\Runtime\Cache\Admin\dfed54471f23c5cc0f29d10cfac5ae98.php 第 67 行.
INFO: Run Behavior\ParseTemplateBehavior [ RunTime:0.015113s ]
INFO: [ view_parse ] --END-- [ RunTime:0.015260s ]
INFO: [ view_filter ] --START--
INFO: Run Behavior\WriteHtmlCacheBehavior [ RunTime:0.000511s ]
INFO: [ view_filter ] --END-- [ RunTime:0.000629s ]
INFO: [ app_end ] --START--
INFO: Run Behavior\ShowPageTraceBehavior [ RunTime:0.000574s ]
INFO: [ app_end ] --END-- [ RunTime:0.000694s ]

[ 2017-06-17T17:49:15+08:00 ] 127.0.0.1 /index.php/Admin/category/edit.html
INFO: [ app_init ] --START--
INFO: Run Behavior\BuildLiteBehavior [ RunTime:0.000027s ]
INFO: [ app_init ] --END-- [ RunTime:0.000467s ]
INFO: [ app_begin ] --START--
INFO: Run Behavior\ReadHtmlCacheBehavior [ RunTime:0.000560s ]
INFO: [ app_begin ] --END-- [ RunTime:0.000687s ]
SQL: SHOW COLUMNS FROM `mall_attribute` [ RunTime:0.0025s ]
SQL: SHOW COLUMNS FROM `mall_type` [ RunTime:0.0024s ]
SQL: SHOW COLUMNS FROM `mall_category` [ RunTime:0.0026s ]
SQL: SHOW COLUMNS FROM `mall_goods` [ RunTime:0.0057s ]
NOTIC: [2] Missing argument 1 for I(), called in D:\rootwww\shop\Application\Admin\Controller\CategoryController.class.php on line 49 and defined D:\rootwww\shop\ThinkPHP\Common\functions.php 第 271 行.
NOTIC: [8] Undefined variable: name D:\rootwww\shop\ThinkPHP\Common\functions.php 第 273 行.
NOTIC: [8] Undefined variable: name D:\rootwww\shop\ThinkPHP\Common\functions.php 第 278 行.
NOTIC: [8] Undefined variable: name D:\rootwww\shop\ThinkPHP\Common\functions.php 第 339 行.
SQL: SELECT * FROM `mall_category`  [ RunTime:0.0005s ]

[ 2017-06-17T17:49:37+08:00 ] 127.0.0.1 /index.php/Admin/category/edit.html
INFO: [ app_init ] --START--
INFO: Run Behavior\BuildLiteBehavior [ RunTime:0.000027s ]
INFO: [ app_init ] --END-- [ RunTime:0.000503s ]
INFO: [ app_begin ] --START--
INFO: Run Behavior\ReadHtmlCacheBehavior [ RunTime:0.000541s ]
INFO: [ app_begin ] --END-- [ RunTime:0.000669s ]
SQL: SHOW COLUMNS FROM `mall_attribute` [ RunTime:0.0060s ]
SQL: SHOW COLUMNS FROM `mall_type` [ RunTime:0.0009s ]
SQL: SHOW COLUMNS FROM `mall_category` [ RunTime:0.0024s ]
SQL: SHOW COLUMNS FROM `mall_goods` [ RunTime:0.0015s ]
NOTIC: [2] Missing argument 1 for I(), called in D:\rootwww\shop\Application\Admin\Controller\CategoryController.class.php on line 49 and defined D:\rootwww\shop\ThinkPHP\Common\functions.php 第 271 行.
NOTIC: [8] Undefined variable: name D:\rootwww\shop\ThinkPHP\Common\functions.php 第 273 行.
NOTIC: [8] Undefined variable: name D:\rootwww\shop\ThinkPHP\Common\functions.php 第 278 行.
NOTIC: [8] Undefined variable: name D:\rootwww\shop\ThinkPHP\Common\functions.php 第 339 行.
SQL: SELECT * FROM `mall_category`  [ RunTime:0.0005s ]
SQL: UPDATE `mall_category` SET `id`='6',`cate_name`='德芙',`pid`='1',`cate_sort`='11',`is_show`='1',`nav_show`='0',`key_word`='不一样的丝滑' WHERE `id` = 6 [ RunTime:0.0036s ]
INFO: [ app_end ] --START--
INFO: Run Behavior\ShowPageTraceBehavior [ RunTime:0.000743s ]
INFO: [ app_end ] --END-- [ RunTime:0.000887s ]

[ 2017-06-17T17:49:37+08:00 ] 127.0.0.1 /index.php/Admin/Category/lst.html
INFO: [ app_init ] --START--
INFO: Run Behavior\BuildLiteBehavior [ RunTime:0.000028s ]
INFO: [ app_init ] --END-- [ RunTime:0.000497s ]
INFO: [ app_begin ] --START--
INFO: Run Behavior\ReadHtmlCacheBehavior [ RunTime:0.000901s ]
INFO: [ app_begin ] --END-- [ RunTime:0.001129s ]
SQL: SHOW COLUMNS FROM `mall_attribute` [ RunTime:0.0020s ]
SQL: SHOW COLUMNS FROM `mall_type` [ RunTime:0.0008s ]
SQL: SHOW COLUMNS FROM `mall_category` [ RunTime:0.0010s ]
SQL: SHOW COLUMNS FROM `mall_goods` [ RunTime:0.0035s ]
SQL: SELECT * FROM `mall_category` WHERE `status` = 1  [ RunTime:0.0013s ]
INFO: [ view_parse ] --START--
INFO: [ template_filter ] --START--
INFO: Run Behavior\ContentReplaceBehavior [ RunTime:0.000120s ]
INFO: [ template_filter ] --END-- [ RunTime:0.000275s ]
NOTIC: [8] Use of undefined constant nav_show - assumed 'nav_show' D:\rootwww\shop\Application\Runtime\Cache\Admin\395c0ba78bddab9d6617dcec0f2fd9a9.php 第 38 行.
NOTIC: [8] Use of undefined constant is_show - assumed 'is_show' D:\rootwww\shop\Application\Runtime\Cache\Admin\395c0ba78bddab9d6617dcec0f2fd9a9.php 第 41 行.
NOTIC: [8] Use of undefined constant id - assumed 'id' D:\rootwww\shop\Application\Runtime\Cache\Admin\395c0ba78bddab9d6617dcec0f2fd9a9.php 第 45 行.
NOTIC: [8] Use of undefined constant id - assumed 'id' D:\rootwww\shop\Application\Runtime\Cache\Admin\395c0ba78bddab9d6617dcec0f2fd9a9.php 第 46 行.
NOTIC: [8] Use of undefined constant nav_show - assumed 'nav_show' D:\rootwww\shop\Application\Runtime\Cache\Admin\395c0ba78bddab9d6617dcec0f2fd9a9.php 第 38 行.
NOTIC: [8] Use of undefined constant is_show - assumed 'is_show' D:\rootwww\shop\Application\Runtime\Cache\Admin\395c0ba78bddab9d6617dcec0f2fd9a9.php 第 41 行.
NOTIC: [8] Use of undefined constant id - assumed 'id' D:\rootwww\shop\Application\Runtime\Cache\Admin\395c0ba78bddab9d6617dcec0f2fd9a9.php 第 45 行.
NOTIC: [8] Use of undefined constant id - assumed 'id' D:\rootwww\shop\Application\Runtime\Cache\Admin\395c0ba78bddab9d6617dcec0f2fd9a9.php 第 46 行.
NOTIC: [8] Use of undefined constant nav_show - assumed 'nav_show' D:\rootwww\shop\Application\Runtime\Cache\Admin\395c0ba78bddab9d6617dcec0f2fd9a9.php 第 38 行.
NOTIC: [8] Use of undefined constant is_show - assumed 'is_show' D:\rootwww\shop\Application\Runtime\Cache\Admin\395c0ba78bddab9d6617dcec0f2fd9a9.php 第 41 行.
NOTIC: [8] Use of undefined constant id - assumed 'id' D:\rootwww\shop\Application\Runtime\Cache\Admin\395c0ba78bddab9d6617dcec0f2fd9a9.php 第 45 行.
NOTIC: [8] Use of undefined constant id - assumed 'id' D:\rootwww\shop\Application\Runtime\Cache\Admin\395c0ba78bddab9d6617dcec0f2fd9a9.php 第 46 行.
NOTIC: [8] Use of undefined constant nav_show - assumed 'nav_show' D:\rootwww\shop\Application\Runtime\Cache\Admin\395c0ba78bddab9d6617dcec0f2fd9a9.php 第 38 行.
NOTIC: [8] Use of undefined constant is_show - assumed 'is_show' D:\rootwww\shop\Application\Runtime\Cache\Admin\395c0ba78bddab9d6617dcec0f2fd9a9.php 第 41 行.
NOTIC: [8] Use of undefined constant id - assumed 'id' D:\rootwww\shop\Application\Runtime\Cache\Admin\395c0ba78bddab9d6617dcec0f2fd9a9.php 第 45 行.
NOTIC: [8] Use of undefined constant id - assumed 'id' D:\rootwww\shop\Application\Runtime\Cache\Admin\395c0ba78bddab9d6617dcec0f2fd9a9.php 第 46 行.
NOTIC: [8] Use of undefined constant nav_show - assumed 'nav_show' D:\rootwww\shop\Application\Runtime\Cache\Admin\395c0ba78bddab9d6617dcec0f2fd9a9.php 第 38 行.
NOTIC: [8] Use of undefined constant is_show - assumed 'is_show' D:\rootwww\shop\Application\Runtime\Cache\Admin\395c0ba78bddab9d6617dcec0f2fd9a9.php 第 41 行.
NOTIC: [8] Use of undefined constant id - assumed 'id' D:\rootwww\shop\Application\Runtime\Cache\Admin\395c0ba78bddab9d6617dcec0f2fd9a9.php 第 45 行.
NOTIC: [8] Use of undefined constant id - assumed 'id' D:\rootwww\shop\Application\Runtime\Cache\Admin\395c0ba78bddab9d6617dcec0f2fd9a9.php 第 46 行.
NOTIC: [8] Use of undefined constant nav_show - assumed 'nav_show' D:\rootwww\shop\Application\Runtime\Cache\Admin\395c0ba78bddab9d6617dcec0f2fd9a9.php 第 38 行.
NOTIC: [8] Use of undefined constant is_show - assumed 'is_show' D:\rootwww\shop\Application\Runtime\Cache\Admin\395c0ba78bddab9d6617dcec0f2fd9a9.php 第 41 行.
NOTIC: [8] Use of undefined constant id - assumed 'id' D:\rootwww\shop\Application\Runtime\Cache\Admin\395c0ba78bddab9d6617dcec0f2fd9a9.php 第 45 行.
NOTIC: [8] Use of undefined constant id - assumed 'id' D:\rootwww\shop\Application\Runtime\Cache\Admin\395c0ba78bddab9d6617dcec0f2fd9a9.php 第 46 行.
NOTIC: [8] Use of undefined constant nav_show - assumed 'nav_show' D:\rootwww\shop\Application\Runtime\Cache\Admin\395c0ba78bddab9d6617dcec0f2fd9a9.php 第 38 行.
NOTIC: [8] Use of undefined constant is_show - assumed 'is_show' D:\rootwww\shop\Application\Runtime\Cache\Admin\395c0ba78bddab9d6617dcec0f2fd9a9.php 第 41 行.
NOTIC: [8] Use of undefined constant id - assumed 'id' D:\rootwww\shop\Application\Runtime\Cache\Admin\395c0ba78bddab9d6617dcec0f2fd9a9.php 第 45 行.
NOTIC: [8] Use of undefined constant id - assumed 'id' D:\rootwww\shop\Application\Runtime\Cache\Admin\395c0ba78bddab9d6617dcec0f2fd9a9.php 第 46 行.
NOTIC: [8] Use of undefined constant nav_show - assumed 'nav_show' D:\rootwww\shop\Application\Runtime\Cache\Admin\395c0ba78bddab9d6617dcec0f2fd9a9.php 第 38 行.
NOTIC: [8] Use of undefined constant is_show - assumed 'is_show' D:\rootwww\shop\Application\Runtime\Cache\Admin\395c0ba78bddab9d6617dcec0f2fd9a9.php 第 41 行.
NOTIC: [8] Use of undefined constant id - assumed 'id' D:\rootwww\shop\Application\Runtime\Cache\Admin\395c0ba78bddab9d6617dcec0f2fd9a9.php 第 45 行.
NOTIC: [8] Use of undefined constant id - assumed 'id' D:\rootwww\shop\Application\Runtime\Cache\Admin\395c0ba78bddab9d6617dcec0f2fd9a9.php 第 46 行.
NOTIC: [8] Use of undefined constant nav_show - assumed 'nav_show' D:\rootwww\shop\Application\Runtime\Cache\Admin\395c0ba78bddab9d6617dcec0f2fd9a9.php 第 38 行.
NOTIC: [8] Use of undefined constant is_show - assumed 'is_show' D:\rootwww\shop\Application\Runtime\Cache\Admin\395c0ba78bddab9d6617dcec0f2fd9a9.php 第 41 行.
NOTIC: [8] Use of undefined constant id - assumed 'id' D:\rootwww\shop\Application\Runtime\Cache\Admin\395c0ba78bddab9d6617dcec0f2fd9a9.php 第 45 行.
NOTIC: [8] Use of undefined constant id - assumed 'id' D:\rootwww\shop\Application\Runtime\Cache\Admin\395c0ba78bddab9d6617dcec0f2fd9a9.php 第 46 行.
NOTIC: [8] Use of undefined constant nav_show - assumed 'nav_show' D:\rootwww\shop\Application\Runtime\Cache\Admin\395c0ba78bddab9d6617dcec0f2fd9a9.php 第 38 行.
NOTIC: [8] Use of undefined constant is_show - assumed 'is_show' D:\rootwww\shop\Application\Runtime\Cache\Admin\395c0ba78bddab9d6617dcec0f2fd9a9.php 第 41 行.
NOTIC: [8] Use of undefined constant id - assumed 'id' D:\rootwww\shop\Application\Runtime\Cache\Admin\395c0ba78bddab9d6617dcec0f2fd9a9.php 第 45 行.
NOTIC: [8] Use of undefined constant id - assumed 'id' D:\rootwww\shop\Application\Runtime\Cache\Admin\395c0ba78bddab9d6617dcec0f2fd9a9.php 第 46 行.
INFO: Run Behavior\ParseTemplateBehavior [ RunTime:0.020803s ]
INFO: [ view_parse ] --END-- [ RunTime:0.020981s ]
INFO: [ view_filter ] --START--
INFO: Run Behavior\WriteHtmlCacheBehavior [ RunTime:0.000690s ]
INFO: [ view_filter ] --END-- [ RunTime:0.000910s ]
INFO: [ app_end ] --START--
INFO: Run Behavior\ShowPageTraceBehavior [ RunTime:0.001019s ]
INFO: [ app_end ] --END-- [ RunTime:0.001236s ]

[ 2017-06-17T17:49:44+08:00 ] 127.0.0.1 /index.php/Admin/Category/add.html
INFO: [ app_init ] --START--
INFO: Run Behavior\BuildLiteBehavior [ RunTime:0.000028s ]
INFO: [ app_init ] --END-- [ RunTime:0.000482s ]
INFO: [ app_begin ] --START--
INFO: Run Behavior\ReadHtmlCacheBehavior [ RunTime:0.000710s ]
INFO: [ app_begin ] --END-- [ RunTime:0.000894s ]
SQL: SHOW COLUMNS FROM `mall_attribute` [ RunTime:0.0026s ]
SQL: SHOW COLUMNS FROM `mall_type` [ RunTime:0.0007s ]
SQL: SHOW COLUMNS FROM `mall_category` [ RunTime:0.0008s ]
SQL: SHOW COLUMNS FROM `mall_goods` [ RunTime:0.0025s ]
SQL: SELECT * FROM `mall_category` WHERE `status` = 1  [ RunTime:0.0012s ]
INFO: [ view_parse ] --START--
INFO: [ template_filter ] --START--
INFO: Run Behavior\ContentReplaceBehavior [ RunTime:0.000159s ]
INFO: [ template_filter ] --END-- [ RunTime:0.000360s ]
INFO: Run Behavior\ParseTemplateBehavior [ RunTime:0.011202s ]
INFO: [ view_parse ] --END-- [ RunTime:0.011396s ]
INFO: [ view_filter ] --START--
INFO: Run Behavior\WriteHtmlCacheBehavior [ RunTime:0.000397s ]
INFO: [ view_filter ] --END-- [ RunTime:0.000540s ]
INFO: [ app_end ] --START--
INFO: Run Behavior\ShowPageTraceBehavior [ RunTime:0.000615s ]
INFO: [ app_end ] --END-- [ RunTime:0.000771s ]

[ 2017-06-17T17:49:48+08:00 ] 127.0.0.1 /index.php/Admin/Category/add.html
INFO: [ app_init ] --START--
INFO: Run Behavior\BuildLiteBehavior [ RunTime:0.000027s ]
INFO: [ app_init ] --END-- [ RunTime:0.000470s ]
INFO: [ app_begin ] --START--
INFO: Run Behavior\ReadHtmlCacheBehavior [ RunTime:0.000546s ]
INFO: [ app_begin ] --END-- [ RunTime:0.000676s ]
SQL: SHOW COLUMNS FROM `mall_attribute` [ RunTime:0.0026s ]
SQL: SHOW COLUMNS FROM `mall_type` [ RunTime:0.0021s ]
SQL: SHOW COLUMNS FROM `mall_category` [ RunTime:0.0074s ]
SQL: SHOW COLUMNS FROM `mall_goods` [ RunTime:0.0069s ]
NOTIC: [8] Undefined index: validate D:\rootwww\shop\ThinkPHP\Library\Think\Model.class.php 第 1185 行.
INFO: [ view_parse ] --START--
INFO: [ template_filter ] --START--
INFO: Run Behavior\ContentReplaceBehavior [ RunTime:0.000167s ]
INFO: [ template_filter ] --END-- [ RunTime:0.000420s ]
INFO: Run Behavior\ParseTemplateBehavior [ RunTime:0.009926s ]
INFO: [ view_parse ] --END-- [ RunTime:0.010109s ]
INFO: [ view_filter ] --START--
INFO: Run Behavior\WriteHtmlCacheBehavior [ RunTime:0.000371s ]
INFO: [ view_filter ] --END-- [ RunTime:0.000494s ]

[ 2017-06-17T17:49:51+08:00 ] 127.0.0.1 /index.php/Admin/Category/add.html
INFO: [ app_init ] --START--
INFO: Run Behavior\BuildLiteBehavior [ RunTime:0.000026s ]
INFO: [ app_init ] --END-- [ RunTime:0.000454s ]
INFO: [ app_begin ] --START--
INFO: Run Behavior\ReadHtmlCacheBehavior [ RunTime:0.000548s ]
INFO: [ app_begin ] --END-- [ RunTime:0.000674s ]
SQL: SHOW COLUMNS FROM `mall_attribute` [ RunTime:0.0041s ]
SQL: SHOW COLUMNS FROM `mall_type` [ RunTime:0.0032s ]
SQL: SHOW COLUMNS FROM `mall_category` [ RunTime:0.0008s ]
SQL: SHOW COLUMNS FROM `mall_goods` [ RunTime:0.0009s ]
SQL: SELECT * FROM `mall_category` WHERE `status` = 1  [ RunTime:0.0006s ]
INFO: [ view_parse ] --START--
INFO: [ template_filter ] --START--
INFO: Run Behavior\ContentReplaceBehavior [ RunTime:0.000113s ]
INFO: [ template_filter ] --END-- [ RunTime:0.000253s ]
INFO: Run Behavior\ParseTemplateBehavior [ RunTime:0.009739s ]
INFO: [ view_parse ] --END-- [ RunTime:0.009881s ]
INFO: [ view_filter ] --START--
INFO: Run Behavior\WriteHtmlCacheBehavior [ RunTime:0.000373s ]
INFO: [ view_filter ] --END-- [ RunTime:0.000489s ]
INFO: [ app_end ] --START--
INFO: Run Behavior\ShowPageTraceBehavior [ RunTime:0.000564s ]
INFO: [ app_end ] --END-- [ RunTime:0.000683s ]

[ 2017-06-17T17:49:51+08:00 ] 127.0.0.1 /index.php/Admin/goods/lst.html
INFO: [ app_init ] --START--
INFO: Run Behavior\BuildLiteBehavior [ RunTime:0.000028s ]
INFO: [ app_init ] --END-- [ RunTime:0.000457s ]
INFO: [ app_begin ] --START--
INFO: Run Behavior\ReadHtmlCacheBehavior [ RunTime:0.000562s ]
INFO: [ app_begin ] --END-- [ RunTime:0.000688s ]
SQL: SHOW COLUMNS FROM `mall_attribute` [ RunTime:0.0020s ]
SQL: SHOW COLUMNS FROM `mall_type` [ RunTime:0.0015s ]
SQL: SHOW COLUMNS FROM `mall_category` [ RunTime:0.0009s ]
SQL: SHOW COLUMNS FROM `mall_goods` [ RunTime:0.0017s ]
SQL: SELECT * FROM `mall_goods` WHERE `is_delete` = 0  [ RunTime:0.0013s ]
INFO: [ view_parse ] --START--
INFO: [ template_filter ] --START--
INFO: Run Behavior\ContentReplaceBehavior [ RunTime:0.000144s ]
INFO: [ template_filter ] --END-- [ RunTime:0.000303s ]
NOTIC: [8] Undefined variable: val D:\rootwww\shop\Application\Runtime\Cache\Admin\12cf6a5c74297688873998de0720405d.php 第 78 行.
NOTIC: [8] Use of undefined constant id - assumed 'id' D:\rootwww\shop\Application\Runtime\Cache\Admin\12cf6a5c74297688873998de0720405d.php 第 79 行.
NOTIC: [8] Undefined variable: val D:\rootwww\shop\Application\Runtime\Cache\Admin\12cf6a5c74297688873998de0720405d.php 第 80 行.
NOTIC: [8] Undefined variable: val D:\rootwww\shop\Application\Runtime\Cache\Admin\12cf6a5c74297688873998de0720405d.php 第 78 行.
NOTIC: [8] Use of undefined constant id - assumed 'id' D:\rootwww\shop\Application\Runtime\Cache\Admin\12cf6a5c74297688873998de0720405d.php 第 79 行.
NOTIC: [8] Undefined variable: val D:\rootwww\shop\Application\Runtime\Cache\Admin\12cf6a5c74297688873998de0720405d.php 第 80 行.
NOTIC: [8] Undefined variable: showPage D:\rootwww\shop\Application\Runtime\Cache\Admin\12cf6a5c74297688873998de0720405d.php 第 90 行.
INFO: Run Behavior\ParseTemplateBehavior [ RunTime:0.013839s ]
INFO: [ view_parse ] --END-- [ RunTime:0.013978s ]
INFO: [ view_filter ] --START--
INFO: Run Behavior\WriteHtmlCacheBehavior [ RunTime:0.000421s ]
INFO: [ view_filter ] --END-- [ RunTime:0.000537s ]
INFO: [ app_end ] --START--
INFO: Run Behavior\ShowPageTraceBehavior [ RunTime:0.000551s ]
INFO: [ app_end ] --END-- [ RunTime:0.000676s ]

[ 2017-06-17T17:49:54+08:00 ] 127.0.0.1 /index.php/Admin/Goods/add.html
INFO: [ app_init ] --START--
INFO: Run Behavior\BuildLiteBehavior [ RunTime:0.000033s ]
INFO: [ app_init ] --END-- [ RunTime:0.001286s ]
INFO: [ app_begin ] --START--
INFO: Run Behavior\ReadHtmlCacheBehavior [ RunTime:0.000643s ]
INFO: [ app_begin ] --END-- [ RunTime:0.000774s ]
SQL: SHOW COLUMNS FROM `mall_attribute` [ RunTime:0.0021s ]
SQL: SHOW COLUMNS FROM `mall_type` [ RunTime:0.0015s ]
SQL: SHOW COLUMNS FROM `mall_category` [ RunTime:0.0017s ]
SQL: SHOW COLUMNS FROM `mall_goods` [ RunTime:0.0030s ]
SQL: SELECT * FROM `mall_category` WHERE `status` = 1  [ RunTime:0.0013s ]
INFO: [ view_parse ] --START--
INFO: [ template_filter ] --START--
INFO: Run Behavior\ContentReplaceBehavior [ RunTime:0.000120s ]
INFO: [ template_filter ] --END-- [ RunTime:0.000251s ]
INFO: Run Behavior\ParseTemplateBehavior [ RunTime:0.011697s ]
INFO: [ view_parse ] --END-- [ RunTime:0.011837s ]
INFO: [ view_filter ] --START--
INFO: Run Behavior\WriteHtmlCacheBehavior [ RunTime:0.000511s ]
INFO: [ view_filter ] --END-- [ RunTime:0.000628s ]
INFO: [ app_end ] --START--
INFO: Run Behavior\ShowPageTraceBehavior [ RunTime:0.000620s ]
INFO: [ app_end ] --END-- [ RunTime:0.000741s ]

[ 2017-06-17T17:49:57+08:00 ] 127.0.0.1 /index.php/Admin/goods/lst.html
INFO: [ app_init ] --START--
INFO: Run Behavior\BuildLiteBehavior [ RunTime:0.000027s ]
INFO: [ app_init ] --END-- [ RunTime:0.000418s ]
INFO: [ app_begin ] --START--
INFO: Run Behavior\ReadHtmlCacheBehavior [ RunTime:0.000681s ]
INFO: [ app_begin ] --END-- [ RunTime:0.000820s ]
SQL: SHOW COLUMNS FROM `mall_attribute` [ RunTime:0.0018s ]
SQL: SHOW COLUMNS FROM `mall_type` [ RunTime:0.0020s ]
SQL: SHOW COLUMNS FROM `mall_category` [ RunTime:0.0009s ]
SQL: SHOW COLUMNS FROM `mall_goods` [ RunTime:0.0038s ]
SQL: SELECT * FROM `mall_goods` WHERE `is_delete` = 0  [ RunTime:0.0005s ]
INFO: [ view_parse ] --START--
INFO: [ template_filter ] --START--
INFO: Run Behavior\ContentReplaceBehavior [ RunTime:0.000216s ]
INFO: [ template_filter ] --END-- [ RunTime:0.000373s ]
NOTIC: [8] Undefined variable: val D:\rootwww\shop\Application\Runtime\Cache\Admin\12cf6a5c74297688873998de0720405d.php 第 78 行.
NOTIC: [8] Use of undefined constant id - assumed 'id' D:\rootwww\shop\Application\Runtime\Cache\Admin\12cf6a5c74297688873998de0720405d.php 第 79 行.
NOTIC: [8] Undefined variable: val D:\rootwww\shop\Application\Runtime\Cache\Admin\12cf6a5c74297688873998de0720405d.php 第 80 行.
NOTIC: [8] Undefined variable: val D:\rootwww\shop\Application\Runtime\Cache\Admin\12cf6a5c74297688873998de0720405d.php 第 78 行.
NOTIC: [8] Use of undefined constant id - assumed 'id' D:\rootwww\shop\Application\Runtime\Cache\Admin\12cf6a5c74297688873998de0720405d.php 第 79 行.
NOTIC: [8] Undefined variable: val D:\rootwww\shop\Application\Runtime\Cache\Admin\12cf6a5c74297688873998de0720405d.php 第 80 行.
NOTIC: [8] Undefined variable: showPage D:\rootwww\shop\Application\Runtime\Cache\Admin\12cf6a5c74297688873998de0720405d.php 第 90 行.
INFO: Run Behavior\ParseTemplateBehavior [ RunTime:0.014090s ]
INFO: [ view_parse ] --END-- [ RunTime:0.014217s ]
INFO: [ view_filter ] --START--
INFO: Run Behavior\WriteHtmlCacheBehavior [ RunTime:0.000453s ]
INFO: [ view_filter ] --END-- [ RunTime:0.000567s ]
INFO: [ app_end ] --START--
INFO: Run Behavior\ShowPageTraceBehavior [ RunTime:0.000608s ]
INFO: [ app_end ] --END-- [ RunTime:0.000728s ]

[ 2017-06-17T17:50:40+08:00 ] 127.0.0.1 /index.php/Admin/category/lst.html
INFO: [ app_init ] --START--
INFO: Run Behavior\BuildLiteBehavior [ RunTime:0.000026s ]
INFO: [ app_init ] --END-- [ RunTime:0.000418s ]
INFO: [ app_begin ] --START--
INFO: Run Behavior\ReadHtmlCacheBehavior [ RunTime:0.000602s ]
INFO: [ app_begin ] --END-- [ RunTime:0.000727s ]
SQL: SHOW COLUMNS FROM `mall_attribute` [ RunTime:0.0018s ]
SQL: SHOW COLUMNS FROM `mall_type` [ RunTime:0.0008s ]
SQL: SHOW COLUMNS FROM `mall_category` [ RunTime:0.0008s ]
SQL: SHOW COLUMNS FROM `mall_goods` [ RunTime:0.0015s ]
SQL: SELECT * FROM `mall_category` WHERE `status` = 1  [ RunTime:0.0005s ]
INFO: [ view_parse ] --START--
INFO: [ template_filter ] --START--
INFO: Run Behavior\ContentReplaceBehavior [ RunTime:0.000125s ]
INFO: [ template_filter ] --END-- [ RunTime:0.000252s ]
NOTIC: [8] Use of undefined constant nav_show - assumed 'nav_show' D:\rootwww\shop\Application\Runtime\Cache\Admin\395c0ba78bddab9d6617dcec0f2fd9a9.php 第 38 行.
NOTIC: [8] Use of undefined constant is_show - assumed 'is_show' D:\rootwww\shop\Application\Runtime\Cache\Admin\395c0ba78bddab9d6617dcec0f2fd9a9.php 第 41 行.
NOTIC: [8] Use of undefined constant id - assumed 'id' D:\rootwww\shop\Application\Runtime\Cache\Admin\395c0ba78bddab9d6617dcec0f2fd9a9.php 第 45 行.
NOTIC: [8] Use of undefined constant id - assumed 'id' D:\rootwww\shop\Application\Runtime\Cache\Admin\395c0ba78bddab9d6617dcec0f2fd9a9.php 第 46 行.
NOTIC: [8] Use of undefined constant nav_show - assumed 'nav_show' D:\rootwww\shop\Application\Runtime\Cache\Admin\395c0ba78bddab9d6617dcec0f2fd9a9.php 第 38 行.
NOTIC: [8] Use of undefined constant is_show - assumed 'is_show' D:\rootwww\shop\Application\Runtime\Cache\Admin\395c0ba78bddab9d6617dcec0f2fd9a9.php 第 41 行.
NOTIC: [8] Use of undefined constant id - assumed 'id' D:\rootwww\shop\Application\Runtime\Cache\Admin\395c0ba78bddab9d6617dcec0f2fd9a9.php 第 45 行.
NOTIC: [8] Use of undefined constant id - assumed 'id' D:\rootwww\shop\Application\Runtime\Cache\Admin\395c0ba78bddab9d6617dcec0f2fd9a9.php 第 46 行.
NOTIC: [8] Use of undefined constant nav_show - assumed 'nav_show' D:\rootwww\shop\Application\Runtime\Cache\Admin\395c0ba78bddab9d6617dcec0f2fd9a9.php 第 38 行.
NOTIC: [8] Use of undefined constant is_show - assumed 'is_show' D:\rootwww\shop\Application\Runtime\Cache\Admin\395c0ba78bddab9d6617dcec0f2fd9a9.php 第 41 行.
NOTIC: [8] Use of undefined constant id - assumed 'id' D:\rootwww\shop\Application\Runtime\Cache\Admin\395c0ba78bddab9d6617dcec0f2fd9a9.php 第 45 行.
NOTIC: [8] Use of undefined constant id - assumed 'id' D:\rootwww\shop\Application\Runtime\Cache\Admin\395c0ba78bddab9d6617dcec0f2fd9a9.php 第 46 行.
NOTIC: [8] Use of undefined constant nav_show - assumed 'nav_show' D:\rootwww\shop\Application\Runtime\Cache\Admin\395c0ba78bddab9d6617dcec0f2fd9a9.php 第 38 行.
NOTIC: [8] Use of undefined constant is_show - assumed 'is_show' D:\rootwww\shop\Application\Runtime\Cache\Admin\395c0ba78bddab9d6617dcec0f2fd9a9.php 第 41 行.
NOTIC: [8] Use of undefined constant id - assumed 'id' D:\rootwww\shop\Application\Runtime\Cache\Admin\395c0ba78bddab9d6617dcec0f2fd9a9.php 第 45 行.
NOTIC: [8] Use of undefined constant id - assumed 'id' D:\rootwww\shop\Application\Runtime\Cache\Admin\395c0ba78bddab9d6617dcec0f2fd9a9.php 第 46 行.
NOTIC: [8] Use of undefined constant nav_show - assumed 'nav_show' D:\rootwww\shop\Application\Runtime\Cache\Admin\395c0ba78bddab9d6617dcec0f2fd9a9.php 第 38 行.
NOTIC: [8] Use of undefined constant is_show - assumed 'is_show' D:\rootwww\shop\Application\Runtime\Cache\Admin\395c0ba78bddab9d6617dcec0f2fd9a9.php 第 41 行.
NOTIC: [8] Use of undefined constant id - assumed 'id' D:\rootwww\shop\Application\Runtime\Cache\Admin\395c0ba78bddab9d6617dcec0f2fd9a9.php 第 45 行.
NOTIC: [8] Use of undefined constant id - assumed 'id' D:\rootwww\shop\Application\Runtime\Cache\Admin\395c0ba78bddab9d6617dcec0f2fd9a9.php 第 46 行.
NOTIC: [8] Use of undefined constant nav_show - assumed 'nav_show' D:\rootwww\shop\Application\Runtime\Cache\Admin\395c0ba78bddab9d6617dcec0f2fd9a9.php 第 38 行.
NOTIC: [8] Use of undefined constant is_show - assumed 'is_show' D:\rootwww\shop\Application\Runtime\Cache\Admin\395c0ba78bddab9d6617dcec0f2fd9a9.php 第 41 行.
NOTIC: [8] Use of undefined constant id - assumed 'id' D:\rootwww\shop\Application\Runtime\Cache\Admin\395c0ba78bddab9d6617dcec0f2fd9a9.php 第 45 行.
NOTIC: [8] Use of undefined constant id - assumed 'id' D:\rootwww\shop\Application\Runtime\Cache\Admin\395c0ba78bddab9d6617dcec0f2fd9a9.php 第 46 行.
NOTIC: [8] Use of undefined constant nav_show - assumed 'nav_show' D:\rootwww\shop\Application\Runtime\Cache\Admin\395c0ba78bddab9d6617dcec0f2fd9a9.php 第 38 行.
NOTIC: [8] Use of undefined constant is_show - assumed 'is_show' D:\rootwww\shop\Application\Runtime\Cache\Admin\395c0ba78bddab9d6617dcec0f2fd9a9.php 第 41 行.
NOTIC: [8] Use of undefined constant id - assumed 'id' D:\rootwww\shop\Application\Runtime\Cache\Admin\395c0ba78bddab9d6617dcec0f2fd9a9.php 第 45 行.
NOTIC: [8] Use of undefined constant id - assumed 'id' D:\rootwww\shop\Application\Runtime\Cache\Admin\395c0ba78bddab9d6617dcec0f2fd9a9.php 第 46 行.
NOTIC: [8] Use of undefined constant nav_show - assumed 'nav_show' D:\rootwww\shop\Application\Runtime\Cache\Admin\395c0ba78bddab9d6617dcec0f2fd9a9.php 第 38 行.
NOTIC: [8] Use of undefined constant is_show - assumed 'is_show' D:\rootwww\shop\Application\Runtime\Cache\Admin\395c0ba78bddab9d6617dcec0f2fd9a9.php 第 41 行.
NOTIC: [8] Use of undefined constant id - assumed 'id' D:\rootwww\shop\Application\Runtime\Cache\Admin\395c0ba78bddab9d6617dcec0f2fd9a9.php 第 45 行.
NOTIC: [8] Use of undefined constant id - assumed 'id' D:\rootwww\shop\Application\Runtime\Cache\Admin\395c0ba78bddab9d6617dcec0f2fd9a9.php 第 46 行.
NOTIC: [8] Use of undefined constant nav_show - assumed 'nav_show' D:\rootwww\shop\Application\Runtime\Cache\Admin\395c0ba78bddab9d6617dcec0f2fd9a9.php 第 38 行.
NOTIC: [8] Use of undefined constant is_show - assumed 'is_show' D:\rootwww\shop\Application\Runtime\Cache\Admin\395c0ba78bddab9d6617dcec0f2fd9a9.php 第 41 行.
NOTIC: [8] Use of undefined constant id - assumed 'id' D:\rootwww\shop\Application\Runtime\Cache\Admin\395c0ba78bddab9d6617dcec0f2fd9a9.php 第 45 行.
NOTIC: [8] Use of undefined constant id - assumed 'id' D:\rootwww\shop\Application\Runtime\Cache\Admin\395c0ba78bddab9d6617dcec0f2fd9a9.php 第 46 行.
NOTIC: [8] Use of undefined constant nav_show - assumed 'nav_show' D:\rootwww\shop\Application\Runtime\Cache\Admin\395c0ba78bddab9d6617dcec0f2fd9a9.php 第 38 行.
NOTIC: [8] Use of undefined constant is_show - assumed 'is_show' D:\rootwww\shop\Application\Runtime\Cache\Admin\395c0ba78bddab9d6617dcec0f2fd9a9.php 第 41 行.
NOTIC: [8] Use of undefined constant id - assumed 'id' D:\rootwww\shop\Application\Runtime\Cache\Admin\395c0ba78bddab9d6617dcec0f2fd9a9.php 第 45 行.
NOTIC: [8] Use of undefined constant id - assumed 'id' D:\rootwww\shop\Application\Runtime\Cache\Admin\395c0ba78bddab9d6617dcec0f2fd9a9.php 第 46 行.
INFO: Run Behavior\ParseTemplateBehavior [ RunTime:0.013331s ]
INFO: [ view_parse ] --END-- [ RunTime:0.013471s ]
INFO: [ view_filter ] --START--
INFO: Run Behavior\WriteHtmlCacheBehavior [ RunTime:0.000573s ]
INFO: [ view_filter ] --END-- [ RunTime:0.000715s ]
INFO: [ app_end ] --START--
INFO: Run Behavior\ShowPageTraceBehavior [ RunTime:0.001144s ]
INFO: [ app_end ] --END-- [ RunTime:0.001418s ]

[ 2017-06-17T17:50:46+08:00 ] 127.0.0.1 /index.php/Admin/goods/lst.html
INFO: [ app_init ] --START--
INFO: Run Behavior\BuildLiteBehavior [ RunTime:0.000027s ]
INFO: [ app_init ] --END-- [ RunTime:0.000421s ]
INFO: [ app_begin ] --START--
INFO: Run Behavior\ReadHtmlCacheBehavior [ RunTime:0.000611s ]
INFO: [ app_begin ] --END-- [ RunTime:0.000740s ]
SQL: SHOW COLUMNS FROM `mall_attribute` [ RunTime:0.0019s ]
SQL: SHOW COLUMNS FROM `mall_type` [ RunTime:0.0011s ]
SQL: SHOW COLUMNS FROM `mall_category` [ RunTime:0.0009s ]
SQL: SHOW COLUMNS FROM `mall_goods` [ RunTime:0.0010s ]
SQL: SELECT * FROM `mall_goods` WHERE `is_delete` = 0  [ RunTime:0.0005s ]
INFO: [ view_parse ] --START--
INFO: [ template_filter ] --START--
INFO: Run Behavior\ContentReplaceBehavior [ RunTime:0.000131s ]
INFO: [ template_filter ] --END-- [ RunTime:0.000262s ]
NOTIC: [8] Undefined variable: val D:\rootwww\shop\Application\Runtime\Cache\Admin\12cf6a5c74297688873998de0720405d.php 第 78 行.
NOTIC: [8] Use of undefined constant id - assumed 'id' D:\rootwww\shop\Application\Runtime\Cache\Admin\12cf6a5c74297688873998de0720405d.php 第 79 行.
NOTIC: [8] Undefined variable: val D:\rootwww\shop\Application\Runtime\Cache\Admin\12cf6a5c74297688873998de0720405d.php 第 80 行.
NOTIC: [8] Undefined variable: val D:\rootwww\shop\Application\Runtime\Cache\Admin\12cf6a5c74297688873998de0720405d.php 第 78 行.
NOTIC: [8] Use of undefined constant id - assumed 'id' D:\rootwww\shop\Application\Runtime\Cache\Admin\12cf6a5c74297688873998de0720405d.php 第 79 行.
NOTIC: [8] Undefined variable: val D:\rootwww\shop\Application\Runtime\Cache\Admin\12cf6a5c74297688873998de0720405d.php 第 80 行.
NOTIC: [8] Undefined variable: showPage D:\rootwww\shop\Application\Runtime\Cache\Admin\12cf6a5c74297688873998de0720405d.php 第 90 行.
INFO: Run Behavior\ParseTemplateBehavior [ RunTime:0.013247s ]
INFO: [ view_parse ] --END-- [ RunTime:0.013436s ]
INFO: [ view_filter ] --START--
INFO: Run Behavior\WriteHtmlCacheBehavior [ RunTime:0.000744s ]
INFO: [ view_filter ] --END-- [ RunTime:0.001017s ]
INFO: [ app_end ] --START--
INFO: Run Behavior\ShowPageTraceBehavior [ RunTime:0.000637s ]
INFO: [ app_end ] --END-- [ RunTime:0.000756s ]

[ 2017-06-17T17:50:49+08:00 ] 127.0.0.1 /index.php/Admin/type/lst.html
INFO: [ app_init ] --START--
INFO: Run Behavior\BuildLiteBehavior [ RunTime:0.000032s ]
INFO: [ app_init ] --END-- [ RunTime:0.000418s ]
INFO: [ app_begin ] --START--
INFO: Run Behavior\ReadHtmlCacheBehavior [ RunTime:0.000812s ]
INFO: [ app_begin ] --END-- [ RunTime:0.001004s ]
SQL: SHOW COLUMNS FROM `mall_attribute` [ RunTime:0.0090s ]
SQL: SHOW COLUMNS FROM `mall_type` [ RunTime:0.0007s ]
SQL: SHOW COLUMNS FROM `mall_category` [ RunTime:0.0072s ]
SQL: SHOW COLUMNS FROM `mall_goods` [ RunTime:0.0034s ]
SQL: SELECT COUNT(*) AS tp_count FROM `mall_type` LIMIT 1   [ RunTime:0.0004s ]
SQL: SELECT * FROM `mall_type` LIMIT 0,10   [ RunTime:0.0006s ]
INFO: [ view_parse ] --START--
INFO: [ template_filter ] --START--
INFO: Run Behavior\ContentReplaceBehavior [ RunTime:0.000114s ]
INFO: [ template_filter ] --END-- [ RunTime:0.000244s ]
NOTIC: [8] Use of undefined constant id - assumed 'id' D:\rootwww\shop\Application\Runtime\Cache\Admin\9e1e5841af12860e6ba08b9e55eb68af.php 第 37 行.
NOTIC: [8] Use of undefined constant id - assumed 'id' D:\rootwww\shop\Application\Runtime\Cache\Admin\9e1e5841af12860e6ba08b9e55eb68af.php 第 38 行.
NOTIC: [8] Use of undefined constant id - assumed 'id' D:\rootwww\shop\Application\Runtime\Cache\Admin\9e1e5841af12860e6ba08b9e55eb68af.php 第 37 行.
NOTIC: [8] Use of undefined constant id - assumed 'id' D:\rootwww\shop\Application\Runtime\Cache\Admin\9e1e5841af12860e6ba08b9e55eb68af.php 第 38 行.
NOTIC: [8] Use of undefined constant id - assumed 'id' D:\rootwww\shop\Application\Runtime\Cache\Admin\9e1e5841af12860e6ba08b9e55eb68af.php 第 37 行.
NOTIC: [8] Use of undefined constant id - assumed 'id' D:\rootwww\shop\Application\Runtime\Cache\Admin\9e1e5841af12860e6ba08b9e55eb68af.php 第 38 行.
NOTIC: [8] Use of undefined constant id - assumed 'id' D:\rootwww\shop\Application\Runtime\Cache\Admin\9e1e5841af12860e6ba08b9e55eb68af.php 第 37 行.
NOTIC: [8] Use of undefined constant id - assumed 'id' D:\rootwww\shop\Application\Runtime\Cache\Admin\9e1e5841af12860e6ba08b9e55eb68af.php 第 38 行.
NOTIC: [8] Use of undefined constant id - assumed 'id' D:\rootwww\shop\Application\Runtime\Cache\Admin\9e1e5841af12860e6ba08b9e55eb68af.php 第 37 行.
NOTIC: [8] Use of undefined constant id - assumed 'id' D:\rootwww\shop\Application\Runtime\Cache\Admin\9e1e5841af12860e6ba08b9e55eb68af.php 第 38 行.
INFO: Run Behavior\ParseTemplateBehavior [ RunTime:0.011794s ]
INFO: [ view_parse ] --END-- [ RunTime:0.011928s ]
INFO: [ view_filter ] --START--
INFO: Run Behavior\WriteHtmlCacheBehavior [ RunTime:0.000453s ]
INFO: [ view_filter ] --END-- [ RunTime:0.000570s ]
INFO: [ app_end ] --START--
INFO: Run Behavior\ShowPageTraceBehavior [ RunTime:0.000615s ]
INFO: [ app_end ] --END-- [ RunTime:0.000736s ]

