[ 2017-06-30T10:57:49+08:00 ] 127.0.0.1 /index.php/Admin/admin/add
INFO: [ app_init ] --START--
INFO: Run Behavior\BuildLiteBehavior [ RunTime:0.000037s ]
INFO: [ app_init ] --END-- [ RunTime:0.001037s ]
INFO: [ app_begin ] --START--
INFO: Run Behavior\ReadHtmlCacheBehavior [ RunTime:0.001033s ]
INFO: [ app_begin ] --END-- [ RunTime:0.001175s ]
SQL: SHOW COLUMNS FROM `mall_attribute` [ RunTime:0.0079s ]
SQL: SHOW COLUMNS FROM `mall_type` [ RunTime:0.0029s ]
SQL: SHOW COLUMNS FROM `mall_category` [ RunTime:0.0032s ]
SQL: SHOW COLUMNS FROM `mall_goods` [ RunTime:0.0031s ]
SQL: SHOW COLUMNS FROM `mall_brand` [ RunTime:0.0028s ]
INFO: [ view_parse ] --START--
INFO: [ template_filter ] --START--
INFO: Run Behavior\ContentReplaceBehavior [ RunTime:0.000244s ]
INFO: [ template_filter ] --END-- [ RunTime:0.000474s ]
INFO: Run Behavior\ParseTemplateBehavior [ RunTime:0.012141s ]
INFO: [ view_parse ] --END-- [ RunTime:0.012331s ]
INFO: [ view_filter ] --START--
INFO: Run Behavior\WriteHtmlCacheBehavior [ RunTime:0.000693s ]
INFO: [ view_filter ] --END-- [ RunTime:0.000817s ]

[ 2017-06-30T10:57:52+08:00 ] 127.0.0.1 /index.php/Admin/Login/login.html
INFO: [ app_init ] --START--
INFO: Run Behavior\BuildLiteBehavior [ RunTime:0.000037s ]
INFO: [ app_init ] --END-- [ RunTime:0.000485s ]
INFO: [ app_begin ] --START--
INFO: Run Behavior\ReadHtmlCacheBehavior [ RunTime:0.000623s ]
INFO: [ app_begin ] --END-- [ RunTime:0.000755s ]
INFO: [ view_parse ] --START--
INFO: [ template_filter ] --START--
INFO: Run Behavior\ContentReplaceBehavior [ RunTime:0.000114s ]
INFO: [ template_filter ] --END-- [ RunTime:0.000244s ]
NOTIC: [8] Use of undefined constant cookie - assumed 'cookie' D:\rootwww\shangcheng\Application\Runtime\Cache\Admin\0dfec61edd66f450033aa87c28a760f4.php 第 35 行.
NOTIC: [8] Undefined variable: Think D:\rootwww\shangcheng\Application\Runtime\Cache\Admin\0dfec61edd66f450033aa87c28a760f4.php 第 35 行.
NOTIC: [8] Use of undefined constant admin_admin_name - assumed 'admin_admin_name' D:\rootwww\shangcheng\Application\Runtime\Cache\Admin\0dfec61edd66f450033aa87c28a760f4.php 第 35 行.
NOTIC: [8] Use of undefined constant cookie - assumed 'cookie' D:\rootwww\shangcheng\Application\Runtime\Cache\Admin\0dfec61edd66f450033aa87c28a760f4.php 第 43 行.
NOTIC: [8] Undefined variable: Think D:\rootwww\shangcheng\Application\Runtime\Cache\Admin\0dfec61edd66f450033aa87c28a760f4.php 第 43 行.
NOTIC: [8] Use of undefined constant admin_password - assumed 'admin_password' D:\rootwww\shangcheng\Application\Runtime\Cache\Admin\0dfec61edd66f450033aa87c28a760f4.php 第 43 行.
INFO: Run Behavior\ParseTemplateBehavior [ RunTime:0.012415s ]
INFO: [ view_parse ] --END-- [ RunTime:0.012616s ]
INFO: [ view_filter ] --START--
INFO: Run Behavior\WriteHtmlCacheBehavior [ RunTime:0.000574s ]
INFO: [ view_filter ] --END-- [ RunTime:0.000707s ]
INFO: [ app_end ] --START--
INFO: Run Behavior\ShowPageTraceBehavior [ RunTime:0.001284s ]
INFO: [ app_end ] --END-- [ RunTime:0.001466s ]

[ 2017-06-30T10:57:52+08:00 ] 127.0.0.1 /index.php/Admin/Login/captcha
INFO: [ app_init ] --START--
INFO: Run Behavior\BuildLiteBehavior [ RunTime:0.000055s ]
INFO: [ app_init ] --END-- [ RunTime:0.000922s ]
INFO: [ app_begin ] --START--
INFO: Run Behavior\ReadHtmlCacheBehavior [ RunTime:0.001059s ]
INFO: [ app_begin ] --END-- [ RunTime:0.001212s ]
INFO: [ app_end ] --START--
INFO: Run Behavior\ShowPageTraceBehavior [ RunTime:0.001094s ]
INFO: [ app_end ] --END-- [ RunTime:0.001345s ]

[ 2017-06-30T10:58:00+08:00 ] 127.0.0.1 /index.php/Admin/Login/login
INFO: [ app_init ] --START--
INFO: Run Behavior\BuildLiteBehavior [ RunTime:0.000026s ]
INFO: [ app_init ] --END-- [ RunTime:0.000436s ]
INFO: [ app_begin ] --START--
INFO: Run Behavior\ReadHtmlCacheBehavior [ RunTime:0.000652s ]
INFO: [ app_begin ] --END-- [ RunTime:0.000795s ]
SQL: SHOW COLUMNS FROM `mall_admin` [ RunTime:0.0037s ]
NOTIC: [8] Undefined index: auto D:\rootwww\shangcheng\ThinkPHP\Library\Think\Model.class.php 第 1128 行.
SQL: SELECT * FROM `mall_admin` WHERE `admin_name` = 'admin' LIMIT 1   [ RunTime:0.0015s ]
SQL: UPDATE `mall_admin` SET `last_login_time`='1498791479' WHERE `id` = 1 [ RunTime:0.0017s ]
INFO: [ view_parse ] --START--
INFO: [ template_filter ] --START--
INFO: Run Behavior\ContentReplaceBehavior [ RunTime:0.000095s ]
INFO: [ template_filter ] --END-- [ RunTime:0.000227s ]
INFO: Run Behavior\ParseTemplateBehavior [ RunTime:0.007480s ]
INFO: [ view_parse ] --END-- [ RunTime:0.007662s ]
INFO: [ view_filter ] --START--
INFO: Run Behavior\WriteHtmlCacheBehavior [ RunTime:0.000422s ]
INFO: [ view_filter ] --END-- [ RunTime:0.000547s ]

[ 2017-06-30T10:58:01+08:00 ] 127.0.0.1 /index.php/Admin/index/index.html
INFO: [ app_init ] --START--
INFO: Run Behavior\BuildLiteBehavior [ RunTime:0.000026s ]
INFO: [ app_init ] --END-- [ RunTime:0.000427s ]
INFO: [ app_begin ] --START--
INFO: Run Behavior\ReadHtmlCacheBehavior [ RunTime:0.001262s ]
INFO: [ app_begin ] --END-- [ RunTime:0.001559s ]
SQL: SHOW COLUMNS FROM `mall_attribute` [ RunTime:0.0019s ]
SQL: SHOW COLUMNS FROM `mall_type` [ RunTime:0.0013s ]
SQL: SHOW COLUMNS FROM `mall_category` [ RunTime:0.0011s ]
SQL: SHOW COLUMNS FROM `mall_goods` [ RunTime:0.0012s ]
SQL: SHOW COLUMNS FROM `mall_brand` [ RunTime:0.0020s ]
INFO: [ view_parse ] --START--
INFO: [ template_filter ] --START--
INFO: Run Behavior\ContentReplaceBehavior [ RunTime:0.000089s ]
INFO: [ template_filter ] --END-- [ RunTime:0.000226s ]
INFO: Run Behavior\ParseTemplateBehavior [ RunTime:0.008907s ]
INFO: [ view_parse ] --END-- [ RunTime:0.009123s ]
INFO: [ view_filter ] --START--
INFO: Run Behavior\WriteHtmlCacheBehavior [ RunTime:0.001141s ]
INFO: [ view_filter ] --END-- [ RunTime:0.001349s ]
INFO: [ app_end ] --START--
INFO: Run Behavior\ShowPageTraceBehavior [ RunTime:0.000998s ]
INFO: [ app_end ] --END-- [ RunTime:0.001199s ]

[ 2017-06-30T10:58:01+08:00 ] 127.0.0.1 /index.php/Admin/Index/top.html
INFO: [ app_init ] --START--
INFO: Run Behavior\BuildLiteBehavior [ RunTime:0.000044s ]
INFO: [ app_init ] --END-- [ RunTime:0.000908s ]
INFO: [ app_begin ] --START--
INFO: Run Behavior\ReadHtmlCacheBehavior [ RunTime:0.000913s ]
INFO: [ app_begin ] --END-- [ RunTime:0.001170s ]
SQL: SHOW COLUMNS FROM `mall_attribute` [ RunTime:0.0010s ]
SQL: SHOW COLUMNS FROM `mall_type` [ RunTime:0.0008s ]
SQL: SHOW COLUMNS FROM `mall_category` [ RunTime:0.0010s ]
SQL: SHOW COLUMNS FROM `mall_goods` [ RunTime:0.0010s ]
SQL: SHOW COLUMNS FROM `mall_brand` [ RunTime:0.0010s ]
INFO: [ view_parse ] --START--
INFO: [ template_filter ] --START--
INFO: Run Behavior\ContentReplaceBehavior [ RunTime:0.000112s ]
INFO: [ template_filter ] --END-- [ RunTime:0.000257s ]
INFO: Run Behavior\ParseTemplateBehavior [ RunTime:0.009012s ]
INFO: [ view_parse ] --END-- [ RunTime:0.009208s ]
INFO: [ view_filter ] --START--
INFO: Run Behavior\WriteHtmlCacheBehavior [ RunTime:0.000449s ]
INFO: [ view_filter ] --END-- [ RunTime:0.000565s ]
INFO: [ app_end ] --START--
INFO: Run Behavior\ShowPageTraceBehavior [ RunTime:0.000626s ]
INFO: [ app_end ] --END-- [ RunTime:0.000746s ]

[ 2017-06-30T10:58:01+08:00 ] 127.0.0.1 /index.php/Admin/Index/menu.html
INFO: [ app_init ] --START--
INFO: Run Behavior\BuildLiteBehavior [ RunTime:0.000041s ]
INFO: [ app_init ] --END-- [ RunTime:0.000642s ]
INFO: [ app_begin ] --START--
INFO: Run Behavior\ReadHtmlCacheBehavior [ RunTime:0.001025s ]
INFO: [ app_begin ] --END-- [ RunTime:0.001268s ]
SQL: SHOW COLUMNS FROM `mall_attribute` [ RunTime:0.0010s ]
SQL: SHOW COLUMNS FROM `mall_type` [ RunTime:0.0008s ]
SQL: SHOW COLUMNS FROM `mall_category` [ RunTime:0.0010s ]
SQL: SHOW COLUMNS FROM `mall_goods` [ RunTime:0.0017s ]
SQL: SHOW COLUMNS FROM `mall_brand` [ RunTime:0.0012s ]
SQL: SHOW COLUMNS FROM `mall_admin` [ RunTime:0.0012s ]
SQL: SHOW COLUMNS FROM `mall_privilege` [ RunTime:0.0023s ]
SQL: SELECT * FROM `mall_privilege` WHERE `is_show` = 1  [ RunTime:0.0007s ]
INFO: [ view_parse ] --START--
INFO: [ template_filter ] --START--
INFO: Run Behavior\ContentReplaceBehavior [ RunTime:0.000175s ]
INFO: [ template_filter ] --END-- [ RunTime:0.000311s ]
NOTIC: [8] Use of undefined constant _child - assumed '_child' D:\rootwww\shangcheng\Application\Runtime\Cache\Admin\5f62cf3ecb66a47dcb1a9b7512abfb3d.php 第 148 行.
NOTIC: [8] Use of undefined constant _child - assumed '_child' D:\rootwww\shangcheng\Application\Runtime\Cache\Admin\5f62cf3ecb66a47dcb1a9b7512abfb3d.php 第 148 行.
NOTIC: [8] Use of undefined constant controller_name - assumed 'controller_name' D:\rootwww\shangcheng\Application\Runtime\Cache\Admin\5f62cf3ecb66a47dcb1a9b7512abfb3d.php 第 148 行.
NOTIC: [8] Use of undefined constant action_name - assumed 'action_name' D:\rootwww\shangcheng\Application\Runtime\Cache\Admin\5f62cf3ecb66a47dcb1a9b7512abfb3d.php 第 148 行.
NOTIC: [8] Use of undefined constant controller_name - assumed 'controller_name' D:\rootwww\shangcheng\Application\Runtime\Cache\Admin\5f62cf3ecb66a47dcb1a9b7512abfb3d.php 第 148 行.
NOTIC: [8] Use of undefined constant action_name - assumed 'action_name' D:\rootwww\shangcheng\Application\Runtime\Cache\Admin\5f62cf3ecb66a47dcb1a9b7512abfb3d.php 第 148 行.
NOTIC: [8] Use of undefined constant controller_name - assumed 'controller_name' D:\rootwww\shangcheng\Application\Runtime\Cache\Admin\5f62cf3ecb66a47dcb1a9b7512abfb3d.php 第 148 行.
NOTIC: [8] Use of undefined constant action_name - assumed 'action_name' D:\rootwww\shangcheng\Application\Runtime\Cache\Admin\5f62cf3ecb66a47dcb1a9b7512abfb3d.php 第 148 行.
NOTIC: [8] Use of undefined constant controller_name - assumed 'controller_name' D:\rootwww\shangcheng\Application\Runtime\Cache\Admin\5f62cf3ecb66a47dcb1a9b7512abfb3d.php 第 148 行.
NOTIC: [8] Use of undefined constant action_name - assumed 'action_name' D:\rootwww\shangcheng\Application\Runtime\Cache\Admin\5f62cf3ecb66a47dcb1a9b7512abfb3d.php 第 148 行.
NOTIC: [8] Use of undefined constant controller_name - assumed 'controller_name' D:\rootwww\shangcheng\Application\Runtime\Cache\Admin\5f62cf3ecb66a47dcb1a9b7512abfb3d.php 第 148 行.
NOTIC: [8] Use of undefined constant action_name - assumed 'action_name' D:\rootwww\shangcheng\Application\Runtime\Cache\Admin\5f62cf3ecb66a47dcb1a9b7512abfb3d.php 第 148 行.
NOTIC: [8] Use of undefined constant controller_name - assumed 'controller_name' D:\rootwww\shangcheng\Application\Runtime\Cache\Admin\5f62cf3ecb66a47dcb1a9b7512abfb3d.php 第 148 行.
NOTIC: [8] Use of undefined constant action_name - assumed 'action_name' D:\rootwww\shangcheng\Application\Runtime\Cache\Admin\5f62cf3ecb66a47dcb1a9b7512abfb3d.php 第 148 行.
NOTIC: [8] Use of undefined constant _child - assumed '_child' D:\rootwww\shangcheng\Application\Runtime\Cache\Admin\5f62cf3ecb66a47dcb1a9b7512abfb3d.php 第 148 行.
NOTIC: [8] Use of undefined constant _child - assumed '_child' D:\rootwww\shangcheng\Application\Runtime\Cache\Admin\5f62cf3ecb66a47dcb1a9b7512abfb3d.php 第 148 行.
NOTIC: [8] Use of undefined constant controller_name - assumed 'controller_name' D:\rootwww\shangcheng\Application\Runtime\Cache\Admin\5f62cf3ecb66a47dcb1a9b7512abfb3d.php 第 148 行.
NOTIC: [8] Use of undefined constant action_name - assumed 'action_name' D:\rootwww\shangcheng\Application\Runtime\Cache\Admin\5f62cf3ecb66a47dcb1a9b7512abfb3d.php 第 148 行.
NOTIC: [8] Use of undefined constant controller_name - assumed 'controller_name' D:\rootwww\shangcheng\Application\Runtime\Cache\Admin\5f62cf3ecb66a47dcb1a9b7512abfb3d.php 第 148 行.
NOTIC: [8] Use of undefined constant action_name - assumed 'action_name' D:\rootwww\shangcheng\Application\Runtime\Cache\Admin\5f62cf3ecb66a47dcb1a9b7512abfb3d.php 第 148 行.
NOTIC: [8] Use of undefined constant controller_name - assumed 'controller_name' D:\rootwww\shangcheng\Application\Runtime\Cache\Admin\5f62cf3ecb66a47dcb1a9b7512abfb3d.php 第 148 行.
NOTIC: [8] Use of undefined constant action_name - assumed 'action_name' D:\rootwww\shangcheng\Application\Runtime\Cache\Admin\5f62cf3ecb66a47dcb1a9b7512abfb3d.php 第 148 行.
NOTIC: [8] Use of undefined constant controller_name - assumed 'controller_name' D:\rootwww\shangcheng\Application\Runtime\Cache\Admin\5f62cf3ecb66a47dcb1a9b7512abfb3d.php 第 148 行.
NOTIC: [8] Use of undefined constant action_name - assumed 'action_name' D:\rootwww\shangcheng\Application\Runtime\Cache\Admin\5f62cf3ecb66a47dcb1a9b7512abfb3d.php 第 148 行.
NOTIC: [8] Use of undefined constant controller_name - assumed 'controller_name' D:\rootwww\shangcheng\Application\Runtime\Cache\Admin\5f62cf3ecb66a47dcb1a9b7512abfb3d.php 第 148 行.
NOTIC: [8] Use of undefined constant action_name - assumed 'action_name' D:\rootwww\shangcheng\Application\Runtime\Cache\Admin\5f62cf3ecb66a47dcb1a9b7512abfb3d.php 第 148 行.
NOTIC: [8] Use of undefined constant _child - assumed '_child' D:\rootwww\shangcheng\Application\Runtime\Cache\Admin\5f62cf3ecb66a47dcb1a9b7512abfb3d.php 第 148 行.
NOTIC: [8] Undefined index: _child D:\rootwww\shangcheng\Application\Runtime\Cache\Admin\5f62cf3ecb66a47dcb1a9b7512abfb3d.php 第 148 行.
INFO: Run Behavior\ParseTemplateBehavior [ RunTime:0.016525s ]
INFO: [ view_parse ] --END-- [ RunTime:0.016793s ]
INFO: [ view_filter ] --START--
INFO: Run Behavior\WriteHtmlCacheBehavior [ RunTime:0.000922s ]
INFO: [ view_filter ] --END-- [ RunTime:0.001434s ]
INFO: [ app_end ] --START--
INFO: Run Behavior\ShowPageTraceBehavior [ RunTime:0.001069s ]
INFO: [ app_end ] --END-- [ RunTime:0.001313s ]

[ 2017-06-30T10:58:01+08:00 ] 127.0.0.1 /index.php/Admin/Index/main.html
INFO: [ app_init ] --START--
INFO: Run Behavior\BuildLiteBehavior [ RunTime:0.000039s ]
INFO: [ app_init ] --END-- [ RunTime:0.000886s ]
INFO: [ app_begin ] --START--
INFO: Run Behavior\ReadHtmlCacheBehavior [ RunTime:0.000756s ]
INFO: [ app_begin ] --END-- [ RunTime:0.000891s ]
SQL: SHOW COLUMNS FROM `mall_attribute` [ RunTime:0.0031s ]
SQL: SHOW COLUMNS FROM `mall_type` [ RunTime:0.0031s ]
SQL: SHOW COLUMNS FROM `mall_category` [ RunTime:0.0013s ]
SQL: SHOW COLUMNS FROM `mall_goods` [ RunTime:0.0017s ]
SQL: SHOW COLUMNS FROM `mall_brand` [ RunTime:0.0014s ]
INFO: [ view_parse ] --START--
INFO: [ template_filter ] --START--
INFO: Run Behavior\ContentReplaceBehavior [ RunTime:0.000115s ]
INFO: [ template_filter ] --END-- [ RunTime:0.000252s ]
INFO: Run Behavior\ParseTemplateBehavior [ RunTime:0.010381s ]
INFO: [ view_parse ] --END-- [ RunTime:0.010571s ]
INFO: [ view_filter ] --START--
INFO: Run Behavior\WriteHtmlCacheBehavior [ RunTime:0.000493s ]
INFO: [ view_filter ] --END-- [ RunTime:0.000617s ]
INFO: [ app_end ] --START--
INFO: Run Behavior\ShowPageTraceBehavior [ RunTime:0.000658s ]
INFO: [ app_end ] --END-- [ RunTime:0.000830s ]

[ 2017-06-30T10:58:03+08:00 ] 127.0.0.1 /index.php/Admin/Role/lst.html
INFO: [ app_init ] --START--
INFO: Run Behavior\BuildLiteBehavior [ RunTime:0.000027s ]
INFO: [ app_init ] --END-- [ RunTime:0.000428s ]
INFO: [ app_begin ] --START--
INFO: Run Behavior\ReadHtmlCacheBehavior [ RunTime:0.000576s ]
INFO: [ app_begin ] --END-- [ RunTime:0.000702s ]
SQL: SHOW COLUMNS FROM `mall_attribute` [ RunTime:0.0010s ]
SQL: SHOW COLUMNS FROM `mall_type` [ RunTime:0.0008s ]
SQL: SHOW COLUMNS FROM `mall_category` [ RunTime:0.0013s ]
SQL: SHOW COLUMNS FROM `mall_goods` [ RunTime:0.0011s ]
SQL: SHOW COLUMNS FROM `mall_brand` [ RunTime:0.0009s ]
SQL: SHOW COLUMNS FROM `mall_role` [ RunTime:0.0032s ]
SQL: SELECT a.*,GROUP_CONCAT(c.priv_name) as priv_name FROM `mall_role` a left join mall_role_privilege as b on a.id = b.role_id  INNER JOIN mall_privilege as c on b.priv_id=c.id  GROUP BY a.id  [ RunTime:0.0136s ]
INFO: [ view_parse ] --START--
INFO: [ template_filter ] --START--
INFO: Run Behavior\ContentReplaceBehavior [ RunTime:0.000109s ]
INFO: [ template_filter ] --END-- [ RunTime:0.000240s ]
NOTIC: [8] Use of undefined constant id - assumed 'id' D:\rootwww\shangcheng\Application\Runtime\Cache\Admin\64431effeb3c8b31c1cd32ecd958c163.php 第 37 行.
NOTIC: [8] Use of undefined constant id - assumed 'id' D:\rootwww\shangcheng\Application\Runtime\Cache\Admin\64431effeb3c8b31c1cd32ecd958c163.php 第 38 行.
NOTIC: [8] Use of undefined constant id - assumed 'id' D:\rootwww\shangcheng\Application\Runtime\Cache\Admin\64431effeb3c8b31c1cd32ecd958c163.php 第 37 行.
NOTIC: [8] Use of undefined constant id - assumed 'id' D:\rootwww\shangcheng\Application\Runtime\Cache\Admin\64431effeb3c8b31c1cd32ecd958c163.php 第 38 行.
NOTIC: [8] Use of undefined constant id - assumed 'id' D:\rootwww\shangcheng\Application\Runtime\Cache\Admin\64431effeb3c8b31c1cd32ecd958c163.php 第 37 行.
NOTIC: [8] Use of undefined constant id - assumed 'id' D:\rootwww\shangcheng\Application\Runtime\Cache\Admin\64431effeb3c8b31c1cd32ecd958c163.php 第 38 行.
INFO: Run Behavior\ParseTemplateBehavior [ RunTime:0.011886s ]
INFO: [ view_parse ] --END-- [ RunTime:0.012079s ]
INFO: [ view_filter ] --START--
INFO: Run Behavior\WriteHtmlCacheBehavior [ RunTime:0.000443s ]
INFO: [ view_filter ] --END-- [ RunTime:0.000560s ]
INFO: [ app_end ] --START--
INFO: Run Behavior\ShowPageTraceBehavior [ RunTime:0.000598s ]
INFO: [ app_end ] --END-- [ RunTime:0.000715s ]

[ 2017-06-30T10:58:04+08:00 ] 127.0.0.1 /index.php/Admin/Privilege/add.html
INFO: [ app_init ] --START--
INFO: Run Behavior\BuildLiteBehavior [ RunTime:0.000045s ]
INFO: [ app_init ] --END-- [ RunTime:0.000700s ]
INFO: [ app_begin ] --START--
INFO: Run Behavior\ReadHtmlCacheBehavior [ RunTime:0.000927s ]
INFO: [ app_begin ] --END-- [ RunTime:0.001149s ]
SQL: SHOW COLUMNS FROM `mall_attribute` [ RunTime:0.0011s ]
SQL: SHOW COLUMNS FROM `mall_type` [ RunTime:0.0009s ]
SQL: SHOW COLUMNS FROM `mall_category` [ RunTime:0.0009s ]
SQL: SHOW COLUMNS FROM `mall_goods` [ RunTime:0.0011s ]
SQL: SHOW COLUMNS FROM `mall_brand` [ RunTime:0.0010s ]
SQL: SHOW COLUMNS FROM `mall_privilege` [ RunTime:0.0008s ]
SQL: SELECT * FROM `mall_privilege`  [ RunTime:0.0004s ]
INFO: [ view_parse ] --START--
INFO: [ template_filter ] --START--
INFO: Run Behavior\ContentReplaceBehavior [ RunTime:0.000178s ]
INFO: [ template_filter ] --END-- [ RunTime:0.000410s ]
INFO: Run Behavior\ParseTemplateBehavior [ RunTime:0.010684s ]
INFO: [ view_parse ] --END-- [ RunTime:0.010870s ]
INFO: [ view_filter ] --START--
INFO: Run Behavior\WriteHtmlCacheBehavior [ RunTime:0.000471s ]
INFO: [ view_filter ] --END-- [ RunTime:0.000596s ]
INFO: [ app_end ] --START--
INFO: Run Behavior\ShowPageTraceBehavior [ RunTime:0.000711s ]
INFO: [ app_end ] --END-- [ RunTime:0.000833s ]

[ 2017-06-30T10:58:05+08:00 ] 127.0.0.1 /index.php/Admin/Privilege/lst.html
INFO: [ app_init ] --START--
INFO: Run Behavior\BuildLiteBehavior [ RunTime:0.000047s ]
INFO: [ app_init ] --END-- [ RunTime:0.000725s ]
INFO: [ app_begin ] --START--
INFO: Run Behavior\ReadHtmlCacheBehavior [ RunTime:0.000581s ]
INFO: [ app_begin ] --END-- [ RunTime:0.000721s ]
SQL: SHOW COLUMNS FROM `mall_attribute` [ RunTime:0.0011s ]
SQL: SHOW COLUMNS FROM `mall_type` [ RunTime:0.0013s ]
SQL: SHOW COLUMNS FROM `mall_category` [ RunTime:0.0009s ]
SQL: SHOW COLUMNS FROM `mall_goods` [ RunTime:0.0011s ]
SQL: SHOW COLUMNS FROM `mall_brand` [ RunTime:0.0009s ]
SQL: SHOW COLUMNS FROM `mall_privilege` [ RunTime:0.0008s ]
SQL: SELECT * FROM `mall_privilege`  [ RunTime:0.0004s ]
INFO: [ view_parse ] --START--
INFO: [ template_filter ] --START--
INFO: Run Behavior\ContentReplaceBehavior [ RunTime:0.000115s ]
INFO: [ template_filter ] --END-- [ RunTime:0.000254s ]
NOTIC: [8] Use of undefined constant is_show - assumed 'is_show' D:\rootwww\shangcheng\Application\Runtime\Cache\Admin\1c990affb7d51d2df56dce018d5c78a2.php 第 40 行.
NOTIC: [8] Use of undefined constant id - assumed 'id' D:\rootwww\shangcheng\Application\Runtime\Cache\Admin\1c990affb7d51d2df56dce018d5c78a2.php 第 43 行.
NOTIC: [8] Use of undefined constant id - assumed 'id' D:\rootwww\shangcheng\Application\Runtime\Cache\Admin\1c990affb7d51d2df56dce018d5c78a2.php 第 44 行.
NOTIC: [8] Use of undefined constant is_show - assumed 'is_show' D:\rootwww\shangcheng\Application\Runtime\Cache\Admin\1c990affb7d51d2df56dce018d5c78a2.php 第 40 行.
NOTIC: [8] Use of undefined constant id - assumed 'id' D:\rootwww\shangcheng\Application\Runtime\Cache\Admin\1c990affb7d51d2df56dce018d5c78a2.php 第 43 行.
NOTIC: [8] Use of undefined constant id - assumed 'id' D:\rootwww\shangcheng\Application\Runtime\Cache\Admin\1c990affb7d51d2df56dce018d5c78a2.php 第 44 行.
NOTIC: [8] Use of undefined constant is_show - assumed 'is_show' D:\rootwww\shangcheng\Application\Runtime\Cache\Admin\1c990affb7d51d2df56dce018d5c78a2.php 第 40 行.
NOTIC: [8] Use of undefined constant id - assumed 'id' D:\rootwww\shangcheng\Application\Runtime\Cache\Admin\1c990affb7d51d2df56dce018d5c78a2.php 第 43 行.
NOTIC: [8] Use of undefined constant id - assumed 'id' D:\rootwww\shangcheng\Application\Runtime\Cache\Admin\1c990affb7d51d2df56dce018d5c78a2.php 第 44 行.
NOTIC: [8] Use of undefined constant is_show - assumed 'is_show' D:\rootwww\shangcheng\Application\Runtime\Cache\Admin\1c990affb7d51d2df56dce018d5c78a2.php 第 40 行.
NOTIC: [8] Use of undefined constant id - assumed 'id' D:\rootwww\shangcheng\Application\Runtime\Cache\Admin\1c990affb7d51d2df56dce018d5c78a2.php 第 43 行.
NOTIC: [8] Use of undefined constant id - assumed 'id' D:\rootwww\shangcheng\Application\Runtime\Cache\Admin\1c990affb7d51d2df56dce018d5c78a2.php 第 44 行.
NOTIC: [8] Use of undefined constant is_show - assumed 'is_show' D:\rootwww\shangcheng\Application\Runtime\Cache\Admin\1c990affb7d51d2df56dce018d5c78a2.php 第 40 行.
NOTIC: [8] Use of undefined constant id - assumed 'id' D:\rootwww\shangcheng\Application\Runtime\Cache\Admin\1c990affb7d51d2df56dce018d5c78a2.php 第 43 行.
NOTIC: [8] Use of undefined constant id - assumed 'id' D:\rootwww\shangcheng\Application\Runtime\Cache\Admin\1c990affb7d51d2df56dce018d5c78a2.php 第 44 行.
NOTIC: [8] Use of undefined constant is_show - assumed 'is_show' D:\rootwww\shangcheng\Application\Runtime\Cache\Admin\1c990affb7d51d2df56dce018d5c78a2.php 第 40 行.
NOTIC: [8] Use of undefined constant id - assumed 'id' D:\rootwww\shangcheng\Application\Runtime\Cache\Admin\1c990affb7d51d2df56dce018d5c78a2.php 第 43 行.
NOTIC: [8] Use of undefined constant id - assumed 'id' D:\rootwww\shangcheng\Application\Runtime\Cache\Admin\1c990affb7d51d2df56dce018d5c78a2.php 第 44 行.
NOTIC: [8] Use of undefined constant is_show - assumed 'is_show' D:\rootwww\shangcheng\Application\Runtime\Cache\Admin\1c990affb7d51d2df56dce018d5c78a2.php 第 40 行.
NOTIC: [8] Use of undefined constant id - assumed 'id' D:\rootwww\shangcheng\Application\Runtime\Cache\Admin\1c990affb7d51d2df56dce018d5c78a2.php 第 43 行.
NOTIC: [8] Use of undefined constant id - assumed 'id' D:\rootwww\shangcheng\Application\Runtime\Cache\Admin\1c990affb7d51d2df56dce018d5c78a2.php 第 44 行.
NOTIC: [8] Use of undefined constant is_show - assumed 'is_show' D:\rootwww\shangcheng\Application\Runtime\Cache\Admin\1c990affb7d51d2df56dce018d5c78a2.php 第 40 行.
NOTIC: [8] Use of undefined constant id - assumed 'id' D:\rootwww\shangcheng\Application\Runtime\Cache\Admin\1c990affb7d51d2df56dce018d5c78a2.php 第 43 行.
NOTIC: [8] Use of undefined constant id - assumed 'id' D:\rootwww\shangcheng\Application\Runtime\Cache\Admin\1c990affb7d51d2df56dce018d5c78a2.php 第 44 行.
NOTIC: [8] Use of undefined constant is_show - assumed 'is_show' D:\rootwww\shangcheng\Application\Runtime\Cache\Admin\1c990affb7d51d2df56dce018d5c78a2.php 第 40 行.
NOTIC: [8] Use of undefined constant id - assumed 'id' D:\rootwww\shangcheng\Application\Runtime\Cache\Admin\1c990affb7d51d2df56dce018d5c78a2.php 第 43 行.
NOTIC: [8] Use of undefined constant id - assumed 'id' D:\rootwww\shangcheng\Application\Runtime\Cache\Admin\1c990affb7d51d2df56dce018d5c78a2.php 第 44 行.
NOTIC: [8] Use of undefined constant is_show - assumed 'is_show' D:\rootwww\shangcheng\Application\Runtime\Cache\Admin\1c990affb7d51d2df56dce018d5c78a2.php 第 40 行.
NOTIC: [8] Use of undefined constant id - assumed 'id' D:\rootwww\shangcheng\Application\Runtime\Cache\Admin\1c990affb7d51d2df56dce018d5c78a2.php 第 43 行.
NOTIC: [8] Use of undefined constant id - assumed 'id' D:\rootwww\shangcheng\Application\Runtime\Cache\Admin\1c990affb7d51d2df56dce018d5c78a2.php 第 44 行.
NOTIC: [8] Use of undefined constant is_show - assumed 'is_show' D:\rootwww\shangcheng\Application\Runtime\Cache\Admin\1c990affb7d51d2df56dce018d5c78a2.php 第 40 行.
NOTIC: [8] Use of undefined constant id - assumed 'id' D:\rootwww\shangcheng\Application\Runtime\Cache\Admin\1c990affb7d51d2df56dce018d5c78a2.php 第 43 行.
NOTIC: [8] Use of undefined constant id - assumed 'id' D:\rootwww\shangcheng\Application\Runtime\Cache\Admin\1c990affb7d51d2df56dce018d5c78a2.php 第 44 行.
NOTIC: [8] Use of undefined constant is_show - assumed 'is_show' D:\rootwww\shangcheng\Application\Runtime\Cache\Admin\1c990affb7d51d2df56dce018d5c78a2.php 第 40 行.
NOTIC: [8] Use of undefined constant id - assumed 'id' D:\rootwww\shangcheng\Application\Runtime\Cache\Admin\1c990affb7d51d2df56dce018d5c78a2.php 第 43 行.
NOTIC: [8] Use of undefined constant id - assumed 'id' D:\rootwww\shangcheng\Application\Runtime\Cache\Admin\1c990affb7d51d2df56dce018d5c78a2.php 第 44 行.
NOTIC: [8] Use of undefined constant is_show - assumed 'is_show' D:\rootwww\shangcheng\Application\Runtime\Cache\Admin\1c990affb7d51d2df56dce018d5c78a2.php 第 40 行.
NOTIC: [8] Use of undefined constant id - assumed 'id' D:\rootwww\shangcheng\Application\Runtime\Cache\Admin\1c990affb7d51d2df56dce018d5c78a2.php 第 43 行.
NOTIC: [8] Use of undefined constant id - assumed 'id' D:\rootwww\shangcheng\Application\Runtime\Cache\Admin\1c990affb7d51d2df56dce018d5c78a2.php 第 44 行.
NOTIC: [8] Use of undefined constant is_show - assumed 'is_show' D:\rootwww\shangcheng\Application\Runtime\Cache\Admin\1c990affb7d51d2df56dce018d5c78a2.php 第 40 行.
NOTIC: [8] Use of undefined constant id - assumed 'id' D:\rootwww\shangcheng\Application\Runtime\Cache\Admin\1c990affb7d51d2df56dce018d5c78a2.php 第 43 行.
NOTIC: [8] Use of undefined constant id - assumed 'id' D:\rootwww\shangcheng\Application\Runtime\Cache\Admin\1c990affb7d51d2df56dce018d5c78a2.php 第 44 行.
NOTIC: [8] Use of undefined constant is_show - assumed 'is_show' D:\rootwww\shangcheng\Application\Runtime\Cache\Admin\1c990affb7d51d2df56dce018d5c78a2.php 第 40 行.
NOTIC: [8] Use of undefined constant id - assumed 'id' D:\rootwww\shangcheng\Application\Runtime\Cache\Admin\1c990affb7d51d2df56dce018d5c78a2.php 第 43 行.
NOTIC: [8] Use of undefined constant id - assumed 'id' D:\rootwww\shangcheng\Application\Runtime\Cache\Admin\1c990affb7d51d2df56dce018d5c78a2.php 第 44 行.
NOTIC: [8] Use of undefined constant is_show - assumed 'is_show' D:\rootwww\shangcheng\Application\Runtime\Cache\Admin\1c990affb7d51d2df56dce018d5c78a2.php 第 40 行.
NOTIC: [8] Use of undefined constant id - assumed 'id' D:\rootwww\shangcheng\Application\Runtime\Cache\Admin\1c990affb7d51d2df56dce018d5c78a2.php 第 43 行.
NOTIC: [8] Use of undefined constant id - assumed 'id' D:\rootwww\shangcheng\Application\Runtime\Cache\Admin\1c990affb7d51d2df56dce018d5c78a2.php 第 44 行.
NOTIC: [8] Use of undefined constant is_show - assumed 'is_show' D:\rootwww\shangcheng\Application\Runtime\Cache\Admin\1c990affb7d51d2df56dce018d5c78a2.php 第 40 行.
NOTIC: [8] Use of undefined constant id - assumed 'id' D:\rootwww\shangcheng\Application\Runtime\Cache\Admin\1c990affb7d51d2df56dce018d5c78a2.php 第 43 行.
NOTIC: [8] Use of undefined constant id - assumed 'id' D:\rootwww\shangcheng\Application\Runtime\Cache\Admin\1c990affb7d51d2df56dce018d5c78a2.php 第 44 行.
NOTIC: [8] Use of undefined constant is_show - assumed 'is_show' D:\rootwww\shangcheng\Application\Runtime\Cache\Admin\1c990affb7d51d2df56dce018d5c78a2.php 第 40 行.
NOTIC: [8] Use of undefined constant id - assumed 'id' D:\rootwww\shangcheng\Application\Runtime\Cache\Admin\1c990affb7d51d2df56dce018d5c78a2.php 第 43 行.
NOTIC: [8] Use of undefined constant id - assumed 'id' D:\rootwww\shangcheng\Application\Runtime\Cache\Admin\1c990affb7d51d2df56dce018d5c78a2.php 第 44 行.
NOTIC: [8] Use of undefined constant is_show - assumed 'is_show' D:\rootwww\shangcheng\Application\Runtime\Cache\Admin\1c990affb7d51d2df56dce018d5c78a2.php 第 40 行.
NOTIC: [8] Use of undefined constant id - assumed 'id' D:\rootwww\shangcheng\Application\Runtime\Cache\Admin\1c990affb7d51d2df56dce018d5c78a2.php 第 43 行.
NOTIC: [8] Use of undefined constant id - assumed 'id' D:\rootwww\shangcheng\Application\Runtime\Cache\Admin\1c990affb7d51d2df56dce018d5c78a2.php 第 44 行.
NOTIC: [8] Use of undefined constant is_show - assumed 'is_show' D:\rootwww\shangcheng\Application\Runtime\Cache\Admin\1c990affb7d51d2df56dce018d5c78a2.php 第 40 行.
NOTIC: [8] Use of undefined constant id - assumed 'id' D:\rootwww\shangcheng\Application\Runtime\Cache\Admin\1c990affb7d51d2df56dce018d5c78a2.php 第 43 行.
NOTIC: [8] Use of undefined constant id - assumed 'id' D:\rootwww\shangcheng\Application\Runtime\Cache\Admin\1c990affb7d51d2df56dce018d5c78a2.php 第 44 行.
NOTIC: [8] Use of undefined constant is_show - assumed 'is_show' D:\rootwww\shangcheng\Application\Runtime\Cache\Admin\1c990affb7d51d2df56dce018d5c78a2.php 第 40 行.
NOTIC: [8] Use of undefined constant id - assumed 'id' D:\rootwww\shangcheng\Application\Runtime\Cache\Admin\1c990affb7d51d2df56dce018d5c78a2.php 第 43 行.
NOTIC: [8] Use of undefined constant id - assumed 'id' D:\rootwww\shangcheng\Application\Runtime\Cache\Admin\1c990affb7d51d2df56dce018d5c78a2.php 第 44 行.
NOTIC: [8] Use of undefined constant is_show - assumed 'is_show' D:\rootwww\shangcheng\Application\Runtime\Cache\Admin\1c990affb7d51d2df56dce018d5c78a2.php 第 40 行.
NOTIC: [8] Use of undefined constant id - assumed 'id' D:\rootwww\shangcheng\Application\Runtime\Cache\Admin\1c990affb7d51d2df56dce018d5c78a2.php 第 43 行.
NOTIC: [8] Use of undefined constant id - assumed 'id' D:\rootwww\shangcheng\Application\Runtime\Cache\Admin\1c990affb7d51d2df56dce018d5c78a2.php 第 44 行.
NOTIC: [8] Use of undefined constant is_show - assumed 'is_show' D:\rootwww\shangcheng\Application\Runtime\Cache\Admin\1c990affb7d51d2df56dce018d5c78a2.php 第 40 行.
NOTIC: [8] Use of undefined constant id - assumed 'id' D:\rootwww\shangcheng\Application\Runtime\Cache\Admin\1c990affb7d51d2df56dce018d5c78a2.php 第 43 行.
NOTIC: [8] Use of undefined constant id - assumed 'id' D:\rootwww\shangcheng\Application\Runtime\Cache\Admin\1c990affb7d51d2df56dce018d5c78a2.php 第 44 行.
NOTIC: [8] Use of undefined constant is_show - assumed 'is_show' D:\rootwww\shangcheng\Application\Runtime\Cache\Admin\1c990affb7d51d2df56dce018d5c78a2.php 第 40 行.
NOTIC: [8] Use of undefined constant id - assumed 'id' D:\rootwww\shangcheng\Application\Runtime\Cache\Admin\1c990affb7d51d2df56dce018d5c78a2.php 第 43 行.
NOTIC: [8] Use of undefined constant id - assumed 'id' D:\rootwww\shangcheng\Application\Runtime\Cache\Admin\1c990affb7d51d2df56dce018d5c78a2.php 第 44 行.
NOTIC: [8] Use of undefined constant is_show - assumed 'is_show' D:\rootwww\shangcheng\Application\Runtime\Cache\Admin\1c990affb7d51d2df56dce018d5c78a2.php 第 40 行.
NOTIC: [8] Use of undefined constant id - assumed 'id' D:\rootwww\shangcheng\Application\Runtime\Cache\Admin\1c990affb7d51d2df56dce018d5c78a2.php 第 43 行.
NOTIC: [8] Use of undefined constant id - assumed 'id' D:\rootwww\shangcheng\Application\Runtime\Cache\Admin\1c990affb7d51d2df56dce018d5c78a2.php 第 44 行.
INFO: Run Behavior\ParseTemplateBehavior [ RunTime:0.018894s ]
INFO: [ view_parse ] --END-- [ RunTime:0.019020s ]
INFO: [ view_filter ] --START--
INFO: Run Behavior\WriteHtmlCacheBehavior [ RunTime:0.000491s ]
INFO: [ view_filter ] --END-- [ RunTime:0.000609s ]
INFO: [ app_end ] --START--
INFO: Run Behavior\ShowPageTraceBehavior [ RunTime:0.000931s ]
INFO: [ app_end ] --END-- [ RunTime:0.001110s ]

[ 2017-06-30T10:58:06+08:00 ] 127.0.0.1 /index.php/Admin/Admin/log.html
INFO: [ app_init ] --START--
INFO: Run Behavior\BuildLiteBehavior [ RunTime:0.000032s ]
INFO: [ app_init ] --END-- [ RunTime:0.000642s ]
INFO: [ app_begin ] --START--
INFO: Run Behavior\ReadHtmlCacheBehavior [ RunTime:0.000814s ]
INFO: [ app_begin ] --END-- [ RunTime:0.001003s ]
SQL: SHOW COLUMNS FROM `mall_attribute` [ RunTime:0.0009s ]
SQL: SHOW COLUMNS FROM `mall_type` [ RunTime:0.0008s ]
SQL: SHOW COLUMNS FROM `mall_category` [ RunTime:0.0014s ]
SQL: SHOW COLUMNS FROM `mall_goods` [ RunTime:0.0015s ]
SQL: SHOW COLUMNS FROM `mall_brand` [ RunTime:0.0009s ]
ERR: 非法操作:log

[ 2017-06-30T10:58:06+08:00 ] 127.0.0.1 /index.php/Admin/Admin/lst.html
INFO: [ app_init ] --START--
INFO: Run Behavior\BuildLiteBehavior [ RunTime:0.000044s ]
INFO: [ app_init ] --END-- [ RunTime:0.000673s ]
INFO: [ app_begin ] --START--
INFO: Run Behavior\ReadHtmlCacheBehavior [ RunTime:0.000910s ]
INFO: [ app_begin ] --END-- [ RunTime:0.001125s ]
SQL: SHOW COLUMNS FROM `mall_attribute` [ RunTime:0.0008s ]
SQL: SHOW COLUMNS FROM `mall_type` [ RunTime:0.0008s ]
SQL: SHOW COLUMNS FROM `mall_category` [ RunTime:0.0009s ]
SQL: SHOW COLUMNS FROM `mall_goods` [ RunTime:0.0010s ]
SQL: SHOW COLUMNS FROM `mall_brand` [ RunTime:0.0010s ]
SQL: SHOW COLUMNS FROM `mall_admin` [ RunTime:0.0009s ]
SQL: SELECT * FROM `mall_admin` WHERE `is_admin` = 0  [ RunTime:0.0004s ]
INFO: [ view_parse ] --START--
INFO: [ template_filter ] --START--
INFO: Run Behavior\ContentReplaceBehavior [ RunTime:0.000117s ]
INFO: [ template_filter ] --END-- [ RunTime:0.000255s ]
NOTIC: [8] Use of undefined constant id - assumed 'id' D:\rootwww\shangcheng\Application\Runtime\Cache\Admin\2e0a6b0b98cf96bc15633704312e45ee.php 第 39 行.
NOTIC: [8] Use of undefined constant id - assumed 'id' D:\rootwww\shangcheng\Application\Runtime\Cache\Admin\2e0a6b0b98cf96bc15633704312e45ee.php 第 40 行.
NOTIC: [8] Use of undefined constant id - assumed 'id' D:\rootwww\shangcheng\Application\Runtime\Cache\Admin\2e0a6b0b98cf96bc15633704312e45ee.php 第 39 行.
NOTIC: [8] Use of undefined constant id - assumed 'id' D:\rootwww\shangcheng\Application\Runtime\Cache\Admin\2e0a6b0b98cf96bc15633704312e45ee.php 第 40 行.
NOTIC: [8] Undefined variable: show D:\rootwww\shangcheng\Application\Runtime\Cache\Admin\2e0a6b0b98cf96bc15633704312e45ee.php 第 48 行.
INFO: Run Behavior\ParseTemplateBehavior [ RunTime:0.013354s ]
INFO: [ view_parse ] --END-- [ RunTime:0.013496s ]
INFO: [ view_filter ] --START--
INFO: Run Behavior\WriteHtmlCacheBehavior [ RunTime:0.000476s ]
INFO: [ view_filter ] --END-- [ RunTime:0.000591s ]
INFO: [ app_end ] --START--
INFO: Run Behavior\ShowPageTraceBehavior [ RunTime:0.000682s ]
INFO: [ app_end ] --END-- [ RunTime:0.000810s ]

[ 2017-06-30T10:58:07+08:00 ] 127.0.0.1 /index.php/Admin/Admin/log.html
INFO: [ app_init ] --START--
INFO: Run Behavior\BuildLiteBehavior [ RunTime:0.000026s ]
INFO: [ app_init ] --END-- [ RunTime:0.000431s ]
INFO: [ app_begin ] --START--
INFO: Run Behavior\ReadHtmlCacheBehavior [ RunTime:0.000640s ]
INFO: [ app_begin ] --END-- [ RunTime:0.000796s ]
SQL: SHOW COLUMNS FROM `mall_attribute` [ RunTime:0.0010s ]
SQL: SHOW COLUMNS FROM `mall_type` [ RunTime:0.0007s ]
SQL: SHOW COLUMNS FROM `mall_category` [ RunTime:0.0009s ]
SQL: SHOW COLUMNS FROM `mall_goods` [ RunTime:0.0012s ]
SQL: SHOW COLUMNS FROM `mall_brand` [ RunTime:0.0009s ]
ERR: 非法操作:log

[ 2017-06-30T10:58:09+08:00 ] 127.0.0.1 /index.php/Admin/Admin/lst.html
INFO: [ app_init ] --START--
INFO: Run Behavior\BuildLiteBehavior [ RunTime:0.000026s ]
INFO: [ app_init ] --END-- [ RunTime:0.000431s ]
INFO: [ app_begin ] --START--
INFO: Run Behavior\ReadHtmlCacheBehavior [ RunTime:0.000599s ]
INFO: [ app_begin ] --END-- [ RunTime:0.000726s ]
SQL: SHOW COLUMNS FROM `mall_attribute` [ RunTime:0.0010s ]
SQL: SHOW COLUMNS FROM `mall_type` [ RunTime:0.0008s ]
SQL: SHOW COLUMNS FROM `mall_category` [ RunTime:0.0010s ]
SQL: SHOW COLUMNS FROM `mall_goods` [ RunTime:0.0010s ]
SQL: SHOW COLUMNS FROM `mall_brand` [ RunTime:0.0008s ]
SQL: SHOW COLUMNS FROM `mall_admin` [ RunTime:0.0013s ]
SQL: SELECT * FROM `mall_admin` WHERE `is_admin` = 0  [ RunTime:0.0005s ]
INFO: [ view_parse ] --START--
INFO: [ template_filter ] --START--
INFO: Run Behavior\ContentReplaceBehavior [ RunTime:0.000194s ]
INFO: [ template_filter ] --END-- [ RunTime:0.000414s ]
NOTIC: [8] Use of undefined constant id - assumed 'id' D:\rootwww\shangcheng\Application\Runtime\Cache\Admin\2e0a6b0b98cf96bc15633704312e45ee.php 第 39 行.
NOTIC: [8] Use of undefined constant id - assumed 'id' D:\rootwww\shangcheng\Application\Runtime\Cache\Admin\2e0a6b0b98cf96bc15633704312e45ee.php 第 40 行.
NOTIC: [8] Use of undefined constant id - assumed 'id' D:\rootwww\shangcheng\Application\Runtime\Cache\Admin\2e0a6b0b98cf96bc15633704312e45ee.php 第 39 行.
NOTIC: [8] Use of undefined constant id - assumed 'id' D:\rootwww\shangcheng\Application\Runtime\Cache\Admin\2e0a6b0b98cf96bc15633704312e45ee.php 第 40 行.
NOTIC: [8] Undefined variable: show D:\rootwww\shangcheng\Application\Runtime\Cache\Admin\2e0a6b0b98cf96bc15633704312e45ee.php 第 48 行.
INFO: Run Behavior\ParseTemplateBehavior [ RunTime:0.012096s ]
INFO: [ view_parse ] --END-- [ RunTime:0.012223s ]
INFO: [ view_filter ] --START--
INFO: Run Behavior\WriteHtmlCacheBehavior [ RunTime:0.000418s ]
INFO: [ view_filter ] --END-- [ RunTime:0.000532s ]
INFO: [ app_end ] --START--
INFO: Run Behavior\ShowPageTraceBehavior [ RunTime:0.000695s ]
INFO: [ app_end ] --END-- [ RunTime:0.000838s ]

[ 2017-06-30T10:58:12+08:00 ] 127.0.0.1 /index.php/Admin/Admin/lst.html
INFO: [ app_init ] --START--
INFO: Run Behavior\BuildLiteBehavior [ RunTime:0.000027s ]
INFO: [ app_init ] --END-- [ RunTime:0.000447s ]
INFO: [ app_begin ] --START--
INFO: Run Behavior\ReadHtmlCacheBehavior [ RunTime:0.000619s ]
INFO: [ app_begin ] --END-- [ RunTime:0.000776s ]
SQL: SHOW COLUMNS FROM `mall_attribute` [ RunTime:0.0010s ]
SQL: SHOW COLUMNS FROM `mall_type` [ RunTime:0.0008s ]
SQL: SHOW COLUMNS FROM `mall_category` [ RunTime:0.0008s ]
SQL: SHOW COLUMNS FROM `mall_goods` [ RunTime:0.0011s ]
SQL: SHOW COLUMNS FROM `mall_brand` [ RunTime:0.0011s ]
SQL: SHOW COLUMNS FROM `mall_admin` [ RunTime:0.0012s ]
SQL: SELECT * FROM `mall_admin` WHERE `is_admin` = 0  [ RunTime:0.0004s ]
INFO: [ view_parse ] --START--
INFO: [ template_filter ] --START--
INFO: Run Behavior\ContentReplaceBehavior [ RunTime:0.000154s ]
INFO: [ template_filter ] --END-- [ RunTime:0.000291s ]
NOTIC: [8] Use of undefined constant id - assumed 'id' D:\rootwww\shangcheng\Application\Runtime\Cache\Admin\2e0a6b0b98cf96bc15633704312e45ee.php 第 39 行.
NOTIC: [8] Use of undefined constant id - assumed 'id' D:\rootwww\shangcheng\Application\Runtime\Cache\Admin\2e0a6b0b98cf96bc15633704312e45ee.php 第 40 行.
NOTIC: [8] Use of undefined constant id - assumed 'id' D:\rootwww\shangcheng\Application\Runtime\Cache\Admin\2e0a6b0b98cf96bc15633704312e45ee.php 第 39 行.
NOTIC: [8] Use of undefined constant id - assumed 'id' D:\rootwww\shangcheng\Application\Runtime\Cache\Admin\2e0a6b0b98cf96bc15633704312e45ee.php 第 40 行.
NOTIC: [8] Undefined variable: show D:\rootwww\shangcheng\Application\Runtime\Cache\Admin\2e0a6b0b98cf96bc15633704312e45ee.php 第 48 行.
INFO: Run Behavior\ParseTemplateBehavior [ RunTime:0.010016s ]
INFO: [ view_parse ] --END-- [ RunTime:0.010141s ]
INFO: [ view_filter ] --START--
INFO: Run Behavior\WriteHtmlCacheBehavior [ RunTime:0.000482s ]
INFO: [ view_filter ] --END-- [ RunTime:0.000596s ]
INFO: [ app_end ] --START--
INFO: Run Behavior\ShowPageTraceBehavior [ RunTime:0.000596s ]
INFO: [ app_end ] --END-- [ RunTime:0.000713s ]

[ 2017-06-30T10:58:13+08:00 ] 127.0.0.1 /index.php/Admin/Goods/trash.html
INFO: [ app_init ] --START--
INFO: Run Behavior\BuildLiteBehavior [ RunTime:0.000026s ]
INFO: [ app_init ] --END-- [ RunTime:0.000433s ]
INFO: [ app_begin ] --START--
INFO: Run Behavior\ReadHtmlCacheBehavior [ RunTime:0.000610s ]
INFO: [ app_begin ] --END-- [ RunTime:0.000734s ]
SQL: SHOW COLUMNS FROM `mall_attribute` [ RunTime:0.0009s ]
SQL: SHOW COLUMNS FROM `mall_type` [ RunTime:0.0009s ]
SQL: SHOW COLUMNS FROM `mall_category` [ RunTime:0.0008s ]
SQL: SHOW COLUMNS FROM `mall_goods` [ RunTime:0.0012s ]
SQL: SHOW COLUMNS FROM `mall_brand` [ RunTime:0.0009s ]
SQL: SELECT * FROM `mall_goods` WHERE `is_delete` = 1  [ RunTime:0.0012s ]
INFO: [ view_parse ] --START--
INFO: [ template_filter ] --START--
INFO: Run Behavior\ContentReplaceBehavior [ RunTime:0.000112s ]
INFO: [ template_filter ] --END-- [ RunTime:0.000239s ]
NOTIC: [8] Use of undefined constant index - assumed 'index' D:\rootwww\shangcheng\Application\Runtime\Cache\Admin\48c0539f7c9ba8a8e8f2a908c461cd61.php 第 17 行.
NOTIC: [8] Use of undefined constant main - assumed 'main' D:\rootwww\shangcheng\Application\Runtime\Cache\Admin\48c0539f7c9ba8a8e8f2a908c461cd61.php 第 17 行.
NOTIC: [2] Division by zero D:\rootwww\shangcheng\Application\Runtime\Cache\Admin\48c0539f7c9ba8a8e8f2a908c461cd61.php 第 17 行.
INFO: Run Behavior\ParseTemplateBehavior [ RunTime:0.010895s ]
INFO: [ view_parse ] --END-- [ RunTime:0.011220s ]
INFO: [ view_filter ] --START--
INFO: Run Behavior\WriteHtmlCacheBehavior [ RunTime:0.000560s ]
INFO: [ view_filter ] --END-- [ RunTime:0.000687s ]
INFO: [ app_end ] --START--
INFO: Run Behavior\ShowPageTraceBehavior [ RunTime:0.000618s ]
INFO: [ app_end ] --END-- [ RunTime:0.000759s ]

[ 2017-06-30T10:58:14+08:00 ] 127.0.0.1 /index.php/Admin/Brand/lst.html
INFO: [ app_init ] --START--
INFO: Run Behavior\BuildLiteBehavior [ RunTime:0.000029s ]
INFO: [ app_init ] --END-- [ RunTime:0.000528s ]
INFO: [ app_begin ] --START--
INFO: Run Behavior\ReadHtmlCacheBehavior [ RunTime:0.000647s ]
INFO: [ app_begin ] --END-- [ RunTime:0.000780s ]
SQL: SHOW COLUMNS FROM `mall_attribute` [ RunTime:0.0011s ]
SQL: SHOW COLUMNS FROM `mall_type` [ RunTime:0.0010s ]
SQL: SHOW COLUMNS FROM `mall_category` [ RunTime:0.0012s ]
SQL: SHOW COLUMNS FROM `mall_goods` [ RunTime:0.0011s ]
SQL: SHOW COLUMNS FROM `mall_brand` [ RunTime:0.0010s ]
SQL: SELECT * FROM `mall_brand` WHERE `is_show` = 1  [ RunTime:0.0004s ]
INFO: [ view_parse ] --START--
INFO: [ template_filter ] --START--
INFO: Run Behavior\ContentReplaceBehavior [ RunTime:0.000140s ]
INFO: [ template_filter ] --END-- [ RunTime:0.000288s ]
NOTIC: [8] Use of undefined constant is_show - assumed 'is_show' D:\rootwww\shangcheng\Application\Runtime\Cache\Admin\6be123300bd3bf15436cbc79ad313de4.php 第 50 行.
NOTIC: [8] Use of undefined constant id - assumed 'id' D:\rootwww\shangcheng\Application\Runtime\Cache\Admin\6be123300bd3bf15436cbc79ad313de4.php 第 56 行.
NOTIC: [8] Use of undefined constant is_show - assumed 'is_show' D:\rootwww\shangcheng\Application\Runtime\Cache\Admin\6be123300bd3bf15436cbc79ad313de4.php 第 50 行.
NOTIC: [8] Use of undefined constant id - assumed 'id' D:\rootwww\shangcheng\Application\Runtime\Cache\Admin\6be123300bd3bf15436cbc79ad313de4.php 第 56 行.
NOTIC: [8] Use of undefined constant is_show - assumed 'is_show' D:\rootwww\shangcheng\Application\Runtime\Cache\Admin\6be123300bd3bf15436cbc79ad313de4.php 第 50 行.
NOTIC: [8] Use of undefined constant id - assumed 'id' D:\rootwww\shangcheng\Application\Runtime\Cache\Admin\6be123300bd3bf15436cbc79ad313de4.php 第 56 行.
NOTIC: [8] Use of undefined constant is_show - assumed 'is_show' D:\rootwww\shangcheng\Application\Runtime\Cache\Admin\6be123300bd3bf15436cbc79ad313de4.php 第 50 行.
NOTIC: [8] Use of undefined constant id - assumed 'id' D:\rootwww\shangcheng\Application\Runtime\Cache\Admin\6be123300bd3bf15436cbc79ad313de4.php 第 56 行.
NOTIC: [8] Use of undefined constant is_show - assumed 'is_show' D:\rootwww\shangcheng\Application\Runtime\Cache\Admin\6be123300bd3bf15436cbc79ad313de4.php 第 50 行.
NOTIC: [8] Use of undefined constant id - assumed 'id' D:\rootwww\shangcheng\Application\Runtime\Cache\Admin\6be123300bd3bf15436cbc79ad313de4.php 第 56 行.
INFO: Run Behavior\ParseTemplateBehavior [ RunTime:0.012390s ]
INFO: [ view_parse ] --END-- [ RunTime:0.012527s ]
INFO: [ view_filter ] --START--
INFO: Run Behavior\WriteHtmlCacheBehavior [ RunTime:0.000429s ]
INFO: [ view_filter ] --END-- [ RunTime:0.000543s ]
INFO: [ app_end ] --START--
INFO: Run Behavior\ShowPageTraceBehavior [ RunTime:0.000736s ]
INFO: [ app_end ] --END-- [ RunTime:0.000919s ]

[ 2017-06-30T10:58:14+08:00 ] 127.0.0.1 /index.php/Admin/Type/lst.html
INFO: [ app_init ] --START--
INFO: Run Behavior\BuildLiteBehavior [ RunTime:0.000027s ]
INFO: [ app_init ] --END-- [ RunTime:0.000452s ]
INFO: [ app_begin ] --START--
INFO: Run Behavior\ReadHtmlCacheBehavior [ RunTime:0.000689s ]
INFO: [ app_begin ] --END-- [ RunTime:0.000817s ]
SQL: SHOW COLUMNS FROM `mall_attribute` [ RunTime:0.0019s ]
SQL: SHOW COLUMNS FROM `mall_type` [ RunTime:0.0008s ]
SQL: SHOW COLUMNS FROM `mall_category` [ RunTime:0.0007s ]
SQL: SHOW COLUMNS FROM `mall_goods` [ RunTime:0.0008s ]
SQL: SHOW COLUMNS FROM `mall_brand` [ RunTime:0.0007s ]
SQL: SELECT COUNT(*) AS tp_count FROM `mall_type` LIMIT 1   [ RunTime:0.0023s ]
SQL: SELECT * FROM `mall_type` LIMIT 0,10   [ RunTime:0.0006s ]
INFO: [ view_parse ] --START--
INFO: [ template_filter ] --START--
INFO: Run Behavior\ContentReplaceBehavior [ RunTime:0.000112s ]
INFO: [ template_filter ] --END-- [ RunTime:0.000243s ]
NOTIC: [8] Use of undefined constant id - assumed 'id' D:\rootwww\shangcheng\Application\Runtime\Cache\Admin\9e1e5841af12860e6ba08b9e55eb68af.php 第 37 行.
NOTIC: [8] Use of undefined constant id - assumed 'id' D:\rootwww\shangcheng\Application\Runtime\Cache\Admin\9e1e5841af12860e6ba08b9e55eb68af.php 第 38 行.
NOTIC: [8] Use of undefined constant id - assumed 'id' D:\rootwww\shangcheng\Application\Runtime\Cache\Admin\9e1e5841af12860e6ba08b9e55eb68af.php 第 37 行.
NOTIC: [8] Use of undefined constant id - assumed 'id' D:\rootwww\shangcheng\Application\Runtime\Cache\Admin\9e1e5841af12860e6ba08b9e55eb68af.php 第 38 行.
NOTIC: [8] Use of undefined constant id - assumed 'id' D:\rootwww\shangcheng\Application\Runtime\Cache\Admin\9e1e5841af12860e6ba08b9e55eb68af.php 第 37 行.
NOTIC: [8] Use of undefined constant id - assumed 'id' D:\rootwww\shangcheng\Application\Runtime\Cache\Admin\9e1e5841af12860e6ba08b9e55eb68af.php 第 38 行.
NOTIC: [8] Use of undefined constant id - assumed 'id' D:\rootwww\shangcheng\Application\Runtime\Cache\Admin\9e1e5841af12860e6ba08b9e55eb68af.php 第 37 行.
NOTIC: [8] Use of undefined constant id - assumed 'id' D:\rootwww\shangcheng\Application\Runtime\Cache\Admin\9e1e5841af12860e6ba08b9e55eb68af.php 第 38 行.
NOTIC: [8] Use of undefined constant id - assumed 'id' D:\rootwww\shangcheng\Application\Runtime\Cache\Admin\9e1e5841af12860e6ba08b9e55eb68af.php 第 37 行.
NOTIC: [8] Use of undefined constant id - assumed 'id' D:\rootwww\shangcheng\Application\Runtime\Cache\Admin\9e1e5841af12860e6ba08b9e55eb68af.php 第 38 行.
NOTIC: [8] Use of undefined constant id - assumed 'id' D:\rootwww\shangcheng\Application\Runtime\Cache\Admin\9e1e5841af12860e6ba08b9e55eb68af.php 第 37 行.
NOTIC: [8] Use of undefined constant id - assumed 'id' D:\rootwww\shangcheng\Application\Runtime\Cache\Admin\9e1e5841af12860e6ba08b9e55eb68af.php 第 38 行.
NOTIC: [8] Use of undefined constant id - assumed 'id' D:\rootwww\shangcheng\Application\Runtime\Cache\Admin\9e1e5841af12860e6ba08b9e55eb68af.php 第 37 行.
NOTIC: [8] Use of undefined constant id - assumed 'id' D:\rootwww\shangcheng\Application\Runtime\Cache\Admin\9e1e5841af12860e6ba08b9e55eb68af.php 第 38 行.
NOTIC: [8] Use of undefined constant id - assumed 'id' D:\rootwww\shangcheng\Application\Runtime\Cache\Admin\9e1e5841af12860e6ba08b9e55eb68af.php 第 37 行.
NOTIC: [8] Use of undefined constant id - assumed 'id' D:\rootwww\shangcheng\Application\Runtime\Cache\Admin\9e1e5841af12860e6ba08b9e55eb68af.php 第 38 行.
INFO: Run Behavior\ParseTemplateBehavior [ RunTime:0.013051s ]
INFO: [ view_parse ] --END-- [ RunTime:0.013190s ]
INFO: [ view_filter ] --START--
INFO: Run Behavior\WriteHtmlCacheBehavior [ RunTime:0.000487s ]
INFO: [ view_filter ] --END-- [ RunTime:0.000604s ]
INFO: [ app_end ] --START--
INFO: Run Behavior\ShowPageTraceBehavior [ RunTime:0.000802s ]
INFO: [ app_end ] --END-- [ RunTime:0.001021s ]

[ 2017-06-30T10:58:15+08:00 ] 127.0.0.1 /index.php/Admin/Category/lst.html
INFO: [ app_init ] --START--
INFO: Run Behavior\BuildLiteBehavior [ RunTime:0.000027s ]
INFO: [ app_init ] --END-- [ RunTime:0.000470s ]
INFO: [ app_begin ] --START--
INFO: Run Behavior\ReadHtmlCacheBehavior [ RunTime:0.001380s ]
INFO: [ app_begin ] --END-- [ RunTime:0.001600s ]
SQL: SHOW COLUMNS FROM `mall_attribute` [ RunTime:0.0014s ]
SQL: SHOW COLUMNS FROM `mall_type` [ RunTime:0.0011s ]
SQL: SHOW COLUMNS FROM `mall_category` [ RunTime:0.0009s ]
SQL: SHOW COLUMNS FROM `mall_goods` [ RunTime:0.0010s ]
SQL: SHOW COLUMNS FROM `mall_brand` [ RunTime:0.0009s ]
SQL: SELECT * FROM `mall_category` WHERE `status` = 1  [ RunTime:0.0004s ]
INFO: [ view_parse ] --START--
INFO: [ template_filter ] --START--
INFO: Run Behavior\ContentReplaceBehavior [ RunTime:0.000124s ]
INFO: [ template_filter ] --END-- [ RunTime:0.000260s ]
NOTIC: [8] Use of undefined constant nav_show - assumed 'nav_show' D:\rootwww\shangcheng\Application\Runtime\Cache\Admin\395c0ba78bddab9d6617dcec0f2fd9a9.php 第 38 行.
NOTIC: [8] Use of undefined constant is_show - assumed 'is_show' D:\rootwww\shangcheng\Application\Runtime\Cache\Admin\395c0ba78bddab9d6617dcec0f2fd9a9.php 第 41 行.
NOTIC: [8] Use of undefined constant id - assumed 'id' D:\rootwww\shangcheng\Application\Runtime\Cache\Admin\395c0ba78bddab9d6617dcec0f2fd9a9.php 第 45 行.
NOTIC: [8] Use of undefined constant id - assumed 'id' D:\rootwww\shangcheng\Application\Runtime\Cache\Admin\395c0ba78bddab9d6617dcec0f2fd9a9.php 第 46 行.
NOTIC: [8] Use of undefined constant nav_show - assumed 'nav_show' D:\rootwww\shangcheng\Application\Runtime\Cache\Admin\395c0ba78bddab9d6617dcec0f2fd9a9.php 第 38 行.
NOTIC: [8] Use of undefined constant is_show - assumed 'is_show' D:\rootwww\shangcheng\Application\Runtime\Cache\Admin\395c0ba78bddab9d6617dcec0f2fd9a9.php 第 41 行.
NOTIC: [8] Use of undefined constant id - assumed 'id' D:\rootwww\shangcheng\Application\Runtime\Cache\Admin\395c0ba78bddab9d6617dcec0f2fd9a9.php 第 45 行.
NOTIC: [8] Use of undefined constant id - assumed 'id' D:\rootwww\shangcheng\Application\Runtime\Cache\Admin\395c0ba78bddab9d6617dcec0f2fd9a9.php 第 46 行.
NOTIC: [8] Use of undefined constant nav_show - assumed 'nav_show' D:\rootwww\shangcheng\Application\Runtime\Cache\Admin\395c0ba78bddab9d6617dcec0f2fd9a9.php 第 38 行.
NOTIC: [8] Use of undefined constant is_show - assumed 'is_show' D:\rootwww\shangcheng\Application\Runtime\Cache\Admin\395c0ba78bddab9d6617dcec0f2fd9a9.php 第 41 行.
NOTIC: [8] Use of undefined constant id - assumed 'id' D:\rootwww\shangcheng\Application\Runtime\Cache\Admin\395c0ba78bddab9d6617dcec0f2fd9a9.php 第 45 行.
NOTIC: [8] Use of undefined constant id - assumed 'id' D:\rootwww\shangcheng\Application\Runtime\Cache\Admin\395c0ba78bddab9d6617dcec0f2fd9a9.php 第 46 行.
NOTIC: [8] Use of undefined constant nav_show - assumed 'nav_show' D:\rootwww\shangcheng\Application\Runtime\Cache\Admin\395c0ba78bddab9d6617dcec0f2fd9a9.php 第 38 行.
NOTIC: [8] Use of undefined constant is_show - assumed 'is_show' D:\rootwww\shangcheng\Application\Runtime\Cache\Admin\395c0ba78bddab9d6617dcec0f2fd9a9.php 第 41 行.
NOTIC: [8] Use of undefined constant id - assumed 'id' D:\rootwww\shangcheng\Application\Runtime\Cache\Admin\395c0ba78bddab9d6617dcec0f2fd9a9.php 第 45 行.
NOTIC: [8] Use of undefined constant id - assumed 'id' D:\rootwww\shangcheng\Application\Runtime\Cache\Admin\395c0ba78bddab9d6617dcec0f2fd9a9.php 第 46 行.
NOTIC: [8] Use of undefined constant nav_show - assumed 'nav_show' D:\rootwww\shangcheng\Application\Runtime\Cache\Admin\395c0ba78bddab9d6617dcec0f2fd9a9.php 第 38 行.
NOTIC: [8] Use of undefined constant is_show - assumed 'is_show' D:\rootwww\shangcheng\Application\Runtime\Cache\Admin\395c0ba78bddab9d6617dcec0f2fd9a9.php 第 41 行.
NOTIC: [8] Use of undefined constant id - assumed 'id' D:\rootwww\shangcheng\Application\Runtime\Cache\Admin\395c0ba78bddab9d6617dcec0f2fd9a9.php 第 45 行.
NOTIC: [8] Use of undefined constant id - assumed 'id' D:\rootwww\shangcheng\Application\Runtime\Cache\Admin\395c0ba78bddab9d6617dcec0f2fd9a9.php 第 46 行.
NOTIC: [8] Use of undefined constant nav_show - assumed 'nav_show' D:\rootwww\shangcheng\Application\Runtime\Cache\Admin\395c0ba78bddab9d6617dcec0f2fd9a9.php 第 38 行.
NOTIC: [8] Use of undefined constant is_show - assumed 'is_show' D:\rootwww\shangcheng\Application\Runtime\Cache\Admin\395c0ba78bddab9d6617dcec0f2fd9a9.php 第 41 行.
NOTIC: [8] Use of undefined constant id - assumed 'id' D:\rootwww\shangcheng\Application\Runtime\Cache\Admin\395c0ba78bddab9d6617dcec0f2fd9a9.php 第 45 行.
NOTIC: [8] Use of undefined constant id - assumed 'id' D:\rootwww\shangcheng\Application\Runtime\Cache\Admin\395c0ba78bddab9d6617dcec0f2fd9a9.php 第 46 行.
NOTIC: [8] Use of undefined constant nav_show - assumed 'nav_show' D:\rootwww\shangcheng\Application\Runtime\Cache\Admin\395c0ba78bddab9d6617dcec0f2fd9a9.php 第 38 行.
NOTIC: [8] Use of undefined constant is_show - assumed 'is_show' D:\rootwww\shangcheng\Application\Runtime\Cache\Admin\395c0ba78bddab9d6617dcec0f2fd9a9.php 第 41 行.
NOTIC: [8] Use of undefined constant id - assumed 'id' D:\rootwww\shangcheng\Application\Runtime\Cache\Admin\395c0ba78bddab9d6617dcec0f2fd9a9.php 第 45 行.
NOTIC: [8] Use of undefined constant id - assumed 'id' D:\rootwww\shangcheng\Application\Runtime\Cache\Admin\395c0ba78bddab9d6617dcec0f2fd9a9.php 第 46 行.
NOTIC: [8] Use of undefined constant nav_show - assumed 'nav_show' D:\rootwww\shangcheng\Application\Runtime\Cache\Admin\395c0ba78bddab9d6617dcec0f2fd9a9.php 第 38 行.
NOTIC: [8] Use of undefined constant is_show - assumed 'is_show' D:\rootwww\shangcheng\Application\Runtime\Cache\Admin\395c0ba78bddab9d6617dcec0f2fd9a9.php 第 41 行.
NOTIC: [8] Use of undefined constant id - assumed 'id' D:\rootwww\shangcheng\Application\Runtime\Cache\Admin\395c0ba78bddab9d6617dcec0f2fd9a9.php 第 45 行.
NOTIC: [8] Use of undefined constant id - assumed 'id' D:\rootwww\shangcheng\Application\Runtime\Cache\Admin\395c0ba78bddab9d6617dcec0f2fd9a9.php 第 46 行.
NOTIC: [8] Use of undefined constant nav_show - assumed 'nav_show' D:\rootwww\shangcheng\Application\Runtime\Cache\Admin\395c0ba78bddab9d6617dcec0f2fd9a9.php 第 38 行.
NOTIC: [8] Use of undefined constant is_show - assumed 'is_show' D:\rootwww\shangcheng\Application\Runtime\Cache\Admin\395c0ba78bddab9d6617dcec0f2fd9a9.php 第 41 行.
NOTIC: [8] Use of undefined constant id - assumed 'id' D:\rootwww\shangcheng\Application\Runtime\Cache\Admin\395c0ba78bddab9d6617dcec0f2fd9a9.php 第 45 行.
NOTIC: [8] Use of undefined constant id - assumed 'id' D:\rootwww\shangcheng\Application\Runtime\Cache\Admin\395c0ba78bddab9d6617dcec0f2fd9a9.php 第 46 行.
INFO: Run Behavior\ParseTemplateBehavior [ RunTime:0.013981s ]
INFO: [ view_parse ] --END-- [ RunTime:0.014107s ]
INFO: [ view_filter ] --START--
INFO: Run Behavior\WriteHtmlCacheBehavior [ RunTime:0.000429s ]
INFO: [ view_filter ] --END-- [ RunTime:0.000561s ]
INFO: [ app_end ] --START--
INFO: Run Behavior\ShowPageTraceBehavior [ RunTime:0.000706s ]
INFO: [ app_end ] --END-- [ RunTime:0.000841s ]

[ 2017-06-30T10:58:16+08:00 ] 127.0.0.1 /index.php/Admin/Goods/lst.html
INFO: [ app_init ] --START--
INFO: Run Behavior\BuildLiteBehavior [ RunTime:0.000027s ]
INFO: [ app_init ] --END-- [ RunTime:0.000440s ]
INFO: [ app_begin ] --START--
INFO: Run Behavior\ReadHtmlCacheBehavior [ RunTime:0.000620s ]
INFO: [ app_begin ] --END-- [ RunTime:0.000763s ]
SQL: SHOW COLUMNS FROM `mall_attribute` [ RunTime:0.0008s ]
SQL: SHOW COLUMNS FROM `mall_type` [ RunTime:0.0008s ]
SQL: SHOW COLUMNS FROM `mall_category` [ RunTime:0.0007s ]
SQL: SHOW COLUMNS FROM `mall_goods` [ RunTime:0.0008s ]
SQL: SHOW COLUMNS FROM `mall_brand` [ RunTime:0.0011s ]
SQL: SELECT * FROM `mall_category` WHERE `status` = 1  [ RunTime:0.0004s ]
SQL: SELECT * FROM `mall_goods` WHERE `is_delete` = 0  [ RunTime:0.0004s ]
INFO: [ view_parse ] --START--
INFO: [ template_filter ] --START--
INFO: Run Behavior\ContentReplaceBehavior [ RunTime:0.000240s ]
INFO: [ template_filter ] --END-- [ RunTime:0.001309s ]
NOTIC: [8] Use of undefined constant id - assumed 'id' D:\rootwww\shangcheng\Application\Runtime\Cache\Admin\12cf6a5c74297688873998de0720405d.php 第 112 行.
NOTIC: [8] Undefined variable: val D:\rootwww\shangcheng\Application\Runtime\Cache\Admin\12cf6a5c74297688873998de0720405d.php 第 114 行.
NOTIC: [8] Use of undefined constant id - assumed 'id' D:\rootwww\shangcheng\Application\Runtime\Cache\Admin\12cf6a5c74297688873998de0720405d.php 第 115 行.
NOTIC: [8] Use of undefined constant id - assumed 'id' D:\rootwww\shangcheng\Application\Runtime\Cache\Admin\12cf6a5c74297688873998de0720405d.php 第 117 行.
NOTIC: [8] Use of undefined constant id - assumed 'id' D:\rootwww\shangcheng\Application\Runtime\Cache\Admin\12cf6a5c74297688873998de0720405d.php 第 112 行.
NOTIC: [8] Undefined variable: val D:\rootwww\shangcheng\Application\Runtime\Cache\Admin\12cf6a5c74297688873998de0720405d.php 第 114 行.
NOTIC: [8] Use of undefined constant id - assumed 'id' D:\rootwww\shangcheng\Application\Runtime\Cache\Admin\12cf6a5c74297688873998de0720405d.php 第 115 行.
NOTIC: [8] Use of undefined constant id - assumed 'id' D:\rootwww\shangcheng\Application\Runtime\Cache\Admin\12cf6a5c74297688873998de0720405d.php 第 117 行.
NOTIC: [8] Undefined variable: showPage D:\rootwww\shangcheng\Application\Runtime\Cache\Admin\12cf6a5c74297688873998de0720405d.php 第 128 行.
INFO: Run Behavior\ParseTemplateBehavior [ RunTime:0.017591s ]
INFO: [ view_parse ] --END-- [ RunTime:0.017734s ]
INFO: [ view_filter ] --START--
INFO: Run Behavior\WriteHtmlCacheBehavior [ RunTime:0.000427s ]
INFO: [ view_filter ] --END-- [ RunTime:0.000544s ]
INFO: [ app_end ] --START--
INFO: Run Behavior\ShowPageTraceBehavior [ RunTime:0.000730s ]
INFO: [ app_end ] --END-- [ RunTime:0.000940s ]

[ 2017-06-30T10:58:18+08:00 ] 127.0.0.1 /index.php/Admin/Goods/add.html
INFO: [ app_init ] --START--
INFO: Run Behavior\BuildLiteBehavior [ RunTime:0.000026s ]
INFO: [ app_init ] --END-- [ RunTime:0.000435s ]
INFO: [ app_begin ] --START--
INFO: Run Behavior\ReadHtmlCacheBehavior [ RunTime:0.000840s ]
INFO: [ app_begin ] --END-- [ RunTime:0.001037s ]
SQL: SHOW COLUMNS FROM `mall_attribute` [ RunTime:0.0006s ]
SQL: SHOW COLUMNS FROM `mall_type` [ RunTime:0.0008s ]
SQL: SHOW COLUMNS FROM `mall_category` [ RunTime:0.0008s ]
SQL: SHOW COLUMNS FROM `mall_goods` [ RunTime:0.0008s ]
SQL: SHOW COLUMNS FROM `mall_brand` [ RunTime:0.0007s ]
SQL: SELECT * FROM `mall_brand` WHERE ( is_show=1 )  [ RunTime:0.0004s ]
SQL: SELECT * FROM `mall_type`  [ RunTime:0.0003s ]
SQL: SELECT * FROM `mall_category` WHERE `status` = 1  [ RunTime:0.0003s ]
INFO: [ view_parse ] --START--
INFO: [ template_filter ] --START--
INFO: Run Behavior\ContentReplaceBehavior [ RunTime:0.000158s ]
INFO: [ template_filter ] --END-- [ RunTime:0.000322s ]
INFO: Run Behavior\ParseTemplateBehavior [ RunTime:0.023923s ]
INFO: [ view_parse ] --END-- [ RunTime:0.024149s ]
INFO: [ view_filter ] --START--
INFO: Run Behavior\WriteHtmlCacheBehavior [ RunTime:0.000700s ]
INFO: [ view_filter ] --END-- [ RunTime:0.000911s ]
INFO: [ app_end ] --START--
INFO: Run Behavior\ShowPageTraceBehavior [ RunTime:0.001068s ]
INFO: [ app_end ] --END-- [ RunTime:0.001294s ]

[ 2017-06-30T10:58:19+08:00 ] 127.0.0.1 /index.php/Admin/Goods/lst.html
INFO: [ app_init ] --START--
INFO: Run Behavior\BuildLiteBehavior [ RunTime:0.000028s ]
INFO: [ app_init ] --END-- [ RunTime:0.000451s ]
INFO: [ app_begin ] --START--
INFO: Run Behavior\ReadHtmlCacheBehavior [ RunTime:0.001185s ]
INFO: [ app_begin ] --END-- [ RunTime:0.001493s ]
SQL: SHOW COLUMNS FROM `mall_attribute` [ RunTime:0.0007s ]
SQL: SHOW COLUMNS FROM `mall_type` [ RunTime:0.0008s ]
SQL: SHOW COLUMNS FROM `mall_category` [ RunTime:0.0008s ]
SQL: SHOW COLUMNS FROM `mall_goods` [ RunTime:0.0008s ]
SQL: SHOW COLUMNS FROM `mall_brand` [ RunTime:0.0007s ]
SQL: SELECT * FROM `mall_category` WHERE `status` = 1  [ RunTime:0.0004s ]
SQL: SELECT * FROM `mall_goods` WHERE `is_delete` = 0  [ RunTime:0.0004s ]
INFO: [ view_parse ] --START--
INFO: [ template_filter ] --START--
INFO: Run Behavior\ContentReplaceBehavior [ RunTime:0.000165s ]
INFO: [ template_filter ] --END-- [ RunTime:0.000396s ]
NOTIC: [8] Use of undefined constant id - assumed 'id' D:\rootwww\shangcheng\Application\Runtime\Cache\Admin\12cf6a5c74297688873998de0720405d.php 第 112 行.
NOTIC: [8] Undefined variable: val D:\rootwww\shangcheng\Application\Runtime\Cache\Admin\12cf6a5c74297688873998de0720405d.php 第 114 行.
NOTIC: [8] Use of undefined constant id - assumed 'id' D:\rootwww\shangcheng\Application\Runtime\Cache\Admin\12cf6a5c74297688873998de0720405d.php 第 115 行.
NOTIC: [8] Use of undefined constant id - assumed 'id' D:\rootwww\shangcheng\Application\Runtime\Cache\Admin\12cf6a5c74297688873998de0720405d.php 第 117 行.
NOTIC: [8] Use of undefined constant id - assumed 'id' D:\rootwww\shangcheng\Application\Runtime\Cache\Admin\12cf6a5c74297688873998de0720405d.php 第 112 行.
NOTIC: [8] Undefined variable: val D:\rootwww\shangcheng\Application\Runtime\Cache\Admin\12cf6a5c74297688873998de0720405d.php 第 114 行.
NOTIC: [8] Use of undefined constant id - assumed 'id' D:\rootwww\shangcheng\Application\Runtime\Cache\Admin\12cf6a5c74297688873998de0720405d.php 第 115 行.
NOTIC: [8] Use of undefined constant id - assumed 'id' D:\rootwww\shangcheng\Application\Runtime\Cache\Admin\12cf6a5c74297688873998de0720405d.php 第 117 行.
NOTIC: [8] Undefined variable: showPage D:\rootwww\shangcheng\Application\Runtime\Cache\Admin\12cf6a5c74297688873998de0720405d.php 第 128 行.
INFO: Run Behavior\ParseTemplateBehavior [ RunTime:0.015818s ]
INFO: [ view_parse ] --END-- [ RunTime:0.015963s ]
INFO: [ view_filter ] --START--
INFO: Run Behavior\WriteHtmlCacheBehavior [ RunTime:0.000436s ]
INFO: [ view_filter ] --END-- [ RunTime:0.000561s ]
INFO: [ app_end ] --START--
INFO: Run Behavior\ShowPageTraceBehavior [ RunTime:0.000698s ]
INFO: [ app_end ] --END-- [ RunTime:0.000836s ]

[ 2017-06-30T10:58:22+08:00 ] 127.0.0.1 /index.php/Admin/Goods/add.html
INFO: [ app_init ] --START--
INFO: Run Behavior\BuildLiteBehavior [ RunTime:0.000028s ]
INFO: [ app_init ] --END-- [ RunTime:0.000492s ]
INFO: [ app_begin ] --START--
INFO: Run Behavior\ReadHtmlCacheBehavior [ RunTime:0.000579s ]
INFO: [ app_begin ] --END-- [ RunTime:0.000704s ]
SQL: SHOW COLUMNS FROM `mall_attribute` [ RunTime:0.0006s ]
SQL: SHOW COLUMNS FROM `mall_type` [ RunTime:0.0008s ]
SQL: SHOW COLUMNS FROM `mall_category` [ RunTime:0.0007s ]
SQL: SHOW COLUMNS FROM `mall_goods` [ RunTime:0.0009s ]
SQL: SHOW COLUMNS FROM `mall_brand` [ RunTime:0.0007s ]
SQL: SELECT * FROM `mall_brand` WHERE ( is_show=1 )  [ RunTime:0.0004s ]
SQL: SELECT * FROM `mall_type`  [ RunTime:0.0004s ]
SQL: SELECT * FROM `mall_category` WHERE `status` = 1  [ RunTime:0.0004s ]
INFO: [ view_parse ] --START--
INFO: [ template_filter ] --START--
INFO: Run Behavior\ContentReplaceBehavior [ RunTime:0.000146s ]
INFO: [ template_filter ] --END-- [ RunTime:0.000272s ]
INFO: Run Behavior\ParseTemplateBehavior [ RunTime:0.012644s ]
INFO: [ view_parse ] --END-- [ RunTime:0.012878s ]
INFO: [ view_filter ] --START--
INFO: Run Behavior\WriteHtmlCacheBehavior [ RunTime:0.000539s ]
INFO: [ view_filter ] --END-- [ RunTime:0.000679s ]
INFO: [ app_end ] --START--
INFO: Run Behavior\ShowPageTraceBehavior [ RunTime:0.001554s ]
INFO: [ app_end ] --END-- [ RunTime:0.001842s ]

[ 2017-06-30T10:59:45+08:00 ] 127.0.0.1 /index.php/Admin/Goods/trash.html
INFO: [ app_init ] --START--
INFO: Run Behavior\BuildLiteBehavior [ RunTime:0.000040s ]
INFO: [ app_init ] --END-- [ RunTime:0.000631s ]
INFO: [ app_begin ] --START--
INFO: Run Behavior\ReadHtmlCacheBehavior [ RunTime:0.000927s ]
INFO: [ app_begin ] --END-- [ RunTime:0.001169s ]
SQL: SHOW COLUMNS FROM `mall_attribute` [ RunTime:0.0010s ]
SQL: SHOW COLUMNS FROM `mall_type` [ RunTime:0.0007s ]
SQL: SHOW COLUMNS FROM `mall_category` [ RunTime:0.0008s ]
SQL: SHOW COLUMNS FROM `mall_goods` [ RunTime:0.0008s ]
SQL: SHOW COLUMNS FROM `mall_brand` [ RunTime:0.0007s ]
SQL: SELECT * FROM `mall_goods` WHERE `is_delete` = 1  [ RunTime:0.0004s ]
INFO: [ view_parse ] --START--
INFO: [ template_filter ] --START--
INFO: Run Behavior\ContentReplaceBehavior [ RunTime:0.000183s ]
INFO: [ template_filter ] --END-- [ RunTime:0.000402s ]
NOTIC: [8] Use of undefined constant index - assumed 'index' D:\rootwww\shangcheng\Application\Runtime\Cache\Admin\48c0539f7c9ba8a8e8f2a908c461cd61.php 第 17 行.
NOTIC: [8] Use of undefined constant main - assumed 'main' D:\rootwww\shangcheng\Application\Runtime\Cache\Admin\48c0539f7c9ba8a8e8f2a908c461cd61.php 第 17 行.
NOTIC: [2] Division by zero D:\rootwww\shangcheng\Application\Runtime\Cache\Admin\48c0539f7c9ba8a8e8f2a908c461cd61.php 第 17 行.
INFO: Run Behavior\ParseTemplateBehavior [ RunTime:0.011329s ]
INFO: [ view_parse ] --END-- [ RunTime:0.011478s ]
INFO: [ view_filter ] --START--
INFO: Run Behavior\WriteHtmlCacheBehavior [ RunTime:0.000464s ]
INFO: [ view_filter ] --END-- [ RunTime:0.000588s ]
INFO: [ app_end ] --START--
INFO: Run Behavior\ShowPageTraceBehavior [ RunTime:0.000615s ]
INFO: [ app_end ] --END-- [ RunTime:0.000733s ]

[ 2017-06-30T10:59:47+08:00 ] 127.0.0.1 /index.php/Admin/Goods/reback.html
INFO: [ app_init ] --START--
INFO: Run Behavior\BuildLiteBehavior [ RunTime:0.000026s ]
INFO: [ app_init ] --END-- [ RunTime:0.000429s ]
INFO: [ app_begin ] --START--
INFO: Run Behavior\ReadHtmlCacheBehavior [ RunTime:0.000574s ]
INFO: [ app_begin ] --END-- [ RunTime:0.000681s ]
SQL: SHOW COLUMNS FROM `mall_attribute` [ RunTime:0.0006s ]
SQL: SHOW COLUMNS FROM `mall_type` [ RunTime:0.0008s ]
SQL: SHOW COLUMNS FROM `mall_category` [ RunTime:0.0006s ]
SQL: SHOW COLUMNS FROM `mall_goods` [ RunTime:0.0008s ]
SQL: SHOW COLUMNS FROM `mall_brand` [ RunTime:0.0007s ]
SQL: SELECT * FROM `mall_goods` WHERE `id` = 2 LIMIT 1   [ RunTime:0.0005s ]
SQL: UPDATE `mall_goods` SET `goods_name`='1234',`goods_sn`='SN14981352121032',`cate_id`='4',`brand_id`='0',`type_id`='0',`shop_price`='1232.00',`market_price`='23.00',`goods_thumb`='0',`goods_img`='0',`goods_ori`='0',`goods_sort`='100',`goods_desc`='',`keywords`='23',`goods_weight`='0.000',`goods_number`='12',`is_new`='0',`is_best`='1',`is_hot`='0',`is_sale`='1',`update_time`='0',`add_time`='1498135212',`goods_click`='0',`is_delete`='0' WHERE `id` = 2 [ RunTime:0.0006s ]
SQL: SHOW COLUMNS FROM `mall_goods_attr` [ RunTime:0.0039s ]
SQL: DELETE FROM `mall_goods_attr` WHERE ( goods_id=2 ) [ RunTime:0.0020s ]
NOTIC: [2] Invalid argument supplied for foreach() D:\rootwww\shangcheng\Application\Admin\Model\GoodsModel.class.php 第 96 行.
INFO: [ app_end ] --START--
INFO: Run Behavior\ShowPageTraceBehavior [ RunTime:0.000824s ]
INFO: [ app_end ] --END-- [ RunTime:0.000938s ]

[ 2017-06-30T10:59:49+08:00 ] 127.0.0.1 /index.php/Admin/Goods/add.html
INFO: [ app_init ] --START--
INFO: Run Behavior\BuildLiteBehavior [ RunTime:0.000026s ]
INFO: [ app_init ] --END-- [ RunTime:0.000428s ]
INFO: [ app_begin ] --START--
INFO: Run Behavior\ReadHtmlCacheBehavior [ RunTime:0.000525s ]
INFO: [ app_begin ] --END-- [ RunTime:0.000678s ]
SQL: SHOW COLUMNS FROM `mall_attribute` [ RunTime:0.0006s ]
SQL: SHOW COLUMNS FROM `mall_type` [ RunTime:0.0006s ]
SQL: SHOW COLUMNS FROM `mall_category` [ RunTime:0.0007s ]
SQL: SHOW COLUMNS FROM `mall_goods` [ RunTime:0.0008s ]
SQL: SHOW COLUMNS FROM `mall_brand` [ RunTime:0.0006s ]
SQL: SELECT * FROM `mall_brand` WHERE ( is_show=1 )  [ RunTime:0.0004s ]
SQL: SELECT * FROM `mall_type`  [ RunTime:0.0003s ]
SQL: SELECT * FROM `mall_category` WHERE `status` = 1  [ RunTime:0.0004s ]
INFO: [ view_parse ] --START--
INFO: [ template_filter ] --START--
INFO: Run Behavior\ContentReplaceBehavior [ RunTime:0.000186s ]
INFO: [ template_filter ] --END-- [ RunTime:0.000331s ]
INFO: Run Behavior\ParseTemplateBehavior [ RunTime:0.013504s ]
INFO: [ view_parse ] --END-- [ RunTime:0.013684s ]
INFO: [ view_filter ] --START--
INFO: Run Behavior\WriteHtmlCacheBehavior [ RunTime:0.000417s ]
INFO: [ view_filter ] --END-- [ RunTime:0.000531s ]
INFO: [ app_end ] --START--
INFO: Run Behavior\ShowPageTraceBehavior [ RunTime:0.001120s ]
INFO: [ app_end ] --END-- [ RunTime:0.001326s ]

[ 2017-06-30T11:00:29+08:00 ] 127.0.0.1 /index.php/Admin/Category/lst.html
INFO: [ app_init ] --START--
INFO: Run Behavior\BuildLiteBehavior [ RunTime:0.000045s ]
INFO: [ app_init ] --END-- [ RunTime:0.000781s ]
INFO: [ app_begin ] --START--
INFO: Run Behavior\ReadHtmlCacheBehavior [ RunTime:0.001212s ]
INFO: [ app_begin ] --END-- [ RunTime:0.001467s ]
SQL: SHOW COLUMNS FROM `mall_attribute` [ RunTime:0.0008s ]
SQL: SHOW COLUMNS FROM `mall_type` [ RunTime:0.0007s ]
SQL: SHOW COLUMNS FROM `mall_category` [ RunTime:0.0007s ]
SQL: SHOW COLUMNS FROM `mall_goods` [ RunTime:0.0009s ]
SQL: SHOW COLUMNS FROM `mall_brand` [ RunTime:0.0009s ]
SQL: SELECT * FROM `mall_category` WHERE `status` = 1  [ RunTime:0.0005s ]
INFO: [ view_parse ] --START--
INFO: [ template_filter ] --START--
INFO: Run Behavior\ContentReplaceBehavior [ RunTime:0.000378s ]
INFO: [ template_filter ] --END-- [ RunTime:0.000726s ]
NOTIC: [8] Use of undefined constant nav_show - assumed 'nav_show' D:\rootwww\shangcheng\Application\Runtime\Cache\Admin\395c0ba78bddab9d6617dcec0f2fd9a9.php 第 38 行.
NOTIC: [8] Use of undefined constant is_show - assumed 'is_show' D:\rootwww\shangcheng\Application\Runtime\Cache\Admin\395c0ba78bddab9d6617dcec0f2fd9a9.php 第 41 行.
NOTIC: [8] Use of undefined constant id - assumed 'id' D:\rootwww\shangcheng\Application\Runtime\Cache\Admin\395c0ba78bddab9d6617dcec0f2fd9a9.php 第 45 行.
NOTIC: [8] Use of undefined constant id - assumed 'id' D:\rootwww\shangcheng\Application\Runtime\Cache\Admin\395c0ba78bddab9d6617dcec0f2fd9a9.php 第 46 行.
NOTIC: [8] Use of undefined constant nav_show - assumed 'nav_show' D:\rootwww\shangcheng\Application\Runtime\Cache\Admin\395c0ba78bddab9d6617dcec0f2fd9a9.php 第 38 行.
NOTIC: [8] Use of undefined constant is_show - assumed 'is_show' D:\rootwww\shangcheng\Application\Runtime\Cache\Admin\395c0ba78bddab9d6617dcec0f2fd9a9.php 第 41 行.
NOTIC: [8] Use of undefined constant id - assumed 'id' D:\rootwww\shangcheng\Application\Runtime\Cache\Admin\395c0ba78bddab9d6617dcec0f2fd9a9.php 第 45 行.
NOTIC: [8] Use of undefined constant id - assumed 'id' D:\rootwww\shangcheng\Application\Runtime\Cache\Admin\395c0ba78bddab9d6617dcec0f2fd9a9.php 第 46 行.
NOTIC: [8] Use of undefined constant nav_show - assumed 'nav_show' D:\rootwww\shangcheng\Application\Runtime\Cache\Admin\395c0ba78bddab9d6617dcec0f2fd9a9.php 第 38 行.
NOTIC: [8] Use of undefined constant is_show - assumed 'is_show' D:\rootwww\shangcheng\Application\Runtime\Cache\Admin\395c0ba78bddab9d6617dcec0f2fd9a9.php 第 41 行.
NOTIC: [8] Use of undefined constant id - assumed 'id' D:\rootwww\shangcheng\Application\Runtime\Cache\Admin\395c0ba78bddab9d6617dcec0f2fd9a9.php 第 45 行.
NOTIC: [8] Use of undefined constant id - assumed 'id' D:\rootwww\shangcheng\Application\Runtime\Cache\Admin\395c0ba78bddab9d6617dcec0f2fd9a9.php 第 46 行.
NOTIC: [8] Use of undefined constant nav_show - assumed 'nav_show' D:\rootwww\shangcheng\Application\Runtime\Cache\Admin\395c0ba78bddab9d6617dcec0f2fd9a9.php 第 38 行.
NOTIC: [8] Use of undefined constant is_show - assumed 'is_show' D:\rootwww\shangcheng\Application\Runtime\Cache\Admin\395c0ba78bddab9d6617dcec0f2fd9a9.php 第 41 行.
NOTIC: [8] Use of undefined constant id - assumed 'id' D:\rootwww\shangcheng\Application\Runtime\Cache\Admin\395c0ba78bddab9d6617dcec0f2fd9a9.php 第 45 行.
NOTIC: [8] Use of undefined constant id - assumed 'id' D:\rootwww\shangcheng\Application\Runtime\Cache\Admin\395c0ba78bddab9d6617dcec0f2fd9a9.php 第 46 行.
NOTIC: [8] Use of undefined constant nav_show - assumed 'nav_show' D:\rootwww\shangcheng\Application\Runtime\Cache\Admin\395c0ba78bddab9d6617dcec0f2fd9a9.php 第 38 行.
NOTIC: [8] Use of undefined constant is_show - assumed 'is_show' D:\rootwww\shangcheng\Application\Runtime\Cache\Admin\395c0ba78bddab9d6617dcec0f2fd9a9.php 第 41 行.
NOTIC: [8] Use of undefined constant id - assumed 'id' D:\rootwww\shangcheng\Application\Runtime\Cache\Admin\395c0ba78bddab9d6617dcec0f2fd9a9.php 第 45 行.
NOTIC: [8] Use of undefined constant id - assumed 'id' D:\rootwww\shangcheng\Application\Runtime\Cache\Admin\395c0ba78bddab9d6617dcec0f2fd9a9.php 第 46 行.
NOTIC: [8] Use of undefined constant nav_show - assumed 'nav_show' D:\rootwww\shangcheng\Application\Runtime\Cache\Admin\395c0ba78bddab9d6617dcec0f2fd9a9.php 第 38 行.
NOTIC: [8] Use of undefined constant is_show - assumed 'is_show' D:\rootwww\shangcheng\Application\Runtime\Cache\Admin\395c0ba78bddab9d6617dcec0f2fd9a9.php 第 41 行.
NOTIC: [8] Use of undefined constant id - assumed 'id' D:\rootwww\shangcheng\Application\Runtime\Cache\Admin\395c0ba78bddab9d6617dcec0f2fd9a9.php 第 45 行.
NOTIC: [8] Use of undefined constant id - assumed 'id' D:\rootwww\shangcheng\Application\Runtime\Cache\Admin\395c0ba78bddab9d6617dcec0f2fd9a9.php 第 46 行.
NOTIC: [8] Use of undefined constant nav_show - assumed 'nav_show' D:\rootwww\shangcheng\Application\Runtime\Cache\Admin\395c0ba78bddab9d6617dcec0f2fd9a9.php 第 38 行.
NOTIC: [8] Use of undefined constant is_show - assumed 'is_show' D:\rootwww\shangcheng\Application\Runtime\Cache\Admin\395c0ba78bddab9d6617dcec0f2fd9a9.php 第 41 行.
NOTIC: [8] Use of undefined constant id - assumed 'id' D:\rootwww\shangcheng\Application\Runtime\Cache\Admin\395c0ba78bddab9d6617dcec0f2fd9a9.php 第 45 行.
NOTIC: [8] Use of undefined constant id - assumed 'id' D:\rootwww\shangcheng\Application\Runtime\Cache\Admin\395c0ba78bddab9d6617dcec0f2fd9a9.php 第 46 行.
NOTIC: [8] Use of undefined constant nav_show - assumed 'nav_show' D:\rootwww\shangcheng\Application\Runtime\Cache\Admin\395c0ba78bddab9d6617dcec0f2fd9a9.php 第 38 行.
NOTIC: [8] Use of undefined constant is_show - assumed 'is_show' D:\rootwww\shangcheng\Application\Runtime\Cache\Admin\395c0ba78bddab9d6617dcec0f2fd9a9.php 第 41 行.
NOTIC: [8] Use of undefined constant id - assumed 'id' D:\rootwww\shangcheng\Application\Runtime\Cache\Admin\395c0ba78bddab9d6617dcec0f2fd9a9.php 第 45 行.
NOTIC: [8] Use of undefined constant id - assumed 'id' D:\rootwww\shangcheng\Application\Runtime\Cache\Admin\395c0ba78bddab9d6617dcec0f2fd9a9.php 第 46 行.
NOTIC: [8] Use of undefined constant nav_show - assumed 'nav_show' D:\rootwww\shangcheng\Application\Runtime\Cache\Admin\395c0ba78bddab9d6617dcec0f2fd9a9.php 第 38 行.
NOTIC: [8] Use of undefined constant is_show - assumed 'is_show' D:\rootwww\shangcheng\Application\Runtime\Cache\Admin\395c0ba78bddab9d6617dcec0f2fd9a9.php 第 41 行.
NOTIC: [8] Use of undefined constant id - assumed 'id' D:\rootwww\shangcheng\Application\Runtime\Cache\Admin\395c0ba78bddab9d6617dcec0f2fd9a9.php 第 45 行.
NOTIC: [8] Use of undefined constant id - assumed 'id' D:\rootwww\shangcheng\Application\Runtime\Cache\Admin\395c0ba78bddab9d6617dcec0f2fd9a9.php 第 46 行.
INFO: Run Behavior\ParseTemplateBehavior [ RunTime:0.022349s ]
INFO: [ view_parse ] --END-- [ RunTime:0.022524s ]
INFO: [ view_filter ] --START--
INFO: Run Behavior\WriteHtmlCacheBehavior [ RunTime:0.000511s ]
INFO: [ view_filter ] --END-- [ RunTime:0.000637s ]
INFO: [ app_end ] --START--
INFO: Run Behavior\ShowPageTraceBehavior [ RunTime:0.001091s ]
INFO: [ app_end ] --END-- [ RunTime:0.001299s ]

[ 2017-06-30T13:25:27+08:00 ] 127.0.0.1 /index.php/Admin/index/index.html
INFO: [ app_init ] --START--
INFO: Run Behavior\BuildLiteBehavior [ RunTime:0.000044s ]
INFO: [ app_init ] --END-- [ RunTime:0.001325s ]
INFO: [ app_begin ] --START--
INFO: Run Behavior\ReadHtmlCacheBehavior [ RunTime:0.001471s ]
INFO: [ app_begin ] --END-- [ RunTime:0.001770s ]
SQL: SHOW COLUMNS FROM `mall_attribute` [ RunTime:0.0086s ]
SQL: SHOW COLUMNS FROM `mall_type` [ RunTime:0.0014s ]
SQL: SHOW COLUMNS FROM `mall_category` [ RunTime:0.0011s ]
SQL: SHOW COLUMNS FROM `mall_goods` [ RunTime:0.0020s ]
SQL: SHOW COLUMNS FROM `mall_brand` [ RunTime:0.0017s ]
INFO: [ view_parse ] --START--
INFO: [ template_filter ] --START--
INFO: Run Behavior\ContentReplaceBehavior [ RunTime:0.000148s ]
INFO: [ template_filter ] --END-- [ RunTime:0.000372s ]
INFO: Run Behavior\ParseTemplateBehavior [ RunTime:0.017857s ]
INFO: [ view_parse ] --END-- [ RunTime:0.018120s ]
INFO: [ view_filter ] --START--
INFO: Run Behavior\WriteHtmlCacheBehavior [ RunTime:0.001153s ]
INFO: [ view_filter ] --END-- [ RunTime:0.001377s ]
INFO: [ app_end ] --START--
INFO: Run Behavior\ShowPageTraceBehavior [ RunTime:0.001457s ]
INFO: [ app_end ] --END-- [ RunTime:0.001699s ]

[ 2017-06-30T13:25:27+08:00 ] 127.0.0.1 /index.php/Admin/Index/menu.html
INFO: [ app_init ] --START--
INFO: Run Behavior\BuildLiteBehavior [ RunTime:0.000053s ]
INFO: [ app_init ] --END-- [ RunTime:0.000785s ]
INFO: [ app_begin ] --START--
INFO: Run Behavior\ReadHtmlCacheBehavior [ RunTime:0.000708s ]
INFO: [ app_begin ] --END-- [ RunTime:0.000935s ]
SQL: SHOW COLUMNS FROM `mall_attribute` [ RunTime:0.0028s ]
SQL: SHOW COLUMNS FROM `mall_type` [ RunTime:0.0010s ]
SQL: SHOW COLUMNS FROM `mall_category` [ RunTime:0.0023s ]
SQL: SHOW COLUMNS FROM `mall_goods` [ RunTime:0.0015s ]
SQL: SHOW COLUMNS FROM `mall_brand` [ RunTime:0.0011s ]
SQL: SHOW COLUMNS FROM `mall_admin` [ RunTime:0.0045s ]
SQL: SHOW COLUMNS FROM `mall_privilege` [ RunTime:0.0020s ]
SQL: SELECT * FROM `mall_privilege` WHERE `is_show` = 1  [ RunTime:0.0009s ]
INFO: [ view_parse ] --START--
INFO: [ template_filter ] --START--
INFO: Run Behavior\ContentReplaceBehavior [ RunTime:0.000308s ]
INFO: [ template_filter ] --END-- [ RunTime:0.000587s ]
NOTIC: [8] Use of undefined constant _child - assumed '_child' D:\rootwww\shangcheng\Application\Runtime\Cache\Admin\5f62cf3ecb66a47dcb1a9b7512abfb3d.php 第 148 行.
NOTIC: [8] Use of undefined constant _child - assumed '_child' D:\rootwww\shangcheng\Application\Runtime\Cache\Admin\5f62cf3ecb66a47dcb1a9b7512abfb3d.php 第 148 行.
NOTIC: [8] Use of undefined constant controller_name - assumed 'controller_name' D:\rootwww\shangcheng\Application\Runtime\Cache\Admin\5f62cf3ecb66a47dcb1a9b7512abfb3d.php 第 148 行.
NOTIC: [8] Use of undefined constant action_name - assumed 'action_name' D:\rootwww\shangcheng\Application\Runtime\Cache\Admin\5f62cf3ecb66a47dcb1a9b7512abfb3d.php 第 148 行.
NOTIC: [8] Use of undefined constant controller_name - assumed 'controller_name' D:\rootwww\shangcheng\Application\Runtime\Cache\Admin\5f62cf3ecb66a47dcb1a9b7512abfb3d.php 第 148 行.
NOTIC: [8] Use of undefined constant action_name - assumed 'action_name' D:\rootwww\shangcheng\Application\Runtime\Cache\Admin\5f62cf3ecb66a47dcb1a9b7512abfb3d.php 第 148 行.
NOTIC: [8] Use of undefined constant controller_name - assumed 'controller_name' D:\rootwww\shangcheng\Application\Runtime\Cache\Admin\5f62cf3ecb66a47dcb1a9b7512abfb3d.php 第 148 行.
NOTIC: [8] Use of undefined constant action_name - assumed 'action_name' D:\rootwww\shangcheng\Application\Runtime\Cache\Admin\5f62cf3ecb66a47dcb1a9b7512abfb3d.php 第 148 行.
NOTIC: [8] Use of undefined constant controller_name - assumed 'controller_name' D:\rootwww\shangcheng\Application\Runtime\Cache\Admin\5f62cf3ecb66a47dcb1a9b7512abfb3d.php 第 148 行.
NOTIC: [8] Use of undefined constant action_name - assumed 'action_name' D:\rootwww\shangcheng\Application\Runtime\Cache\Admin\5f62cf3ecb66a47dcb1a9b7512abfb3d.php 第 148 行.
NOTIC: [8] Use of undefined constant controller_name - assumed 'controller_name' D:\rootwww\shangcheng\Application\Runtime\Cache\Admin\5f62cf3ecb66a47dcb1a9b7512abfb3d.php 第 148 行.
NOTIC: [8] Use of undefined constant action_name - assumed 'action_name' D:\rootwww\shangcheng\Application\Runtime\Cache\Admin\5f62cf3ecb66a47dcb1a9b7512abfb3d.php 第 148 行.
NOTIC: [8] Use of undefined constant controller_name - assumed 'controller_name' D:\rootwww\shangcheng\Application\Runtime\Cache\Admin\5f62cf3ecb66a47dcb1a9b7512abfb3d.php 第 148 行.
NOTIC: [8] Use of undefined constant action_name - assumed 'action_name' D:\rootwww\shangcheng\Application\Runtime\Cache\Admin\5f62cf3ecb66a47dcb1a9b7512abfb3d.php 第 148 行.
NOTIC: [8] Use of undefined constant _child - assumed '_child' D:\rootwww\shangcheng\Application\Runtime\Cache\Admin\5f62cf3ecb66a47dcb1a9b7512abfb3d.php 第 148 行.
NOTIC: [8] Use of undefined constant _child - assumed '_child' D:\rootwww\shangcheng\Application\Runtime\Cache\Admin\5f62cf3ecb66a47dcb1a9b7512abfb3d.php 第 148 行.
NOTIC: [8] Use of undefined constant controller_name - assumed 'controller_name' D:\rootwww\shangcheng\Application\Runtime\Cache\Admin\5f62cf3ecb66a47dcb1a9b7512abfb3d.php 第 148 行.
NOTIC: [8] Use of undefined constant action_name - assumed 'action_name' D:\rootwww\shangcheng\Application\Runtime\Cache\Admin\5f62cf3ecb66a47dcb1a9b7512abfb3d.php 第 148 行.
NOTIC: [8] Use of undefined constant controller_name - assumed 'controller_name' D:\rootwww\shangcheng\Application\Runtime\Cache\Admin\5f62cf3ecb66a47dcb1a9b7512abfb3d.php 第 148 行.
NOTIC: [8] Use of undefined constant action_name - assumed 'action_name' D:\rootwww\shangcheng\Application\Runtime\Cache\Admin\5f62cf3ecb66a47dcb1a9b7512abfb3d.php 第 148 行.
NOTIC: [8] Use of undefined constant controller_name - assumed 'controller_name' D:\rootwww\shangcheng\Application\Runtime\Cache\Admin\5f62cf3ecb66a47dcb1a9b7512abfb3d.php 第 148 行.
NOTIC: [8] Use of undefined constant action_name - assumed 'action_name' D:\rootwww\shangcheng\Application\Runtime\Cache\Admin\5f62cf3ecb66a47dcb1a9b7512abfb3d.php 第 148 行.
NOTIC: [8] Use of undefined constant controller_name - assumed 'controller_name' D:\rootwww\shangcheng\Application\Runtime\Cache\Admin\5f62cf3ecb66a47dcb1a9b7512abfb3d.php 第 148 行.
NOTIC: [8] Use of undefined constant action_name - assumed 'action_name' D:\rootwww\shangcheng\Application\Runtime\Cache\Admin\5f62cf3ecb66a47dcb1a9b7512abfb3d.php 第 148 行.
NOTIC: [8] Use of undefined constant controller_name - assumed 'controller_name' D:\rootwww\shangcheng\Application\Runtime\Cache\Admin\5f62cf3ecb66a47dcb1a9b7512abfb3d.php 第 148 行.
NOTIC: [8] Use of undefined constant action_name - assumed 'action_name' D:\rootwww\shangcheng\Application\Runtime\Cache\Admin\5f62cf3ecb66a47dcb1a9b7512abfb3d.php 第 148 行.
NOTIC: [8] Use of undefined constant _child - assumed '_child' D:\rootwww\shangcheng\Application\Runtime\Cache\Admin\5f62cf3ecb66a47dcb1a9b7512abfb3d.php 第 148 行.
NOTIC: [8] Undefined index: _child D:\rootwww\shangcheng\Application\Runtime\Cache\Admin\5f62cf3ecb66a47dcb1a9b7512abfb3d.php 第 148 行.
INFO: Run Behavior\ParseTemplateBehavior [ RunTime:0.029630s ]
INFO: [ view_parse ] --END-- [ RunTime:0.029849s ]
INFO: [ view_filter ] --START--
INFO: Run Behavior\WriteHtmlCacheBehavior [ RunTime:0.000733s ]
INFO: [ view_filter ] --END-- [ RunTime:0.000956s ]
INFO: [ app_end ] --START--
INFO: Run Behavior\ShowPageTraceBehavior [ RunTime:0.001017s ]
INFO: [ app_end ] --END-- [ RunTime:0.001247s ]

[ 2017-06-30T13:25:27+08:00 ] 127.0.0.1 /index.php/Admin/Index/main.html
INFO: [ app_init ] --START--
INFO: Run Behavior\BuildLiteBehavior [ RunTime:0.000049s ]
INFO: [ app_init ] --END-- [ RunTime:0.002883s ]
INFO: [ app_begin ] --START--
INFO: Run Behavior\ReadHtmlCacheBehavior [ RunTime:0.001359s ]
INFO: [ app_begin ] --END-- [ RunTime:0.001676s ]
SQL: SHOW COLUMNS FROM `mall_attribute` [ RunTime:0.0023s ]
SQL: SHOW COLUMNS FROM `mall_type` [ RunTime:0.0010s ]
SQL: SHOW COLUMNS FROM `mall_category` [ RunTime:0.0011s ]
SQL: SHOW COLUMNS FROM `mall_goods` [ RunTime:0.0012s ]
SQL: SHOW COLUMNS FROM `mall_brand` [ RunTime:0.0010s ]
INFO: [ view_parse ] --START--
INFO: [ template_filter ] --START--
INFO: Run Behavior\ContentReplaceBehavior [ RunTime:0.000204s ]
INFO: [ template_filter ] --END-- [ RunTime:0.000439s ]
INFO: Run Behavior\ParseTemplateBehavior [ RunTime:0.013649s ]
INFO: [ view_parse ] --END-- [ RunTime:0.013915s ]
INFO: [ view_filter ] --START--
INFO: Run Behavior\WriteHtmlCacheBehavior [ RunTime:0.000820s ]
INFO: [ view_filter ] --END-- [ RunTime:0.001047s ]
INFO: [ app_end ] --START--
INFO: Run Behavior\ShowPageTraceBehavior [ RunTime:0.002048s ]
INFO: [ app_end ] --END-- [ RunTime:0.002294s ]

[ 2017-06-30T13:25:27+08:00 ] 127.0.0.1 /index.php/Admin/Index/top.html
INFO: [ app_init ] --START--
INFO: Run Behavior\BuildLiteBehavior [ RunTime:0.000044s ]
INFO: [ app_init ] --END-- [ RunTime:0.000757s ]
INFO: [ app_begin ] --START--
INFO: Run Behavior\ReadHtmlCacheBehavior [ RunTime:0.001151s ]
INFO: [ app_begin ] --END-- [ RunTime:0.001402s ]
SQL: SHOW COLUMNS FROM `mall_attribute` [ RunTime:0.0013s ]
SQL: SHOW COLUMNS FROM `mall_type` [ RunTime:0.0008s ]
SQL: SHOW COLUMNS FROM `mall_category` [ RunTime:0.0009s ]
SQL: SHOW COLUMNS FROM `mall_goods` [ RunTime:0.0013s ]
SQL: SHOW COLUMNS FROM `mall_brand` [ RunTime:0.0010s ]
INFO: [ view_parse ] --START--
INFO: [ template_filter ] --START--
INFO: Run Behavior\ContentReplaceBehavior [ RunTime:0.000197s ]
INFO: [ template_filter ] --END-- [ RunTime:0.000440s ]
INFO: Run Behavior\ParseTemplateBehavior [ RunTime:0.015306s ]
INFO: [ view_parse ] --END-- [ RunTime:0.015548s ]
INFO: [ view_filter ] --START--
INFO: Run Behavior\WriteHtmlCacheBehavior [ RunTime:0.000621s ]
INFO: [ view_filter ] --END-- [ RunTime:0.000844s ]
INFO: [ app_end ] --START--
INFO: Run Behavior\ShowPageTraceBehavior [ RunTime:0.001034s ]
INFO: [ app_end ] --END-- [ RunTime:0.001586s ]

