[ 2017-06-27T00:00:02+08:00 ] 127.0.0.1 /index.php/Admin/Admin/add.html
INFO: [ app_init ] --START--
INFO: Run Behavior\BuildLiteBehavior [ RunTime:0.000045s ]
INFO: [ app_init ] --END-- [ RunTime:0.000724s ]
INFO: [ app_begin ] --START--
INFO: Run Behavior\ReadHtmlCacheBehavior [ RunTime:0.001118s ]
INFO: [ app_begin ] --END-- [ RunTime:0.001717s ]
SQL: SHOW COLUMNS FROM `mall_admin` [ RunTime:0.0011s ]
SQL: SELECT * FROM `mall_admin` WHERE `admin_name` = 'test' LIMIT 1   [ RunTime:0.0004s ]
NOTIC: [2] preg_match(): Delimiter must not be alphanumeric or backslash D:\rootwww\shangcheng\ThinkPHP\Library\Think\Model.class.php 第 1117 行.
INFO: [ view_parse ] --START--
INFO: [ template_filter ] --START--
INFO: Run Behavior\ContentReplaceBehavior [ RunTime:0.000142s ]
INFO: [ template_filter ] --END-- [ RunTime:0.000289s ]
INFO: Run Behavior\ParseTemplateBehavior [ RunTime:0.006805s ]
INFO: [ view_parse ] --END-- [ RunTime:0.006941s ]
INFO: [ view_filter ] --START--
INFO: Run Behavior\WriteHtmlCacheBehavior [ RunTime:0.000375s ]
INFO: [ view_filter ] --END-- [ RunTime:0.000500s ]

[ 2017-06-27T00:00:05+08:00 ] 127.0.0.1 /index.php/Admin/Admin/add.html
INFO: [ app_init ] --START--
INFO: Run Behavior\BuildLiteBehavior [ RunTime:0.000049s ]
INFO: [ app_init ] --END-- [ RunTime:0.000737s ]
INFO: [ app_begin ] --START--
INFO: Run Behavior\ReadHtmlCacheBehavior [ RunTime:0.000870s ]
INFO: [ app_begin ] --END-- [ RunTime:0.001151s ]
INFO: [ view_parse ] --START--
INFO: [ template_filter ] --START--
INFO: Run Behavior\ContentReplaceBehavior [ RunTime:0.000223s ]
INFO: [ template_filter ] --END-- [ RunTime:0.000520s ]
INFO: Run Behavior\ParseTemplateBehavior [ RunTime:0.018660s ]
INFO: [ view_parse ] --END-- [ RunTime:0.018962s ]
INFO: [ view_filter ] --START--
INFO: Run Behavior\WriteHtmlCacheBehavior [ RunTime:0.003560s ]
INFO: [ view_filter ] --END-- [ RunTime:0.005242s ]
INFO: [ app_end ] --START--
INFO: Run Behavior\ShowPageTraceBehavior [ RunTime:0.003517s ]
INFO: [ app_end ] --END-- [ RunTime:0.004896s ]

[ 2017-06-27T00:00:31+08:00 ] 127.0.0.1 /index.php/Admin/Admin/add.html
INFO: [ app_init ] --START--
INFO: Run Behavior\BuildLiteBehavior [ RunTime:0.000027s ]
INFO: [ app_init ] --END-- [ RunTime:0.000450s ]
INFO: [ app_begin ] --START--
INFO: Run Behavior\ReadHtmlCacheBehavior [ RunTime:0.000534s ]
INFO: [ app_begin ] --END-- [ RunTime:0.000691s ]
SQL: SHOW COLUMNS FROM `mall_admin` [ RunTime:0.0009s ]
SQL: SELECT * FROM `mall_admin` WHERE `admin_name` = 'test' LIMIT 1   [ RunTime:0.0004s ]
NOTIC: [8] Undefined index: auto D:\rootwww\shangcheng\ThinkPHP\Library\Think\Model.class.php 第 1128 行.

[ 2017-06-27T00:01:14+08:00 ] 127.0.0.1 /index.php/Admin/Admin/add.html
INFO: [ app_init ] --START--
INFO: Run Behavior\BuildLiteBehavior [ RunTime:0.000050s ]
INFO: [ app_init ] --END-- [ RunTime:0.000689s ]
INFO: [ app_begin ] --START--
INFO: Run Behavior\ReadHtmlCacheBehavior [ RunTime:0.000714s ]
INFO: [ app_begin ] --END-- [ RunTime:0.000945s ]
SQL: SHOW COLUMNS FROM `mall_admin` [ RunTime:0.0015s ]
SQL: SELECT * FROM `mall_admin` WHERE `admin_name` = 'test' LIMIT 1   [ RunTime:0.0006s ]
NOTIC: [8] Undefined index: auto D:\rootwww\shangcheng\ThinkPHP\Library\Think\Model.class.php 第 1128 行.

[ 2017-06-27T00:01:16+08:00 ] 127.0.0.1 /index.php/Admin/Admin/add.html
INFO: [ app_init ] --START--
INFO: Run Behavior\BuildLiteBehavior [ RunTime:0.000274s ]
INFO: [ app_init ] --END-- [ RunTime:0.001571s ]
INFO: [ app_begin ] --START--
INFO: Run Behavior\ReadHtmlCacheBehavior [ RunTime:0.000702s ]
INFO: [ app_begin ] --END-- [ RunTime:0.000926s ]
INFO: [ view_parse ] --START--
INFO: [ template_filter ] --START--
INFO: Run Behavior\ContentReplaceBehavior [ RunTime:0.000201s ]
INFO: [ template_filter ] --END-- [ RunTime:0.000462s ]
INFO: Run Behavior\ParseTemplateBehavior [ RunTime:0.013098s ]
INFO: [ view_parse ] --END-- [ RunTime:0.013333s ]
INFO: [ view_filter ] --START--
INFO: Run Behavior\WriteHtmlCacheBehavior [ RunTime:0.000671s ]
INFO: [ view_filter ] --END-- [ RunTime:0.000883s ]
INFO: [ app_end ] --START--
INFO: Run Behavior\ShowPageTraceBehavior [ RunTime:0.000922s ]
INFO: [ app_end ] --END-- [ RunTime:0.001592s ]

[ 2017-06-27T00:01:23+08:00 ] 127.0.0.1 /index.php/Admin/Admin/add.html
INFO: [ app_init ] --START--
INFO: Run Behavior\BuildLiteBehavior [ RunTime:0.000028s ]
INFO: [ app_init ] --END-- [ RunTime:0.000496s ]
INFO: [ app_begin ] --START--
INFO: Run Behavior\ReadHtmlCacheBehavior [ RunTime:0.000480s ]
INFO: [ app_begin ] --END-- [ RunTime:0.000635s ]
SQL: SHOW COLUMNS FROM `mall_admin` [ RunTime:0.0012s ]
SQL: SELECT * FROM `mall_admin` WHERE `admin_name` = 'test' LIMIT 1   [ RunTime:0.0005s ]
NOTIC: [8] Undefined index: auto D:\rootwww\shangcheng\ThinkPHP\Library\Think\Model.class.php 第 1128 行.

[ 2017-06-27T00:12:55+08:00 ] 127.0.0.1 /index.php/Admin/Admin/add.html
INFO: [ app_init ] --START--
INFO: Run Behavior\BuildLiteBehavior [ RunTime:0.000049s ]
INFO: [ app_init ] --END-- [ RunTime:0.004120s ]
INFO: [ app_begin ] --START--
INFO: Run Behavior\ReadHtmlCacheBehavior [ RunTime:0.001002s ]
INFO: [ app_begin ] --END-- [ RunTime:0.001264s ]
SQL: SHOW COLUMNS FROM `mall_admin` [ RunTime:0.0020s ]
SQL: SELECT * FROM `mall_admin` WHERE `admin_name` = 'test' LIMIT 1   [ RunTime:0.0006s ]
NOTIC: [8] Undefined index: auto D:\rootwww\shangcheng\ThinkPHP\Library\Think\Model.class.php 第 1128 行.
SQL: INSERT INTO `mall_admin` (`admin_name`,`password`,`email`,`status`,`salt`,`add_time`) VALUES ('test','123456','123212@123.com','1','zSn!)6','1498493575') [ RunTime:0.0009s ]
INFO: [ view_parse ] --START--
INFO: [ template_filter ] --START--
INFO: Run Behavior\ContentReplaceBehavior [ RunTime:0.000195s ]
INFO: [ template_filter ] --END-- [ RunTime:0.000868s ]
INFO: Run Behavior\ParseTemplateBehavior [ RunTime:0.011935s ]
INFO: [ view_parse ] --END-- [ RunTime:0.012162s ]
INFO: [ view_filter ] --START--
INFO: Run Behavior\WriteHtmlCacheBehavior [ RunTime:0.000643s ]
INFO: [ view_filter ] --END-- [ RunTime:0.000864s ]

[ 2017-06-27T00:12:56+08:00 ] 127.0.0.1 /index.php/Admin/Admin/lst.html
INFO: [ app_init ] --START--
INFO: Run Behavior\BuildLiteBehavior [ RunTime:0.000045s ]
INFO: [ app_init ] --END-- [ RunTime:0.000651s ]
INFO: [ app_begin ] --START--
INFO: Run Behavior\ReadHtmlCacheBehavior [ RunTime:0.000761s ]
INFO: [ app_begin ] --END-- [ RunTime:0.000994s ]
INFO: [ view_parse ] --START--
INFO: [ template_filter ] --START--
INFO: Run Behavior\ContentReplaceBehavior [ RunTime:0.000212s ]
INFO: [ template_filter ] --END-- [ RunTime:0.000488s ]
NOTIC: [8] Undefined variable: typeData D:\rootwww\shangcheng\Application\Runtime\Cache\Admin\2e0a6b0b98cf96bc15633704312e45ee.php 第 32 行.
NOTIC: [8] Undefined variable: show D:\rootwww\shangcheng\Application\Runtime\Cache\Admin\2e0a6b0b98cf96bc15633704312e45ee.php 第 46 行.
INFO: Run Behavior\ParseTemplateBehavior [ RunTime:0.016797s ]
INFO: [ view_parse ] --END-- [ RunTime:0.017040s ]
INFO: [ view_filter ] --START--
INFO: Run Behavior\WriteHtmlCacheBehavior [ RunTime:0.000716s ]
INFO: [ view_filter ] --END-- [ RunTime:0.000991s ]
INFO: [ app_end ] --START--
INFO: Run Behavior\ShowPageTraceBehavior [ RunTime:0.001006s ]
INFO: [ app_end ] --END-- [ RunTime:0.001242s ]

[ 2017-06-27T00:16:40+08:00 ] 127.0.0.1 /index.php/Admin/Admin/add.html
INFO: [ app_init ] --START--
INFO: Run Behavior\BuildLiteBehavior [ RunTime:0.000048s ]
INFO: [ app_init ] --END-- [ RunTime:0.001483s ]
INFO: [ app_begin ] --START--
INFO: Run Behavior\ReadHtmlCacheBehavior [ RunTime:0.001867s ]
INFO: [ app_begin ] --END-- [ RunTime:0.002257s ]
INFO: [ view_parse ] --START--
INFO: [ template_filter ] --START--
INFO: Run Behavior\ContentReplaceBehavior [ RunTime:0.000191s ]
INFO: [ template_filter ] --END-- [ RunTime:0.000431s ]
INFO: Run Behavior\ParseTemplateBehavior [ RunTime:0.018123s ]
INFO: [ view_parse ] --END-- [ RunTime:0.018371s ]
INFO: [ view_filter ] --START--
INFO: Run Behavior\WriteHtmlCacheBehavior [ RunTime:0.000638s ]
INFO: [ view_filter ] --END-- [ RunTime:0.000858s ]
INFO: [ app_end ] --START--
INFO: Run Behavior\ShowPageTraceBehavior [ RunTime:0.001420s ]
INFO: [ app_end ] --END-- [ RunTime:0.001703s ]

[ 2017-06-27T00:16:55+08:00 ] 127.0.0.1 /index.php/Admin/Admin/add.html
INFO: [ app_init ] --START--
INFO: Run Behavior\BuildLiteBehavior [ RunTime:0.000028s ]
INFO: [ app_init ] --END-- [ RunTime:0.000472s ]
INFO: [ app_begin ] --START--
INFO: Run Behavior\ReadHtmlCacheBehavior [ RunTime:0.000663s ]
INFO: [ app_begin ] --END-- [ RunTime:0.000806s ]
SQL: SHOW COLUMNS FROM `mall_admin` [ RunTime:0.0016s ]
SQL: SELECT * FROM `mall_admin` WHERE `admin_name` = 'xiaosan' LIMIT 1   [ RunTime:0.0005s ]
INFO: [ view_parse ] --START--
INFO: [ template_filter ] --START--
INFO: Run Behavior\ContentReplaceBehavior [ RunTime:0.000099s ]
INFO: [ template_filter ] --END-- [ RunTime:0.000274s ]
INFO: Run Behavior\ParseTemplateBehavior [ RunTime:0.007980s ]
INFO: [ view_parse ] --END-- [ RunTime:0.008134s ]
INFO: [ view_filter ] --START--
INFO: Run Behavior\WriteHtmlCacheBehavior [ RunTime:0.000395s ]
INFO: [ view_filter ] --END-- [ RunTime:0.000515s ]

[ 2017-06-27T00:16:58+08:00 ] 127.0.0.1 /index.php/Admin/Admin/add.html
INFO: [ app_init ] --START--
INFO: Run Behavior\BuildLiteBehavior [ RunTime:0.000054s ]
INFO: [ app_init ] --END-- [ RunTime:0.001318s ]
INFO: [ app_begin ] --START--
INFO: Run Behavior\ReadHtmlCacheBehavior [ RunTime:0.000806s ]
INFO: [ app_begin ] --END-- [ RunTime:0.001051s ]
INFO: [ view_parse ] --START--
INFO: [ template_filter ] --START--
INFO: Run Behavior\ContentReplaceBehavior [ RunTime:0.000180s ]
INFO: [ template_filter ] --END-- [ RunTime:0.000426s ]
INFO: Run Behavior\ParseTemplateBehavior [ RunTime:0.012630s ]
INFO: [ view_parse ] --END-- [ RunTime:0.012874s ]
INFO: [ view_filter ] --START--
INFO: Run Behavior\WriteHtmlCacheBehavior [ RunTime:0.000611s ]
INFO: [ view_filter ] --END-- [ RunTime:0.000829s ]
INFO: [ app_end ] --START--
INFO: Run Behavior\ShowPageTraceBehavior [ RunTime:0.000970s ]
INFO: [ app_end ] --END-- [ RunTime:0.001213s ]

[ 2017-06-27T00:17:06+08:00 ] 127.0.0.1 /index.php/Admin/Admin/add.html
INFO: [ app_init ] --START--
INFO: Run Behavior\BuildLiteBehavior [ RunTime:0.000032s ]
INFO: [ app_init ] --END-- [ RunTime:0.000431s ]
INFO: [ app_begin ] --START--
INFO: Run Behavior\ReadHtmlCacheBehavior [ RunTime:0.000440s ]
INFO: [ app_begin ] --END-- [ RunTime:0.000577s ]
SQL: SHOW COLUMNS FROM `mall_admin` [ RunTime:0.0017s ]
SQL: SELECT * FROM `mall_admin` WHERE `admin_name` = 'xiaosan' LIMIT 1   [ RunTime:0.0005s ]
NOTIC: [8] Undefined index: auto D:\rootwww\shangcheng\ThinkPHP\Library\Think\Model.class.php 第 1128 行.
SQL: INSERT INTO `mall_admin` (`admin_name`,`password`,`email`,`status`,`salt`,`add_time`) VALUES ('xiaosan','b3513ee20e9a4b1534ef0776d11162ee','123@123.com','1','zSn!)6','1498493826') [ RunTime:0.0005s ]
INFO: [ view_parse ] --START--
INFO: [ template_filter ] --START--
INFO: Run Behavior\ContentReplaceBehavior [ RunTime:0.000099s ]
INFO: [ template_filter ] --END-- [ RunTime:0.000258s ]
INFO: Run Behavior\ParseTemplateBehavior [ RunTime:0.007728s ]
INFO: [ view_parse ] --END-- [ RunTime:0.007878s ]
INFO: [ view_filter ] --START--
INFO: Run Behavior\WriteHtmlCacheBehavior [ RunTime:0.000361s ]
INFO: [ view_filter ] --END-- [ RunTime:0.000477s ]

[ 2017-06-27T00:17:07+08:00 ] 127.0.0.1 /index.php/Admin/Admin/lst.html
INFO: [ app_init ] --START--
INFO: Run Behavior\BuildLiteBehavior [ RunTime:0.000032s ]
INFO: [ app_init ] --END-- [ RunTime:0.000430s ]
INFO: [ app_begin ] --START--
INFO: Run Behavior\ReadHtmlCacheBehavior [ RunTime:0.000557s ]
INFO: [ app_begin ] --END-- [ RunTime:0.000724s ]
INFO: [ view_parse ] --START--
INFO: [ template_filter ] --START--
INFO: Run Behavior\ContentReplaceBehavior [ RunTime:0.000130s ]
INFO: [ template_filter ] --END-- [ RunTime:0.000314s ]
NOTIC: [8] Undefined variable: typeData D:\rootwww\shangcheng\Application\Runtime\Cache\Admin\2e0a6b0b98cf96bc15633704312e45ee.php 第 32 行.
NOTIC: [8] Undefined variable: show D:\rootwww\shangcheng\Application\Runtime\Cache\Admin\2e0a6b0b98cf96bc15633704312e45ee.php 第 46 行.
INFO: Run Behavior\ParseTemplateBehavior [ RunTime:0.010498s ]
INFO: [ view_parse ] --END-- [ RunTime:0.010622s ]
INFO: [ view_filter ] --START--
INFO: Run Behavior\WriteHtmlCacheBehavior [ RunTime:0.000367s ]
INFO: [ view_filter ] --END-- [ RunTime:0.000481s ]
INFO: [ app_end ] --START--
INFO: Run Behavior\ShowPageTraceBehavior [ RunTime:0.000551s ]
INFO: [ app_end ] --END-- [ RunTime:0.000679s ]

[ 2017-06-27T00:17:35+08:00 ] 127.0.0.1 /index.php/Admin/login/login
INFO: [ app_init ] --START--
INFO: Run Behavior\BuildLiteBehavior [ RunTime:0.000031s ]
INFO: [ app_init ] --END-- [ RunTime:0.000443s ]
INFO: [ app_begin ] --START--
INFO: Run Behavior\ReadHtmlCacheBehavior [ RunTime:0.000469s ]
INFO: [ app_begin ] --END-- [ RunTime:0.000604s ]
INFO: [ view_parse ] --START--
INFO: [ template_filter ] --START--
INFO: Run Behavior\ContentReplaceBehavior [ RunTime:0.000119s ]
INFO: [ template_filter ] --END-- [ RunTime:0.000264s ]
NOTIC: [8] Use of undefined constant cookie - assumed 'cookie' D:\rootwww\shangcheng\Application\Runtime\Cache\Admin\0dfec61edd66f450033aa87c28a760f4.php 第 27 行.
NOTIC: [8] Undefined variable: Think D:\rootwww\shangcheng\Application\Runtime\Cache\Admin\0dfec61edd66f450033aa87c28a760f4.php 第 27 行.
NOTIC: [8] Use of undefined constant admin_admin_name - assumed 'admin_admin_name' D:\rootwww\shangcheng\Application\Runtime\Cache\Admin\0dfec61edd66f450033aa87c28a760f4.php 第 27 行.
NOTIC: [8] Use of undefined constant cookie - assumed 'cookie' D:\rootwww\shangcheng\Application\Runtime\Cache\Admin\0dfec61edd66f450033aa87c28a760f4.php 第 33 行.
NOTIC: [8] Undefined variable: Think D:\rootwww\shangcheng\Application\Runtime\Cache\Admin\0dfec61edd66f450033aa87c28a760f4.php 第 33 行.
NOTIC: [8] Use of undefined constant admin_password - assumed 'admin_password' D:\rootwww\shangcheng\Application\Runtime\Cache\Admin\0dfec61edd66f450033aa87c28a760f4.php 第 33 行.
INFO: Run Behavior\ParseTemplateBehavior [ RunTime:0.009258s ]
INFO: [ view_parse ] --END-- [ RunTime:0.009401s ]
INFO: [ view_filter ] --START--
INFO: Run Behavior\WriteHtmlCacheBehavior [ RunTime:0.000439s ]
INFO: [ view_filter ] --END-- [ RunTime:0.000554s ]
INFO: [ app_end ] --START--
INFO: Run Behavior\ShowPageTraceBehavior [ RunTime:0.000596s ]
INFO: [ app_end ] --END-- [ RunTime:0.000727s ]

[ 2017-06-27T00:17:35+08:00 ] 127.0.0.1 /index.php/Admin/Login/captcha
INFO: [ app_init ] --START--
INFO: Run Behavior\BuildLiteBehavior [ RunTime:0.000300s ]
INFO: [ app_init ] --END-- [ RunTime:0.001590s ]
INFO: [ app_begin ] --START--
INFO: Run Behavior\ReadHtmlCacheBehavior [ RunTime:0.000773s ]
INFO: [ app_begin ] --END-- [ RunTime:0.001007s ]
INFO: [ app_end ] --START--
INFO: Run Behavior\ShowPageTraceBehavior [ RunTime:0.000677s ]
INFO: [ app_end ] --END-- [ RunTime:0.000833s ]

[ 2017-06-27T00:18:11+08:00 ] 127.0.0.1 /index.php/Admin/Login/login
INFO: [ app_init ] --START--
INFO: Run Behavior\BuildLiteBehavior [ RunTime:0.000027s ]
INFO: [ app_init ] --END-- [ RunTime:0.000416s ]
INFO: [ app_begin ] --START--
INFO: Run Behavior\ReadHtmlCacheBehavior [ RunTime:0.000448s ]
INFO: [ app_begin ] --END-- [ RunTime:0.000579s ]
SQL: SHOW COLUMNS FROM `mall_admin` [ RunTime:0.0012s ]
NOTIC: [8] Undefined index: auto D:\rootwww\shangcheng\ThinkPHP\Library\Think\Model.class.php 第 1128 行.
SQL: SELECT * FROM `mall_admin` WHERE `admin_name` = 'xiaosan' LIMIT 1   [ RunTime:0.0005s ]
SQL: UPDATE `mall_admin` SET `last_login_time`='1498493891' WHERE `id` = 3 [ RunTime:0.0004s ]
INFO: [ view_parse ] --START--
INFO: [ template_filter ] --START--
INFO: Run Behavior\ContentReplaceBehavior [ RunTime:0.000145s ]
INFO: [ template_filter ] --END-- [ RunTime:0.000292s ]
INFO: Run Behavior\ParseTemplateBehavior [ RunTime:0.006949s ]
INFO: [ view_parse ] --END-- [ RunTime:0.007107s ]
INFO: [ view_filter ] --START--
INFO: Run Behavior\WriteHtmlCacheBehavior [ RunTime:0.000592s ]
INFO: [ view_filter ] --END-- [ RunTime:0.000798s ]

[ 2017-06-27T00:18:12+08:00 ] 127.0.0.1 /index.php/Admin/index/index.html
INFO: [ app_init ] --START--
INFO: Run Behavior\BuildLiteBehavior [ RunTime:0.000028s ]
INFO: [ app_init ] --END-- [ RunTime:0.000408s ]
INFO: [ app_begin ] --START--
INFO: Run Behavior\ReadHtmlCacheBehavior [ RunTime:0.000548s ]
INFO: [ app_begin ] --END-- [ RunTime:0.000690s ]
SQL: SHOW COLUMNS FROM `mall_attribute` [ RunTime:0.0010s ]
SQL: SHOW COLUMNS FROM `mall_type` [ RunTime:0.0008s ]
SQL: SHOW COLUMNS FROM `mall_category` [ RunTime:0.0011s ]
SQL: SHOW COLUMNS FROM `mall_goods` [ RunTime:0.0013s ]
SQL: SHOW COLUMNS FROM `mall_brand` [ RunTime:0.0010s ]
INFO: [ view_parse ] --START--
INFO: [ template_filter ] --START--
INFO: Run Behavior\ContentReplaceBehavior [ RunTime:0.000089s ]
INFO: [ template_filter ] --END-- [ RunTime:0.000222s ]
INFO: Run Behavior\ParseTemplateBehavior [ RunTime:0.007903s ]
INFO: [ view_parse ] --END-- [ RunTime:0.008040s ]
INFO: [ view_filter ] --START--
INFO: Run Behavior\WriteHtmlCacheBehavior [ RunTime:0.000410s ]
INFO: [ view_filter ] --END-- [ RunTime:0.000525s ]
INFO: [ app_end ] --START--
INFO: Run Behavior\ShowPageTraceBehavior [ RunTime:0.000585s ]
INFO: [ app_end ] --END-- [ RunTime:0.000704s ]

[ 2017-06-27T00:18:12+08:00 ] 127.0.0.1 /index.php/Admin/Index/top.html
INFO: [ app_init ] --START--
INFO: Run Behavior\BuildLiteBehavior [ RunTime:0.000051s ]
INFO: [ app_init ] --END-- [ RunTime:0.001239s ]
INFO: [ app_begin ] --START--
INFO: Run Behavior\ReadHtmlCacheBehavior [ RunTime:0.000728s ]
INFO: [ app_begin ] --END-- [ RunTime:0.000966s ]
SQL: SHOW COLUMNS FROM `mall_attribute` [ RunTime:0.0007s ]
SQL: SHOW COLUMNS FROM `mall_type` [ RunTime:0.0007s ]
SQL: SHOW COLUMNS FROM `mall_category` [ RunTime:0.0008s ]
SQL: SHOW COLUMNS FROM `mall_goods` [ RunTime:0.0010s ]
SQL: SHOW COLUMNS FROM `mall_brand` [ RunTime:0.0008s ]
INFO: [ view_parse ] --START--
INFO: [ template_filter ] --START--
INFO: Run Behavior\ContentReplaceBehavior [ RunTime:0.000112s ]
INFO: [ template_filter ] --END-- [ RunTime:0.000250s ]
INFO: Run Behavior\ParseTemplateBehavior [ RunTime:0.009367s ]
INFO: [ view_parse ] --END-- [ RunTime:0.009551s ]
INFO: [ view_filter ] --START--
INFO: Run Behavior\WriteHtmlCacheBehavior [ RunTime:0.000368s ]
INFO: [ view_filter ] --END-- [ RunTime:0.000484s ]
INFO: [ app_end ] --START--
INFO: Run Behavior\ShowPageTraceBehavior [ RunTime:0.000561s ]
INFO: [ app_end ] --END-- [ RunTime:0.000681s ]

[ 2017-06-27T00:18:12+08:00 ] 127.0.0.1 /index.php/Admin/Index/menu.html
INFO: [ app_init ] --START--
INFO: Run Behavior\BuildLiteBehavior [ RunTime:0.000033s ]
INFO: [ app_init ] --END-- [ RunTime:0.000468s ]
INFO: [ app_begin ] --START--
INFO: Run Behavior\ReadHtmlCacheBehavior [ RunTime:0.000691s ]
INFO: [ app_begin ] --END-- [ RunTime:0.000939s ]
SQL: SHOW COLUMNS FROM `mall_attribute` [ RunTime:0.0017s ]
SQL: SHOW COLUMNS FROM `mall_type` [ RunTime:0.0019s ]
SQL: SHOW COLUMNS FROM `mall_category` [ RunTime:0.0013s ]
SQL: SHOW COLUMNS FROM `mall_goods` [ RunTime:0.0013s ]
SQL: SHOW COLUMNS FROM `mall_brand` [ RunTime:0.0013s ]
INFO: [ view_parse ] --START--
INFO: [ template_filter ] --START--
INFO: Run Behavior\ContentReplaceBehavior [ RunTime:0.000174s ]
INFO: [ template_filter ] --END-- [ RunTime:0.000325s ]
INFO: Run Behavior\ParseTemplateBehavior [ RunTime:0.011972s ]
INFO: [ view_parse ] --END-- [ RunTime:0.012157s ]
INFO: [ view_filter ] --START--
INFO: Run Behavior\WriteHtmlCacheBehavior [ RunTime:0.000388s ]
INFO: [ view_filter ] --END-- [ RunTime:0.000505s ]
INFO: [ app_end ] --START--
INFO: Run Behavior\ShowPageTraceBehavior [ RunTime:0.000729s ]
INFO: [ app_end ] --END-- [ RunTime:0.000871s ]

[ 2017-06-27T00:18:12+08:00 ] 127.0.0.1 /index.php/Admin/Index/main.html
INFO: [ app_init ] --START--
INFO: Run Behavior\BuildLiteBehavior [ RunTime:0.000047s ]
INFO: [ app_init ] --END-- [ RunTime:0.000693s ]
INFO: [ app_begin ] --START--
INFO: Run Behavior\ReadHtmlCacheBehavior [ RunTime:0.000563s ]
INFO: [ app_begin ] --END-- [ RunTime:0.000720s ]
SQL: SHOW COLUMNS FROM `mall_attribute` [ RunTime:0.0011s ]
SQL: SHOW COLUMNS FROM `mall_type` [ RunTime:0.0009s ]
SQL: SHOW COLUMNS FROM `mall_category` [ RunTime:0.0009s ]
SQL: SHOW COLUMNS FROM `mall_goods` [ RunTime:0.0016s ]
SQL: SHOW COLUMNS FROM `mall_brand` [ RunTime:0.0014s ]
INFO: [ view_parse ] --START--
INFO: [ template_filter ] --START--
INFO: Run Behavior\ContentReplaceBehavior [ RunTime:0.000125s ]
INFO: [ template_filter ] --END-- [ RunTime:0.000269s ]
INFO: Run Behavior\ParseTemplateBehavior [ RunTime:0.011637s ]
INFO: [ view_parse ] --END-- [ RunTime:0.011802s ]
INFO: [ view_filter ] --START--
INFO: Run Behavior\WriteHtmlCacheBehavior [ RunTime:0.000371s ]
INFO: [ view_filter ] --END-- [ RunTime:0.000486s ]
INFO: [ app_end ] --START--
INFO: Run Behavior\ShowPageTraceBehavior [ RunTime:0.000567s ]
INFO: [ app_end ] --END-- [ RunTime:0.000687s ]

[ 2017-06-27T00:18:17+08:00 ] 127.0.0.1 /index.php/Admin/Index/top.html
INFO: [ app_init ] --START--
INFO: Run Behavior\BuildLiteBehavior [ RunTime:0.000045s ]
INFO: [ app_init ] --END-- [ RunTime:0.000952s ]
INFO: [ app_begin ] --START--
INFO: Run Behavior\ReadHtmlCacheBehavior [ RunTime:0.000794s ]
INFO: [ app_begin ] --END-- [ RunTime:0.001089s ]
SQL: SHOW COLUMNS FROM `mall_attribute` [ RunTime:0.0013s ]
SQL: SHOW COLUMNS FROM `mall_type` [ RunTime:0.0012s ]
SQL: SHOW COLUMNS FROM `mall_category` [ RunTime:0.0013s ]
SQL: SHOW COLUMNS FROM `mall_goods` [ RunTime:0.0015s ]
SQL: SHOW COLUMNS FROM `mall_brand` [ RunTime:0.0010s ]
INFO: [ view_parse ] --START--
INFO: [ template_filter ] --START--
INFO: Run Behavior\ContentReplaceBehavior [ RunTime:0.000192s ]
INFO: [ template_filter ] --END-- [ RunTime:0.000423s ]
INFO: Run Behavior\ParseTemplateBehavior [ RunTime:0.011317s ]
INFO: [ view_parse ] --END-- [ RunTime:0.011577s ]
INFO: [ view_filter ] --START--
INFO: Run Behavior\WriteHtmlCacheBehavior [ RunTime:0.000832s ]
INFO: [ view_filter ] --END-- [ RunTime:0.001053s ]
INFO: [ app_end ] --START--
INFO: Run Behavior\ShowPageTraceBehavior [ RunTime:0.001048s ]
INFO: [ app_end ] --END-- [ RunTime:0.001297s ]

[ 2017-06-27T00:18:21+08:00 ] 127.0.0.1 /index.php/Admin/goods/lst.html
INFO: [ app_init ] --START--
INFO: Run Behavior\BuildLiteBehavior [ RunTime:0.000041s ]
INFO: [ app_init ] --END-- [ RunTime:0.000633s ]
INFO: [ app_begin ] --START--
INFO: Run Behavior\ReadHtmlCacheBehavior [ RunTime:0.000734s ]
INFO: [ app_begin ] --END-- [ RunTime:0.000960s ]
SQL: SHOW COLUMNS FROM `mall_attribute` [ RunTime:0.0010s ]
SQL: SHOW COLUMNS FROM `mall_type` [ RunTime:0.0012s ]
SQL: SHOW COLUMNS FROM `mall_category` [ RunTime:0.0010s ]
SQL: SHOW COLUMNS FROM `mall_goods` [ RunTime:0.0013s ]
SQL: SHOW COLUMNS FROM `mall_brand` [ RunTime:0.0010s ]
SQL: SELECT * FROM `mall_category` WHERE `status` = 1  [ RunTime:0.0005s ]
SQL: SELECT * FROM `mall_goods` WHERE `is_delete` = 0  [ RunTime:0.0021s ]
INFO: [ view_parse ] --START--
INFO: [ template_filter ] --START--
INFO: Run Behavior\ContentReplaceBehavior [ RunTime:0.000287s ]
INFO: [ template_filter ] --END-- [ RunTime:0.000535s ]
NOTIC: [8] Use of undefined constant id - assumed 'id' D:\rootwww\shangcheng\Application\Runtime\Cache\Admin\12cf6a5c74297688873998de0720405d.php 第 112 行.
NOTIC: [8] Undefined variable: val D:\rootwww\shangcheng\Application\Runtime\Cache\Admin\12cf6a5c74297688873998de0720405d.php 第 114 行.
NOTIC: [8] Use of undefined constant id - assumed 'id' D:\rootwww\shangcheng\Application\Runtime\Cache\Admin\12cf6a5c74297688873998de0720405d.php 第 115 行.
NOTIC: [8] Use of undefined constant id - assumed 'id' D:\rootwww\shangcheng\Application\Runtime\Cache\Admin\12cf6a5c74297688873998de0720405d.php 第 117 行.
NOTIC: [8] Undefined variable: showPage D:\rootwww\shangcheng\Application\Runtime\Cache\Admin\12cf6a5c74297688873998de0720405d.php 第 128 行.
INFO: Run Behavior\ParseTemplateBehavior [ RunTime:0.028041s ]
INFO: [ view_parse ] --END-- [ RunTime:0.028303s ]
INFO: [ view_filter ] --START--
INFO: Run Behavior\WriteHtmlCacheBehavior [ RunTime:0.000685s ]
INFO: [ view_filter ] --END-- [ RunTime:0.000897s ]
INFO: [ app_end ] --START--
INFO: Run Behavior\ShowPageTraceBehavior [ RunTime:0.000880s ]
INFO: [ app_end ] --END-- [ RunTime:0.001097s ]

[ 2017-06-27T00:26:42+08:00 ] 127.0.0.1 /index.php/Admin/Index/top.html
INFO: [ app_init ] --START--
INFO: Run Behavior\BuildLiteBehavior [ RunTime:0.000028s ]
INFO: [ app_init ] --END-- [ RunTime:0.000465s ]
INFO: [ app_begin ] --START--
INFO: Run Behavior\ReadHtmlCacheBehavior [ RunTime:0.000549s ]
INFO: [ app_begin ] --END-- [ RunTime:0.000682s ]
SQL: SHOW COLUMNS FROM `mall_attribute` [ RunTime:0.0100s ]
SQL: SHOW COLUMNS FROM `mall_type` [ RunTime:0.0013s ]
SQL: SHOW COLUMNS FROM `mall_category` [ RunTime:0.0013s ]
SQL: SHOW COLUMNS FROM `mall_goods` [ RunTime:0.0012s ]
SQL: SHOW COLUMNS FROM `mall_brand` [ RunTime:0.0011s ]
INFO: [ view_parse ] --START--
INFO: [ template_filter ] --START--
INFO: Run Behavior\ContentReplaceBehavior [ RunTime:0.000146s ]
INFO: [ template_filter ] --END-- [ RunTime:0.000315s ]
INFO: Run Behavior\ParseTemplateBehavior [ RunTime:0.009068s ]
INFO: [ view_parse ] --END-- [ RunTime:0.009207s ]
INFO: [ view_filter ] --START--
INFO: Run Behavior\WriteHtmlCacheBehavior [ RunTime:0.000401s ]
INFO: [ view_filter ] --END-- [ RunTime:0.000520s ]
INFO: [ app_end ] --START--
INFO: Run Behavior\ShowPageTraceBehavior [ RunTime:0.000568s ]
INFO: [ app_end ] --END-- [ RunTime:0.000687s ]

[ 2017-06-27T00:27:42+08:00 ] 127.0.0.1 /index.php/Admin/goods/lst.html
INFO: [ app_init ] --START--
INFO: Run Behavior\BuildLiteBehavior [ RunTime:0.000027s ]
INFO: [ app_init ] --END-- [ RunTime:0.000466s ]
INFO: [ app_begin ] --START--
INFO: Run Behavior\ReadHtmlCacheBehavior [ RunTime:0.000631s ]
INFO: [ app_begin ] --END-- [ RunTime:0.000772s ]
SQL: SHOW COLUMNS FROM `mall_attribute` [ RunTime:0.0017s ]
SQL: SHOW COLUMNS FROM `mall_type` [ RunTime:0.0011s ]
SQL: SHOW COLUMNS FROM `mall_category` [ RunTime:0.0011s ]
SQL: SHOW COLUMNS FROM `mall_goods` [ RunTime:0.0014s ]
SQL: SHOW COLUMNS FROM `mall_brand` [ RunTime:0.0011s ]
SQL: SELECT * FROM `mall_category` WHERE `status` = 1  [ RunTime:0.0012s ]
SQL: SELECT * FROM `mall_goods` WHERE `is_delete` = 0  [ RunTime:0.0015s ]
INFO: [ view_parse ] --START--
INFO: [ template_filter ] --START--
INFO: Run Behavior\ContentReplaceBehavior [ RunTime:0.000162s ]
INFO: [ template_filter ] --END-- [ RunTime:0.000298s ]
NOTIC: [8] Use of undefined constant id - assumed 'id' D:\rootwww\shangcheng\Application\Runtime\Cache\Admin\12cf6a5c74297688873998de0720405d.php 第 112 行.
NOTIC: [8] Undefined variable: val D:\rootwww\shangcheng\Application\Runtime\Cache\Admin\12cf6a5c74297688873998de0720405d.php 第 114 行.
NOTIC: [8] Use of undefined constant id - assumed 'id' D:\rootwww\shangcheng\Application\Runtime\Cache\Admin\12cf6a5c74297688873998de0720405d.php 第 115 行.
NOTIC: [8] Use of undefined constant id - assumed 'id' D:\rootwww\shangcheng\Application\Runtime\Cache\Admin\12cf6a5c74297688873998de0720405d.php 第 117 行.
NOTIC: [8] Undefined variable: showPage D:\rootwww\shangcheng\Application\Runtime\Cache\Admin\12cf6a5c74297688873998de0720405d.php 第 128 行.
INFO: Run Behavior\ParseTemplateBehavior [ RunTime:0.019032s ]
INFO: [ view_parse ] --END-- [ RunTime:0.019175s ]
INFO: [ view_filter ] --START--
INFO: Run Behavior\WriteHtmlCacheBehavior [ RunTime:0.000404s ]
INFO: [ view_filter ] --END-- [ RunTime:0.000518s ]
INFO: [ app_end ] --START--
INFO: Run Behavior\ShowPageTraceBehavior [ RunTime:0.000564s ]
INFO: [ app_end ] --END-- [ RunTime:0.000696s ]

[ 2017-06-27T00:27:45+08:00 ] 127.0.0.1 /index.php/Admin/type/lst.html
INFO: [ app_init ] --START--
INFO: Run Behavior\BuildLiteBehavior [ RunTime:0.000134s ]
INFO: [ app_init ] --END-- [ RunTime:0.000900s ]
INFO: [ app_begin ] --START--
INFO: Run Behavior\ReadHtmlCacheBehavior [ RunTime:0.000777s ]
INFO: [ app_begin ] --END-- [ RunTime:0.001021s ]
SQL: SHOW COLUMNS FROM `mall_attribute` [ RunTime:0.0011s ]
SQL: SHOW COLUMNS FROM `mall_type` [ RunTime:0.0011s ]
SQL: SHOW COLUMNS FROM `mall_category` [ RunTime:0.0014s ]
SQL: SHOW COLUMNS FROM `mall_goods` [ RunTime:0.0013s ]
SQL: SHOW COLUMNS FROM `mall_brand` [ RunTime:0.0010s ]
SQL: SELECT COUNT(*) AS tp_count FROM `mall_type` LIMIT 1   [ RunTime:0.0004s ]
SQL: SELECT * FROM `mall_type` LIMIT 0,10   [ RunTime:0.0005s ]
INFO: [ view_parse ] --START--
INFO: [ template_filter ] --START--
INFO: Run Behavior\ContentReplaceBehavior [ RunTime:0.000182s ]
INFO: [ template_filter ] --END-- [ RunTime:0.000405s ]
NOTIC: [8] Use of undefined constant id - assumed 'id' D:\rootwww\shangcheng\Application\Runtime\Cache\Admin\9e1e5841af12860e6ba08b9e55eb68af.php 第 37 行.
NOTIC: [8] Use of undefined constant id - assumed 'id' D:\rootwww\shangcheng\Application\Runtime\Cache\Admin\9e1e5841af12860e6ba08b9e55eb68af.php 第 38 行.
NOTIC: [8] Use of undefined constant id - assumed 'id' D:\rootwww\shangcheng\Application\Runtime\Cache\Admin\9e1e5841af12860e6ba08b9e55eb68af.php 第 37 行.
NOTIC: [8] Use of undefined constant id - assumed 'id' D:\rootwww\shangcheng\Application\Runtime\Cache\Admin\9e1e5841af12860e6ba08b9e55eb68af.php 第 38 行.
NOTIC: [8] Use of undefined constant id - assumed 'id' D:\rootwww\shangcheng\Application\Runtime\Cache\Admin\9e1e5841af12860e6ba08b9e55eb68af.php 第 37 行.
NOTIC: [8] Use of undefined constant id - assumed 'id' D:\rootwww\shangcheng\Application\Runtime\Cache\Admin\9e1e5841af12860e6ba08b9e55eb68af.php 第 38 行.
NOTIC: [8] Use of undefined constant id - assumed 'id' D:\rootwww\shangcheng\Application\Runtime\Cache\Admin\9e1e5841af12860e6ba08b9e55eb68af.php 第 37 行.
NOTIC: [8] Use of undefined constant id - assumed 'id' D:\rootwww\shangcheng\Application\Runtime\Cache\Admin\9e1e5841af12860e6ba08b9e55eb68af.php 第 38 行.
NOTIC: [8] Use of undefined constant id - assumed 'id' D:\rootwww\shangcheng\Application\Runtime\Cache\Admin\9e1e5841af12860e6ba08b9e55eb68af.php 第 37 行.
NOTIC: [8] Use of undefined constant id - assumed 'id' D:\rootwww\shangcheng\Application\Runtime\Cache\Admin\9e1e5841af12860e6ba08b9e55eb68af.php 第 38 行.
NOTIC: [8] Use of undefined constant id - assumed 'id' D:\rootwww\shangcheng\Application\Runtime\Cache\Admin\9e1e5841af12860e6ba08b9e55eb68af.php 第 37 行.
NOTIC: [8] Use of undefined constant id - assumed 'id' D:\rootwww\shangcheng\Application\Runtime\Cache\Admin\9e1e5841af12860e6ba08b9e55eb68af.php 第 38 行.
NOTIC: [8] Use of undefined constant id - assumed 'id' D:\rootwww\shangcheng\Application\Runtime\Cache\Admin\9e1e5841af12860e6ba08b9e55eb68af.php 第 37 行.
NOTIC: [8] Use of undefined constant id - assumed 'id' D:\rootwww\shangcheng\Application\Runtime\Cache\Admin\9e1e5841af12860e6ba08b9e55eb68af.php 第 38 行.
INFO: Run Behavior\ParseTemplateBehavior [ RunTime:0.024684s ]
INFO: [ view_parse ] --END-- [ RunTime:0.024929s ]
INFO: [ view_filter ] --START--
INFO: Run Behavior\WriteHtmlCacheBehavior [ RunTime:0.000683s ]
INFO: [ view_filter ] --END-- [ RunTime:0.000914s ]
INFO: [ app_end ] --START--
INFO: Run Behavior\ShowPageTraceBehavior [ RunTime:0.000853s ]
INFO: [ app_end ] --END-- [ RunTime:0.001149s ]

[ 2017-06-27T00:27:45+08:00 ] 127.0.0.1 /index.php/Admin/category/lst.html
INFO: [ app_init ] --START--
INFO: Run Behavior\BuildLiteBehavior [ RunTime:0.000046s ]
INFO: [ app_init ] --END-- [ RunTime:0.000709s ]
INFO: [ app_begin ] --START--
INFO: Run Behavior\ReadHtmlCacheBehavior [ RunTime:0.000751s ]
INFO: [ app_begin ] --END-- [ RunTime:0.000988s ]
SQL: SHOW COLUMNS FROM `mall_attribute` [ RunTime:0.0014s ]
SQL: SHOW COLUMNS FROM `mall_type` [ RunTime:0.0013s ]
SQL: SHOW COLUMNS FROM `mall_category` [ RunTime:0.0011s ]
SQL: SHOW COLUMNS FROM `mall_goods` [ RunTime:0.0013s ]
SQL: SHOW COLUMNS FROM `mall_brand` [ RunTime:0.0011s ]
SQL: SELECT * FROM `mall_category` WHERE `status` = 1  [ RunTime:0.0004s ]
INFO: [ view_parse ] --START--
INFO: [ template_filter ] --START--
INFO: Run Behavior\ContentReplaceBehavior [ RunTime:0.000201s ]
INFO: [ template_filter ] --END-- [ RunTime:0.000449s ]
NOTIC: [8] Use of undefined constant nav_show - assumed 'nav_show' D:\rootwww\shangcheng\Application\Runtime\Cache\Admin\395c0ba78bddab9d6617dcec0f2fd9a9.php 第 38 行.
NOTIC: [8] Use of undefined constant is_show - assumed 'is_show' D:\rootwww\shangcheng\Application\Runtime\Cache\Admin\395c0ba78bddab9d6617dcec0f2fd9a9.php 第 41 行.
NOTIC: [8] Use of undefined constant id - assumed 'id' D:\rootwww\shangcheng\Application\Runtime\Cache\Admin\395c0ba78bddab9d6617dcec0f2fd9a9.php 第 45 行.
NOTIC: [8] Use of undefined constant id - assumed 'id' D:\rootwww\shangcheng\Application\Runtime\Cache\Admin\395c0ba78bddab9d6617dcec0f2fd9a9.php 第 46 行.
NOTIC: [8] Use of undefined constant nav_show - assumed 'nav_show' D:\rootwww\shangcheng\Application\Runtime\Cache\Admin\395c0ba78bddab9d6617dcec0f2fd9a9.php 第 38 行.
NOTIC: [8] Use of undefined constant is_show - assumed 'is_show' D:\rootwww\shangcheng\Application\Runtime\Cache\Admin\395c0ba78bddab9d6617dcec0f2fd9a9.php 第 41 行.
NOTIC: [8] Use of undefined constant id - assumed 'id' D:\rootwww\shangcheng\Application\Runtime\Cache\Admin\395c0ba78bddab9d6617dcec0f2fd9a9.php 第 45 行.
NOTIC: [8] Use of undefined constant id - assumed 'id' D:\rootwww\shangcheng\Application\Runtime\Cache\Admin\395c0ba78bddab9d6617dcec0f2fd9a9.php 第 46 行.
NOTIC: [8] Use of undefined constant nav_show - assumed 'nav_show' D:\rootwww\shangcheng\Application\Runtime\Cache\Admin\395c0ba78bddab9d6617dcec0f2fd9a9.php 第 38 行.
NOTIC: [8] Use of undefined constant is_show - assumed 'is_show' D:\rootwww\shangcheng\Application\Runtime\Cache\Admin\395c0ba78bddab9d6617dcec0f2fd9a9.php 第 41 行.
NOTIC: [8] Use of undefined constant id - assumed 'id' D:\rootwww\shangcheng\Application\Runtime\Cache\Admin\395c0ba78bddab9d6617dcec0f2fd9a9.php 第 45 行.
NOTIC: [8] Use of undefined constant id - assumed 'id' D:\rootwww\shangcheng\Application\Runtime\Cache\Admin\395c0ba78bddab9d6617dcec0f2fd9a9.php 第 46 行.
NOTIC: [8] Use of undefined constant nav_show - assumed 'nav_show' D:\rootwww\shangcheng\Application\Runtime\Cache\Admin\395c0ba78bddab9d6617dcec0f2fd9a9.php 第 38 行.
NOTIC: [8] Use of undefined constant is_show - assumed 'is_show' D:\rootwww\shangcheng\Application\Runtime\Cache\Admin\395c0ba78bddab9d6617dcec0f2fd9a9.php 第 41 行.
NOTIC: [8] Use of undefined constant id - assumed 'id' D:\rootwww\shangcheng\Application\Runtime\Cache\Admin\395c0ba78bddab9d6617dcec0f2fd9a9.php 第 45 行.
NOTIC: [8] Use of undefined constant id - assumed 'id' D:\rootwww\shangcheng\Application\Runtime\Cache\Admin\395c0ba78bddab9d6617dcec0f2fd9a9.php 第 46 行.
NOTIC: [8] Use of undefined constant nav_show - assumed 'nav_show' D:\rootwww\shangcheng\Application\Runtime\Cache\Admin\395c0ba78bddab9d6617dcec0f2fd9a9.php 第 38 行.
NOTIC: [8] Use of undefined constant is_show - assumed 'is_show' D:\rootwww\shangcheng\Application\Runtime\Cache\Admin\395c0ba78bddab9d6617dcec0f2fd9a9.php 第 41 行.
NOTIC: [8] Use of undefined constant id - assumed 'id' D:\rootwww\shangcheng\Application\Runtime\Cache\Admin\395c0ba78bddab9d6617dcec0f2fd9a9.php 第 45 行.
NOTIC: [8] Use of undefined constant id - assumed 'id' D:\rootwww\shangcheng\Application\Runtime\Cache\Admin\395c0ba78bddab9d6617dcec0f2fd9a9.php 第 46 行.
NOTIC: [8] Use of undefined constant nav_show - assumed 'nav_show' D:\rootwww\shangcheng\Application\Runtime\Cache\Admin\395c0ba78bddab9d6617dcec0f2fd9a9.php 第 38 行.
NOTIC: [8] Use of undefined constant is_show - assumed 'is_show' D:\rootwww\shangcheng\Application\Runtime\Cache\Admin\395c0ba78bddab9d6617dcec0f2fd9a9.php 第 41 行.
NOTIC: [8] Use of undefined constant id - assumed 'id' D:\rootwww\shangcheng\Application\Runtime\Cache\Admin\395c0ba78bddab9d6617dcec0f2fd9a9.php 第 45 行.
NOTIC: [8] Use of undefined constant id - assumed 'id' D:\rootwww\shangcheng\Application\Runtime\Cache\Admin\395c0ba78bddab9d6617dcec0f2fd9a9.php 第 46 行.
NOTIC: [8] Use of undefined constant nav_show - assumed 'nav_show' D:\rootwww\shangcheng\Application\Runtime\Cache\Admin\395c0ba78bddab9d6617dcec0f2fd9a9.php 第 38 行.
NOTIC: [8] Use of undefined constant is_show - assumed 'is_show' D:\rootwww\shangcheng\Application\Runtime\Cache\Admin\395c0ba78bddab9d6617dcec0f2fd9a9.php 第 41 行.
NOTIC: [8] Use of undefined constant id - assumed 'id' D:\rootwww\shangcheng\Application\Runtime\Cache\Admin\395c0ba78bddab9d6617dcec0f2fd9a9.php 第 45 行.
NOTIC: [8] Use of undefined constant id - assumed 'id' D:\rootwww\shangcheng\Application\Runtime\Cache\Admin\395c0ba78bddab9d6617dcec0f2fd9a9.php 第 46 行.
NOTIC: [8] Use of undefined constant nav_show - assumed 'nav_show' D:\rootwww\shangcheng\Application\Runtime\Cache\Admin\395c0ba78bddab9d6617dcec0f2fd9a9.php 第 38 行.
NOTIC: [8] Use of undefined constant is_show - assumed 'is_show' D:\rootwww\shangcheng\Application\Runtime\Cache\Admin\395c0ba78bddab9d6617dcec0f2fd9a9.php 第 41 行.
NOTIC: [8] Use of undefined constant id - assumed 'id' D:\rootwww\shangcheng\Application\Runtime\Cache\Admin\395c0ba78bddab9d6617dcec0f2fd9a9.php 第 45 行.
NOTIC: [8] Use of undefined constant id - assumed 'id' D:\rootwww\shangcheng\Application\Runtime\Cache\Admin\395c0ba78bddab9d6617dcec0f2fd9a9.php 第 46 行.
NOTIC: [8] Use of undefined constant nav_show - assumed 'nav_show' D:\rootwww\shangcheng\Application\Runtime\Cache\Admin\395c0ba78bddab9d6617dcec0f2fd9a9.php 第 38 行.
NOTIC: [8] Use of undefined constant is_show - assumed 'is_show' D:\rootwww\shangcheng\Application\Runtime\Cache\Admin\395c0ba78bddab9d6617dcec0f2fd9a9.php 第 41 行.
NOTIC: [8] Use of undefined constant id - assumed 'id' D:\rootwww\shangcheng\Application\Runtime\Cache\Admin\395c0ba78bddab9d6617dcec0f2fd9a9.php 第 45 行.
NOTIC: [8] Use of undefined constant id - assumed 'id' D:\rootwww\shangcheng\Application\Runtime\Cache\Admin\395c0ba78bddab9d6617dcec0f2fd9a9.php 第 46 行.
NOTIC: [8] Use of undefined constant nav_show - assumed 'nav_show' D:\rootwww\shangcheng\Application\Runtime\Cache\Admin\395c0ba78bddab9d6617dcec0f2fd9a9.php 第 38 行.
NOTIC: [8] Use of undefined constant is_show - assumed 'is_show' D:\rootwww\shangcheng\Application\Runtime\Cache\Admin\395c0ba78bddab9d6617dcec0f2fd9a9.php 第 41 行.
NOTIC: [8] Use of undefined constant id - assumed 'id' D:\rootwww\shangcheng\Application\Runtime\Cache\Admin\395c0ba78bddab9d6617dcec0f2fd9a9.php 第 45 行.
NOTIC: [8] Use of undefined constant id - assumed 'id' D:\rootwww\shangcheng\Application\Runtime\Cache\Admin\395c0ba78bddab9d6617dcec0f2fd9a9.php 第 46 行.
INFO: Run Behavior\ParseTemplateBehavior [ RunTime:0.019157s ]
INFO: [ view_parse ] --END-- [ RunTime:0.019322s ]
INFO: [ view_filter ] --START--
INFO: Run Behavior\WriteHtmlCacheBehavior [ RunTime:0.000510s ]
INFO: [ view_filter ] --END-- [ RunTime:0.000643s ]
INFO: [ app_end ] --START--
INFO: Run Behavior\ShowPageTraceBehavior [ RunTime:0.000865s ]
INFO: [ app_end ] --END-- [ RunTime:0.001111s ]

[ 2017-06-27T00:27:46+08:00 ] 127.0.0.1 /index.php/Admin/brand/lst.html
INFO: [ app_init ] --START--
INFO: Run Behavior\BuildLiteBehavior [ RunTime:0.000045s ]
INFO: [ app_init ] --END-- [ RunTime:0.000665s ]
INFO: [ app_begin ] --START--
INFO: Run Behavior\ReadHtmlCacheBehavior [ RunTime:0.000922s ]
INFO: [ app_begin ] --END-- [ RunTime:0.001151s ]
SQL: SHOW COLUMNS FROM `mall_attribute` [ RunTime:0.0009s ]
SQL: SHOW COLUMNS FROM `mall_type` [ RunTime:0.0009s ]
SQL: SHOW COLUMNS FROM `mall_category` [ RunTime:0.0011s ]
SQL: SHOW COLUMNS FROM `mall_goods` [ RunTime:0.0014s ]
SQL: SHOW COLUMNS FROM `mall_brand` [ RunTime:0.0012s ]
SQL: SELECT * FROM `mall_brand` WHERE `is_show` = 1  [ RunTime:0.0008s ]
INFO: [ view_parse ] --START--
INFO: [ template_filter ] --START--
INFO: Run Behavior\ContentReplaceBehavior [ RunTime:0.000216s ]
INFO: [ template_filter ] --END-- [ RunTime:0.000453s ]
NOTIC: [8] Use of undefined constant is_show - assumed 'is_show' D:\rootwww\shangcheng\Application\Runtime\Cache\Admin\6be123300bd3bf15436cbc79ad313de4.php 第 50 行.
NOTIC: [8] Use of undefined constant id - assumed 'id' D:\rootwww\shangcheng\Application\Runtime\Cache\Admin\6be123300bd3bf15436cbc79ad313de4.php 第 56 行.
NOTIC: [8] Use of undefined constant is_show - assumed 'is_show' D:\rootwww\shangcheng\Application\Runtime\Cache\Admin\6be123300bd3bf15436cbc79ad313de4.php 第 50 行.
NOTIC: [8] Use of undefined constant id - assumed 'id' D:\rootwww\shangcheng\Application\Runtime\Cache\Admin\6be123300bd3bf15436cbc79ad313de4.php 第 56 行.
NOTIC: [8] Use of undefined constant is_show - assumed 'is_show' D:\rootwww\shangcheng\Application\Runtime\Cache\Admin\6be123300bd3bf15436cbc79ad313de4.php 第 50 行.
NOTIC: [8] Use of undefined constant id - assumed 'id' D:\rootwww\shangcheng\Application\Runtime\Cache\Admin\6be123300bd3bf15436cbc79ad313de4.php 第 56 行.
NOTIC: [8] Use of undefined constant is_show - assumed 'is_show' D:\rootwww\shangcheng\Application\Runtime\Cache\Admin\6be123300bd3bf15436cbc79ad313de4.php 第 50 行.
NOTIC: [8] Use of undefined constant id - assumed 'id' D:\rootwww\shangcheng\Application\Runtime\Cache\Admin\6be123300bd3bf15436cbc79ad313de4.php 第 56 行.
NOTIC: [8] Use of undefined constant is_show - assumed 'is_show' D:\rootwww\shangcheng\Application\Runtime\Cache\Admin\6be123300bd3bf15436cbc79ad313de4.php 第 50 行.
NOTIC: [8] Use of undefined constant id - assumed 'id' D:\rootwww\shangcheng\Application\Runtime\Cache\Admin\6be123300bd3bf15436cbc79ad313de4.php 第 56 行.
INFO: Run Behavior\ParseTemplateBehavior [ RunTime:0.018863s ]
INFO: [ view_parse ] --END-- [ RunTime:0.019102s ]
INFO: [ view_filter ] --START--
INFO: Run Behavior\WriteHtmlCacheBehavior [ RunTime:0.000675s ]
INFO: [ view_filter ] --END-- [ RunTime:0.000895s ]
INFO: [ app_end ] --START--
INFO: Run Behavior\ShowPageTraceBehavior [ RunTime:0.000911s ]
INFO: [ app_end ] --END-- [ RunTime:0.001164s ]

[ 2017-06-27T00:30:12+08:00 ] 127.0.0.1 /index.php/Admin/Login/logout.html
INFO: [ app_init ] --START--
INFO: Run Behavior\BuildLiteBehavior [ RunTime:0.000052s ]
INFO: [ app_init ] --END-- [ RunTime:0.002234s ]
INFO: [ app_begin ] --START--
INFO: Run Behavior\ReadHtmlCacheBehavior [ RunTime:0.000919s ]
INFO: [ app_begin ] --END-- [ RunTime:0.001164s ]
INFO: [ view_parse ] --START--
INFO: [ template_filter ] --START--
INFO: Run Behavior\ContentReplaceBehavior [ RunTime:0.000162s ]
INFO: [ template_filter ] --END-- [ RunTime:0.000408s ]
INFO: Run Behavior\ParseTemplateBehavior [ RunTime:0.012934s ]
INFO: [ view_parse ] --END-- [ RunTime:0.013179s ]
INFO: [ view_filter ] --START--
INFO: Run Behavior\WriteHtmlCacheBehavior [ RunTime:0.001087s ]
INFO: [ view_filter ] --END-- [ RunTime:0.001373s ]
INFO: [ app_end ] --START--
INFO: Run Behavior\ShowPageTraceBehavior [ RunTime:0.004517s ]
INFO: [ app_end ] --END-- [ RunTime:0.004762s ]

[ 2017-06-27T00:30:13+08:00 ] 127.0.0.1 /index.php/Admin/Login/login.html
INFO: [ app_init ] --START--
INFO: Run Behavior\BuildLiteBehavior [ RunTime:0.000048s ]
INFO: [ app_init ] --END-- [ RunTime:0.000661s ]
INFO: [ app_begin ] --START--
INFO: Run Behavior\ReadHtmlCacheBehavior [ RunTime:0.000841s ]
INFO: [ app_begin ] --END-- [ RunTime:0.001117s ]
INFO: [ view_parse ] --START--
INFO: [ template_filter ] --START--
INFO: Run Behavior\ContentReplaceBehavior [ RunTime:0.000200s ]
INFO: [ template_filter ] --END-- [ RunTime:0.000462s ]
NOTIC: [8] Use of undefined constant cookie - assumed 'cookie' D:\rootwww\shangcheng\Application\Runtime\Cache\Admin\0dfec61edd66f450033aa87c28a760f4.php 第 27 行.
NOTIC: [8] Undefined variable: Think D:\rootwww\shangcheng\Application\Runtime\Cache\Admin\0dfec61edd66f450033aa87c28a760f4.php 第 27 行.
NOTIC: [8] Use of undefined constant admin_admin_name - assumed 'admin_admin_name' D:\rootwww\shangcheng\Application\Runtime\Cache\Admin\0dfec61edd66f450033aa87c28a760f4.php 第 27 行.
NOTIC: [8] Use of undefined constant cookie - assumed 'cookie' D:\rootwww\shangcheng\Application\Runtime\Cache\Admin\0dfec61edd66f450033aa87c28a760f4.php 第 33 行.
NOTIC: [8] Undefined variable: Think D:\rootwww\shangcheng\Application\Runtime\Cache\Admin\0dfec61edd66f450033aa87c28a760f4.php 第 33 行.
NOTIC: [8] Use of undefined constant admin_password - assumed 'admin_password' D:\rootwww\shangcheng\Application\Runtime\Cache\Admin\0dfec61edd66f450033aa87c28a760f4.php 第 33 行.
INFO: Run Behavior\ParseTemplateBehavior [ RunTime:0.014463s ]
INFO: [ view_parse ] --END-- [ RunTime:0.014701s ]
INFO: [ view_filter ] --START--
INFO: Run Behavior\WriteHtmlCacheBehavior [ RunTime:0.000591s ]
INFO: [ view_filter ] --END-- [ RunTime:0.000813s ]
INFO: [ app_end ] --START--
INFO: Run Behavior\ShowPageTraceBehavior [ RunTime:0.001058s ]
INFO: [ app_end ] --END-- [ RunTime:0.001292s ]

[ 2017-06-27T00:30:13+08:00 ] 127.0.0.1 /index.php/Admin/Login/captcha
INFO: [ app_init ] --START--
INFO: Run Behavior\BuildLiteBehavior [ RunTime:0.000051s ]
INFO: [ app_init ] --END-- [ RunTime:0.000706s ]
INFO: [ app_begin ] --START--
INFO: Run Behavior\ReadHtmlCacheBehavior [ RunTime:0.000828s ]
INFO: [ app_begin ] --END-- [ RunTime:0.001077s ]
INFO: [ app_end ] --START--
INFO: Run Behavior\ShowPageTraceBehavior [ RunTime:0.001068s ]
INFO: [ app_end ] --END-- [ RunTime:0.001324s ]

[ 2017-06-27T00:30:39+08:00 ] 127.0.0.1 /index.php/Admin/Login/login
INFO: [ app_init ] --START--
INFO: Run Behavior\BuildLiteBehavior [ RunTime:0.000027s ]
INFO: [ app_init ] --END-- [ RunTime:0.000432s ]
INFO: [ app_begin ] --START--
INFO: Run Behavior\ReadHtmlCacheBehavior [ RunTime:0.000447s ]
INFO: [ app_begin ] --END-- [ RunTime:0.000575s ]
SQL: SHOW COLUMNS FROM `mall_admin` [ RunTime:0.0011s ]
NOTIC: [8] Undefined index: auto D:\rootwww\shangcheng\ThinkPHP\Library\Think\Model.class.php 第 1128 行.
SQL: SELECT * FROM `mall_admin` WHERE `admin_name` = 'admin' LIMIT 1   [ RunTime:0.0005s ]
SQL: UPDATE `mall_admin` SET `last_login_time`='1498494639' WHERE `id` = 1 [ RunTime:0.0005s ]

[ 2017-06-27T00:31:13+08:00 ] 127.0.0.1 /index.php/Admin/Login/login
INFO: [ app_init ] --START--
INFO: Run Behavior\BuildLiteBehavior [ RunTime:0.000049s ]
INFO: [ app_init ] --END-- [ RunTime:0.000699s ]
INFO: [ app_begin ] --START--
INFO: Run Behavior\ReadHtmlCacheBehavior [ RunTime:0.001057s ]
INFO: [ app_begin ] --END-- [ RunTime:0.001434s ]
SQL: SHOW COLUMNS FROM `mall_admin` [ RunTime:0.0033s ]
INFO: [ view_parse ] --START--
INFO: [ template_filter ] --START--
INFO: Run Behavior\ContentReplaceBehavior [ RunTime:0.000185s ]
INFO: [ template_filter ] --END-- [ RunTime:0.000472s ]
INFO: Run Behavior\ParseTemplateBehavior [ RunTime:0.019085s ]
INFO: [ view_parse ] --END-- [ RunTime:0.019363s ]
INFO: [ view_filter ] --START--
INFO: Run Behavior\WriteHtmlCacheBehavior [ RunTime:0.000632s ]
INFO: [ view_filter ] --END-- [ RunTime:0.000870s ]

[ 2017-06-27T00:31:20+08:00 ] 127.0.0.1 /index.php/Admin/Login/captcha?0.37443983773796274
INFO: [ app_init ] --START--
INFO: Run Behavior\BuildLiteBehavior [ RunTime:0.000027s ]
INFO: [ app_init ] --END-- [ RunTime:0.000471s ]
INFO: [ app_begin ] --START--
INFO: Run Behavior\ReadHtmlCacheBehavior [ RunTime:0.000582s ]
INFO: [ app_begin ] --END-- [ RunTime:0.000720s ]
INFO: [ app_end ] --START--
INFO: Run Behavior\ShowPageTraceBehavior [ RunTime:0.000609s ]
INFO: [ app_end ] --END-- [ RunTime:0.000760s ]

[ 2017-06-27T00:31:33+08:00 ] 127.0.0.1 /index.php/Admin/Login/login
INFO: [ app_init ] --START--
INFO: Run Behavior\BuildLiteBehavior [ RunTime:0.000028s ]
INFO: [ app_init ] --END-- [ RunTime:0.000463s ]
INFO: [ app_begin ] --START--
INFO: Run Behavior\ReadHtmlCacheBehavior [ RunTime:0.001027s ]
INFO: [ app_begin ] --END-- [ RunTime:0.001271s ]
SQL: SHOW COLUMNS FROM `mall_admin` [ RunTime:0.0018s ]
INFO: [ view_parse ] --START--
INFO: [ template_filter ] --START--
INFO: Run Behavior\ContentReplaceBehavior [ RunTime:0.000100s ]
INFO: [ template_filter ] --END-- [ RunTime:0.000244s ]
INFO: Run Behavior\ParseTemplateBehavior [ RunTime:0.009798s ]
INFO: [ view_parse ] --END-- [ RunTime:0.009982s ]
INFO: [ view_filter ] --START--
INFO: Run Behavior\WriteHtmlCacheBehavior [ RunTime:0.000458s ]
INFO: [ view_filter ] --END-- [ RunTime:0.000575s ]

[ 2017-06-27T00:31:37+08:00 ] 127.0.0.1 /index.php/Admin/Login/captcha
INFO: [ app_init ] --START--
INFO: Run Behavior\BuildLiteBehavior [ RunTime:0.000047s ]
INFO: [ app_init ] --END-- [ RunTime:0.000744s ]
INFO: [ app_begin ] --START--
INFO: Run Behavior\ReadHtmlCacheBehavior [ RunTime:0.000752s ]
INFO: [ app_begin ] --END-- [ RunTime:0.000992s ]
INFO: [ app_end ] --START--
INFO: Run Behavior\ShowPageTraceBehavior [ RunTime:0.001412s ]
INFO: [ app_end ] --END-- [ RunTime:0.002222s ]

[ 2017-06-27T00:31:47+08:00 ] 127.0.0.1 /index.php/Admin/Login/login
INFO: [ app_init ] --START--
INFO: Run Behavior\BuildLiteBehavior [ RunTime:0.000033s ]
INFO: [ app_init ] --END-- [ RunTime:0.000827s ]
INFO: [ app_begin ] --START--
INFO: Run Behavior\ReadHtmlCacheBehavior [ RunTime:0.000661s ]
INFO: [ app_begin ] --END-- [ RunTime:0.000803s ]
SQL: SHOW COLUMNS FROM `mall_admin` [ RunTime:0.0015s ]
NOTIC: [8] Undefined index: auto D:\rootwww\shangcheng\ThinkPHP\Library\Think\Model.class.php 第 1128 行.
SQL: SELECT * FROM `mall_admin` WHERE `admin_name` = 'admin' LIMIT 1   [ RunTime:0.0005s ]
SQL: UPDATE `mall_admin` SET `last_login_time`='1498494707' WHERE `id` = 1 [ RunTime:0.0004s ]
INFO: [ view_parse ] --START--
INFO: [ template_filter ] --START--
INFO: Run Behavior\ContentReplaceBehavior [ RunTime:0.000149s ]
INFO: [ template_filter ] --END-- [ RunTime:0.000308s ]
INFO: Run Behavior\ParseTemplateBehavior [ RunTime:0.007733s ]
INFO: [ view_parse ] --END-- [ RunTime:0.007923s ]
INFO: [ view_filter ] --START--
INFO: Run Behavior\WriteHtmlCacheBehavior [ RunTime:0.000543s ]
INFO: [ view_filter ] --END-- [ RunTime:0.000749s ]

[ 2017-06-27T00:31:48+08:00 ] 127.0.0.1 /index.php/Admin/index/index.html
INFO: [ app_init ] --START--
INFO: Run Behavior\BuildLiteBehavior [ RunTime:0.000028s ]
INFO: [ app_init ] --END-- [ RunTime:0.000420s ]
INFO: [ app_begin ] --START--
INFO: Run Behavior\ReadHtmlCacheBehavior [ RunTime:0.000453s ]
INFO: [ app_begin ] --END-- [ RunTime:0.000581s ]
SQL: SHOW COLUMNS FROM `mall_attribute` [ RunTime:0.0013s ]
SQL: SHOW COLUMNS FROM `mall_type` [ RunTime:0.0010s ]
SQL: SHOW COLUMNS FROM `mall_category` [ RunTime:0.0012s ]
SQL: SHOW COLUMNS FROM `mall_goods` [ RunTime:0.0011s ]
SQL: SHOW COLUMNS FROM `mall_brand` [ RunTime:0.0010s ]
INFO: [ view_parse ] --START--
INFO: [ template_filter ] --START--
INFO: Run Behavior\ContentReplaceBehavior [ RunTime:0.000134s ]
INFO: [ template_filter ] --END-- [ RunTime:0.000336s ]
INFO: Run Behavior\ParseTemplateBehavior [ RunTime:0.008359s ]
INFO: [ view_parse ] --END-- [ RunTime:0.008503s ]
INFO: [ view_filter ] --START--
INFO: Run Behavior\WriteHtmlCacheBehavior [ RunTime:0.000362s ]
INFO: [ view_filter ] --END-- [ RunTime:0.000476s ]
INFO: [ app_end ] --START--
INFO: Run Behavior\ShowPageTraceBehavior [ RunTime:0.000571s ]
INFO: [ app_end ] --END-- [ RunTime:0.000689s ]

[ 2017-06-27T00:31:48+08:00 ] 127.0.0.1 /index.php/Admin/Index/top.html
INFO: [ app_init ] --START--
INFO: Run Behavior\BuildLiteBehavior [ RunTime:0.000045s ]
INFO: [ app_init ] --END-- [ RunTime:0.000648s ]
INFO: [ app_begin ] --START--
INFO: Run Behavior\ReadHtmlCacheBehavior [ RunTime:0.001873s ]
INFO: [ app_begin ] --END-- [ RunTime:0.002440s ]
SQL: SHOW COLUMNS FROM `mall_attribute` [ RunTime:0.0014s ]
SQL: SHOW COLUMNS FROM `mall_type` [ RunTime:0.0010s ]
SQL: SHOW COLUMNS FROM `mall_category` [ RunTime:0.0009s ]
SQL: SHOW COLUMNS FROM `mall_goods` [ RunTime:0.0011s ]
SQL: SHOW COLUMNS FROM `mall_brand` [ RunTime:0.0008s ]
INFO: [ view_parse ] --START--
INFO: [ template_filter ] --START--
INFO: Run Behavior\ContentReplaceBehavior [ RunTime:0.000136s ]
INFO: [ template_filter ] --END-- [ RunTime:0.000293s ]
INFO: Run Behavior\ParseTemplateBehavior [ RunTime:0.008541s ]
INFO: [ view_parse ] --END-- [ RunTime:0.008698s ]
INFO: [ view_filter ] --START--
INFO: Run Behavior\WriteHtmlCacheBehavior [ RunTime:0.000409s ]
INFO: [ view_filter ] --END-- [ RunTime:0.000529s ]
INFO: [ app_end ] --START--
INFO: Run Behavior\ShowPageTraceBehavior [ RunTime:0.000785s ]
INFO: [ app_end ] --END-- [ RunTime:0.000919s ]

[ 2017-06-27T00:31:48+08:00 ] 127.0.0.1 /index.php/Admin/Index/main.html
INFO: [ app_init ] --START--
INFO: Run Behavior\BuildLiteBehavior [ RunTime:0.000059s ]
INFO: [ app_init ] --END-- [ RunTime:0.000797s ]
INFO: [ app_begin ] --START--
INFO: Run Behavior\ReadHtmlCacheBehavior [ RunTime:0.000688s ]
INFO: [ app_begin ] --END-- [ RunTime:0.000974s ]
SQL: SHOW COLUMNS FROM `mall_attribute` [ RunTime:0.0014s ]
SQL: SHOW COLUMNS FROM `mall_type` [ RunTime:0.0011s ]
SQL: SHOW COLUMNS FROM `mall_category` [ RunTime:0.0011s ]
SQL: SHOW COLUMNS FROM `mall_goods` [ RunTime:0.0011s ]
SQL: SHOW COLUMNS FROM `mall_brand` [ RunTime:0.0018s ]
INFO: [ view_parse ] --START--
INFO: [ template_filter ] --START--
INFO: Run Behavior\ContentReplaceBehavior [ RunTime:0.000141s ]
INFO: [ template_filter ] --END-- [ RunTime:0.000759s ]
INFO: Run Behavior\ParseTemplateBehavior [ RunTime:0.010757s ]
INFO: [ view_parse ] --END-- [ RunTime:0.010992s ]
INFO: [ view_filter ] --START--
INFO: Run Behavior\WriteHtmlCacheBehavior [ RunTime:0.000489s ]
INFO: [ view_filter ] --END-- [ RunTime:0.000638s ]
INFO: [ app_end ] --START--
INFO: Run Behavior\ShowPageTraceBehavior [ RunTime:0.001024s ]
INFO: [ app_end ] --END-- [ RunTime:0.001166s ]

[ 2017-06-27T00:31:48+08:00 ] 127.0.0.1 /index.php/Admin/Index/menu.html
INFO: [ app_init ] --START--
INFO: Run Behavior\BuildLiteBehavior [ RunTime:0.000040s ]
INFO: [ app_init ] --END-- [ RunTime:0.000632s ]
INFO: [ app_begin ] --START--
INFO: Run Behavior\ReadHtmlCacheBehavior [ RunTime:0.000673s ]
INFO: [ app_begin ] --END-- [ RunTime:0.000895s ]
SQL: SHOW COLUMNS FROM `mall_attribute` [ RunTime:0.0014s ]
SQL: SHOW COLUMNS FROM `mall_type` [ RunTime:0.0010s ]
SQL: SHOW COLUMNS FROM `mall_category` [ RunTime:0.0026s ]
SQL: SHOW COLUMNS FROM `mall_goods` [ RunTime:0.0014s ]
SQL: SHOW COLUMNS FROM `mall_brand` [ RunTime:0.0008s ]
INFO: [ view_parse ] --START--
INFO: [ template_filter ] --START--
INFO: Run Behavior\ContentReplaceBehavior [ RunTime:0.000200s ]
INFO: [ template_filter ] --END-- [ RunTime:0.000360s ]
INFO: Run Behavior\ParseTemplateBehavior [ RunTime:0.012717s ]
INFO: [ view_parse ] --END-- [ RunTime:0.012907s ]
INFO: [ view_filter ] --START--
INFO: Run Behavior\WriteHtmlCacheBehavior [ RunTime:0.000460s ]
INFO: [ view_filter ] --END-- [ RunTime:0.000629s ]
INFO: [ app_end ] --START--
INFO: Run Behavior\ShowPageTraceBehavior [ RunTime:0.000726s ]
INFO: [ app_end ] --END-- [ RunTime:0.000892s ]

[ 2017-06-27T00:32:43+08:00 ] 127.0.0.1 /index.php/Admin/category/lst.html
INFO: [ app_init ] --START--
INFO: Run Behavior\BuildLiteBehavior [ RunTime:0.000028s ]
INFO: [ app_init ] --END-- [ RunTime:0.000466s ]
INFO: [ app_begin ] --START--
INFO: Run Behavior\ReadHtmlCacheBehavior [ RunTime:0.000541s ]
INFO: [ app_begin ] --END-- [ RunTime:0.000667s ]
SQL: SHOW COLUMNS FROM `mall_attribute` [ RunTime:0.0010s ]
SQL: SHOW COLUMNS FROM `mall_type` [ RunTime:0.0007s ]
SQL: SHOW COLUMNS FROM `mall_category` [ RunTime:0.0008s ]
SQL: SHOW COLUMNS FROM `mall_goods` [ RunTime:0.0010s ]
SQL: SHOW COLUMNS FROM `mall_brand` [ RunTime:0.0007s ]
SQL: SELECT * FROM `mall_category` WHERE `status` = 1  [ RunTime:0.0004s ]
INFO: [ view_parse ] --START--
INFO: [ template_filter ] --START--
INFO: Run Behavior\ContentReplaceBehavior [ RunTime:0.000115s ]
INFO: [ template_filter ] --END-- [ RunTime:0.000246s ]
NOTIC: [8] Use of undefined constant nav_show - assumed 'nav_show' D:\rootwww\shangcheng\Application\Runtime\Cache\Admin\395c0ba78bddab9d6617dcec0f2fd9a9.php 第 38 行.
NOTIC: [8] Use of undefined constant is_show - assumed 'is_show' D:\rootwww\shangcheng\Application\Runtime\Cache\Admin\395c0ba78bddab9d6617dcec0f2fd9a9.php 第 41 行.
NOTIC: [8] Use of undefined constant id - assumed 'id' D:\rootwww\shangcheng\Application\Runtime\Cache\Admin\395c0ba78bddab9d6617dcec0f2fd9a9.php 第 45 行.
NOTIC: [8] Use of undefined constant id - assumed 'id' D:\rootwww\shangcheng\Application\Runtime\Cache\Admin\395c0ba78bddab9d6617dcec0f2fd9a9.php 第 46 行.
NOTIC: [8] Use of undefined constant nav_show - assumed 'nav_show' D:\rootwww\shangcheng\Application\Runtime\Cache\Admin\395c0ba78bddab9d6617dcec0f2fd9a9.php 第 38 行.
NOTIC: [8] Use of undefined constant is_show - assumed 'is_show' D:\rootwww\shangcheng\Application\Runtime\Cache\Admin\395c0ba78bddab9d6617dcec0f2fd9a9.php 第 41 行.
NOTIC: [8] Use of undefined constant id - assumed 'id' D:\rootwww\shangcheng\Application\Runtime\Cache\Admin\395c0ba78bddab9d6617dcec0f2fd9a9.php 第 45 行.
NOTIC: [8] Use of undefined constant id - assumed 'id' D:\rootwww\shangcheng\Application\Runtime\Cache\Admin\395c0ba78bddab9d6617dcec0f2fd9a9.php 第 46 行.
NOTIC: [8] Use of undefined constant nav_show - assumed 'nav_show' D:\rootwww\shangcheng\Application\Runtime\Cache\Admin\395c0ba78bddab9d6617dcec0f2fd9a9.php 第 38 行.
NOTIC: [8] Use of undefined constant is_show - assumed 'is_show' D:\rootwww\shangcheng\Application\Runtime\Cache\Admin\395c0ba78bddab9d6617dcec0f2fd9a9.php 第 41 行.
NOTIC: [8] Use of undefined constant id - assumed 'id' D:\rootwww\shangcheng\Application\Runtime\Cache\Admin\395c0ba78bddab9d6617dcec0f2fd9a9.php 第 45 行.
NOTIC: [8] Use of undefined constant id - assumed 'id' D:\rootwww\shangcheng\Application\Runtime\Cache\Admin\395c0ba78bddab9d6617dcec0f2fd9a9.php 第 46 行.
NOTIC: [8] Use of undefined constant nav_show - assumed 'nav_show' D:\rootwww\shangcheng\Application\Runtime\Cache\Admin\395c0ba78bddab9d6617dcec0f2fd9a9.php 第 38 行.
NOTIC: [8] Use of undefined constant is_show - assumed 'is_show' D:\rootwww\shangcheng\Application\Runtime\Cache\Admin\395c0ba78bddab9d6617dcec0f2fd9a9.php 第 41 行.
NOTIC: [8] Use of undefined constant id - assumed 'id' D:\rootwww\shangcheng\Application\Runtime\Cache\Admin\395c0ba78bddab9d6617dcec0f2fd9a9.php 第 45 行.
NOTIC: [8] Use of undefined constant id - assumed 'id' D:\rootwww\shangcheng\Application\Runtime\Cache\Admin\395c0ba78bddab9d6617dcec0f2fd9a9.php 第 46 行.
NOTIC: [8] Use of undefined constant nav_show - assumed 'nav_show' D:\rootwww\shangcheng\Application\Runtime\Cache\Admin\395c0ba78bddab9d6617dcec0f2fd9a9.php 第 38 行.
NOTIC: [8] Use of undefined constant is_show - assumed 'is_show' D:\rootwww\shangcheng\Application\Runtime\Cache\Admin\395c0ba78bddab9d6617dcec0f2fd9a9.php 第 41 行.
NOTIC: [8] Use of undefined constant id - assumed 'id' D:\rootwww\shangcheng\Application\Runtime\Cache\Admin\395c0ba78bddab9d6617dcec0f2fd9a9.php 第 45 行.
NOTIC: [8] Use of undefined constant id - assumed 'id' D:\rootwww\shangcheng\Application\Runtime\Cache\Admin\395c0ba78bddab9d6617dcec0f2fd9a9.php 第 46 行.
NOTIC: [8] Use of undefined constant nav_show - assumed 'nav_show' D:\rootwww\shangcheng\Application\Runtime\Cache\Admin\395c0ba78bddab9d6617dcec0f2fd9a9.php 第 38 行.
NOTIC: [8] Use of undefined constant is_show - assumed 'is_show' D:\rootwww\shangcheng\Application\Runtime\Cache\Admin\395c0ba78bddab9d6617dcec0f2fd9a9.php 第 41 行.
NOTIC: [8] Use of undefined constant id - assumed 'id' D:\rootwww\shangcheng\Application\Runtime\Cache\Admin\395c0ba78bddab9d6617dcec0f2fd9a9.php 第 45 行.
NOTIC: [8] Use of undefined constant id - assumed 'id' D:\rootwww\shangcheng\Application\Runtime\Cache\Admin\395c0ba78bddab9d6617dcec0f2fd9a9.php 第 46 行.
NOTIC: [8] Use of undefined constant nav_show - assumed 'nav_show' D:\rootwww\shangcheng\Application\Runtime\Cache\Admin\395c0ba78bddab9d6617dcec0f2fd9a9.php 第 38 行.
NOTIC: [8] Use of undefined constant is_show - assumed 'is_show' D:\rootwww\shangcheng\Application\Runtime\Cache\Admin\395c0ba78bddab9d6617dcec0f2fd9a9.php 第 41 行.
NOTIC: [8] Use of undefined constant id - assumed 'id' D:\rootwww\shangcheng\Application\Runtime\Cache\Admin\395c0ba78bddab9d6617dcec0f2fd9a9.php 第 45 行.
NOTIC: [8] Use of undefined constant id - assumed 'id' D:\rootwww\shangcheng\Application\Runtime\Cache\Admin\395c0ba78bddab9d6617dcec0f2fd9a9.php 第 46 行.
NOTIC: [8] Use of undefined constant nav_show - assumed 'nav_show' D:\rootwww\shangcheng\Application\Runtime\Cache\Admin\395c0ba78bddab9d6617dcec0f2fd9a9.php 第 38 行.
NOTIC: [8] Use of undefined constant is_show - assumed 'is_show' D:\rootwww\shangcheng\Application\Runtime\Cache\Admin\395c0ba78bddab9d6617dcec0f2fd9a9.php 第 41 行.
NOTIC: [8] Use of undefined constant id - assumed 'id' D:\rootwww\shangcheng\Application\Runtime\Cache\Admin\395c0ba78bddab9d6617dcec0f2fd9a9.php 第 45 行.
NOTIC: [8] Use of undefined constant id - assumed 'id' D:\rootwww\shangcheng\Application\Runtime\Cache\Admin\395c0ba78bddab9d6617dcec0f2fd9a9.php 第 46 行.
NOTIC: [8] Use of undefined constant nav_show - assumed 'nav_show' D:\rootwww\shangcheng\Application\Runtime\Cache\Admin\395c0ba78bddab9d6617dcec0f2fd9a9.php 第 38 行.
NOTIC: [8] Use of undefined constant is_show - assumed 'is_show' D:\rootwww\shangcheng\Application\Runtime\Cache\Admin\395c0ba78bddab9d6617dcec0f2fd9a9.php 第 41 行.
NOTIC: [8] Use of undefined constant id - assumed 'id' D:\rootwww\shangcheng\Application\Runtime\Cache\Admin\395c0ba78bddab9d6617dcec0f2fd9a9.php 第 45 行.
NOTIC: [8] Use of undefined constant id - assumed 'id' D:\rootwww\shangcheng\Application\Runtime\Cache\Admin\395c0ba78bddab9d6617dcec0f2fd9a9.php 第 46 行.
NOTIC: [8] Use of undefined constant nav_show - assumed 'nav_show' D:\rootwww\shangcheng\Application\Runtime\Cache\Admin\395c0ba78bddab9d6617dcec0f2fd9a9.php 第 38 行.
NOTIC: [8] Use of undefined constant is_show - assumed 'is_show' D:\rootwww\shangcheng\Application\Runtime\Cache\Admin\395c0ba78bddab9d6617dcec0f2fd9a9.php 第 41 行.
NOTIC: [8] Use of undefined constant id - assumed 'id' D:\rootwww\shangcheng\Application\Runtime\Cache\Admin\395c0ba78bddab9d6617dcec0f2fd9a9.php 第 45 行.
NOTIC: [8] Use of undefined constant id - assumed 'id' D:\rootwww\shangcheng\Application\Runtime\Cache\Admin\395c0ba78bddab9d6617dcec0f2fd9a9.php 第 46 行.
INFO: Run Behavior\ParseTemplateBehavior [ RunTime:0.014538s ]
INFO: [ view_parse ] --END-- [ RunTime:0.014669s ]
INFO: [ view_filter ] --START--
INFO: Run Behavior\WriteHtmlCacheBehavior [ RunTime:0.000401s ]
INFO: [ view_filter ] --END-- [ RunTime:0.000518s ]
INFO: [ app_end ] --START--
INFO: Run Behavior\ShowPageTraceBehavior [ RunTime:0.000797s ]
INFO: [ app_end ] --END-- [ RunTime:0.000984s ]

[ 2017-06-27T00:41:31+08:00 ] 127.0.0.1 /index.php/Admin/admin/add
INFO: [ app_init ] --START--
INFO: Run Behavior\BuildLiteBehavior [ RunTime:0.000045s ]
INFO: [ app_init ] --END-- [ RunTime:0.000776s ]
INFO: [ app_begin ] --START--
INFO: Run Behavior\ReadHtmlCacheBehavior [ RunTime:0.001089s ]
INFO: [ app_begin ] --END-- [ RunTime:0.001346s ]
SQL: SHOW COLUMNS FROM `mall_role` [ RunTime:0.0104s ]
SQL: SELECT * FROM `mall_role`  [ RunTime:0.0005s ]
INFO: [ view_parse ] --START--
INFO: [ template_filter ] --START--
INFO: Run Behavior\ContentReplaceBehavior [ RunTime:0.000191s ]
INFO: [ template_filter ] --END-- [ RunTime:0.000419s ]
INFO: Run Behavior\ParseTemplateBehavior [ RunTime:0.020376s ]
INFO: [ view_parse ] --END-- [ RunTime:0.020620s ]
INFO: [ view_filter ] --START--
INFO: Run Behavior\WriteHtmlCacheBehavior [ RunTime:0.000636s ]
INFO: [ view_filter ] --END-- [ RunTime:0.000856s ]
INFO: [ app_end ] --START--
INFO: Run Behavior\ShowPageTraceBehavior [ RunTime:0.001575s ]
INFO: [ app_end ] --END-- [ RunTime:0.001810s ]

[ 2017-06-27T00:41:58+08:00 ] 127.0.0.1 /index.php/Admin/admin/add
INFO: [ app_init ] --START--
INFO: Run Behavior\BuildLiteBehavior [ RunTime:0.000049s ]
INFO: [ app_init ] --END-- [ RunTime:0.000947s ]
INFO: [ app_begin ] --START--
INFO: Run Behavior\ReadHtmlCacheBehavior [ RunTime:0.001091s ]
INFO: [ app_begin ] --END-- [ RunTime:0.001390s ]
SQL: SHOW COLUMNS FROM `mall_role` [ RunTime:0.0043s ]
SQL: SELECT * FROM `mall_role`  [ RunTime:0.0005s ]
INFO: [ view_parse ] --START--
INFO: [ template_filter ] --START--
INFO: Run Behavior\ContentReplaceBehavior [ RunTime:0.000302s ]
INFO: [ template_filter ] --END-- [ RunTime:0.000546s ]
INFO: Run Behavior\ParseTemplateBehavior [ RunTime:0.016212s ]
INFO: [ view_parse ] --END-- [ RunTime:0.016501s ]
INFO: [ view_filter ] --START--
INFO: Run Behavior\WriteHtmlCacheBehavior [ RunTime:0.000726s ]
INFO: [ view_filter ] --END-- [ RunTime:0.001193s ]
INFO: [ app_end ] --START--
INFO: Run Behavior\ShowPageTraceBehavior [ RunTime:0.001005s ]
INFO: [ app_end ] --END-- [ RunTime:0.001237s ]

[ 2017-06-27T00:48:53+08:00 ] 127.0.0.1 /index.php/Admin/admin/add
INFO: [ app_init ] --START--
INFO: Run Behavior\BuildLiteBehavior [ RunTime:0.000027s ]
INFO: [ app_init ] --END-- [ RunTime:0.000450s ]
INFO: [ app_begin ] --START--
INFO: Run Behavior\ReadHtmlCacheBehavior [ RunTime:0.000781s ]
INFO: [ app_begin ] --END-- [ RunTime:0.001061s ]
SQL: SHOW COLUMNS FROM `mall_admin` [ RunTime:0.0012s ]
SQL: SELECT * FROM `mall_admin` WHERE `admin_name` = 'abc' LIMIT 1   [ RunTime:0.0006s ]
NOTIC: [8] Undefined index: auto D:\rootwww\shangcheng\ThinkPHP\Library\Think\Model.class.php 第 1128 行.

[ 2017-06-27T00:49:43+08:00 ] 127.0.0.1 /index.php/Admin/admin/add
INFO: [ app_init ] --START--
INFO: Run Behavior\BuildLiteBehavior [ RunTime:0.000076s ]
INFO: [ app_init ] --END-- [ RunTime:0.001522s ]
INFO: [ app_begin ] --START--
INFO: Run Behavior\ReadHtmlCacheBehavior [ RunTime:0.001056s ]
INFO: [ app_begin ] --END-- [ RunTime:0.001375s ]
SQL: SHOW COLUMNS FROM `mall_admin` [ RunTime:0.0107s ]
SQL: SELECT * FROM `mall_admin` WHERE `admin_name` = 'abc' LIMIT 1   [ RunTime:0.0006s ]
NOTIC: [8] Undefined index: auto D:\rootwww\shangcheng\ThinkPHP\Library\Think\Model.class.php 第 1128 行.
SQL: INSERT INTO `mall_admin` (`admin_name`,`password`,`email`,`salt`,`add_time`) VALUES ('abc','52f5594dc37edf675a22147cfa38d200','123@123.com','70c8cd','1498495783') [ RunTime:0.0008s ]
INFO: [ view_parse ] --START--
INFO: [ template_filter ] --START--
INFO: Run Behavior\ContentReplaceBehavior [ RunTime:0.000176s ]
INFO: [ template_filter ] --END-- [ RunTime:0.000431s ]
INFO: Run Behavior\ParseTemplateBehavior [ RunTime:0.018091s ]
INFO: [ view_parse ] --END-- [ RunTime:0.018339s ]
INFO: [ view_filter ] --START--
INFO: Run Behavior\WriteHtmlCacheBehavior [ RunTime:0.000703s ]
INFO: [ view_filter ] --END-- [ RunTime:0.001069s ]

[ 2017-06-27T00:49:44+08:00 ] 127.0.0.1 /index.php/Admin/Admin/lst.html
INFO: [ app_init ] --START--
INFO: Run Behavior\BuildLiteBehavior [ RunTime:0.000046s ]
INFO: [ app_init ] --END-- [ RunTime:0.000699s ]
INFO: [ app_begin ] --START--
INFO: Run Behavior\ReadHtmlCacheBehavior [ RunTime:0.000807s ]
INFO: [ app_begin ] --END-- [ RunTime:0.001048s ]
INFO: [ view_parse ] --START--
INFO: [ template_filter ] --START--
INFO: Run Behavior\ContentReplaceBehavior [ RunTime:0.000198s ]
INFO: [ template_filter ] --END-- [ RunTime:0.000439s ]
NOTIC: [8] Undefined variable: typeData D:\rootwww\shangcheng\Application\Runtime\Cache\Admin\2e0a6b0b98cf96bc15633704312e45ee.php 第 32 行.
NOTIC: [8] Undefined variable: show D:\rootwww\shangcheng\Application\Runtime\Cache\Admin\2e0a6b0b98cf96bc15633704312e45ee.php 第 46 行.
INFO: Run Behavior\ParseTemplateBehavior [ RunTime:0.022424s ]
INFO: [ view_parse ] --END-- [ RunTime:0.022653s ]
INFO: [ view_filter ] --START--
INFO: Run Behavior\WriteHtmlCacheBehavior [ RunTime:0.000627s ]
INFO: [ view_filter ] --END-- [ RunTime:0.000846s ]
INFO: [ app_end ] --START--
INFO: Run Behavior\ShowPageTraceBehavior [ RunTime:0.000938s ]
INFO: [ app_end ] --END-- [ RunTime:0.001164s ]

[ 2017-06-27T00:50:13+08:00 ] 127.0.0.1 /index.php/Admin/privilege/lst
INFO: [ app_init ] --START--
INFO: Run Behavior\BuildLiteBehavior [ RunTime:0.000028s ]
INFO: [ app_init ] --END-- [ RunTime:0.000431s ]
INFO: [ app_begin ] --START--
INFO: Run Behavior\ReadHtmlCacheBehavior [ RunTime:0.000439s ]
INFO: [ app_begin ] --END-- [ RunTime:0.000565s ]
SQL: SHOW COLUMNS FROM `mall_privilege` [ RunTime:0.0033s ]
SQL: SELECT * FROM `mall_privilege`  [ RunTime:0.0010s ]
INFO: [ view_parse ] --START--
INFO: [ template_filter ] --START--
INFO: Run Behavior\ContentReplaceBehavior [ RunTime:0.000122s ]
INFO: [ template_filter ] --END-- [ RunTime:0.000260s ]
NOTIC: [8] Use of undefined constant is_show - assumed 'is_show' D:\rootwww\shangcheng\Application\Runtime\Cache\Admin\1c990affb7d51d2df56dce018d5c78a2.php 第 40 行.
NOTIC: [8] Use of undefined constant id - assumed 'id' D:\rootwww\shangcheng\Application\Runtime\Cache\Admin\1c990affb7d51d2df56dce018d5c78a2.php 第 43 行.
NOTIC: [8] Undefined variable: cate D:\rootwww\shangcheng\Application\Runtime\Cache\Admin\1c990affb7d51d2df56dce018d5c78a2.php 第 43 行.
NOTIC: [8] Use of undefined constant id - assumed 'id' D:\rootwww\shangcheng\Application\Runtime\Cache\Admin\1c990affb7d51d2df56dce018d5c78a2.php 第 44 行.
NOTIC: [8] Undefined variable: cate D:\rootwww\shangcheng\Application\Runtime\Cache\Admin\1c990affb7d51d2df56dce018d5c78a2.php 第 44 行.
NOTIC: [8] Use of undefined constant is_show - assumed 'is_show' D:\rootwww\shangcheng\Application\Runtime\Cache\Admin\1c990affb7d51d2df56dce018d5c78a2.php 第 40 行.
NOTIC: [8] Use of undefined constant id - assumed 'id' D:\rootwww\shangcheng\Application\Runtime\Cache\Admin\1c990affb7d51d2df56dce018d5c78a2.php 第 43 行.
NOTIC: [8] Undefined variable: cate D:\rootwww\shangcheng\Application\Runtime\Cache\Admin\1c990affb7d51d2df56dce018d5c78a2.php 第 43 行.
NOTIC: [8] Use of undefined constant id - assumed 'id' D:\rootwww\shangcheng\Application\Runtime\Cache\Admin\1c990affb7d51d2df56dce018d5c78a2.php 第 44 行.
NOTIC: [8] Undefined variable: cate D:\rootwww\shangcheng\Application\Runtime\Cache\Admin\1c990affb7d51d2df56dce018d5c78a2.php 第 44 行.
NOTIC: [8] Use of undefined constant is_show - assumed 'is_show' D:\rootwww\shangcheng\Application\Runtime\Cache\Admin\1c990affb7d51d2df56dce018d5c78a2.php 第 40 行.
NOTIC: [8] Use of undefined constant id - assumed 'id' D:\rootwww\shangcheng\Application\Runtime\Cache\Admin\1c990affb7d51d2df56dce018d5c78a2.php 第 43 行.
NOTIC: [8] Undefined variable: cate D:\rootwww\shangcheng\Application\Runtime\Cache\Admin\1c990affb7d51d2df56dce018d5c78a2.php 第 43 行.
NOTIC: [8] Use of undefined constant id - assumed 'id' D:\rootwww\shangcheng\Application\Runtime\Cache\Admin\1c990affb7d51d2df56dce018d5c78a2.php 第 44 行.
NOTIC: [8] Undefined variable: cate D:\rootwww\shangcheng\Application\Runtime\Cache\Admin\1c990affb7d51d2df56dce018d5c78a2.php 第 44 行.
NOTIC: [8] Use of undefined constant is_show - assumed 'is_show' D:\rootwww\shangcheng\Application\Runtime\Cache\Admin\1c990affb7d51d2df56dce018d5c78a2.php 第 40 行.
NOTIC: [8] Use of undefined constant id - assumed 'id' D:\rootwww\shangcheng\Application\Runtime\Cache\Admin\1c990affb7d51d2df56dce018d5c78a2.php 第 43 行.
NOTIC: [8] Undefined variable: cate D:\rootwww\shangcheng\Application\Runtime\Cache\Admin\1c990affb7d51d2df56dce018d5c78a2.php 第 43 行.
NOTIC: [8] Use of undefined constant id - assumed 'id' D:\rootwww\shangcheng\Application\Runtime\Cache\Admin\1c990affb7d51d2df56dce018d5c78a2.php 第 44 行.
NOTIC: [8] Undefined variable: cate D:\rootwww\shangcheng\Application\Runtime\Cache\Admin\1c990affb7d51d2df56dce018d5c78a2.php 第 44 行.
NOTIC: [8] Use of undefined constant is_show - assumed 'is_show' D:\rootwww\shangcheng\Application\Runtime\Cache\Admin\1c990affb7d51d2df56dce018d5c78a2.php 第 40 行.
NOTIC: [8] Use of undefined constant id - assumed 'id' D:\rootwww\shangcheng\Application\Runtime\Cache\Admin\1c990affb7d51d2df56dce018d5c78a2.php 第 43 行.
NOTIC: [8] Undefined variable: cate D:\rootwww\shangcheng\Application\Runtime\Cache\Admin\1c990affb7d51d2df56dce018d5c78a2.php 第 43 行.
NOTIC: [8] Use of undefined constant id - assumed 'id' D:\rootwww\shangcheng\Application\Runtime\Cache\Admin\1c990affb7d51d2df56dce018d5c78a2.php 第 44 行.
NOTIC: [8] Undefined variable: cate D:\rootwww\shangcheng\Application\Runtime\Cache\Admin\1c990affb7d51d2df56dce018d5c78a2.php 第 44 行.
NOTIC: [8] Use of undefined constant is_show - assumed 'is_show' D:\rootwww\shangcheng\Application\Runtime\Cache\Admin\1c990affb7d51d2df56dce018d5c78a2.php 第 40 行.
NOTIC: [8] Use of undefined constant id - assumed 'id' D:\rootwww\shangcheng\Application\Runtime\Cache\Admin\1c990affb7d51d2df56dce018d5c78a2.php 第 43 行.
NOTIC: [8] Undefined variable: cate D:\rootwww\shangcheng\Application\Runtime\Cache\Admin\1c990affb7d51d2df56dce018d5c78a2.php 第 43 行.
NOTIC: [8] Use of undefined constant id - assumed 'id' D:\rootwww\shangcheng\Application\Runtime\Cache\Admin\1c990affb7d51d2df56dce018d5c78a2.php 第 44 行.
NOTIC: [8] Undefined variable: cate D:\rootwww\shangcheng\Application\Runtime\Cache\Admin\1c990affb7d51d2df56dce018d5c78a2.php 第 44 行.
NOTIC: [8] Use of undefined constant is_show - assumed 'is_show' D:\rootwww\shangcheng\Application\Runtime\Cache\Admin\1c990affb7d51d2df56dce018d5c78a2.php 第 40 行.
NOTIC: [8] Use of undefined constant id - assumed 'id' D:\rootwww\shangcheng\Application\Runtime\Cache\Admin\1c990affb7d51d2df56dce018d5c78a2.php 第 43 行.
NOTIC: [8] Undefined variable: cate D:\rootwww\shangcheng\Application\Runtime\Cache\Admin\1c990affb7d51d2df56dce018d5c78a2.php 第 43 行.
NOTIC: [8] Use of undefined constant id - assumed 'id' D:\rootwww\shangcheng\Application\Runtime\Cache\Admin\1c990affb7d51d2df56dce018d5c78a2.php 第 44 行.
NOTIC: [8] Undefined variable: cate D:\rootwww\shangcheng\Application\Runtime\Cache\Admin\1c990affb7d51d2df56dce018d5c78a2.php 第 44 行.
NOTIC: [8] Use of undefined constant is_show - assumed 'is_show' D:\rootwww\shangcheng\Application\Runtime\Cache\Admin\1c990affb7d51d2df56dce018d5c78a2.php 第 40 行.
NOTIC: [8] Use of undefined constant id - assumed 'id' D:\rootwww\shangcheng\Application\Runtime\Cache\Admin\1c990affb7d51d2df56dce018d5c78a2.php 第 43 行.
NOTIC: [8] Undefined variable: cate D:\rootwww\shangcheng\Application\Runtime\Cache\Admin\1c990affb7d51d2df56dce018d5c78a2.php 第 43 行.
NOTIC: [8] Use of undefined constant id - assumed 'id' D:\rootwww\shangcheng\Application\Runtime\Cache\Admin\1c990affb7d51d2df56dce018d5c78a2.php 第 44 行.
NOTIC: [8] Undefined variable: cate D:\rootwww\shangcheng\Application\Runtime\Cache\Admin\1c990affb7d51d2df56dce018d5c78a2.php 第 44 行.
NOTIC: [8] Use of undefined constant is_show - assumed 'is_show' D:\rootwww\shangcheng\Application\Runtime\Cache\Admin\1c990affb7d51d2df56dce018d5c78a2.php 第 40 行.
NOTIC: [8] Use of undefined constant id - assumed 'id' D:\rootwww\shangcheng\Application\Runtime\Cache\Admin\1c990affb7d51d2df56dce018d5c78a2.php 第 43 行.
NOTIC: [8] Undefined variable: cate D:\rootwww\shangcheng\Application\Runtime\Cache\Admin\1c990affb7d51d2df56dce018d5c78a2.php 第 43 行.
NOTIC: [8] Use of undefined constant id - assumed 'id' D:\rootwww\shangcheng\Application\Runtime\Cache\Admin\1c990affb7d51d2df56dce018d5c78a2.php 第 44 行.
NOTIC: [8] Undefined variable: cate D:\rootwww\shangcheng\Application\Runtime\Cache\Admin\1c990affb7d51d2df56dce018d5c78a2.php 第 44 行.
NOTIC: [8] Use of undefined constant is_show - assumed 'is_show' D:\rootwww\shangcheng\Application\Runtime\Cache\Admin\1c990affb7d51d2df56dce018d5c78a2.php 第 40 行.
NOTIC: [8] Use of undefined constant id - assumed 'id' D:\rootwww\shangcheng\Application\Runtime\Cache\Admin\1c990affb7d51d2df56dce018d5c78a2.php 第 43 行.
NOTIC: [8] Undefined variable: cate D:\rootwww\shangcheng\Application\Runtime\Cache\Admin\1c990affb7d51d2df56dce018d5c78a2.php 第 43 行.
NOTIC: [8] Use of undefined constant id - assumed 'id' D:\rootwww\shangcheng\Application\Runtime\Cache\Admin\1c990affb7d51d2df56dce018d5c78a2.php 第 44 行.
NOTIC: [8] Undefined variable: cate D:\rootwww\shangcheng\Application\Runtime\Cache\Admin\1c990affb7d51d2df56dce018d5c78a2.php 第 44 行.
NOTIC: [8] Use of undefined constant is_show - assumed 'is_show' D:\rootwww\shangcheng\Application\Runtime\Cache\Admin\1c990affb7d51d2df56dce018d5c78a2.php 第 40 行.
NOTIC: [8] Use of undefined constant id - assumed 'id' D:\rootwww\shangcheng\Application\Runtime\Cache\Admin\1c990affb7d51d2df56dce018d5c78a2.php 第 43 行.
NOTIC: [8] Undefined variable: cate D:\rootwww\shangcheng\Application\Runtime\Cache\Admin\1c990affb7d51d2df56dce018d5c78a2.php 第 43 行.
NOTIC: [8] Use of undefined constant id - assumed 'id' D:\rootwww\shangcheng\Application\Runtime\Cache\Admin\1c990affb7d51d2df56dce018d5c78a2.php 第 44 行.
NOTIC: [8] Undefined variable: cate D:\rootwww\shangcheng\Application\Runtime\Cache\Admin\1c990affb7d51d2df56dce018d5c78a2.php 第 44 行.
NOTIC: [8] Use of undefined constant is_show - assumed 'is_show' D:\rootwww\shangcheng\Application\Runtime\Cache\Admin\1c990affb7d51d2df56dce018d5c78a2.php 第 40 行.
NOTIC: [8] Use of undefined constant id - assumed 'id' D:\rootwww\shangcheng\Application\Runtime\Cache\Admin\1c990affb7d51d2df56dce018d5c78a2.php 第 43 行.
NOTIC: [8] Undefined variable: cate D:\rootwww\shangcheng\Application\Runtime\Cache\Admin\1c990affb7d51d2df56dce018d5c78a2.php 第 43 行.
NOTIC: [8] Use of undefined constant id - assumed 'id' D:\rootwww\shangcheng\Application\Runtime\Cache\Admin\1c990affb7d51d2df56dce018d5c78a2.php 第 44 行.
NOTIC: [8] Undefined variable: cate D:\rootwww\shangcheng\Application\Runtime\Cache\Admin\1c990affb7d51d2df56dce018d5c78a2.php 第 44 行.
NOTIC: [8] Use of undefined constant is_show - assumed 'is_show' D:\rootwww\shangcheng\Application\Runtime\Cache\Admin\1c990affb7d51d2df56dce018d5c78a2.php 第 40 行.
NOTIC: [8] Use of undefined constant id - assumed 'id' D:\rootwww\shangcheng\Application\Runtime\Cache\Admin\1c990affb7d51d2df56dce018d5c78a2.php 第 43 行.
NOTIC: [8] Undefined variable: cate D:\rootwww\shangcheng\Application\Runtime\Cache\Admin\1c990affb7d51d2df56dce018d5c78a2.php 第 43 行.
NOTIC: [8] Use of undefined constant id - assumed 'id' D:\rootwww\shangcheng\Application\Runtime\Cache\Admin\1c990affb7d51d2df56dce018d5c78a2.php 第 44 行.
NOTIC: [8] Undefined variable: cate D:\rootwww\shangcheng\Application\Runtime\Cache\Admin\1c990affb7d51d2df56dce018d5c78a2.php 第 44 行.
NOTIC: [8] Use of undefined constant is_show - assumed 'is_show' D:\rootwww\shangcheng\Application\Runtime\Cache\Admin\1c990affb7d51d2df56dce018d5c78a2.php 第 40 行.
NOTIC: [8] Use of undefined constant id - assumed 'id' D:\rootwww\shangcheng\Application\Runtime\Cache\Admin\1c990affb7d51d2df56dce018d5c78a2.php 第 43 行.
NOTIC: [8] Undefined variable: cate D:\rootwww\shangcheng\Application\Runtime\Cache\Admin\1c990affb7d51d2df56dce018d5c78a2.php 第 43 行.
NOTIC: [8] Use of undefined constant id - assumed 'id' D:\rootwww\shangcheng\Application\Runtime\Cache\Admin\1c990affb7d51d2df56dce018d5c78a2.php 第 44 行.
NOTIC: [8] Undefined variable: cate D:\rootwww\shangcheng\Application\Runtime\Cache\Admin\1c990affb7d51d2df56dce018d5c78a2.php 第 44 行.
NOTIC: [8] Use of undefined constant is_show - assumed 'is_show' D:\rootwww\shangcheng\Application\Runtime\Cache\Admin\1c990affb7d51d2df56dce018d5c78a2.php 第 40 行.
NOTIC: [8] Use of undefined constant id - assumed 'id' D:\rootwww\shangcheng\Application\Runtime\Cache\Admin\1c990affb7d51d2df56dce018d5c78a2.php 第 43 行.
NOTIC: [8] Undefined variable: cate D:\rootwww\shangcheng\Application\Runtime\Cache\Admin\1c990affb7d51d2df56dce018d5c78a2.php 第 43 行.
NOTIC: [8] Use of undefined constant id - assumed 'id' D:\rootwww\shangcheng\Application\Runtime\Cache\Admin\1c990affb7d51d2df56dce018d5c78a2.php 第 44 行.
NOTIC: [8] Undefined variable: cate D:\rootwww\shangcheng\Application\Runtime\Cache\Admin\1c990affb7d51d2df56dce018d5c78a2.php 第 44 行.
NOTIC: [8] Use of undefined constant is_show - assumed 'is_show' D:\rootwww\shangcheng\Application\Runtime\Cache\Admin\1c990affb7d51d2df56dce018d5c78a2.php 第 40 行.
NOTIC: [8] Use of undefined constant id - assumed 'id' D:\rootwww\shangcheng\Application\Runtime\Cache\Admin\1c990affb7d51d2df56dce018d5c78a2.php 第 43 行.
NOTIC: [8] Undefined variable: cate D:\rootwww\shangcheng\Application\Runtime\Cache\Admin\1c990affb7d51d2df56dce018d5c78a2.php 第 43 行.
NOTIC: [8] Use of undefined constant id - assumed 'id' D:\rootwww\shangcheng\Application\Runtime\Cache\Admin\1c990affb7d51d2df56dce018d5c78a2.php 第 44 行.
NOTIC: [8] Undefined variable: cate D:\rootwww\shangcheng\Application\Runtime\Cache\Admin\1c990affb7d51d2df56dce018d5c78a2.php 第 44 行.
INFO: Run Behavior\ParseTemplateBehavior [ RunTime:0.019136s ]
INFO: [ view_parse ] --END-- [ RunTime:0.019277s ]
INFO: [ view_filter ] --START--
INFO: Run Behavior\WriteHtmlCacheBehavior [ RunTime:0.000743s ]
INFO: [ view_filter ] --END-- [ RunTime:0.000936s ]
INFO: [ app_end ] --START--
INFO: Run Behavior\ShowPageTraceBehavior [ RunTime:0.000806s ]
INFO: [ app_end ] --END-- [ RunTime:0.001003s ]

[ 2017-06-27T01:18:18+08:00 ] 127.0.0.1 /index.php/Admin/role/add
INFO: [ app_init ] --START--
INFO: Run Behavior\BuildLiteBehavior [ RunTime:0.000033s ]
INFO: [ app_init ] --END-- [ RunTime:0.000798s ]
INFO: [ app_begin ] --START--
INFO: Run Behavior\ReadHtmlCacheBehavior [ RunTime:0.000639s ]
INFO: [ app_begin ] --END-- [ RunTime:0.000775s ]
SQL: SHOW COLUMNS FROM `mall_privilege` [ RunTime:0.0032s ]
SQL: SELECT * FROM `mall_privilege`  [ RunTime:0.0007s ]
INFO: [ view_parse ] --START--
INFO: [ template_filter ] --START--
INFO: Run Behavior\ContentReplaceBehavior [ RunTime:0.000233s ]
INFO: [ template_filter ] --END-- [ RunTime:0.000389s ]
NOTIC: [8] Use of undefined constant _child - assumed '_child' D:\rootwww\shangcheng\Application\Runtime\Cache\Admin\ab84a1c78ea598c5854ee537cfd48c92.php 第 58 行.
NOTIC: [8] Use of undefined constant _child - assumed '_child' D:\rootwww\shangcheng\Application\Runtime\Cache\Admin\ab84a1c78ea598c5854ee537cfd48c92.php 第 58 行.
NOTIC: [8] Use of undefined constant _child - assumed '_child' D:\rootwww\shangcheng\Application\Runtime\Cache\Admin\ab84a1c78ea598c5854ee537cfd48c92.php 第 58 行.
NOTIC: [8] Undefined index: _child D:\rootwww\shangcheng\Application\Runtime\Cache\Admin\ab84a1c78ea598c5854ee537cfd48c92.php 第 58 行.
NOTIC: [8] Undefined variable: i D:\rootwww\shangcheng\Application\Runtime\Cache\Admin\ab84a1c78ea598c5854ee537cfd48c92.php 第 62 行.
NOTIC: [8] Use of undefined constant _child - assumed '_child' D:\rootwww\shangcheng\Application\Runtime\Cache\Admin\ab84a1c78ea598c5854ee537cfd48c92.php 第 58 行.
NOTIC: [8] Use of undefined constant _child - assumed '_child' D:\rootwww\shangcheng\Application\Runtime\Cache\Admin\ab84a1c78ea598c5854ee537cfd48c92.php 第 59 行.
NOTIC: [8] Use of undefined constant _child - assumed '_child' D:\rootwww\shangcheng\Application\Runtime\Cache\Admin\ab84a1c78ea598c5854ee537cfd48c92.php 第 59 行.
NOTIC: [8] Use of undefined constant _child - assumed '_child' D:\rootwww\shangcheng\Application\Runtime\Cache\Admin\ab84a1c78ea598c5854ee537cfd48c92.php 第 58 行.
NOTIC: [8] Use of undefined constant _child - assumed '_child' D:\rootwww\shangcheng\Application\Runtime\Cache\Admin\ab84a1c78ea598c5854ee537cfd48c92.php 第 58 行.
NOTIC: [8] Use of undefined constant _child - assumed '_child' D:\rootwww\shangcheng\Application\Runtime\Cache\Admin\ab84a1c78ea598c5854ee537cfd48c92.php 第 58 行.
NOTIC: [8] Use of undefined constant _child - assumed '_child' D:\rootwww\shangcheng\Application\Runtime\Cache\Admin\ab84a1c78ea598c5854ee537cfd48c92.php 第 59 行.
NOTIC: [8] Use of undefined constant _child - assumed '_child' D:\rootwww\shangcheng\Application\Runtime\Cache\Admin\ab84a1c78ea598c5854ee537cfd48c92.php 第 59 行.
NOTIC: [8] Use of undefined constant _child - assumed '_child' D:\rootwww\shangcheng\Application\Runtime\Cache\Admin\ab84a1c78ea598c5854ee537cfd48c92.php 第 58 行.
NOTIC: [8] Undefined index: _child D:\rootwww\shangcheng\Application\Runtime\Cache\Admin\ab84a1c78ea598c5854ee537cfd48c92.php 第 58 行.
NOTIC: [8] Use of undefined constant _child - assumed '_child' D:\rootwww\shangcheng\Application\Runtime\Cache\Admin\ab84a1c78ea598c5854ee537cfd48c92.php 第 58 行.
NOTIC: [8] Use of undefined constant _child - assumed '_child' D:\rootwww\shangcheng\Application\Runtime\Cache\Admin\ab84a1c78ea598c5854ee537cfd48c92.php 第 59 行.
NOTIC: [8] Use of undefined constant _child - assumed '_child' D:\rootwww\shangcheng\Application\Runtime\Cache\Admin\ab84a1c78ea598c5854ee537cfd48c92.php 第 59 行.
NOTIC: [8] Use of undefined constant _child - assumed '_child' D:\rootwww\shangcheng\Application\Runtime\Cache\Admin\ab84a1c78ea598c5854ee537cfd48c92.php 第 58 行.
NOTIC: [8] Undefined index: _child D:\rootwww\shangcheng\Application\Runtime\Cache\Admin\ab84a1c78ea598c5854ee537cfd48c92.php 第 58 行.
INFO: Run Behavior\ParseTemplateBehavior [ RunTime:0.019600s ]
INFO: [ view_parse ] --END-- [ RunTime:0.019799s ]
INFO: [ view_filter ] --START--
INFO: Run Behavior\WriteHtmlCacheBehavior [ RunTime:0.000423s ]
INFO: [ view_filter ] --END-- [ RunTime:0.000548s ]
INFO: [ app_end ] --START--
INFO: Run Behavior\ShowPageTraceBehavior [ RunTime:0.000599s ]
INFO: [ app_end ] --END-- [ RunTime:0.000722s ]

[ 2017-06-27T01:20:17+08:00 ] 127.0.0.1 /index.php/Admin/admin/add
INFO: [ app_init ] --START--
INFO: Run Behavior\BuildLiteBehavior [ RunTime:0.000027s ]
INFO: [ app_init ] --END-- [ RunTime:0.000444s ]
INFO: [ app_begin ] --START--
INFO: Run Behavior\ReadHtmlCacheBehavior [ RunTime:0.000706s ]
INFO: [ app_begin ] --END-- [ RunTime:0.000853s ]
SQL: SHOW COLUMNS FROM `mall_role` [ RunTime:0.0015s ]
SQL: SELECT * FROM `mall_role`  [ RunTime:0.0005s ]
INFO: [ view_parse ] --START--
INFO: [ template_filter ] --START--
INFO: Run Behavior\ContentReplaceBehavior [ RunTime:0.000110s ]
INFO: [ template_filter ] --END-- [ RunTime:0.000240s ]
INFO: Run Behavior\ParseTemplateBehavior [ RunTime:0.008814s ]
INFO: [ view_parse ] --END-- [ RunTime:0.008951s ]
INFO: [ view_filter ] --START--
INFO: Run Behavior\WriteHtmlCacheBehavior [ RunTime:0.000363s ]
INFO: [ view_filter ] --END-- [ RunTime:0.000480s ]
INFO: [ app_end ] --START--
INFO: Run Behavior\ShowPageTraceBehavior [ RunTime:0.000555s ]
INFO: [ app_end ] --END-- [ RunTime:0.000671s ]

[ 2017-06-27T01:20:45+08:00 ] 127.0.0.1 /index.php/Admin/admin/add
INFO: [ app_init ] --START--
INFO: Run Behavior\BuildLiteBehavior [ RunTime:0.000027s ]
INFO: [ app_init ] --END-- [ RunTime:0.000448s ]
INFO: [ app_begin ] --START--
INFO: Run Behavior\ReadHtmlCacheBehavior [ RunTime:0.000525s ]
INFO: [ app_begin ] --END-- [ RunTime:0.000655s ]
SQL: SHOW COLUMNS FROM `mall_admin` [ RunTime:0.0013s ]
SQL: SELECT * FROM `mall_admin` WHERE `admin_name` = '马云' LIMIT 1   [ RunTime:0.0006s ]
NOTIC: [8] Undefined index: auto D:\rootwww\shangcheng\ThinkPHP\Library\Think\Model.class.php 第 1128 行.
SQL: INSERT INTO `mall_admin` (`admin_name`,`password`,`email`,`salt`,`add_time`) VALUES ('马云','f6143ee6e56ac319bd19998dca267b83','mayun@qq.com','d04e1a','1498497645') [ RunTime:0.0005s ]

[ 2017-06-27T01:21:41+08:00 ] 127.0.0.1 /index.php/Admin/admin/add
INFO: [ app_init ] --START--
INFO: Run Behavior\BuildLiteBehavior [ RunTime:0.000048s ]
INFO: [ app_init ] --END-- [ RunTime:0.002411s ]
INFO: [ app_begin ] --START--
INFO: Run Behavior\ReadHtmlCacheBehavior [ RunTime:0.000798s ]
INFO: [ app_begin ] --END-- [ RunTime:0.001047s ]
SQL: SHOW COLUMNS FROM `mall_admin` [ RunTime:0.0024s ]
SQL: SELECT * FROM `mall_admin` WHERE `admin_name` = '马云' LIMIT 1   [ RunTime:0.0006s ]
INFO: [ view_parse ] --START--
INFO: [ template_filter ] --START--
INFO: Run Behavior\ContentReplaceBehavior [ RunTime:0.000163s ]
INFO: [ template_filter ] --END-- [ RunTime:0.000483s ]
INFO: Run Behavior\ParseTemplateBehavior [ RunTime:0.011431s ]
INFO: [ view_parse ] --END-- [ RunTime:0.011688s ]
INFO: [ view_filter ] --START--
INFO: Run Behavior\WriteHtmlCacheBehavior [ RunTime:0.000611s ]
INFO: [ view_filter ] --END-- [ RunTime:0.000824s ]

[ 2017-06-27T01:21:44+08:00 ] 127.0.0.1 /index.php/Admin/admin/add
INFO: [ app_init ] --START--
INFO: Run Behavior\BuildLiteBehavior [ RunTime:0.000045s ]
INFO: [ app_init ] --END-- [ RunTime:0.000683s ]
INFO: [ app_begin ] --START--
INFO: Run Behavior\ReadHtmlCacheBehavior [ RunTime:0.000823s ]
INFO: [ app_begin ] --END-- [ RunTime:0.001059s ]
SQL: SHOW COLUMNS FROM `mall_role` [ RunTime:0.0015s ]
SQL: SELECT * FROM `mall_role`  [ RunTime:0.0006s ]
INFO: [ view_parse ] --START--
INFO: [ template_filter ] --START--
INFO: Run Behavior\ContentReplaceBehavior [ RunTime:0.000215s ]
INFO: [ template_filter ] --END-- [ RunTime:0.000480s ]
INFO: Run Behavior\ParseTemplateBehavior [ RunTime:0.015042s ]
INFO: [ view_parse ] --END-- [ RunTime:0.015296s ]
INFO: [ view_filter ] --START--
INFO: Run Behavior\WriteHtmlCacheBehavior [ RunTime:0.000672s ]
INFO: [ view_filter ] --END-- [ RunTime:0.000901s ]
INFO: [ app_end ] --START--
INFO: Run Behavior\ShowPageTraceBehavior [ RunTime:0.001055s ]
INFO: [ app_end ] --END-- [ RunTime:0.001284s ]

[ 2017-06-27T01:22:03+08:00 ] 127.0.0.1 /index.php/Admin/admin/add
INFO: [ app_init ] --START--
INFO: Run Behavior\BuildLiteBehavior [ RunTime:0.000027s ]
INFO: [ app_init ] --END-- [ RunTime:0.000422s ]
INFO: [ app_begin ] --START--
INFO: Run Behavior\ReadHtmlCacheBehavior [ RunTime:0.000459s ]
INFO: [ app_begin ] --END-- [ RunTime:0.000591s ]
SQL: SHOW COLUMNS FROM `mall_admin` [ RunTime:0.0015s ]
SQL: SELECT * FROM `mall_admin` WHERE `admin_name` = '赵云' LIMIT 1   [ RunTime:0.0005s ]
NOTIC: [8] Undefined index: auto D:\rootwww\shangcheng\ThinkPHP\Library\Think\Model.class.php 第 1128 行.
SQL: INSERT INTO `mall_admin` (`admin_name`,`password`,`email`,`salt`,`add_time`) VALUES ('赵云','a0a9c6d5ed0c8dba9be2f3bdae937dbf','mayun@qq.com','b8aff1','1498497723') [ RunTime:0.0005s ]
NOTIC: [2] Missing argument 1 for I(), called in D:\rootwww\shangcheng\Application\Admin\Model\AdminModel.class.php on line 47 and defined D:\rootwww\shangcheng\ThinkPHP\Common\functions.php 第 271 行.
NOTIC: [8] Undefined variable: name D:\rootwww\shangcheng\ThinkPHP\Common\functions.php 第 273 行.
NOTIC: [8] Undefined variable: name D:\rootwww\shangcheng\ThinkPHP\Common\functions.php 第 278 行.
NOTIC: [8] Undefined variable: name D:\rootwww\shangcheng\ThinkPHP\Common\functions.php 第 339 行.

[ 2017-06-27T01:33:11+08:00 ] 127.0.0.1 /index.php/Admin/admin/add
INFO: [ app_init ] --START--
INFO: Run Behavior\BuildLiteBehavior [ RunTime:0.000030s ]
INFO: [ app_init ] --END-- [ RunTime:0.000805s ]
INFO: [ app_begin ] --START--
INFO: Run Behavior\ReadHtmlCacheBehavior [ RunTime:0.000691s ]
INFO: [ app_begin ] --END-- [ RunTime:0.000851s ]
SQL: SHOW COLUMNS FROM `mall_admin` [ RunTime:0.0050s ]
SQL: SELECT * FROM `mall_admin` WHERE `admin_name` = '赵云' LIMIT 1   [ RunTime:0.0006s ]
INFO: [ view_parse ] --START--
INFO: [ template_filter ] --START--
INFO: Run Behavior\ContentReplaceBehavior [ RunTime:0.000123s ]
INFO: [ template_filter ] --END-- [ RunTime:0.000296s ]
INFO: Run Behavior\ParseTemplateBehavior [ RunTime:0.007037s ]
INFO: [ view_parse ] --END-- [ RunTime:0.007175s ]
INFO: [ view_filter ] --START--
INFO: Run Behavior\WriteHtmlCacheBehavior [ RunTime:0.000367s ]
INFO: [ view_filter ] --END-- [ RunTime:0.000487s ]

[ 2017-06-27T01:33:14+08:00 ] 127.0.0.1 /index.php/Admin/admin/add
INFO: [ app_init ] --START--
INFO: Run Behavior\BuildLiteBehavior [ RunTime:0.000046s ]
INFO: [ app_init ] --END-- [ RunTime:0.000637s ]
INFO: [ app_begin ] --START--
INFO: Run Behavior\ReadHtmlCacheBehavior [ RunTime:0.000669s ]
INFO: [ app_begin ] --END-- [ RunTime:0.000881s ]
SQL: SHOW COLUMNS FROM `mall_role` [ RunTime:0.0018s ]
SQL: SELECT * FROM `mall_role`  [ RunTime:0.0006s ]
INFO: [ view_parse ] --START--
INFO: [ template_filter ] --START--
INFO: Run Behavior\ContentReplaceBehavior [ RunTime:0.000207s ]
INFO: [ template_filter ] --END-- [ RunTime:0.000448s ]
INFO: Run Behavior\ParseTemplateBehavior [ RunTime:0.014270s ]
INFO: [ view_parse ] --END-- [ RunTime:0.014476s ]
INFO: [ view_filter ] --START--
INFO: Run Behavior\WriteHtmlCacheBehavior [ RunTime:0.000631s ]
INFO: [ view_filter ] --END-- [ RunTime:0.000830s ]
INFO: [ app_end ] --START--
INFO: Run Behavior\ShowPageTraceBehavior [ RunTime:0.001066s ]
INFO: [ app_end ] --END-- [ RunTime:0.001369s ]

[ 2017-06-27T01:33:16+08:00 ] 127.0.0.1 /index.php/Admin/Admin/lst.html
INFO: [ app_init ] --START--
INFO: Run Behavior\BuildLiteBehavior [ RunTime:0.000044s ]
INFO: [ app_init ] --END-- [ RunTime:0.000627s ]
INFO: [ app_begin ] --START--
INFO: Run Behavior\ReadHtmlCacheBehavior [ RunTime:0.000547s ]
INFO: [ app_begin ] --END-- [ RunTime:0.000720s ]
INFO: [ view_parse ] --START--
INFO: [ template_filter ] --START--
INFO: Run Behavior\ContentReplaceBehavior [ RunTime:0.000142s ]
INFO: [ template_filter ] --END-- [ RunTime:0.000324s ]
NOTIC: [8] Undefined variable: typeData D:\rootwww\shangcheng\Application\Runtime\Cache\Admin\2e0a6b0b98cf96bc15633704312e45ee.php 第 32 行.
NOTIC: [8] Undefined variable: show D:\rootwww\shangcheng\Application\Runtime\Cache\Admin\2e0a6b0b98cf96bc15633704312e45ee.php 第 46 行.
INFO: Run Behavior\ParseTemplateBehavior [ RunTime:0.015738s ]
INFO: [ view_parse ] --END-- [ RunTime:0.015975s ]
INFO: [ view_filter ] --START--
INFO: Run Behavior\WriteHtmlCacheBehavior [ RunTime:0.000764s ]
INFO: [ view_filter ] --END-- [ RunTime:0.000998s ]
INFO: [ app_end ] --START--
INFO: Run Behavior\ShowPageTraceBehavior [ RunTime:0.000937s ]
INFO: [ app_end ] --END-- [ RunTime:0.001115s ]

[ 2017-06-27T01:37:38+08:00 ] 127.0.0.1 /index.php/Admin/Admin/lst.html
INFO: [ app_init ] --START--
INFO: Run Behavior\BuildLiteBehavior [ RunTime:0.000045s ]
INFO: [ app_init ] --END-- [ RunTime:0.000811s ]
INFO: [ app_begin ] --START--
INFO: Run Behavior\ReadHtmlCacheBehavior [ RunTime:0.000998s ]
INFO: [ app_begin ] --END-- [ RunTime:0.001305s ]
SQL: SHOW COLUMNS FROM `mall_admin` [ RunTime:0.0048s ]
SQL: SELECT * FROM `mall_admin`  [ RunTime:0.0009s ]

[ 2017-06-27T01:41:39+08:00 ] 127.0.0.1 /index.php/Admin/Admin/lst.html
INFO: [ app_init ] --START--
INFO: Run Behavior\BuildLiteBehavior [ RunTime:0.000045s ]
INFO: [ app_init ] --END-- [ RunTime:0.000812s ]
INFO: [ app_begin ] --START--
INFO: Run Behavior\ReadHtmlCacheBehavior [ RunTime:0.000928s ]
INFO: [ app_begin ] --END-- [ RunTime:0.001285s ]
SQL: SHOW COLUMNS FROM `mall_admin` [ RunTime:0.0017s ]
SQL: SELECT * FROM `mall_admin`  [ RunTime:0.0007s ]
INFO: [ view_parse ] --START--
INFO: [ template_filter ] --START--
INFO: Run Behavior\ContentReplaceBehavior [ RunTime:0.000204s ]
INFO: [ template_filter ] --END-- [ RunTime:0.000480s ]
NOTIC: [8] Use of undefined constant id - assumed 'id' D:\rootwww\shangcheng\Application\Runtime\Cache\Admin\2e0a6b0b98cf96bc15633704312e45ee.php 第 39 行.
NOTIC: [8] Use of undefined constant id - assumed 'id' D:\rootwww\shangcheng\Application\Runtime\Cache\Admin\2e0a6b0b98cf96bc15633704312e45ee.php 第 40 行.
NOTIC: [8] Use of undefined constant id - assumed 'id' D:\rootwww\shangcheng\Application\Runtime\Cache\Admin\2e0a6b0b98cf96bc15633704312e45ee.php 第 39 行.
NOTIC: [8] Use of undefined constant id - assumed 'id' D:\rootwww\shangcheng\Application\Runtime\Cache\Admin\2e0a6b0b98cf96bc15633704312e45ee.php 第 40 行.
NOTIC: [8] Use of undefined constant id - assumed 'id' D:\rootwww\shangcheng\Application\Runtime\Cache\Admin\2e0a6b0b98cf96bc15633704312e45ee.php 第 39 行.
NOTIC: [8] Use of undefined constant id - assumed 'id' D:\rootwww\shangcheng\Application\Runtime\Cache\Admin\2e0a6b0b98cf96bc15633704312e45ee.php 第 40 行.
NOTIC: [8] Use of undefined constant id - assumed 'id' D:\rootwww\shangcheng\Application\Runtime\Cache\Admin\2e0a6b0b98cf96bc15633704312e45ee.php 第 39 行.
NOTIC: [8] Use of undefined constant id - assumed 'id' D:\rootwww\shangcheng\Application\Runtime\Cache\Admin\2e0a6b0b98cf96bc15633704312e45ee.php 第 40 行.
NOTIC: [8] Use of undefined constant id - assumed 'id' D:\rootwww\shangcheng\Application\Runtime\Cache\Admin\2e0a6b0b98cf96bc15633704312e45ee.php 第 39 行.
NOTIC: [8] Use of undefined constant id - assumed 'id' D:\rootwww\shangcheng\Application\Runtime\Cache\Admin\2e0a6b0b98cf96bc15633704312e45ee.php 第 40 行.
NOTIC: [8] Use of undefined constant id - assumed 'id' D:\rootwww\shangcheng\Application\Runtime\Cache\Admin\2e0a6b0b98cf96bc15633704312e45ee.php 第 39 行.
NOTIC: [8] Use of undefined constant id - assumed 'id' D:\rootwww\shangcheng\Application\Runtime\Cache\Admin\2e0a6b0b98cf96bc15633704312e45ee.php 第 40 行.
NOTIC: [8] Undefined variable: show D:\rootwww\shangcheng\Application\Runtime\Cache\Admin\2e0a6b0b98cf96bc15633704312e45ee.php 第 48 行.
INFO: Run Behavior\ParseTemplateBehavior [ RunTime:0.023250s ]
INFO: [ view_parse ] --END-- [ RunTime:0.023501s ]
INFO: [ view_filter ] --START--
INFO: Run Behavior\WriteHtmlCacheBehavior [ RunTime:0.001304s ]
INFO: [ view_filter ] --END-- [ RunTime:0.001532s ]
INFO: [ app_end ] --START--
INFO: Run Behavior\ShowPageTraceBehavior [ RunTime:0.001140s ]
INFO: [ app_end ] --END-- [ RunTime:0.001612s ]

