[ 2017-06-13T15:55:13+08:00 ] 127.0.0.1 /admin
INFO: [ app_init ] --START--
INFO: Run Behavior\BuildLiteBehavior [ RunTime:0.000032s ]
INFO: [ app_init ] --END-- [ RunTime:0.002848s ]
INFO: [ app_begin ] --START--
INFO: Run Behavior\ReadHtmlCacheBehavior [ RunTime:0.000931s ]
INFO: [ app_begin ] --END-- [ RunTime:0.001100s ]
INFO: [ view_parse ] --START--
INFO: [ template_filter ] --START--
INFO: Run Behavior\ContentReplaceBehavior [ RunTime:0.002281s ]
INFO: [ template_filter ] --END-- [ RunTime:0.002449s ]
INFO: Run Behavior\ParseTemplateBehavior [ RunTime:0.011889s ]
INFO: [ view_parse ] --END-- [ RunTime:0.012036s ]
INFO: [ view_filter ] --START--
INFO: Run Behavior\WriteHtmlCacheBehavior [ RunTime:0.001094s ]
INFO: [ view_filter ] --END-- [ RunTime:0.001228s ]
INFO: [ app_end ] --START--
INFO: Run Behavior\ShowPageTraceBehavior [ RunTime:0.001159s ]
INFO: [ app_end ] --END-- [ RunTime:0.001302s ]

[ 2017-06-13T15:55:13+08:00 ] 127.0.0.1 /index.php/Admin/Index/top.html
INFO: [ app_init ] --START--
INFO: Run Behavior\BuildLiteBehavior [ RunTime:0.000045s ]
INFO: [ app_init ] --END-- [ RunTime:0.000739s ]
INFO: [ app_begin ] --START--
INFO: Run Behavior\ReadHtmlCacheBehavior [ RunTime:0.000635s ]
INFO: [ app_begin ] --END-- [ RunTime:0.000859s ]
INFO: [ view_parse ] --START--
INFO: [ template_filter ] --START--
INFO: Run Behavior\ContentReplaceBehavior [ RunTime:0.000114s ]
INFO: [ template_filter ] --END-- [ RunTime:0.000268s ]
INFO: Run Behavior\ParseTemplateBehavior [ RunTime:0.009273s ]
INFO: [ view_parse ] --END-- [ RunTime:0.009448s ]
INFO: [ view_filter ] --START--
INFO: Run Behavior\WriteHtmlCacheBehavior [ RunTime:0.000232s ]
INFO: [ view_filter ] --END-- [ RunTime:0.000346s ]
INFO: [ app_end ] --START--
INFO: Run Behavior\ShowPageTraceBehavior [ RunTime:0.000427s ]
INFO: [ app_end ] --END-- [ RunTime:0.000545s ]

[ 2017-06-13T15:55:13+08:00 ] 127.0.0.1 /index.php/Admin/Index/menu.html
INFO: [ app_init ] --START--
INFO: Run Behavior\BuildLiteBehavior [ RunTime:0.000027s ]
INFO: [ app_init ] --END-- [ RunTime:0.000468s ]
INFO: [ app_begin ] --START--
INFO: Run Behavior\ReadHtmlCacheBehavior [ RunTime:0.000816s ]
INFO: [ app_begin ] --END-- [ RunTime:0.000996s ]
INFO: [ view_parse ] --START--
INFO: [ template_filter ] --START--
INFO: Run Behavior\ContentReplaceBehavior [ RunTime:0.000243s ]
INFO: [ template_filter ] --END-- [ RunTime:0.000464s ]
INFO: Run Behavior\ParseTemplateBehavior [ RunTime:0.014770s ]
INFO: [ view_parse ] --END-- [ RunTime:0.014988s ]
INFO: [ view_filter ] --START--
INFO: Run Behavior\WriteHtmlCacheBehavior [ RunTime:0.000498s ]
INFO: [ view_filter ] --END-- [ RunTime:0.000671s ]
INFO: [ app_end ] --START--
INFO: Run Behavior\ShowPageTraceBehavior [ RunTime:0.000904s ]
INFO: [ app_end ] --END-- [ RunTime:0.001146s ]

[ 2017-06-13T15:55:13+08:00 ] 127.0.0.1 /index.php/Admin/Index/main.html
INFO: [ app_init ] --START--
INFO: Run Behavior\BuildLiteBehavior [ RunTime:0.000028s ]
INFO: [ app_init ] --END-- [ RunTime:0.000500s ]
INFO: [ app_begin ] --START--
INFO: Run Behavior\ReadHtmlCacheBehavior [ RunTime:0.000558s ]
INFO: [ app_begin ] --END-- [ RunTime:0.000718s ]
INFO: [ view_parse ] --START--
INFO: [ template_filter ] --START--
INFO: Run Behavior\ContentReplaceBehavior [ RunTime:0.000206s ]
INFO: [ template_filter ] --END-- [ RunTime:0.000363s ]
INFO: Run Behavior\ParseTemplateBehavior [ RunTime:0.010289s ]
INFO: [ view_parse ] --END-- [ RunTime:0.010530s ]
INFO: [ view_filter ] --START--
INFO: Run Behavior\WriteHtmlCacheBehavior [ RunTime:0.000431s ]
INFO: [ view_filter ] --END-- [ RunTime:0.000616s ]
INFO: [ app_end ] --START--
INFO: Run Behavior\ShowPageTraceBehavior [ RunTime:0.000532s ]
INFO: [ app_end ] --END-- [ RunTime:0.000676s ]

[ 2017-06-13T15:55:15+08:00 ] 127.0.0.1 /index.php/Admin/type/lst.html
INFO: [ app_init ] --START--
INFO: Run Behavior\BuildLiteBehavior [ RunTime:0.000043s ]
INFO: [ app_init ] --END-- [ RunTime:0.000686s ]
INFO: [ app_begin ] --START--
INFO: Run Behavior\ReadHtmlCacheBehavior [ RunTime:0.000457s ]
INFO: [ app_begin ] --END-- [ RunTime:0.000597s ]
SQL: SHOW COLUMNS FROM `mall_attribute` [ RunTime:0.0118s ]
SQL: SHOW COLUMNS FROM `mall_type` [ RunTime:0.0031s ]
SQL: SHOW COLUMNS FROM `mall_category` [ RunTime:0.0026s ]
SQL: SELECT COUNT(*) AS tp_count FROM `mall_type` LIMIT 1   [ RunTime:0.0036s ]
SQL: SELECT * FROM `mall_type` LIMIT 0,2   [ RunTime:0.0005s ]
INFO: [ view_parse ] --START--
INFO: [ template_filter ] --START--
INFO: Run Behavior\ContentReplaceBehavior [ RunTime:0.000126s ]
INFO: [ template_filter ] --END-- [ RunTime:0.000276s ]
NOTIC: [8] Use of undefined constant id - assumed 'id' D:\rootwww\shop\Application\Runtime\Cache\Admin\9e1e5841af12860e6ba08b9e55eb68af.php 第 36 行.
NOTIC: [8] Use of undefined constant id - assumed 'id' D:\rootwww\shop\Application\Runtime\Cache\Admin\9e1e5841af12860e6ba08b9e55eb68af.php 第 37 行.
NOTIC: [8] Use of undefined constant id - assumed 'id' D:\rootwww\shop\Application\Runtime\Cache\Admin\9e1e5841af12860e6ba08b9e55eb68af.php 第 36 行.
NOTIC: [8] Use of undefined constant id - assumed 'id' D:\rootwww\shop\Application\Runtime\Cache\Admin\9e1e5841af12860e6ba08b9e55eb68af.php 第 37 行.
INFO: Run Behavior\ParseTemplateBehavior [ RunTime:0.015410s ]
INFO: [ view_parse ] --END-- [ RunTime:0.015563s ]
INFO: [ view_filter ] --START--
INFO: Run Behavior\WriteHtmlCacheBehavior [ RunTime:0.000339s ]
INFO: [ view_filter ] --END-- [ RunTime:0.000461s ]
INFO: [ app_end ] --START--
INFO: Run Behavior\ShowPageTraceBehavior [ RunTime:0.000453s ]
INFO: [ app_end ] --END-- [ RunTime:0.000571s ]

[ 2017-06-13T15:55:17+08:00 ] 127.0.0.1 /index.php/Admin/Type/add.html
INFO: [ app_init ] --START--
INFO: Run Behavior\BuildLiteBehavior [ RunTime:0.000028s ]
INFO: [ app_init ] --END-- [ RunTime:0.000437s ]
INFO: [ app_begin ] --START--
INFO: Run Behavior\ReadHtmlCacheBehavior [ RunTime:0.000460s ]
INFO: [ app_begin ] --END-- [ RunTime:0.000600s ]
SQL: SHOW COLUMNS FROM `mall_attribute` [ RunTime:0.0008s ]
SQL: SHOW COLUMNS FROM `mall_type` [ RunTime:0.0008s ]
SQL: SHOW COLUMNS FROM `mall_category` [ RunTime:0.0010s ]
INFO: [ view_parse ] --START--
INFO: [ template_filter ] --START--
INFO: Run Behavior\ContentReplaceBehavior [ RunTime:0.000103s ]
INFO: [ template_filter ] --END-- [ RunTime:0.000235s ]
INFO: Run Behavior\ParseTemplateBehavior [ RunTime:0.007427s ]
INFO: [ view_parse ] --END-- [ RunTime:0.007575s ]
INFO: [ view_filter ] --START--
INFO: Run Behavior\WriteHtmlCacheBehavior [ RunTime:0.000242s ]
INFO: [ view_filter ] --END-- [ RunTime:0.000355s ]
INFO: [ app_end ] --START--
INFO: Run Behavior\ShowPageTraceBehavior [ RunTime:0.000465s ]
INFO: [ app_end ] --END-- [ RunTime:0.000596s ]

[ 2017-06-13T15:55:24+08:00 ] 127.0.0.1 /index.php/Admin/Type/add.html
INFO: [ app_init ] --START--
INFO: Run Behavior\BuildLiteBehavior [ RunTime:0.000026s ]
INFO: [ app_init ] --END-- [ RunTime:0.000421s ]
INFO: [ app_begin ] --START--
INFO: Run Behavior\ReadHtmlCacheBehavior [ RunTime:0.000426s ]
INFO: [ app_begin ] --END-- [ RunTime:0.000563s ]
SQL: SHOW COLUMNS FROM `mall_attribute` [ RunTime:0.0019s ]
SQL: SHOW COLUMNS FROM `mall_type` [ RunTime:0.0009s ]
SQL: SHOW COLUMNS FROM `mall_category` [ RunTime:0.0009s ]
NOTIC: [8] Undefined index: validate D:\rootwww\shop\ThinkPHP\Library\Think\Model.class.php 第 1185 行.
NOTIC: [8] Undefined index: auto D:\rootwww\shop\ThinkPHP\Library\Think\Model.class.php 第 1128 行.
SQL: INSERT INTO `mall_type` (`type_name`) VALUES ('手机') [ RunTime:0.0020s ]
INFO: [ view_parse ] --START--
INFO: [ template_filter ] --START--
INFO: Run Behavior\ContentReplaceBehavior [ RunTime:0.000097s ]
INFO: [ template_filter ] --END-- [ RunTime:0.000236s ]
INFO: Run Behavior\ParseTemplateBehavior [ RunTime:0.006709s ]
INFO: [ view_parse ] --END-- [ RunTime:0.006874s ]
INFO: [ view_filter ] --START--
INFO: Run Behavior\WriteHtmlCacheBehavior [ RunTime:0.000314s ]
INFO: [ view_filter ] --END-- [ RunTime:0.000446s ]

[ 2017-06-13T15:55:25+08:00 ] 127.0.0.1 /index.php/Admin/Type/lst.html
INFO: [ app_init ] --START--
INFO: Run Behavior\BuildLiteBehavior [ RunTime:0.000028s ]
INFO: [ app_init ] --END-- [ RunTime:0.000456s ]
INFO: [ app_begin ] --START--
INFO: Run Behavior\ReadHtmlCacheBehavior [ RunTime:0.000471s ]
INFO: [ app_begin ] --END-- [ RunTime:0.000613s ]
SQL: SHOW COLUMNS FROM `mall_attribute` [ RunTime:0.0008s ]
SQL: SHOW COLUMNS FROM `mall_type` [ RunTime:0.0007s ]
SQL: SHOW COLUMNS FROM `mall_category` [ RunTime:0.0007s ]
SQL: SELECT COUNT(*) AS tp_count FROM `mall_type` LIMIT 1   [ RunTime:0.0002s ]
SQL: SELECT * FROM `mall_type` LIMIT 0,2   [ RunTime:0.0003s ]
INFO: [ view_parse ] --START--
INFO: [ template_filter ] --START--
INFO: Run Behavior\ContentReplaceBehavior [ RunTime:0.000110s ]
INFO: [ template_filter ] --END-- [ RunTime:0.000237s ]
NOTIC: [8] Use of undefined constant id - assumed 'id' D:\rootwww\shop\Application\Runtime\Cache\Admin\9e1e5841af12860e6ba08b9e55eb68af.php 第 36 行.
NOTIC: [8] Use of undefined constant id - assumed 'id' D:\rootwww\shop\Application\Runtime\Cache\Admin\9e1e5841af12860e6ba08b9e55eb68af.php 第 37 行.
NOTIC: [8] Use of undefined constant id - assumed 'id' D:\rootwww\shop\Application\Runtime\Cache\Admin\9e1e5841af12860e6ba08b9e55eb68af.php 第 36 行.
NOTIC: [8] Use of undefined constant id - assumed 'id' D:\rootwww\shop\Application\Runtime\Cache\Admin\9e1e5841af12860e6ba08b9e55eb68af.php 第 37 行.
INFO: Run Behavior\ParseTemplateBehavior [ RunTime:0.010351s ]
INFO: [ view_parse ] --END-- [ RunTime:0.010562s ]
INFO: [ view_filter ] --START--
INFO: Run Behavior\WriteHtmlCacheBehavior [ RunTime:0.000351s ]
INFO: [ view_filter ] --END-- [ RunTime:0.000515s ]
INFO: [ app_end ] --START--
INFO: Run Behavior\ShowPageTraceBehavior [ RunTime:0.000495s ]
INFO: [ app_end ] --END-- [ RunTime:0.000643s ]

[ 2017-06-13T15:55:33+08:00 ] 127.0.0.1 /index.php/Admin/Type/add.html
INFO: [ app_init ] --START--
INFO: Run Behavior\BuildLiteBehavior [ RunTime:0.000027s ]
INFO: [ app_init ] --END-- [ RunTime:0.000444s ]
INFO: [ app_begin ] --START--
INFO: Run Behavior\ReadHtmlCacheBehavior [ RunTime:0.000454s ]
INFO: [ app_begin ] --END-- [ RunTime:0.000589s ]
SQL: SHOW COLUMNS FROM `mall_attribute` [ RunTime:0.0009s ]
SQL: SHOW COLUMNS FROM `mall_type` [ RunTime:0.0008s ]
SQL: SHOW COLUMNS FROM `mall_category` [ RunTime:0.0009s ]
INFO: [ view_parse ] --START--
INFO: [ template_filter ] --START--
INFO: Run Behavior\ContentReplaceBehavior [ RunTime:0.000101s ]
INFO: [ template_filter ] --END-- [ RunTime:0.000233s ]
INFO: Run Behavior\ParseTemplateBehavior [ RunTime:0.006580s ]
INFO: [ view_parse ] --END-- [ RunTime:0.006720s ]
INFO: [ view_filter ] --START--
INFO: Run Behavior\WriteHtmlCacheBehavior [ RunTime:0.000233s ]
INFO: [ view_filter ] --END-- [ RunTime:0.000344s ]
INFO: [ app_end ] --START--
INFO: Run Behavior\ShowPageTraceBehavior [ RunTime:0.000447s ]
INFO: [ app_end ] --END-- [ RunTime:0.000575s ]

[ 2017-06-13T15:55:54+08:00 ] 127.0.0.1 /index.php/Admin/Type/lst.html
INFO: [ app_init ] --START--
INFO: Run Behavior\BuildLiteBehavior [ RunTime:0.000026s ]
INFO: [ app_init ] --END-- [ RunTime:0.000423s ]
INFO: [ app_begin ] --START--
INFO: Run Behavior\ReadHtmlCacheBehavior [ RunTime:0.000437s ]
INFO: [ app_begin ] --END-- [ RunTime:0.000572s ]
SQL: SHOW COLUMNS FROM `mall_attribute` [ RunTime:0.0008s ]
SQL: SHOW COLUMNS FROM `mall_type` [ RunTime:0.0007s ]
SQL: SHOW COLUMNS FROM `mall_category` [ RunTime:0.0008s ]
SQL: SELECT COUNT(*) AS tp_count FROM `mall_type` LIMIT 1   [ RunTime:0.0003s ]
SQL: SELECT * FROM `mall_type` LIMIT 0,2   [ RunTime:0.0004s ]
INFO: [ view_parse ] --START--
INFO: [ template_filter ] --START--
INFO: Run Behavior\ContentReplaceBehavior [ RunTime:0.000111s ]
INFO: [ template_filter ] --END-- [ RunTime:0.000238s ]
NOTIC: [8] Use of undefined constant id - assumed 'id' D:\rootwww\shop\Application\Runtime\Cache\Admin\9e1e5841af12860e6ba08b9e55eb68af.php 第 36 行.
NOTIC: [8] Use of undefined constant id - assumed 'id' D:\rootwww\shop\Application\Runtime\Cache\Admin\9e1e5841af12860e6ba08b9e55eb68af.php 第 37 行.
NOTIC: [8] Use of undefined constant id - assumed 'id' D:\rootwww\shop\Application\Runtime\Cache\Admin\9e1e5841af12860e6ba08b9e55eb68af.php 第 36 行.
NOTIC: [8] Use of undefined constant id - assumed 'id' D:\rootwww\shop\Application\Runtime\Cache\Admin\9e1e5841af12860e6ba08b9e55eb68af.php 第 37 行.
INFO: Run Behavior\ParseTemplateBehavior [ RunTime:0.009247s ]
INFO: [ view_parse ] --END-- [ RunTime:0.009385s ]
INFO: [ view_filter ] --START--
INFO: Run Behavior\WriteHtmlCacheBehavior [ RunTime:0.000239s ]
INFO: [ view_filter ] --END-- [ RunTime:0.000349s ]
INFO: [ app_end ] --START--
INFO: Run Behavior\ShowPageTraceBehavior [ RunTime:0.000449s ]
INFO: [ app_end ] --END-- [ RunTime:0.000578s ]

[ 2017-06-13T15:55:56+08:00 ] 127.0.0.1 /index.php/Admin/Type/lst/p/2.html
INFO: [ app_init ] --START--
INFO: Run Behavior\BuildLiteBehavior [ RunTime:0.000026s ]
INFO: [ app_init ] --END-- [ RunTime:0.000420s ]
INFO: [ app_begin ] --START--
INFO: Run Behavior\ReadHtmlCacheBehavior [ RunTime:0.000448s ]
INFO: [ app_begin ] --END-- [ RunTime:0.000583s ]
SQL: SHOW COLUMNS FROM `mall_attribute` [ RunTime:0.0008s ]
SQL: SHOW COLUMNS FROM `mall_type` [ RunTime:0.0008s ]
SQL: SHOW COLUMNS FROM `mall_category` [ RunTime:0.0008s ]
SQL: SELECT COUNT(*) AS tp_count FROM `mall_type` LIMIT 1   [ RunTime:0.0003s ]
SQL: SELECT * FROM `mall_type` LIMIT 2,2   [ RunTime:0.0003s ]
INFO: [ view_parse ] --START--
INFO: [ template_filter ] --START--
INFO: Run Behavior\ContentReplaceBehavior [ RunTime:0.000108s ]
INFO: [ template_filter ] --END-- [ RunTime:0.000234s ]
NOTIC: [8] Use of undefined constant id - assumed 'id' D:\rootwww\shop\Application\Runtime\Cache\Admin\9e1e5841af12860e6ba08b9e55eb68af.php 第 36 行.
NOTIC: [8] Use of undefined constant id - assumed 'id' D:\rootwww\shop\Application\Runtime\Cache\Admin\9e1e5841af12860e6ba08b9e55eb68af.php 第 37 行.
NOTIC: [8] Use of undefined constant id - assumed 'id' D:\rootwww\shop\Application\Runtime\Cache\Admin\9e1e5841af12860e6ba08b9e55eb68af.php 第 36 行.
NOTIC: [8] Use of undefined constant id - assumed 'id' D:\rootwww\shop\Application\Runtime\Cache\Admin\9e1e5841af12860e6ba08b9e55eb68af.php 第 37 行.
INFO: Run Behavior\ParseTemplateBehavior [ RunTime:0.009798s ]
INFO: [ view_parse ] --END-- [ RunTime:0.009931s ]
INFO: [ view_filter ] --START--
INFO: Run Behavior\WriteHtmlCacheBehavior [ RunTime:0.000320s ]
INFO: [ view_filter ] --END-- [ RunTime:0.000433s ]
INFO: [ app_end ] --START--
INFO: Run Behavior\ShowPageTraceBehavior [ RunTime:0.000467s ]
INFO: [ app_end ] --END-- [ RunTime:0.000605s ]

[ 2017-06-13T15:55:57+08:00 ] 127.0.0.1 /index.php/Admin/Type/lst/p/1.html
INFO: [ app_init ] --START--
INFO: Run Behavior\BuildLiteBehavior [ RunTime:0.000026s ]
INFO: [ app_init ] --END-- [ RunTime:0.000418s ]
INFO: [ app_begin ] --START--
INFO: Run Behavior\ReadHtmlCacheBehavior [ RunTime:0.000443s ]
INFO: [ app_begin ] --END-- [ RunTime:0.000578s ]
SQL: SHOW COLUMNS FROM `mall_attribute` [ RunTime:0.0008s ]
SQL: SHOW COLUMNS FROM `mall_type` [ RunTime:0.0013s ]
SQL: SHOW COLUMNS FROM `mall_category` [ RunTime:0.0008s ]
SQL: SELECT COUNT(*) AS tp_count FROM `mall_type` LIMIT 1   [ RunTime:0.0003s ]
SQL: SELECT * FROM `mall_type` LIMIT 0,2   [ RunTime:0.0004s ]
INFO: [ view_parse ] --START--
INFO: [ template_filter ] --START--
INFO: Run Behavior\ContentReplaceBehavior [ RunTime:0.000109s ]
INFO: [ template_filter ] --END-- [ RunTime:0.000235s ]
NOTIC: [8] Use of undefined constant id - assumed 'id' D:\rootwww\shop\Application\Runtime\Cache\Admin\9e1e5841af12860e6ba08b9e55eb68af.php 第 36 行.
NOTIC: [8] Use of undefined constant id - assumed 'id' D:\rootwww\shop\Application\Runtime\Cache\Admin\9e1e5841af12860e6ba08b9e55eb68af.php 第 37 行.
NOTIC: [8] Use of undefined constant id - assumed 'id' D:\rootwww\shop\Application\Runtime\Cache\Admin\9e1e5841af12860e6ba08b9e55eb68af.php 第 36 行.
NOTIC: [8] Use of undefined constant id - assumed 'id' D:\rootwww\shop\Application\Runtime\Cache\Admin\9e1e5841af12860e6ba08b9e55eb68af.php 第 37 行.
INFO: Run Behavior\ParseTemplateBehavior [ RunTime:0.008996s ]
INFO: [ view_parse ] --END-- [ RunTime:0.009164s ]
INFO: [ view_filter ] --START--
INFO: Run Behavior\WriteHtmlCacheBehavior [ RunTime:0.000238s ]
INFO: [ view_filter ] --END-- [ RunTime:0.000355s ]
INFO: [ app_end ] --START--
INFO: Run Behavior\ShowPageTraceBehavior [ RunTime:0.000476s ]
INFO: [ app_end ] --END-- [ RunTime:0.000630s ]

[ 2017-06-13T15:56:01+08:00 ] 127.0.0.1 /index.php/Admin/Type/edit/id/5.html
INFO: [ app_init ] --START--
INFO: Run Behavior\BuildLiteBehavior [ RunTime:0.000025s ]
INFO: [ app_init ] --END-- [ RunTime:0.000420s ]
INFO: [ app_begin ] --START--
INFO: Run Behavior\ReadHtmlCacheBehavior [ RunTime:0.000436s ]
INFO: [ app_begin ] --END-- [ RunTime:0.000569s ]
SQL: SHOW COLUMNS FROM `mall_attribute` [ RunTime:0.0008s ]
SQL: SHOW COLUMNS FROM `mall_type` [ RunTime:0.0008s ]
SQL: SHOW COLUMNS FROM `mall_category` [ RunTime:0.0008s ]
SQL: SELECT * FROM `mall_type` WHERE `id` = 5 LIMIT 1   [ RunTime:0.0087s ]
INFO: [ view_parse ] --START--
INFO: [ template_filter ] --START--
INFO: Run Behavior\ContentReplaceBehavior [ RunTime:0.000102s ]
INFO: [ template_filter ] --END-- [ RunTime:0.000233s ]
INFO: Run Behavior\ParseTemplateBehavior [ RunTime:0.006848s ]
INFO: [ view_parse ] --END-- [ RunTime:0.006999s ]
INFO: [ view_filter ] --START--
INFO: Run Behavior\WriteHtmlCacheBehavior [ RunTime:0.000248s ]
INFO: [ view_filter ] --END-- [ RunTime:0.000361s ]
INFO: [ app_end ] --START--
INFO: Run Behavior\ShowPageTraceBehavior [ RunTime:0.000459s ]
INFO: [ app_end ] --END-- [ RunTime:0.000588s ]

[ 2017-06-13T15:56:04+08:00 ] 127.0.0.1 /index.php/Admin/Type/lst.html
INFO: [ app_init ] --START--
INFO: Run Behavior\BuildLiteBehavior [ RunTime:0.000033s ]
INFO: [ app_init ] --END-- [ RunTime:0.000484s ]
INFO: [ app_begin ] --START--
INFO: Run Behavior\ReadHtmlCacheBehavior [ RunTime:0.000466s ]
INFO: [ app_begin ] --END-- [ RunTime:0.000609s ]
SQL: SHOW COLUMNS FROM `mall_attribute` [ RunTime:0.0009s ]
SQL: SHOW COLUMNS FROM `mall_type` [ RunTime:0.0009s ]
SQL: SHOW COLUMNS FROM `mall_category` [ RunTime:0.0008s ]
SQL: SELECT COUNT(*) AS tp_count FROM `mall_type` LIMIT 1   [ RunTime:0.0003s ]
SQL: SELECT * FROM `mall_type` LIMIT 0,2   [ RunTime:0.0005s ]
INFO: [ view_parse ] --START--
INFO: [ template_filter ] --START--
INFO: Run Behavior\ContentReplaceBehavior [ RunTime:0.000111s ]
INFO: [ template_filter ] --END-- [ RunTime:0.000241s ]
NOTIC: [8] Use of undefined constant id - assumed 'id' D:\rootwww\shop\Application\Runtime\Cache\Admin\9e1e5841af12860e6ba08b9e55eb68af.php 第 36 行.
NOTIC: [8] Use of undefined constant id - assumed 'id' D:\rootwww\shop\Application\Runtime\Cache\Admin\9e1e5841af12860e6ba08b9e55eb68af.php 第 37 行.
NOTIC: [8] Use of undefined constant id - assumed 'id' D:\rootwww\shop\Application\Runtime\Cache\Admin\9e1e5841af12860e6ba08b9e55eb68af.php 第 36 行.
NOTIC: [8] Use of undefined constant id - assumed 'id' D:\rootwww\shop\Application\Runtime\Cache\Admin\9e1e5841af12860e6ba08b9e55eb68af.php 第 37 行.
INFO: Run Behavior\ParseTemplateBehavior [ RunTime:0.008962s ]
INFO: [ view_parse ] --END-- [ RunTime:0.009119s ]
INFO: [ view_filter ] --START--
INFO: Run Behavior\WriteHtmlCacheBehavior [ RunTime:0.000238s ]
INFO: [ view_filter ] --END-- [ RunTime:0.000349s ]
INFO: [ app_end ] --START--
INFO: Run Behavior\ShowPageTraceBehavior [ RunTime:0.000443s ]
INFO: [ app_end ] --END-- [ RunTime:0.000571s ]

[ 2017-06-13T15:56:06+08:00 ] 127.0.0.1 /index.php/Admin/Attribute/lst/type_id/5.html
INFO: [ app_init ] --START--
INFO: Run Behavior\BuildLiteBehavior [ RunTime:0.000026s ]
INFO: [ app_init ] --END-- [ RunTime:0.000419s ]
INFO: [ app_begin ] --START--
INFO: Run Behavior\ReadHtmlCacheBehavior [ RunTime:0.000449s ]
INFO: [ app_begin ] --END-- [ RunTime:0.000584s ]
SQL: SHOW COLUMNS FROM `mall_attribute` [ RunTime:0.0011s ]
SQL: SHOW COLUMNS FROM `mall_type` [ RunTime:0.0011s ]
SQL: SHOW COLUMNS FROM `mall_category` [ RunTime:0.0011s ]
SQL: SELECT a.*,b.type_name FROM `mall_attribute` a LEFT JOIN mall_type b ON a.type_id=b.id  WHERE ( type_id=5 )  [ RunTime:0.0021s ]
SQL: SELECT * FROM `mall_type`  [ RunTime:0.0004s ]
INFO: [ view_parse ] --START--
INFO: [ template_filter ] --START--
INFO: Run Behavior\ContentReplaceBehavior [ RunTime:0.000124s ]
INFO: [ template_filter ] --END-- [ RunTime:0.000253s ]
NOTIC: [8] Use of undefined constant id - assumed 'id' D:\rootwww\shop\Application\Runtime\Cache\Admin\d12b6d6cfaa93439758dd8f98ee55ea0.php 第 35 行.
NOTIC: [8] Use of undefined constant id - assumed 'id' D:\rootwww\shop\Application\Runtime\Cache\Admin\d12b6d6cfaa93439758dd8f98ee55ea0.php 第 35 行.
NOTIC: [8] Use of undefined constant id - assumed 'id' D:\rootwww\shop\Application\Runtime\Cache\Admin\d12b6d6cfaa93439758dd8f98ee55ea0.php 第 35 行.
NOTIC: [8] Use of undefined constant id - assumed 'id' D:\rootwww\shop\Application\Runtime\Cache\Admin\d12b6d6cfaa93439758dd8f98ee55ea0.php 第 35 行.
INFO: Run Behavior\ParseTemplateBehavior [ RunTime:0.014477s ]
INFO: [ view_parse ] --END-- [ RunTime:0.014652s ]
INFO: [ view_filter ] --START--
INFO: Run Behavior\WriteHtmlCacheBehavior [ RunTime:0.000251s ]
INFO: [ view_filter ] --END-- [ RunTime:0.000365s ]
INFO: [ app_end ] --START--
INFO: Run Behavior\ShowPageTraceBehavior [ RunTime:0.000656s ]
INFO: [ app_end ] --END-- [ RunTime:0.000854s ]

[ 2017-06-13T15:56:09+08:00 ] 127.0.0.1 /index.php/Admin/Attribute/add.html
INFO: [ app_init ] --START--
INFO: Run Behavior\BuildLiteBehavior [ RunTime:0.000026s ]
INFO: [ app_init ] --END-- [ RunTime:0.000421s ]
INFO: [ app_begin ] --START--
INFO: Run Behavior\ReadHtmlCacheBehavior [ RunTime:0.000445s ]
INFO: [ app_begin ] --END-- [ RunTime:0.000582s ]
SQL: SHOW COLUMNS FROM `mall_attribute` [ RunTime:0.0009s ]
SQL: SHOW COLUMNS FROM `mall_type` [ RunTime:0.0008s ]
SQL: SHOW COLUMNS FROM `mall_category` [ RunTime:0.0008s ]
SQL: SELECT * FROM `mall_type`  [ RunTime:0.0003s ]
INFO: [ view_parse ] --START--
INFO: [ template_filter ] --START--
INFO: Run Behavior\ContentReplaceBehavior [ RunTime:0.000109s ]
INFO: [ template_filter ] --END-- [ RunTime:0.000238s ]
NOTIC: [8] Use of undefined constant id - assumed 'id' D:\rootwww\shop\Application\Runtime\Cache\Admin\83ef9968a31ad0939d8603a38f8428da.php 第 48 行.
NOTIC: [8] Use of undefined constant type_name - assumed 'type_name' D:\rootwww\shop\Application\Runtime\Cache\Admin\83ef9968a31ad0939d8603a38f8428da.php 第 48 行.
NOTIC: [8] Use of undefined constant id - assumed 'id' D:\rootwww\shop\Application\Runtime\Cache\Admin\83ef9968a31ad0939d8603a38f8428da.php 第 48 行.
NOTIC: [8] Use of undefined constant type_name - assumed 'type_name' D:\rootwww\shop\Application\Runtime\Cache\Admin\83ef9968a31ad0939d8603a38f8428da.php 第 48 行.
NOTIC: [8] Use of undefined constant id - assumed 'id' D:\rootwww\shop\Application\Runtime\Cache\Admin\83ef9968a31ad0939d8603a38f8428da.php 第 48 行.
NOTIC: [8] Use of undefined constant type_name - assumed 'type_name' D:\rootwww\shop\Application\Runtime\Cache\Admin\83ef9968a31ad0939d8603a38f8428da.php 第 48 行.
NOTIC: [8] Use of undefined constant id - assumed 'id' D:\rootwww\shop\Application\Runtime\Cache\Admin\83ef9968a31ad0939d8603a38f8428da.php 第 48 行.
NOTIC: [8] Use of undefined constant type_name - assumed 'type_name' D:\rootwww\shop\Application\Runtime\Cache\Admin\83ef9968a31ad0939d8603a38f8428da.php 第 48 行.
INFO: Run Behavior\ParseTemplateBehavior [ RunTime:0.009795s ]
INFO: [ view_parse ] --END-- [ RunTime:0.009929s ]
INFO: [ view_filter ] --START--
INFO: Run Behavior\WriteHtmlCacheBehavior [ RunTime:0.000282s ]
INFO: [ view_filter ] --END-- [ RunTime:0.000394s ]
INFO: [ app_end ] --START--
INFO: Run Behavior\ShowPageTraceBehavior [ RunTime:0.000465s ]
INFO: [ app_end ] --END-- [ RunTime:0.000596s ]

[ 2017-06-13T15:56:30+08:00 ] 127.0.0.1 /index.php/Admin/Attribute/add.html
INFO: [ app_init ] --START--
INFO: Run Behavior\BuildLiteBehavior [ RunTime:0.000028s ]
INFO: [ app_init ] --END-- [ RunTime:0.000416s ]
INFO: [ app_begin ] --START--
INFO: Run Behavior\ReadHtmlCacheBehavior [ RunTime:0.000416s ]
INFO: [ app_begin ] --END-- [ RunTime:0.000551s ]
SQL: SHOW COLUMNS FROM `mall_attribute` [ RunTime:0.0010s ]
SQL: SHOW COLUMNS FROM `mall_type` [ RunTime:0.0008s ]
SQL: SHOW COLUMNS FROM `mall_category` [ RunTime:0.0008s ]
NOTIC: [8] Undefined index: validate D:\rootwww\shop\ThinkPHP\Library\Think\Model.class.php 第 1185 行.
NOTIC: [8] Undefined index: auto D:\rootwww\shop\ThinkPHP\Library\Think\Model.class.php 第 1128 行.
SQL: INSERT INTO `mall_attribute` (`attr_name`,`type_id`,`attr_type`,`attr_input_type`,`attr_value`) VALUES ('颜色','5','1','1','黑色,白色') [ RunTime:0.0005s ]
INFO: [ view_parse ] --START--
INFO: [ template_filter ] --START--
INFO: Run Behavior\ContentReplaceBehavior [ RunTime:0.000103s ]
INFO: [ template_filter ] --END-- [ RunTime:0.000246s ]
INFO: Run Behavior\ParseTemplateBehavior [ RunTime:0.006666s ]
INFO: [ view_parse ] --END-- [ RunTime:0.006821s ]
INFO: [ view_filter ] --START--
INFO: Run Behavior\WriteHtmlCacheBehavior [ RunTime:0.000266s ]
INFO: [ view_filter ] --END-- [ RunTime:0.000398s ]
INFO: [ app_end ] --START--
INFO: Run Behavior\ShowPageTraceBehavior [ RunTime:0.000472s ]
INFO: [ app_end ] --END-- [ RunTime:0.000598s ]

[ 2017-06-13T15:56:32+08:00 ] 127.0.0.1 /index.php/Admin/Attribute/lst/type_id/5.html
INFO: [ app_init ] --START--
INFO: Run Behavior\BuildLiteBehavior [ RunTime:0.000047s ]
INFO: [ app_init ] --END-- [ RunTime:0.000648s ]
INFO: [ app_begin ] --START--
INFO: Run Behavior\ReadHtmlCacheBehavior [ RunTime:0.000490s ]
INFO: [ app_begin ] --END-- [ RunTime:0.000633s ]
SQL: SHOW COLUMNS FROM `mall_attribute` [ RunTime:0.0009s ]
SQL: SHOW COLUMNS FROM `mall_type` [ RunTime:0.0011s ]
SQL: SHOW COLUMNS FROM `mall_category` [ RunTime:0.0011s ]
SQL: SELECT a.*,b.type_name FROM `mall_attribute` a LEFT JOIN mall_type b ON a.type_id=b.id  WHERE ( type_id=5 )  [ RunTime:0.0005s ]
SQL: SELECT * FROM `mall_type`  [ RunTime:0.0003s ]
INFO: [ view_parse ] --START--
INFO: [ template_filter ] --START--
INFO: Run Behavior\ContentReplaceBehavior [ RunTime:0.000125s ]
INFO: [ template_filter ] --END-- [ RunTime:0.000272s ]
NOTIC: [8] Use of undefined constant id - assumed 'id' D:\rootwww\shop\Application\Runtime\Cache\Admin\d12b6d6cfaa93439758dd8f98ee55ea0.php 第 35 行.
NOTIC: [8] Use of undefined constant id - assumed 'id' D:\rootwww\shop\Application\Runtime\Cache\Admin\d12b6d6cfaa93439758dd8f98ee55ea0.php 第 35 行.
NOTIC: [8] Use of undefined constant id - assumed 'id' D:\rootwww\shop\Application\Runtime\Cache\Admin\d12b6d6cfaa93439758dd8f98ee55ea0.php 第 35 行.
NOTIC: [8] Use of undefined constant id - assumed 'id' D:\rootwww\shop\Application\Runtime\Cache\Admin\d12b6d6cfaa93439758dd8f98ee55ea0.php 第 35 行.
NOTIC: [8] Use of undefined constant attr_input_type - assumed 'attr_input_type' D:\rootwww\shop\Application\Runtime\Cache\Admin\d12b6d6cfaa93439758dd8f98ee55ea0.php 第 63 行.
NOTIC: [8] Undefined index: cat_id D:\rootwww\shop\Application\Runtime\Cache\Admin\d12b6d6cfaa93439758dd8f98ee55ea0.php 第 67 行.
NOTIC: [8] Undefined index: cat_id D:\rootwww\shop\Application\Runtime\Cache\Admin\d12b6d6cfaa93439758dd8f98ee55ea0.php 第 68 行.
INFO: Run Behavior\ParseTemplateBehavior [ RunTime:0.011031s ]
INFO: [ view_parse ] --END-- [ RunTime:0.011155s ]
INFO: [ view_filter ] --START--
INFO: Run Behavior\WriteHtmlCacheBehavior [ RunTime:0.000242s ]
INFO: [ view_filter ] --END-- [ RunTime:0.000353s ]
INFO: [ app_end ] --START--
INFO: Run Behavior\ShowPageTraceBehavior [ RunTime:0.000532s ]
INFO: [ app_end ] --END-- [ RunTime:0.000659s ]

[ 2017-06-13T16:18:20+08:00 ] 127.0.0.1 /index.php/Admin/category/lst.html
INFO: [ app_init ] --START--
INFO: Run Behavior\BuildLiteBehavior [ RunTime:0.000027s ]
INFO: [ app_init ] --END-- [ RunTime:0.000465s ]
INFO: [ app_begin ] --START--
INFO: Run Behavior\ReadHtmlCacheBehavior [ RunTime:0.000607s ]
INFO: [ app_begin ] --END-- [ RunTime:0.000748s ]
SQL: SHOW COLUMNS FROM `mall_attribute` [ RunTime:0.0011s ]
SQL: SHOW COLUMNS FROM `mall_type` [ RunTime:0.0009s ]
SQL: SHOW COLUMNS FROM `mall_category` [ RunTime:0.0009s ]
INFO: [ view_parse ] --START--
INFO: [ template_filter ] --START--
INFO: Run Behavior\ContentReplaceBehavior [ RunTime:0.000109s ]
INFO: [ template_filter ] --END-- [ RunTime:0.000244s ]
NOTIC: [8] Undefined variable: list D:\rootwww\shop\Application\Runtime\Cache\Admin\395c0ba78bddab9d6617dcec0f2fd9a9.php 第 28 行.
INFO: Run Behavior\ParseTemplateBehavior [ RunTime:0.011841s ]
INFO: [ view_parse ] --END-- [ RunTime:0.011967s ]
INFO: [ view_filter ] --START--
INFO: Run Behavior\WriteHtmlCacheBehavior [ RunTime:0.000305s ]
INFO: [ view_filter ] --END-- [ RunTime:0.000418s ]
INFO: [ app_end ] --START--
INFO: Run Behavior\ShowPageTraceBehavior [ RunTime:0.000511s ]
INFO: [ app_end ] --END-- [ RunTime:0.000640s ]

[ 2017-06-13T16:18:22+08:00 ] 127.0.0.1 /index.php/Admin/Category/add.html
INFO: [ app_init ] --START--
INFO: Run Behavior\BuildLiteBehavior [ RunTime:0.000026s ]
INFO: [ app_init ] --END-- [ RunTime:0.000421s ]
INFO: [ app_begin ] --START--
INFO: Run Behavior\ReadHtmlCacheBehavior [ RunTime:0.001254s ]
INFO: [ app_begin ] --END-- [ RunTime:0.001782s ]
SQL: SHOW COLUMNS FROM `mall_attribute` [ RunTime:0.0009s ]
SQL: SHOW COLUMNS FROM `mall_type` [ RunTime:0.0008s ]
SQL: SHOW COLUMNS FROM `mall_category` [ RunTime:0.0009s ]
INFO: [ view_parse ] --START--
INFO: [ template_filter ] --START--
INFO: Run Behavior\ContentReplaceBehavior [ RunTime:0.000106s ]
INFO: [ template_filter ] --END-- [ RunTime:0.000248s ]
NOTIC: [8] Undefined variable: list D:\rootwww\shop\Application\Runtime\Cache\Admin\95612c4b24bfa83d0c6f94203c668e18.php 第 32 行.
INFO: Run Behavior\ParseTemplateBehavior [ RunTime:0.008876s ]
INFO: [ view_parse ] --END-- [ RunTime:0.009050s ]
INFO: [ view_filter ] --START--
INFO: Run Behavior\WriteHtmlCacheBehavior [ RunTime:0.000245s ]
INFO: [ view_filter ] --END-- [ RunTime:0.000405s ]
INFO: [ app_end ] --START--
INFO: Run Behavior\ShowPageTraceBehavior [ RunTime:0.000513s ]
INFO: [ app_end ] --END-- [ RunTime:0.000648s ]

